#
# A fatal error has been detected by the Java Runtime Environment:
#
#  SIGSEGV (0xb) at pc=0x00007f46d336bb29, pid=4903, tid=139943057786624
#
# JRE version: Java(TM) SE Runtime Environment (8.0_73-b02) (build 1.8.0_73-b02)
# Java VM: Java HotSpot(TM) 64-Bit Server VM (25.73-b02 mixed mode linux-amd64 compressed oops)
# Problematic frame:
# C  [r600_dri.so+0x1f2b29]
#
# Failed to write core dump. Core dumps have been disabled. To enable core dumping, try "ulimit -c unlimited" before starting Java again
#
# If you would like to submit a bug report, please visit:
#   http://bugreport.java.com/bugreport/crash.jsp
# The crash happened outside the Java Virtual Machine in native code.
# See problematic frame for where to report the bug.
#

---------------  T H R E A D  ---------------

Current thread (0x00007f471c200800):  JavaThread "QuantumRenderer-0" daemon [_thread_in_native, id=4920, stack(0x00007f47082f8000,0x00007f47083f9000)]

siginfo: si_signo: 11 (SIGSEGV), si_code: 1 (SEGV_MAPERR), si_addr: 0x000000000000001c

Registers:
RAX=0x0000000000000000, RBX=0x00007f46e025bea0, RCX=0x0000000000000000, RDX=0x00000000ffffffff
RSP=0x00007f47083f6eb0, RBP=0x0000000000000000, RSI=0x0000000000000000, RDI=0x00007f46e025bea0
R8 =0x00007f46e025bfb4, R9 =0x00007f46e025cd34, R10=0x00007f46e01b1e80, R11=0x0000000000000001
R12=0x00007f46e0070ec0, R13=0x00007f46e025bed8, R14=0x0000000000000000, R15=0x00007f46e026b6f8
RIP=0x00007f46d336bb29, EFLAGS=0x0000000000010246, CSGSFS=0xc927000000000033, ERR=0x0000000000000004
  TRAPNO=0x000000000000000e

Top of Stack: (sp=0x00007f47083f6eb0)
0x00007f47083f6eb0:   00007f46e0231910 00007f46e025d550
0x00007f47083f6ec0:   00007f46d3cb71c8 00007f46d3cb70d0
0x00007f47083f6ed0:   00007f46e025bea0 00007f46e025d550
0x00007f47083f6ee0:   00007f46d3cb71c8 00007f46e0231910
0x00007f47083f6ef0:   00007f46e025bea0 00007f46d336a8ad
0x00007f47083f6f00:   00007f47083f7070 00007f47083f7070
0x00007f47083f6f10:   0000000000000000 00007f47083f7050
0x00007f47083f6f20:   0000000000000001 00007f46d3389d52
0x00007f47083f6f30:   0000000000000000 00007f46e0260cb0
0x00007f47083f6f40:   0000000000000000 ffffffff00000000
0x00007f47083f6f50:   0000000000000000 0000000000000000
0x00007f47083f6f60:   0000000000000000 00007f46d33e53ea
0x00007f47083f6f70:   0000000000000000 00007f46e06caf48
0x00007f47083f6f80:   000000000c410008 0000000000000000
0x00007f47083f6f90:   0000000000000000 00007f46d32fd7ad
0x00007f47083f6fa0:   00007f46e06cb320 0000000000000000
0x00007f47083f6fb0:   00007f46e06e0150 0000000000000000
0x00007f47083f6fc0:   0000000000000000 0000000000000000
0x00007f47083f6fd0:   0000000000000000 c927e789ed317900
0x00007f47083f6fe0:   0000000000000000 0000000000000000
0x00007f47083f6ff0:   00000000ffffffff 00007f46e0231910
0x00007f47083f7000:   00007f46e025d810 0000000000000006
0x00007f47083f7010:   00000000ffffffff 00007f46d3350ec8
0x00007f47083f7020:   00000000ffffffff 0000000000000000
0x00007f47083f7030:   0000000000000000 0000000000000000
0x00007f47083f7040:   00007f4709fd9250 0000000400000000
0x00007f47083f7050:   0000140300000006 00007f46e0269420
0x00007f47083f7060:   0000000000000000 00007f470d007c4d
0x00007f47083f7070:   0000000000001704 0000000000000006
0x00007f47083f7080:   0000000000000001 000000003f800000
0x00007f47083f7090:   0000000000000000 c927e789ed317900
0x00007f47083f70a0:   00007f46e0231910 00007f46e0231910 

Instructions: (pc=0x00007f46d336bb29)
0x00007f46d336bb09:   0d 48 8b 46 10 48 89 c7 ff 90 50 02 00 00 48 89
0x00007f46d336bb19:   ab 58 13 00 00 49 8b 4c 24 78 8b 93 08 13 00 00
0x00007f46d336bb29:   39 51 1c 0f 46 51 1c 8b 83 0c 13 00 00 89 93 08
0x00007f46d336bb39:   13 00 00 39 41 20 0f 46 41 20 89 83 0c 13 00 00 

Register to memory mapping:

RAX=0x0000000000000000 is an unknown value
RBX=0x00007f46e025bea0 is an unknown value
RCX=0x0000000000000000 is an unknown value
RDX=0x00000000ffffffff is an unallocated location in the heap
RSP=0x00007f47083f6eb0 is pointing into the stack for thread: 0x00007f471c200800
RBP=0x0000000000000000 is an unknown value
RSI=0x0000000000000000 is an unknown value
RDI=0x00007f46e025bea0 is an unknown value
R8 =0x00007f46e025bfb4 is an unknown value
R9 =0x00007f46e025cd34 is an unknown value
R10=0x00007f46e01b1e80 is an unknown value
R11=0x0000000000000001 is an unknown value
R12=0x00007f46e0070ec0 is an unknown value
R13=0x00007f46e025bed8 is an unknown value
R14=0x0000000000000000 is an unknown value
R15=0x00007f46e026b6f8 is an unknown value


Stack: [0x00007f47082f8000,0x00007f47083f9000],  sp=0x00007f47083f6eb0,  free space=1019k
Native frames: (J=compiled Java code, j=interpreted, Vv=VM code, C=native code)
C  [r600_dri.so+0x1f2b29]

Java frames: (J=compiled Java code, j=interpreted, Vv=VM code)
J 848  com.sun.prism.es2.GLContext.nDrawIndexedQuads(JI[F[B)V (0 bytes) @ 0x00007f470d2f8a2c [0x00007f470d2f89c0+0x6c]
J 846 C1 com.sun.prism.es2.ES2VertexBuffer.drawQuads(I)V (17 bytes) @ 0x00007f470d304394 [0x00007f470d304240+0x154]
J 814 C1 com.sun.prism.impl.BaseContext.flushVertexBuffer()V (104 bytes) @ 0x00007f470d2e64b4 [0x00007f470d2e5e20+0x694]
j  com.sun.prism.es2.ES2SwapChain.drawTexture(Lcom/sun/prism/es2/ES2Graphics;Lcom/sun/prism/RTTexture;FFFFFFFF)V+68
j  com.sun.prism.es2.ES2SwapChain.prepare(Lcom/sun/javafx/geom/Rectangle;)Z+146
j  com.sun.javafx.tk.quantum.PresentingPainter.run()V+350
j  java.util.concurrent.Executors$RunnableAdapter.call()Ljava/lang/Object;+4
j  java.util.concurrent.FutureTask.runAndReset()Z+47
j  com.sun.javafx.tk.RenderJob.run()V+1
j  java.util.concurrent.ThreadPoolExecutor.runWorker(Ljava/util/concurrent/ThreadPoolExecutor$Worker;)V+95
j  java.util.concurrent.ThreadPoolExecutor$Worker.run()V+5
j  com.sun.javafx.tk.quantum.QuantumRenderer$PipelineRunnable.run()V+8
j  java.lang.Thread.run()V+11
v  ~StubRoutines::call_stub

---------------  P R O C E S S  ---------------

Java Threads: ( => current thread )
  0x00007f471c2df800 JavaThread "JavaFX-Launcher" [_thread_blocked, id=4927, stack(0x00007f46cc2c9000,0x00007f46cc3ca000)]
  0x00007f471c2db800 JavaThread "JavaFX Application Thread" [_thread_blocked, id=4926, stack(0x00007f46cc3ca000,0x00007f46cc4cb000)]
  0x00007f471c2d7800 JavaThread "Thread-1" daemon [_thread_blocked, id=4925, stack(0x00007f46cc4cb000,0x00007f46cc5cc000)]
=>0x00007f471c200800 JavaThread "QuantumRenderer-0" daemon [_thread_in_native, id=4920, stack(0x00007f47082f8000,0x00007f47083f9000)]
  0x00007f471c13f000 JavaThread "Service Thread" daemon [_thread_blocked, id=4916, stack(0x00007f470858f000,0x00007f4708690000)]
  0x00007f471c13c000 JavaThread "C1 CompilerThread1" daemon [_thread_in_vm, id=4915, stack(0x00007f4708690000,0x00007f4708791000)]
  0x00007f471c139000 JavaThread "C2 CompilerThread0" daemon [_thread_blocked, id=4914, stack(0x00007f4708791000,0x00007f4708892000)]
  0x00007f471c135000 JavaThread "Signal Dispatcher" daemon [_thread_blocked, id=4913, stack(0x00007f4708892000,0x00007f4708993000)]
  0x00007f471c101800 JavaThread "Finalizer" daemon [_thread_blocked, id=4912, stack(0x00007f4708c6d000,0x00007f4708d6e000)]
  0x00007f471c0ff800 JavaThread "Reference Handler" daemon [_thread_blocked, id=4911, stack(0x00007f4708d6e000,0x00007f4708e6f000)]
  0x00007f471c009800 JavaThread "main" [_thread_blocked, id=4906, stack(0x00007f47238b8000,0x00007f47239b9000)]

Other Threads:
  0x00007f471c0fa800 VMThread [stack: 0x00007f4708e6f000,0x00007f4708f70000] [id=4910]
  0x00007f471c141800 WatcherThread [stack: 0x00007f470848e000,0x00007f470858f000] [id=4917]

VM state:not at safepoint (normal execution)

VM Mutex/Monitor currently owned by a thread: None

Heap:
 PSYoungGen      total 25600K, used 18289K [0x00000000e3a00000, 0x00000000e5680000, 0x0000000100000000)
  eden space 22016K, 83% used [0x00000000e3a00000,0x00000000e4bdc688,0x00000000e4f80000)
  from space 3584K, 0% used [0x00000000e5300000,0x00000000e5300000,0x00000000e5680000)
  to   space 3584K, 0% used [0x00000000e4f80000,0x00000000e4f80000,0x00000000e5300000)
 ParOldGen       total 58880K, used 0K [0x00000000aae00000, 0x00000000ae780000, 0x00000000e3a00000)
  object space 58880K, 0% used [0x00000000aae00000,0x00000000aae00000,0x00000000ae780000)
 Metaspace       used 10750K, capacity 11142K, committed 11392K, reserved 1058816K
  class space    used 1518K, capacity 1654K, committed 1664K, reserved 1048576K

Card table byte_map: [0x00007f47203c9000,0x00007f4720673000] byte_map_base: 0x00007f471fe72000

Marking Bits: (ParMarkBitMap*) 0x00007f4722d8f100
 Begin Bits: [0x00007f470a570000, 0x00007f470bab8000)
 End Bits:   [0x00007f470bab8000, 0x00007f470d000000)

Polling page: 0x00007f47239dc000

CodeCache: size=245760Kb used=3322Kb max_used=3322Kb free=242437Kb
 bounds [0x00007f470d000000, 0x00007f470d340000, 0x00007f471c000000]
 total_blobs=1465 nmethods=917 adapters=462
 compilation: enabled

Compilation events (10 events):
Event: 1,808 Thread 0x00007f471c13c000 nmethod 916 0x00007f470d330a90 code [0x00007f470d330c40, 0x00007f470d331828]
Event: 1,808 Thread 0x00007f471c13c000  917       3       com.sun.javafx.sg.prism.NGNode::getOpacity (5 bytes)
Event: 1,808 Thread 0x00007f471c13c000 nmethod 917 0x00007f470d330750 code [0x00007f470d3308a0, 0x00007f470d3309f0]
Event: 1,808 Thread 0x00007f471c13c000  919       3       com.sun.javafx.sg.prism.NGNode::needsBlending (22 bytes)
Event: 1,808 Thread 0x00007f471c13c000 nmethod 919 0x00007f470d33a410 code [0x00007f470d33a580, 0x00007f470d33a810]
Event: 1,810 Thread 0x00007f471c13c000  922       3       com.sun.javafx.geom.transform.AffineBase::is2D (24 bytes)
Event: 1,810 Thread 0x00007f471c13c000 nmethod 922 0x00007f470d33a890 code [0x00007f470d33aa20, 0x00007f470d33aed8]
Event: 1,811 Thread 0x00007f471c13c000  923       3       com.sun.prism.impl.ps.BaseShaderContext::validatePaintOp (159 bytes)
Event: 1,812 Thread 0x00007f471c13c000 nmethod 923 0x00007f470d33afd0 code [0x00007f470d33b1c0, 0x00007f470d33bc58]
Event: 1,813 Thread 0x00007f471c13c000  932       3       com.sun.javafx.geom.transform.AffineBase::doTransform (657 bytes)

GC Heap History (0 events):
No events

Deoptimization events (5 events):
Event: 1,061 Thread 0x00007f471c2db800 Uncommon trap: reason=unstable_if action=reinterpret pc=0x00007f470d191bd0 method=java.lang.String.replace(CC)Ljava/lang/String; @ 26
Event: 1,232 Thread 0x00007f471c2db800 Uncommon trap: reason=class_check action=maybe_recompile pc=0x00007f470d24bdb0 method=java.util.Collections$UnmodifiableList.get(I)Ljava/lang/Object; @ 5
Event: 1,234 Thread 0x00007f471c2db800 Uncommon trap: reason=class_check action=maybe_recompile pc=0x00007f470d24bdb0 method=java.util.Collections$UnmodifiableList.get(I)Ljava/lang/Object; @ 5
Event: 1,237 Thread 0x00007f471c2db800 Uncommon trap: reason=class_check action=maybe_recompile pc=0x00007f470d24bdb0 method=java.util.Collections$UnmodifiableList.get(I)Ljava/lang/Object; @ 5
Event: 1,239 Thread 0x00007f471c2db800 Uncommon trap: reason=class_check action=maybe_recompile pc=0x00007f470d24bdb0 method=java.util.Collections$UnmodifiableList.get(I)Ljava/lang/Object; @ 5

Internal exceptions (10 events):
Event: 0,084 Thread 0x00007f471c009800 Exception <a 'java/lang/NoSuchMethodError': Method sun.misc.Unsafe.prefetchRead(Ljava/lang/Object;J)V name or signature does not match> (0x00000000e3a12ed0) thrown at [/HUDSON3/workspace/8-2-build-linux-amd64/jdk8u73/6086/hotspot/src/share/vm/prims/jni.cp
Event: 0,318 Thread 0x00007f471c009800 Exception <a 'java/lang/NoSuchFieldError': method resolution failed> (0x00000000e3c4da78) thrown at [/HUDSON3/workspace/8-2-build-linux-amd64/jdk8u73/6086/hotspot/src/share/vm/prims/methodHandles.cpp, line 1146]
Event: 0,329 Thread 0x00007f471c009800 Exception <a 'java/lang/NoSuchFieldError': method resolution failed> (0x00000000e3c5adf8) thrown at [/HUDSON3/workspace/8-2-build-linux-amd64/jdk8u73/6086/hotspot/src/share/vm/prims/methodHandles.cpp, line 1146]
Event: 0,371 Thread 0x00007f471c009800 Exception <a 'java/security/PrivilegedActionException'> (0x00000000e3ce4570) thrown at [/HUDSON3/workspace/8-2-build-linux-amd64/jdk8u73/6086/hotspot/src/share/vm/prims/jvm.cpp, line 1386]
Event: 0,371 Thread 0x00007f471c009800 Exception <a 'java/security/PrivilegedActionException'> (0x00000000e3ce4780) thrown at [/HUDSON3/workspace/8-2-build-linux-amd64/jdk8u73/6086/hotspot/src/share/vm/prims/jvm.cpp, line 1386]
Event: 0,371 Thread 0x00007f471c009800 Exception <a 'java/security/PrivilegedActionException'> (0x00000000e3ce6a80) thrown at [/HUDSON3/workspace/8-2-build-linux-amd64/jdk8u73/6086/hotspot/src/share/vm/prims/jvm.cpp, line 1386]
Event: 0,371 Thread 0x00007f471c009800 Exception <a 'java/security/PrivilegedActionException'> (0x00000000e3ce6c90) thrown at [/HUDSON3/workspace/8-2-build-linux-amd64/jdk8u73/6086/hotspot/src/share/vm/prims/jvm.cpp, line 1386]
Event: 0,372 Thread 0x00007f471c009800 Exception <a 'java/lang/NullPointerException'> (0x00000000e3ce7268) thrown at [/HUDSON3/workspace/8-2-build-linux-amd64/jdk8u73/6086/hotspot/src/share/vm/interpreter/linkResolver.cpp, line 1178]
Event: 0,919 Thread 0x00007f471c2db800 Exception <a 'java/lang/NullPointerException'> (0x00000000e4457140) thrown at [/HUDSON3/workspace/8-2-build-linux-amd64/jdk8u73/6086/hotspot/src/share/vm/interpreter/linkResolver.cpp, line 1178]
Event: 0,920 Thread 0x00007f471c2db800 Exception <a 'java/lang/NullPointerException'> (0x00000000e4457140) thrown at [/HUDSON3/workspace/8-2-build-linux-amd64/jdk8u73/6086/hotspot/src/share/vm/prims/jvm.cpp, line 1390]

Events (10 events):
Event: 1,617 loading class com/sun/prism/MultiTexture
Event: 1,617 loading class com/sun/prism/MultiTexture done
Event: 1,618 Executing VM operation: Deoptimize
Event: 1,619 Executing VM operation: Deoptimize done
Event: 1,620 loading class com/sun/prism/impl/ps/BaseShaderContext$1
Event: 1,620 loading class com/sun/prism/impl/ps/BaseShaderContext$1 done
Event: 1,621 loading class com/sun/prism/shader/Solid_TextureRGB_Loader
Event: 1,621 loading class com/sun/prism/shader/Solid_TextureRGB_Loader done
Event: 1,624 loading class com/sun/prism/es2/GLContext$1
Event: 1,624 loading class com/sun/prism/es2/GLContext$1 done


Dynamic libraries:
00400000-00401000 r-xp 00000000 08:01 299051                             /home/mirko/jdk1.8.0_73/jre/bin/java
00600000-00601000 rw-p 00000000 08:01 299051                             /home/mirko/jdk1.8.0_73/jre/bin/java
0210e000-0212f000 rw-p 00000000 00:00 0                                  [heap]
aae00000-ae780000 rw-p 00000000 00:00 0 
ae780000-e3a00000 ---p 00000000 00:00 0 
e3a00000-e5680000 rw-p 00000000 00:00 0 
e5680000-100000000 ---p 00000000 00:00 0 
100000000-1001a0000 rw-p 00000000 00:00 0 
1001a0000-140000000 ---p 00000000 00:00 0 
7f46b8000000-7f46b8191000 rw-p 00000000 00:00 0 
7f46b8191000-7f46bc000000 ---p 00000000 00:00 0 
7f46c0000000-7f46c0022000 rw-p 00000000 00:00 0 
7f46c0022000-7f46c4000000 ---p 00000000 00:00 0 
7f46c71fa000-7f46c72fa000 rw-s 110111000 00:06 338                       /dev/dri/card0
7f46c72fa000-7f46c73fa000 rw-s 11000e000 00:06 338                       /dev/dri/card0
7f46c73fa000-7f46c757a000 rw-p 00000000 00:00 0 
7f46c757a000-7f46c75fa000 ---p 00000000 00:00 0 
7f46c75fa000-7f46c75ff000 r-xp 00000000 08:01 291958                     /home/mirko/jdk1.8.0_73/jre/lib/amd64/libjavafx_font_freetype.so
7f46c75ff000-7f46c77fe000 ---p 00005000 08:01 291958                     /home/mirko/jdk1.8.0_73/jre/lib/amd64/libjavafx_font_freetype.so
7f46c77fe000-7f46c77ff000 rw-p 00004000 08:01 291958                     /home/mirko/jdk1.8.0_73/jre/lib/amd64/libjavafx_font_freetype.so
7f46c77ff000-7f46c7800000 ---p 00000000 00:00 0 
7f46c7800000-7f46c8000000 rw-p 00000000 00:00 0 
7f46c8000000-7f46c8021000 rw-p 00000000 00:00 0 
7f46c8021000-7f46cc000000 ---p 00000000 00:00 0 
7f46cc03b000-7f46cc03d000 rw-s 10afc1000 00:06 338                       /dev/dri/card0
7f46cc03d000-7f46cc03e000 rw-s 11010e000 00:06 338                       /dev/dri/card0
7f46cc03e000-7f46cc043000 r--s 00084000 08:01 299016                     /home/mirko/jdk1.8.0_73/jre/lib/jfr.jar
7f46cc043000-7f46cc04e000 r--s 00000000 08:01 133025                     /var/cache/fontconfig/945677eb7aeaf62f1d50efc3fb3ec7d8-le64.cache-6
7f46cc04e000-7f46cc054000 r--s 00000000 08:01 133061                     /var/cache/fontconfig/2cd17615ca594fa2959ae173292e504c-le64.cache-6
7f46cc054000-7f46cc055000 r--s 00000000 08:01 133060                     /var/cache/fontconfig/0d8c3b2ac0904cb8a57a757ad11a4a08-le64.cache-6
7f46cc055000-7f46cc06a000 r--s 00000000 08:01 133057                     /var/cache/fontconfig/04aabc0a78ac019cf9454389977116d2-le64.cache-6
7f46cc06a000-7f46cc06b000 r--s 00000000 08:01 133056                     /var/cache/fontconfig/1ac9eb803944fde146138c791f5cc56a-le64.cache-6
7f46cc06b000-7f46cc06f000 r--s 00000000 08:01 133055                     /var/cache/fontconfig/385c0604a188198f04d133e54aba7fe7-le64.cache-6
7f46cc06f000-7f46cc072000 r--s 00000000 08:01 133053                     /var/cache/fontconfig/767a8244fc0220cfb567a839d0392e0b-le64.cache-6
7f46cc072000-7f46cc077000 r--s 00000000 08:01 133051                     /var/cache/fontconfig/8801497958630a81b71ace7c5f9b32a8-le64.cache-6
7f46cc077000-7f46cc07e000 r--s 00000000 08:01 133049                     /var/cache/fontconfig/3047814df9a2f067bd2d96a2b9c36e5a-le64.cache-6
7f46cc07e000-7f46cc091000 r--s 00000000 08:01 133045                     /var/cache/fontconfig/d52a8644073d54c13679302ca1180695-le64.cache-6
7f46cc091000-7f46cc09c000 r--s 00000000 08:01 133042                     /var/cache/fontconfig/d589a48862398ed80a3d6066f4f56f4c-le64.cache-6
7f46cc09c000-7f46cc0a7000 r--s 00000000 08:01 133038                     /var/cache/fontconfig/83bf95040141907cd45bb53cf7c1c148-le64.cache-6
7f46cc0a7000-7f46cc0b9000 r--s 00000000 08:01 131579                     /var/cache/fontconfig/9b89f8e3dae116d678bbf48e5f21f69b-le64.cache-6
7f46cc0b9000-7f46cc0c6000 r--s 00000000 08:01 133021                     /var/cache/fontconfig/e13b20fdb08344e0e664864cc2ede53d-le64.cache-6
7f46cc0c6000-7f46cc0c9000 r-xp 00000000 08:01 298719                     /home/mirko/jdk1.8.0_73/jre/lib/amd64/libjavafx_font.so
7f46cc0c9000-7f46cc2c8000 ---p 00003000 08:01 298719                     /home/mirko/jdk1.8.0_73/jre/lib/amd64/libjavafx_font.so
7f46cc2c8000-7f46cc2c9000 rw-p 00002000 08:01 298719                     /home/mirko/jdk1.8.0_73/jre/lib/amd64/libjavafx_font.so
7f46cc2c9000-7f46cc2cc000 ---p 00000000 00:00 0 
7f46cc2cc000-7f46cc3ca000 rw-p 00000000 00:00 0 
7f46cc3ca000-7f46cc3cd000 ---p 00000000 00:00 0 
7f46cc3cd000-7f46cc4cb000 rw-p 00000000 00:00 0 
7f46cc4cb000-7f46cc4ce000 ---p 00000000 00:00 0 
7f46cc4ce000-7f46cc5cc000 rw-p 00000000 00:00 0 
7f46cc5cc000-7f46cc5cd000 ---p 00000000 00:00 0 
7f46cc5cd000-7f46ccdcd000 rw-p 00000000 00:00 0 
7f46ccdcd000-7f46ccdce000 ---p 00000000 00:00 0 
7f46ccdce000-7f46cd5ce000 rw-p 00000000 00:00 0 
7f46cd5ce000-7f46cd5d9000 r-xp 00000000 08:01 920375                     /usr/lib/x86_64-linux-gnu/gio/modules/libdconfsettings.so
7f46cd5d9000-7f46cd7d9000 ---p 0000b000 08:01 920375                     /usr/lib/x86_64-linux-gnu/gio/modules/libdconfsettings.so
7f46cd7d9000-7f46cd7da000 r--p 0000b000 08:01 920375                     /usr/lib/x86_64-linux-gnu/gio/modules/libdconfsettings.so
7f46cd7da000-7f46cd7db000 rw-p 0000c000 08:01 920375                     /usr/lib/x86_64-linux-gnu/gio/modules/libdconfsettings.so
7f46cd7db000-7f46cd7e2000 r-xp 00000000 08:01 670133                     /usr/lib/x86_64-linux-gnu/libogg.so.0.8.2
7f46cd7e2000-7f46cd9e2000 ---p 00007000 08:01 670133                     /usr/lib/x86_64-linux-gnu/libogg.so.0.8.2
7f46cd9e2000-7f46cd9e3000 r--p 00007000 08:01 670133                     /usr/lib/x86_64-linux-gnu/libogg.so.0.8.2
7f46cd9e3000-7f46cd9e4000 rw-p 00008000 08:01 670133                     /usr/lib/x86_64-linux-gnu/libogg.so.0.8.2
7f46cd9e4000-7f46cda0e000 r-xp 00000000 08:01 664008                     /usr/lib/x86_64-linux-gnu/libvorbis.so.0.4.8
7f46cda0e000-7f46cdc0e000 ---p 0002a000 08:01 664008                     /usr/lib/x86_64-linux-gnu/libvorbis.so.0.4.8
7f46cdc0e000-7f46cdc0f000 r--p 0002a000 08:01 664008                     /usr/lib/x86_64-linux-gnu/libvorbis.so.0.4.8
7f46cdc0f000-7f46cdc10000 rw-p 0002b000 08:01 664008                     /usr/lib/x86_64-linux-gnu/libvorbis.so.0.4.8
7f46cdc10000-7f46cdc19000 r-xp 00000000 08:01 662589                     /usr/lib/x86_64-linux-gnu/libltdl.so.7.3.1
7f46cdc19000-7f46cde18000 ---p 00009000 08:01 662589                     /usr/lib/x86_64-linux-gnu/libltdl.so.7.3.1
7f46cde18000-7f46cde19000 r--p 00008000 08:01 662589                     /usr/lib/x86_64-linux-gnu/libltdl.so.7.3.1
7f46cde19000-7f46cde1a000 rw-p 00009000 08:01 662589                     /usr/lib/x86_64-linux-gnu/libltdl.so.7.3.1
7f46cde1a000-7f46cde2e000 r-xp 00000000 08:01 658028                     /usr/lib/x86_64-linux-gnu/libtdb.so.1.3.8
7f46cde2e000-7f46ce02d000 ---p 00014000 08:01 658028                     /usr/lib/x86_64-linux-gnu/libtdb.so.1.3.8
7f46ce02d000-7f46ce02e000 r--p 00013000 08:01 658028                     /usr/lib/x86_64-linux-gnu/libtdb.so.1.3.8
7f46ce02e000-7f46ce02f000 rw-p 00014000 08:01 658028                     /usr/lib/x86_64-linux-gnu/libtdb.so.1.3.8
7f46ce02f000-7f46ce036000 r-xp 00000000 08:01 663985                     /usr/lib/x86_64-linux-gnu/libvorbisfile.so.3.3.7
7f46ce036000-7f46ce236000 ---p 00007000 08:01 663985                     /usr/lib/x86_64-linux-gnu/libvorbisfile.so.3.3.7
7f46ce236000-7f46ce237000 r--p 00007000 08:01 663985                     /usr/lib/x86_64-linux-gnu/libvorbisfile.so.3.3.7
7f46ce237000-7f46ce238000 rw-p 00008000 08:01 663985                     /usr/lib/x86_64-linux-gnu/libvorbisfile.so.3.3.7
7f46ce238000-7f46ce248000 r-xp 00000000 08:01 658226                     /usr/lib/x86_64-linux-gnu/libcanberra.so.0.2.5
7f46ce248000-7f46ce447000 ---p 00010000 08:01 658226                     /usr/lib/x86_64-linux-gnu/libcanberra.so.0.2.5
7f46ce447000-7f46ce448000 r--p 0000f000 08:01 658226                     /usr/lib/x86_64-linux-gnu/libcanberra.so.0.2.5
7f46ce448000-7f46ce449000 rw-p 00010000 08:01 658226                     /usr/lib/x86_64-linux-gnu/libcanberra.so.0.2.5
7f46ce449000-7f46ce44d000 r-xp 00000000 08:01 657104                     /usr/lib/x86_64-linux-gnu/libcanberra-gtk.so.0.1.9
7f46ce44d000-7f46ce64c000 ---p 00004000 08:01 657104                     /usr/lib/x86_64-linux-gnu/libcanberra-gtk.so.0.1.9
7f46ce64c000-7f46ce64d000 r--p 00003000 08:01 657104                     /usr/lib/x86_64-linux-gnu/libcanberra-gtk.so.0.1.9
7f46ce64d000-7f46ce64e000 rw-p 00004000 08:01 657104                     /usr/lib/x86_64-linux-gnu/libcanberra-gtk.so.0.1.9
7f46ce64e000-7f46ce653000 r-xp 00000000 08:01 934744                     /usr/lib/x86_64-linux-gnu/gtk-2.0/modules/libcanberra-gtk-module.so
7f46ce653000-7f46ce852000 ---p 00005000 08:01 934744                     /usr/lib/x86_64-linux-gnu/gtk-2.0/modules/libcanberra-gtk-module.so
7f46ce852000-7f46ce853000 r--p 00004000 08:01 934744                     /usr/lib/x86_64-linux-gnu/gtk-2.0/modules/libcanberra-gtk-module.so
7f46ce853000-7f46ce854000 rw-p 00005000 08:01 934744                     /usr/lib/x86_64-linux-gnu/gtk-2.0/modules/libcanberra-gtk-module.so
7f46ce854000-7f46ce883000 r-xp 00000000 08:01 920571                     /usr/lib/x86_64-linux-gnu/gtk-2.0/2.10.0/engines/libmurrine.so
7f46ce883000-7f46cea83000 ---p 0002f000 08:01 920571                     /usr/lib/x86_64-linux-gnu/gtk-2.0/2.10.0/engines/libmurrine.so
7f46cea83000-7f46cea84000 r--p 0002f000 08:01 920571                     /usr/lib/x86_64-linux-gnu/gtk-2.0/2.10.0/engines/libmurrine.so
7f46cea84000-7f46cea85000 rw-p 00030000 08:01 920571                     /usr/lib/x86_64-linux-gnu/gtk-2.0/2.10.0/engines/libmurrine.so
7f46cea85000-7f46cea96000 r-xp 00000000 08:01 930977                     /usr/lib/x86_64-linux-gnu/gtk-2.0/modules/liboverlay-scrollbar.so
7f46cea96000-7f46cec96000 ---p 00011000 08:01 930977                     /usr/lib/x86_64-linux-gnu/gtk-2.0/modules/liboverlay-scrollbar.so
7f46cec96000-7f46cec97000 r--p 00011000 08:01 930977                     /usr/lib/x86_64-linux-gnu/gtk-2.0/modules/liboverlay-scrollbar.so
7f46cec97000-7f46cec98000 rw-p 00012000 08:01 930977                     /usr/lib/x86_64-linux-gnu/gtk-2.0/modules/liboverlay-scrollbar.so
7f46cec98000-7f46cecc1000 r-xp 00000000 08:01 298850                     /home/mirko/jdk1.8.0_73/jre/lib/amd64/libglass.so
7f46cecc1000-7f46ceec0000 ---p 00029000 08:01 298850                     /home/mirko/jdk1.8.0_73/jre/lib/amd64/libglass.so
7f46ceec0000-7f46ceec3000 rw-p 00028000 08:01 298850                     /home/mirko/jdk1.8.0_73/jre/lib/amd64/libglass.so
7f46ceec3000-7f46ceefa000 r-xp 00000000 08:01 670399                     /usr/lib/x86_64-linux-gnu/libtxc_dxtn_s2tc.so.0.0.0
7f46ceefa000-7f46cf0f9000 ---p 00037000 08:01 670399                     /usr/lib/x86_64-linux-gnu/libtxc_dxtn_s2tc.so.0.0.0
7f46cf0f9000-7f46cf0fa000 r--p 00036000 08:01 670399                     /usr/lib/x86_64-linux-gnu/libtxc_dxtn_s2tc.so.0.0.0
7f46cf0fa000-7f46cf0fb000 rw-p 00037000 08:01 670399                     /usr/lib/x86_64-linux-gnu/libtxc_dxtn_s2tc.so.0.0.0
7f46cf0fb000-7f46cf0fc000 ---p 00000000 00:00 0 
7f46cf0fc000-7f46cf8fc000 rw-p 00000000 00:00 0 
7f46cf8fc000-7f46cf90f000 r-xp 00000000 08:01 394055                     /lib/x86_64-linux-gnu/libbsd.so.0.8.2
7f46cf90f000-7f46cfb0e000 ---p 00013000 08:01 394055                     /lib/x86_64-linux-gnu/libbsd.so.0.8.2
7f46cfb0e000-7f46cfb0f000 r--p 00012000 08:01 394055                     /lib/x86_64-linux-gnu/libbsd.so.0.8.2
7f46cfb0f000-7f46cfb10000 rw-p 00013000 08:01 394055                     /lib/x86_64-linux-gnu/libbsd.so.0.8.2
7f46cfb10000-7f46cfb11000 rw-p 00000000 00:00 0 
7f46cfb11000-7f46cfb36000 r-xp 00000000 08:01 396492                     /lib/x86_64-linux-gnu/libtinfo.so.5.9
7f46cfb36000-7f46cfd35000 ---p 00025000 08:01 396492                     /lib/x86_64-linux-gnu/libtinfo.so.5.9
7f46cfd35000-7f46cfd39000 r--p 00024000 08:01 396492                     /lib/x86_64-linux-gnu/libtinfo.so.5.9
7f46cfd39000-7f46cfd3a000 rw-p 00028000 08:01 396492                     /lib/x86_64-linux-gnu/libtinfo.so.5.9
7f46cfd3a000-7f46cfd6b000 r-xp 00000000 08:01 664071                     /usr/lib/x86_64-linux-gnu/libedit.so.2.0.53
7f46cfd6b000-7f46cff6b000 ---p 00031000 08:01 664071                     /usr/lib/x86_64-linux-gnu/libedit.so.2.0.53
7f46cff6b000-7f46cff6d000 r--p 00031000 08:01 664071                     /usr/lib/x86_64-linux-gnu/libedit.so.2.0.53
7f46cff6d000-7f46cff6e000 rw-p 00033000 08:01 664071                     /usr/lib/x86_64-linux-gnu/libedit.so.2.0.53
7f46cff6e000-7f46cff72000 rw-p 00000000 00:00 0 
7f46cff72000-7f46d2464000 r-xp 00000000 08:01 664077                     /usr/lib/x86_64-linux-gnu/libLLVM-3.8.so.1
7f46d2464000-7f46d2664000 ---p 024f2000 08:01 664077                     /usr/lib/x86_64-linux-gnu/libLLVM-3.8.so.1
7f46d2664000-7f46d2919000 r--p 024f2000 08:01 664077                     /usr/lib/x86_64-linux-gnu/libLLVM-3.8.so.1
7f46d2919000-7f46d291b000 rw-p 027a7000 08:01 664077                     /usr/lib/x86_64-linux-gnu/libLLVM-3.8.so.1
7f46d291b000-7f46d2945000 rw-p 00000000 00:00 0 
7f46d2945000-7f46d295c000 r-xp 00000000 08:01 661292                     /usr/lib/x86_64-linux-gnu/libelf-0.165.so
7f46d295c000-7f46d2b5b000 ---p 00017000 08:01 661292                     /usr/lib/x86_64-linux-gnu/libelf-0.165.so
7f46d2b5b000-7f46d2b5c000 r--p 00016000 08:01 661292                     /usr/lib/x86_64-linux-gnu/libelf-0.165.so
7f46d2b5c000-7f46d2b5d000 rw-p 00017000 08:01 661292                     /usr/lib/x86_64-linux-gnu/libelf-0.165.so
7f46d2b5d000-7f46d2b64000 r-xp 00000000 08:01 664061                     /usr/lib/x86_64-linux-gnu/libdrm_amdgpu.so.1.0.0
7f46d2b64000-7f46d2d63000 ---p 00007000 08:01 664061                     /usr/lib/x86_64-linux-gnu/libdrm_amdgpu.so.1.0.0
7f46d2d63000-7f46d2d64000 r--p 00006000 08:01 664061                     /usr/lib/x86_64-linux-gnu/libdrm_amdgpu.so.1.0.0
7f46d2d64000-7f46d2d65000 rw-p 00007000 08:01 664061                     /usr/lib/x86_64-linux-gnu/libdrm_amdgpu.so.1.0.0
7f46d2d65000-7f46d2d70000 r-xp 00000000 08:01 664057                     /usr/lib/x86_64-linux-gnu/libdrm_radeon.so.1.0.1
7f46d2d70000-7f46d2f6f000 ---p 0000b000 08:01 664057                     /usr/lib/x86_64-linux-gnu/libdrm_radeon.so.1.0.1
7f46d2f6f000-7f46d2f70000 r--p 0000a000 08:01 664057                     /usr/lib/x86_64-linux-gnu/libdrm_radeon.so.1.0.1
7f46d2f70000-7f46d2f71000 rw-p 0000b000 08:01 664057                     /usr/lib/x86_64-linux-gnu/libdrm_radeon.so.1.0.1
7f46d2f71000-7f46d2f78000 r-xp 00000000 08:01 664067                     /usr/lib/x86_64-linux-gnu/libdrm_nouveau.so.2.0.0
7f46d2f78000-7f46d3177000 ---p 00007000 08:01 664067                     /usr/lib/x86_64-linux-gnu/libdrm_nouveau.so.2.0.0
7f46d3177000-7f46d3178000 r--p 00006000 08:01 664067                     /usr/lib/x86_64-linux-gnu/libdrm_nouveau.so.2.0.0
7f46d3178000-7f46d3179000 rw-p 00007000 08:01 664067                     /usr/lib/x86_64-linux-gnu/libdrm_nouveau.so.2.0.0
7f46d3179000-7f46d3a40000 r-xp 00000000 08:01 930711                     /usr/lib/x86_64-linux-gnu/dri/r600_dri.so
7f46d3a40000-7f46d3c3f000 ---p 008c7000 08:01 930711                     /usr/lib/x86_64-linux-gnu/dri/r600_dri.so
7f46d3c3f000-7f46d3cb3000 r--p 008c6000 08:01 930711                     /usr/lib/x86_64-linux-gnu/dri/r600_dri.so
7f46d3cb3000-7f46d3cc2000 rw-p 0093a000 08:01 930711                     /usr/lib/x86_64-linux-gnu/dri/r600_dri.so
7f46d3cc2000-7f46d3eb8000 rw-p 00000000 00:00 0 
7f46d3eb8000-7f46d3ebe000 r-xp 00000000 08:01 657306                     /usr/lib/x86_64-linux-gnu/libdatrie.so.1.3.3
7f46d3ebe000-7f46d40be000 ---p 00006000 08:01 657306                     /usr/lib/x86_64-linux-gnu/libdatrie.so.1.3.3
7f46d40be000-7f46d40bf000 r--p 00006000 08:01 657306                     /usr/lib/x86_64-linux-gnu/libdatrie.so.1.3.3
7f46d40bf000-7f46d40c0000 rw-p 00007000 08:01 657306                     /usr/lib/x86_64-linux-gnu/libdatrie.so.1.3.3
7f46d40c0000-7f46d40c5000 r-xp 00000000 08:01 664402                     /usr/lib/x86_64-linux-gnu/libXdmcp.so.6.0.0
7f46d40c5000-7f46d42c4000 ---p 00005000 08:01 664402                     /usr/lib/x86_64-linux-gnu/libXdmcp.so.6.0.0
7f46d42c4000-7f46d42c5000 r--p 00004000 08:01 664402                     /usr/lib/x86_64-linux-gnu/libXdmcp.so.6.0.0
7f46d42c5000-7f46d42c6000 rw-p 00005000 08:01 664402                     /usr/lib/x86_64-linux-gnu/libXdmcp.so.6.0.0
7f46d42c6000-7f46d42c8000 r-xp 00000000 08:01 669374                     /usr/lib/x86_64-linux-gnu/libXau.so.6.0.0
7f46d42c8000-7f46d44c8000 ---p 00002000 08:01 669374                     /usr/lib/x86_64-linux-gnu/libXau.so.6.0.0
7f46d44c8000-7f46d44c9000 r--p 00002000 08:01 669374                     /usr/lib/x86_64-linux-gnu/libXau.so.6.0.0
7f46d44c9000-7f46d44ca000 rw-p 00003000 08:01 669374                     /usr/lib/x86_64-linux-gnu/libXau.so.6.0.0
7f46d44ca000-7f46d44ed000 r-xp 00000000 08:01 660878                     /usr/lib/x86_64-linux-gnu/libgraphite2.so.3.0.1
7f46d44ed000-7f46d46ec000 ---p 00023000 08:01 660878                     /usr/lib/x86_64-linux-gnu/libgraphite2.so.3.0.1
7f46d46ec000-7f46d46ee000 r--p 00022000 08:01 660878                     /usr/lib/x86_64-linux-gnu/libgraphite2.so.3.0.1
7f46d46ee000-7f46d46ef000 rw-p 00024000 08:01 660878                     /usr/lib/x86_64-linux-gnu/libgraphite2.so.3.0.1
7f46d46ef000-7f46d46fd000 r-xp 00000000 08:01 664048                     /usr/lib/x86_64-linux-gnu/libdrm.so.2.4.0
7f46d46fd000-7f46d48fc000 ---p 0000e000 08:01 664048                     /usr/lib/x86_64-linux-gnu/libdrm.so.2.4.0
7f46d48fc000-7f46d48fd000 r--p 0000d000 08:01 664048                     /usr/lib/x86_64-linux-gnu/libdrm.so.2.4.0
7f46d48fd000-7f46d48fe000 rw-p 0000e000 08:01 664048                     /usr/lib/x86_64-linux-gnu/libdrm.so.2.4.0
7f46d48fe000-7f46d4902000 r-xp 00000000 08:01 664135                     /usr/lib/x86_64-linux-gnu/libxcb-dri2.so.0.0.0
7f46d4902000-7f46d4b01000 ---p 00004000 08:01 664135                     /usr/lib/x86_64-linux-gnu/libxcb-dri2.so.0.0.0
7f46d4b01000-7f46d4b02000 r--p 00003000 08:01 664135                     /usr/lib/x86_64-linux-gnu/libxcb-dri2.so.0.0.0
7f46d4b02000-7f46d4b03000 rw-p 00004000 08:01 664135                     /usr/lib/x86_64-linux-gnu/libxcb-dri2.so.0.0.0
7f46d4b03000-7f46d4b1a000 r-xp 00000000 08:01 664138                     /usr/lib/x86_64-linux-gnu/libxcb-glx.so.0.0.0
7f46d4b1a000-7f46d4d19000 ---p 00017000 08:01 664138                     /usr/lib/x86_64-linux-gnu/libxcb-glx.so.0.0.0
7f46d4d19000-7f46d4d1b000 r--p 00016000 08:01 664138                     /usr/lib/x86_64-linux-gnu/libxcb-glx.so.0.0.0
7f46d4d1b000-7f46d4d1c000 rw-p 00018000 08:01 664138                     /usr/lib/x86_64-linux-gnu/libxcb-glx.so.0.0.0
7f46d4d1c000-7f46d4d1d000 r-xp 00000000 08:01 669368                     /usr/lib/x86_64-linux-gnu/libX11-xcb.so.1.0.0
7f46d4d1d000-7f46d4f1c000 ---p 00001000 08:01 669368                     /usr/lib/x86_64-linux-gnu/libX11-xcb.so.1.0.0
7f46d4f1c000-7f46d4f1d000 r--p 00000000 08:01 669368                     /usr/lib/x86_64-linux-gnu/libX11-xcb.so.1.0.0
7f46d4f1d000-7f46d4f1e000 rw-p 00001000 08:01 669368                     /usr/lib/x86_64-linux-gnu/libX11-xcb.so.1.0.0
7f46d4f1e000-7f46d4f47000 r-xp 00000000 08:01 675036                     /usr/lib/x86_64-linux-gnu/libglapi.so.0.0.0
7f46d4f47000-7f46d5146000 ---p 00029000 08:01 675036                     /usr/lib/x86_64-linux-gnu/libglapi.so.0.0.0
7f46d5146000-7f46d514a000 r--p 00028000 08:01 675036                     /usr/lib/x86_64-linux-gnu/libglapi.so.0.0.0
7f46d514a000-7f46d514b000 rw-p 0002c000 08:01 675036                     /usr/lib/x86_64-linux-gnu/libglapi.so.0.0.0
7f46d514b000-7f46d514c000 rw-p 00000000 00:00 0 
7f46d514c000-7f46d514d000 r-xp 00000000 08:01 670578                     /usr/lib/x86_64-linux-gnu/libxshmfence.so.1.0.0
7f46d514d000-7f46d534d000 ---p 00001000 08:01 670578                     /usr/lib/x86_64-linux-gnu/libxshmfence.so.1.0.0
7f46d534d000-7f46d534e000 r--p 00001000 08:01 670578                     /usr/lib/x86_64-linux-gnu/libxshmfence.so.1.0.0
7f46d534e000-7f46d534f000 rw-p 00002000 08:01 670578                     /usr/lib/x86_64-linux-gnu/libxshmfence.so.1.0.0
7f46d534f000-7f46d5354000 r-xp 00000000 08:01 664122                     /usr/lib/x86_64-linux-gnu/libxcb-sync.so.1.0.0
7f46d5354000-7f46d5554000 ---p 00005000 08:01 664122                     /usr/lib/x86_64-linux-gnu/libxcb-sync.so.1.0.0
7f46d5554000-7f46d5555000 r--p 00005000 08:01 664122                     /usr/lib/x86_64-linux-gnu/libxcb-sync.so.1.0.0
7f46d5555000-7f46d5556000 rw-p 00006000 08:01 664122                     /usr/lib/x86_64-linux-gnu/libxcb-sync.so.1.0.0
7f46d5556000-7f46d5558000 r-xp 00000000 08:01 664125                     /usr/lib/x86_64-linux-gnu/libxcb-present.so.0.0.0
7f46d5558000-7f46d5757000 ---p 00002000 08:01 664125                     /usr/lib/x86_64-linux-gnu/libxcb-present.so.0.0.0
7f46d5757000-7f46d5758000 r--p 00001000 08:01 664125                     /usr/lib/x86_64-linux-gnu/libxcb-present.so.0.0.0
7f46d5758000-7f46d5759000 rw-p 00002000 08:01 664125                     /usr/lib/x86_64-linux-gnu/libxcb-present.so.0.0.0
7f46d5759000-7f46d575b000 r-xp 00000000 08:01 664107                     /usr/lib/x86_64-linux-gnu/libxcb-dri3.so.0.0.0
7f46d575b000-7f46d595a000 ---p 00002000 08:01 664107                     /usr/lib/x86_64-linux-gnu/libxcb-dri3.so.0.0.0
7f46d595a000-7f46d595b000 r--p 00001000 08:01 664107                     /usr/lib/x86_64-linux-gnu/libxcb-dri3.so.0.0.0
7f46d595b000-7f46d595c000 rw-p 00002000 08:01 664107                     /usr/lib/x86_64-linux-gnu/libxcb-dri3.so.0.0.0
7f46d595c000-7f46d59ca000 r-xp 00000000 08:01 394443                     /lib/x86_64-linux-gnu/libpcre.so.3.13.2
7f46d59ca000-7f46d5bca000 ---p 0006e000 08:01 394443                     /lib/x86_64-linux-gnu/libpcre.so.3.13.2
7f46d5bca000-7f46d5bcb000 r--p 0006e000 08:01 394443                     /lib/x86_64-linux-gnu/libpcre.so.3.13.2
7f46d5bcb000-7f46d5bcc000 rw-p 0006f000 08:01 394443                     /lib/x86_64-linux-gnu/libpcre.so.3.13.2
7f46d5bcc000-7f46d5bd3000 r-xp 00000000 08:01 662733                     /usr/lib/x86_64-linux-gnu/libffi.so.6.0.4
7f46d5bd3000-7f46d5dd2000 ---p 00007000 08:01 662733                     /usr/lib/x86_64-linux-gnu/libffi.so.6.0.4
7f46d5dd2000-7f46d5dd3000 r--p 00006000 08:01 662733                     /usr/lib/x86_64-linux-gnu/libffi.so.6.0.4
7f46d5dd3000-7f46d5dd4000 rw-p 00007000 08:01 662733                     /usr/lib/x86_64-linux-gnu/libffi.so.6.0.4
7f46d5dd4000-7f46d5dfa000 r-xp 00000000 08:01 394446                     /lib/x86_64-linux-gnu/libexpat.so.1.6.0
7f46d5dfa000-7f46d5ffa000 ---p 00026000 08:01 394446                     /lib/x86_64-linux-gnu/libexpat.so.1.6.0
7f46d5ffa000-7f46d5ffc000 r--p 00026000 08:01 394446                     /lib/x86_64-linux-gnu/libexpat.so.1.6.0
7f46d5ffc000-7f46d5ffd000 rw-p 00028000 08:01 394446                     /lib/x86_64-linux-gnu/libexpat.so.1.6.0
7f46d5ffd000-7f46d6005000 r-xp 00000000 08:01 657312                     /usr/lib/x86_64-linux-gnu/libthai.so.0.2.4
7f46d6005000-7f46d6204000 ---p 00008000 08:01 657312                     /usr/lib/x86_64-linux-gnu/libthai.so.0.2.4
7f46d6204000-7f46d6205000 r--p 00007000 08:01 657312                     /usr/lib/x86_64-linux-gnu/libthai.so.0.2.4
7f46d6205000-7f46d6206000 rw-p 00008000 08:01 657312                     /usr/lib/x86_64-linux-gnu/libthai.so.0.2.4
7f46d6206000-7f46d6227000 r-xp 00000000 08:01 663896                     /usr/lib/x86_64-linux-gnu/libxcb.so.1.1.0
7f46d6227000-7f46d6426000 ---p 00021000 08:01 663896                     /usr/lib/x86_64-linux-gnu/libxcb.so.1.1.0
7f46d6426000-7f46d6427000 r--p 00020000 08:01 663896                     /usr/lib/x86_64-linux-gnu/libxcb.so.1.1.0
7f46d6427000-7f46d6428000 rw-p 00021000 08:01 663896                     /usr/lib/x86_64-linux-gnu/libxcb.so.1.1.0
7f46d6428000-7f46d6430000 r-xp 00000000 08:01 664110                     /usr/lib/x86_64-linux-gnu/libxcb-render.so.0.0.0
7f46d6430000-7f46d6630000 ---p 00008000 08:01 664110                     /usr/lib/x86_64-linux-gnu/libxcb-render.so.0.0.0
7f46d6630000-7f46d6631000 r--p 00008000 08:01 664110                     /usr/lib/x86_64-linux-gnu/libxcb-render.so.0.0.0
7f46d6631000-7f46d6632000 rw-p 00009000 08:01 664110                     /usr/lib/x86_64-linux-gnu/libxcb-render.so.0.0.0
7f46d6632000-7f46d6634000 r-xp 00000000 08:01 664431                     /usr/lib/x86_64-linux-gnu/libxcb-shm.so.0.0.0
7f46d6634000-7f46d6834000 ---p 00002000 08:01 664431                     /usr/lib/x86_64-linux-gnu/libxcb-shm.so.0.0.0
7f46d6834000-7f46d6835000 r--p 00002000 08:01 664431                     /usr/lib/x86_64-linux-gnu/libxcb-shm.so.0.0.0
7f46d6835000-7f46d6836000 rw-p 00003000 08:01 664431                     /usr/lib/x86_64-linux-gnu/libxcb-shm.so.0.0.0
7f46d6836000-7f46d685a000 r-xp 00000000 08:01 394051                     /lib/x86_64-linux-gnu/libpng12.so.0.54.0
7f46d685a000-7f46d6a59000 ---p 00024000 08:01 394051                     /lib/x86_64-linux-gnu/libpng12.so.0.54.0
7f46d6a59000-7f46d6a5a000 r--p 00023000 08:01 394051                     /lib/x86_64-linux-gnu/libpng12.so.0.54.0
7f46d6a5a000-7f46d6a5b000 rw-p 00024000 08:01 394051                     /lib/x86_64-linux-gnu/libpng12.so.0.54.0
7f46d6a5b000-7f46d6afa000 r-xp 00000000 08:01 663061                     /usr/lib/x86_64-linux-gnu/libpixman-1.so.0.33.6
7f46d6afa000-7f46d6cfa000 ---p 0009f000 08:01 663061                     /usr/lib/x86_64-linux-gnu/libpixman-1.so.0.33.6
7f46d6cfa000-7f46d6d02000 r--p 0009f000 08:01 663061                     /usr/lib/x86_64-linux-gnu/libpixman-1.so.0.33.6
7f46d6d02000-7f46d6d03000 rw-p 000a7000 08:01 663061                     /usr/lib/x86_64-linux-gnu/libpixman-1.so.0.33.6
7f46d6d03000-7f46d6d5f000 r-xp 00000000 08:01 669928                     /usr/lib/x86_64-linux-gnu/libharfbuzz.so.0.10000.1
7f46d6d5f000-7f46d6f5f000 ---p 0005c000 08:01 669928                     /usr/lib/x86_64-linux-gnu/libharfbuzz.so.0.10000.1
7f46d6f5f000-7f46d6f60000 r--p 0005c000 08:01 669928                     /usr/lib/x86_64-linux-gnu/libharfbuzz.so.0.10000.1
7f46d6f60000-7f46d6f61000 rw-p 0005d000 08:01 669928                     /usr/lib/x86_64-linux-gnu/libharfbuzz.so.0.10000.1
7f46d6f61000-7f46d6f78000 r-xp 00000000 08:01 408823                     /lib/x86_64-linux-gnu/libresolv-2.23.so
7f46d6f78000-7f46d7178000 ---p 00017000 08:01 408823                     /lib/x86_64-linux-gnu/libresolv-2.23.so
7f46d7178000-7f46d7179000 r--p 00017000 08:01 408823                     /lib/x86_64-linux-gnu/libresolv-2.23.so
7f46d7179000-7f46d717a000 rw-p 00018000 08:01 408823                     /lib/x86_64-linux-gnu/libresolv-2.23.so
7f46d717a000-7f46d717c000 rw-p 00000000 00:00 0 
7f46d717c000-7f46d719b000 r-xp 00000000 08:01 394521                     /lib/x86_64-linux-gnu/libselinux.so.1
7f46d719b000-7f46d739a000 ---p 0001f000 08:01 394521                     /lib/x86_64-linux-gnu/libselinux.so.1
7f46d739a000-7f46d739b000 r--p 0001e000 08:01 394521                     /lib/x86_64-linux-gnu/libselinux.so.1
7f46d739b000-7f46d739c000 rw-p 0001f000 08:01 394521                     /lib/x86_64-linux-gnu/libselinux.so.1
7f46d739c000-7f46d739e000 rw-p 00000000 00:00 0 
7f46d739e000-7f46d73b7000 r-xp 00000000 08:01 399412                     /lib/x86_64-linux-gnu/libz.so.1.2.8
7f46d73b7000-7f46d75b6000 ---p 00019000 08:01 399412                     /lib/x86_64-linux-gnu/libz.so.1.2.8
7f46d75b6000-7f46d75b7000 r--p 00018000 08:01 399412                     /lib/x86_64-linux-gnu/libz.so.1.2.8
7f46d75b7000-7f46d75b8000 rw-p 00019000 08:01 399412                     /lib/x86_64-linux-gnu/libz.so.1.2.8
7f46d75b8000-7f46d75c9000 r-xp 00000000 08:01 669387                     /usr/lib/x86_64-linux-gnu/libXext.so.6.4.0
7f46d75c9000-7f46d77c8000 ---p 00011000 08:01 669387                     /usr/lib/x86_64-linux-gnu/libXext.so.6.4.0
7f46d77c8000-7f46d77c9000 r--p 00010000 08:01 669387                     /usr/lib/x86_64-linux-gnu/libXext.so.6.4.0
7f46d77c9000-7f46d77ca000 rw-p 00011000 08:01 669387                     /usr/lib/x86_64-linux-gnu/libXext.so.6.4.0
7f46d77ca000-7f46d77cc000 r-xp 00000000 08:01 669383                     /usr/lib/x86_64-linux-gnu/libXdamage.so.1.1.0
7f46d77cc000-7f46d79cb000 ---p 00002000 08:01 669383                     /usr/lib/x86_64-linux-gnu/libXdamage.so.1.1.0
7f46d79cb000-7f46d79cc000 r--p 00001000 08:01 669383                     /usr/lib/x86_64-linux-gnu/libXdamage.so.1.1.0
7f46d79cc000-7f46d79cd000 rw-p 00002000 08:01 669383                     /usr/lib/x86_64-linux-gnu/libXdamage.so.1.1.0
7f46d79cd000-7f46d79cf000 r-xp 00000000 08:01 669379                     /usr/lib/x86_64-linux-gnu/libXcomposite.so.1.0.0
7f46d79cf000-7f46d7bce000 ---p 00002000 08:01 669379                     /usr/lib/x86_64-linux-gnu/libXcomposite.so.1.0.0
7f46d7bce000-7f46d7bcf000 r--p 00001000 08:01 669379                     /usr/lib/x86_64-linux-gnu/libXcomposite.so.1.0.0
7f46d7bcf000-7f46d7bd0000 rw-p 00002000 08:01 669379                     /usr/lib/x86_64-linux-gnu/libXcomposite.so.1.0.0
7f46d7bd0000-7f46d7bd9000 r-xp 00000000 08:01 669381                     /usr/lib/x86_64-linux-gnu/libXcursor.so.1.0.2
7f46d7bd9000-7f46d7dd8000 ---p 00009000 08:01 669381                     /usr/lib/x86_64-linux-gnu/libXcursor.so.1.0.2
7f46d7dd8000-7f46d7dd9000 r--p 00008000 08:01 669381                     /usr/lib/x86_64-linux-gnu/libXcursor.so.1.0.2
7f46d7dd9000-7f46d7dda000 rw-p 00009000 08:01 669381                     /usr/lib/x86_64-linux-gnu/libXcursor.so.1.0.2
7f46d7dda000-7f46d7de4000 r-xp 00000000 08:01 669405                     /usr/lib/x86_64-linux-gnu/libXrandr.so.2.2.0
7f46d7de4000-7f46d7fe3000 ---p 0000a000 08:01 669405                     /usr/lib/x86_64-linux-gnu/libXrandr.so.2.2.0
7f46d7fe3000-7f46d7fe4000 r--p 00009000 08:01 669405                     /usr/lib/x86_64-linux-gnu/libXrandr.so.2.2.0
7f46d7fe4000-7f46d7fe5000 rw-p 0000a000 08:01 669405                     /usr/lib/x86_64-linux-gnu/libXrandr.so.2.2.0
7f46d7fe5000-7f46d7ff4000 r-xp 00000000 08:01 667629                     /usr/lib/x86_64-linux-gnu/libXi.so.6.1.0
7f46d7ff4000-7f46d81f3000 ---p 0000f000 08:01 667629                     /usr/lib/x86_64-linux-gnu/libXi.so.6.1.0
7f46d81f3000-7f46d81f4000 r--p 0000e000 08:01 667629                     /usr/lib/x86_64-linux-gnu/libXi.so.6.1.0
7f46d81f4000-7f46d81f5000 rw-p 0000f000 08:01 667629                     /usr/lib/x86_64-linux-gnu/libXi.so.6.1.0
7f46d81f5000-7f46d81f7000 r-xp 00000000 08:01 669397                     /usr/lib/x86_64-linux-gnu/libXinerama.so.1.0.0
7f46d81f7000-7f46d83f6000 ---p 00002000 08:01 669397                     /usr/lib/x86_64-linux-gnu/libXinerama.so.1.0.0
7f46d83f6000-7f46d83f7000 r--p 00001000 08:01 669397                     /usr/lib/x86_64-linux-gnu/libXinerama.so.1.0.0
7f46d83f7000-7f46d83f8000 rw-p 00002000 08:01 669397                     /usr/lib/x86_64-linux-gnu/libXinerama.so.1.0.0
7f46d83f8000-7f46d8401000 r-xp 00000000 08:01 669407                     /usr/lib/x86_64-linux-gnu/libXrender.so.1.3.0
7f46d8401000-7f46d8600000 ---p 00009000 08:01 669407                     /usr/lib/x86_64-linux-gnu/libXrender.so.1.3.0
7f46d8600000-7f46d8601000 r--p 00008000 08:01 669407                     /usr/lib/x86_64-linux-gnu/libXrender.so.1.3.0
7f46d8601000-7f46d8602000 rw-p 00009000 08:01 669407                     /usr/lib/x86_64-linux-gnu/libXrender.so.1.3.0
7f46d8602000-7f46d8607000 r-xp 00000000 08:01 669389                     /usr/lib/x86_64-linux-gnu/libXfixes.so.3.1.0
7f46d8607000-7f46d8806000 ---p 00005000 08:01 669389                     /usr/lib/x86_64-linux-gnu/libXfixes.so.3.1.0
7f46d8806000-7f46d8807000 r--p 00004000 08:01 669389                     /usr/lib/x86_64-linux-gnu/libXfixes.so.3.1.0
7f46d8807000-7f46d8808000 rw-p 00005000 08:01 669389                     /usr/lib/x86_64-linux-gnu/libXfixes.so.3.1.0
7f46d8808000-7f46d881e000 r-xp 00000000 08:01 394049                     /lib/x86_64-linux-gnu/libgcc_s.so.1
7f46d881e000-7f46d8a1d000 ---p 00016000 08:01 394049                     /lib/x86_64-linux-gnu/libgcc_s.so.1
7f46d8a1d000-7f46d8a1e000 rw-p 00015000 08:01 394049                     /lib/x86_64-linux-gnu/libgcc_s.so.1
7f46d8a1e000-7f46d8b90000 r-xp 00000000 08:01 657513                     /usr/lib/x86_64-linux-gnu/libstdc++.so.6.0.21
7f46d8b90000-7f46d8d90000 ---p 00172000 08:01 657513                     /usr/lib/x86_64-linux-gnu/libstdc++.so.6.0.21
7f46d8d90000-7f46d8d9a000 r--p 00172000 08:01 657513                     /usr/lib/x86_64-linux-gnu/libstdc++.so.6.0.21
7f46d8d9a000-7f46d8d9c000 rw-p 0017c000 08:01 657513                     /usr/lib/x86_64-linux-gnu/libstdc++.so.6.0.21
7f46d8d9c000-7f46d8da0000 rw-p 00000000 00:00 0 
7f46d8da0000-7f46d8e0d000 r-xp 00000000 08:01 919314                     /usr/lib/x86_64-linux-gnu/mesa/libGL.so.1.2.0
7f46d8e0d000-7f46d900c000 ---p 0006d000 08:01 919314                     /usr/lib/x86_64-linux-gnu/mesa/libGL.so.1.2.0
7f46d900c000-7f46d900f000 r--p 0006c000 08:01 919314                     /usr/lib/x86_64-linux-gnu/mesa/libGL.so.1.2.0
7f46d900f000-7f46d9010000 rw-p 0006f000 08:01 919314                     /usr/lib/x86_64-linux-gnu/mesa/libGL.so.1.2.0
7f46d9010000-7f46d9011000 rw-p 00000000 00:00 0 
7f46d9011000-7f46d9016000 r-xp 00000000 08:01 669423                     /usr/lib/x86_64-linux-gnu/libXxf86vm.so.1.0.0
7f46d9016000-7f46d9215000 ---p 00005000 08:01 669423                     /usr/lib/x86_64-linux-gnu/libXxf86vm.so.1.0.0
7f46d9215000-7f46d9216000 r--p 00004000 08:01 669423                     /usr/lib/x86_64-linux-gnu/libXxf86vm.so.1.0.0
7f46d9216000-7f46d9217000 rw-p 00005000 08:01 669423                     /usr/lib/x86_64-linux-gnu/libXxf86vm.so.1.0.0
7f46d9217000-7f46d934c000 r-xp 00000000 08:01 669370                     /usr/lib/x86_64-linux-gnu/libX11.so.6.3.0
7f46d934c000-7f46d954c000 ---p 00135000 08:01 669370                     /usr/lib/x86_64-linux-gnu/libX11.so.6.3.0
7f46d954c000-7f46d954d000 r--p 00135000 08:01 669370                     /usr/lib/x86_64-linux-gnu/libX11.so.6.3.0
7f46d954d000-7f46d9551000 rw-p 00136000 08:01 669370                     /usr/lib/x86_64-linux-gnu/libX11.so.6.3.0
7f46d9551000-7f46d9556000 r-xp 00000000 08:01 669413                     /usr/lib/x86_64-linux-gnu/libXtst.so.6.1.0
7f46d9556000-7f46d9755000 ---p 00005000 08:01 669413                     /usr/lib/x86_64-linux-gnu/libXtst.so.6.1.0
7f46d9755000-7f46d9756000 r--p 00004000 08:01 669413                     /usr/lib/x86_64-linux-gnu/libXtst.so.6.1.0
7f46d9756000-7f46d9757000 rw-p 00005000 08:01 669413                     /usr/lib/x86_64-linux-gnu/libXtst.so.6.1.0
7f46d9757000-7f46d9865000 r-xp 00000000 08:01 399178                     /lib/x86_64-linux-gnu/libglib-2.0.so.0.4800.0
7f46d9865000-7f46d9a65000 ---p 0010e000 08:01 399178                     /lib/x86_64-linux-gnu/libglib-2.0.so.0.4800.0
7f46d9a65000-7f46d9a66000 r--p 0010e000 08:01 399178                     /lib/x86_64-linux-gnu/libglib-2.0.so.0.4800.0
7f46d9a66000-7f46d9a67000 rw-p 0010f000 08:01 399178                     /lib/x86_64-linux-gnu/libglib-2.0.so.0.4800.0
7f46d9a67000-7f46d9a68000 rw-p 00000000 00:00 0 
7f46d9a68000-7f46d9a69000 r-xp 00000000 08:01 662553                     /usr/lib/x86_64-linux-gnu/libgthread-2.0.so.0.4800.0
7f46d9a69000-7f46d9c68000 ---p 00001000 08:01 662553                     /usr/lib/x86_64-linux-gnu/libgthread-2.0.so.0.4800.0
7f46d9c68000-7f46d9c69000 r--p 00000000 08:01 662553                     /usr/lib/x86_64-linux-gnu/libgthread-2.0.so.0.4800.0
7f46d9c69000-7f46d9c6a000 rw-p 00001000 08:01 662553                     /usr/lib/x86_64-linux-gnu/libgthread-2.0.so.0.4800.0
7f46d9c6a000-7f46d9c6d000 r-xp 00000000 08:01 662554                     /usr/lib/x86_64-linux-gnu/libgmodule-2.0.so.0.4800.0
7f46d9c6d000-7f46d9e6c000 ---p 00003000 08:01 662554                     /usr/lib/x86_64-linux-gnu/libgmodule-2.0.so.0.4800.0
7f46d9e6c000-7f46d9e6d000 r--p 00002000 08:01 662554                     /usr/lib/x86_64-linux-gnu/libgmodule-2.0.so.0.4800.0
7f46d9e6d000-7f46d9e6e000 rw-p 00003000 08:01 662554                     /usr/lib/x86_64-linux-gnu/libgmodule-2.0.so.0.4800.0
7f46d9e6e000-7f46d9ec0000 r-xp 00000000 08:01 657079                     /usr/lib/x86_64-linux-gnu/libgobject-2.0.so.0.4800.0
7f46d9ec0000-7f46da0bf000 ---p 00052000 08:01 657079                     /usr/lib/x86_64-linux-gnu/libgobject-2.0.so.0.4800.0
7f46da0bf000-7f46da0c0000 r--p 00051000 08:01 657079                     /usr/lib/x86_64-linux-gnu/libgobject-2.0.so.0.4800.0
7f46da0c0000-7f46da0c1000 rw-p 00052000 08:01 657079                     /usr/lib/x86_64-linux-gnu/libgobject-2.0.so.0.4800.0
7f46da0c1000-7f46da0fe000 r-xp 00000000 08:01 658855                     /usr/lib/x86_64-linux-gnu/libfontconfig.so.1.9.0
7f46da0fe000-7f46da2fd000 ---p 0003d000 08:01 658855                     /usr/lib/x86_64-linux-gnu/libfontconfig.so.1.9.0
7f46da2fd000-7f46da2ff000 r--p 0003c000 08:01 658855                     /usr/lib/x86_64-linux-gnu/libfontconfig.so.1.9.0
7f46da2ff000-7f46da304000 rw-p 0003e000 08:01 658855                     /usr/lib/x86_64-linux-gnu/libfontconfig.so.1.9.0
7f46da304000-7f46da3a8000 r-xp 00000000 08:01 658853                     /usr/lib/x86_64-linux-gnu/libfreetype.so.6.12.1
7f46da3a8000-7f46da5a7000 ---p 000a4000 08:01 658853                     /usr/lib/x86_64-linux-gnu/libfreetype.so.6.12.1
7f46da5a7000-7f46da5ad000 r--p 000a3000 08:01 658853                     /usr/lib/x86_64-linux-gnu/libfreetype.so.6.12.1
7f46da5ad000-7f46da5ae000 rw-p 000a9000 08:01 658853                     /usr/lib/x86_64-linux-gnu/libfreetype.so.6.12.1
7f46da5ae000-7f46da5f7000 r-xp 00000000 08:01 660567                     /usr/lib/x86_64-linux-gnu/libpango-1.0.so.0.3800.1
7f46da5f7000-7f46da7f7000 ---p 00049000 08:01 660567                     /usr/lib/x86_64-linux-gnu/libpango-1.0.so.0.3800.1
7f46da7f7000-7f46da7f9000 r--p 00049000 08:01 660567                     /usr/lib/x86_64-linux-gnu/libpango-1.0.so.0.3800.1
7f46da7f9000-7f46da7fa000 rw-p 0004b000 08:01 660567                     /usr/lib/x86_64-linux-gnu/libpango-1.0.so.0.3800.1
7f46da7fa000-7f46da908000 r-xp 00000000 08:01 659822                     /usr/lib/x86_64-linux-gnu/libcairo.so.2.11400.6
7f46da908000-7f46dab08000 ---p 0010e000 08:01 659822                     /usr/lib/x86_64-linux-gnu/libcairo.so.2.11400.6
7f46dab08000-7f46dab0b000 r--p 0010e000 08:01 659822                     /usr/lib/x86_64-linux-gnu/libcairo.so.2.11400.6
7f46dab0b000-7f46dab0c000 rw-p 00111000 08:01 659822                     /usr/lib/x86_64-linux-gnu/libcairo.so.2.11400.6
7f46dab0c000-7f46dab0e000 rw-p 00000000 00:00 0 
7f46dab0e000-7f46dab1a000 r-xp 00000000 08:01 660532                     /usr/lib/x86_64-linux-gnu/libpangocairo-1.0.so.0.3800.1
7f46dab1a000-7f46dad19000 ---p 0000c000 08:01 660532                     /usr/lib/x86_64-linux-gnu/libpangocairo-1.0.so.0.3800.1
7f46dad19000-7f46dad1a000 r--p 0000b000 08:01 660532                     /usr/lib/x86_64-linux-gnu/libpangocairo-1.0.so.0.3800.1
7f46dad1a000-7f46dad1b000 rw-p 0000c000 08:01 660532                     /usr/lib/x86_64-linux-gnu/libpangocairo-1.0.so.0.3800.1
7f46dad1b000-7f46dad3c000 r-xp 00000000 08:01 669582                     /usr/lib/x86_64-linux-gnu/libgdk_pixbuf-2.0.so.0.3200.2
7f46dad3c000-7f46daf3b000 ---p 00021000 08:01 669582                     /usr/lib/x86_64-linux-gnu/libgdk_pixbuf-2.0.so.0.3200.2
7f46daf3b000-7f46daf3c000 r--p 00020000 08:01 669582                     /usr/lib/x86_64-linux-gnu/libgdk_pixbuf-2.0.so.0.3200.2
7f46daf3c000-7f46daf3d000 rw-p 00021000 08:01 669582                     /usr/lib/x86_64-linux-gnu/libgdk_pixbuf-2.0.so.0.3200.2
7f46daf3d000-7f46daf51000 r-xp 00000000 08:01 660563                     /usr/lib/x86_64-linux-gnu/libpangoft2-1.0.so.0.3800.1
7f46daf51000-7f46db151000 ---p 00014000 08:01 660563                     /usr/lib/x86_64-linux-gnu/libpangoft2-1.0.so.0.3800.1
7f46db151000-7f46db152000 r--p 00014000 08:01 660563                     /usr/lib/x86_64-linux-gnu/libpangoft2-1.0.so.0.3800.1
7f46db152000-7f46db153000 rw-p 00015000 08:01 660563                     /usr/lib/x86_64-linux-gnu/libpangoft2-1.0.so.0.3800.1
7f46db153000-7f46db2d3000 r-xp 00000000 08:01 658311                     /usr/lib/x86_64-linux-gnu/libgio-2.0.so.0.4800.0
7f46db2d3000-7f46db4d3000 ---p 00180000 08:01 658311                     /usr/lib/x86_64-linux-gnu/libgio-2.0.so.0.4800.0
7f46db4d3000-7f46db4d7000 r--p 00180000 08:01 658311                     /usr/lib/x86_64-linux-gnu/libgio-2.0.so.0.4800.0
7f46db4d7000-7f46db4d9000 rw-p 00184000 08:01 658311                     /usr/lib/x86_64-linux-gnu/libgio-2.0.so.0.4800.0
7f46db4d9000-7f46db4db000 rw-p 00000000 00:00 0 
7f46db4db000-7f46db4fd000 r-xp 00000000 08:01 663939                     /usr/lib/x86_64-linux-gnu/libatk-1.0.so.0.21809.1
7f46db4fd000-7f46db6fc000 ---p 00022000 08:01 663939                     /usr/lib/x86_64-linux-gnu/libatk-1.0.so.0.21809.1
7f46db6fc000-7f46db6ff000 r--p 00021000 08:01 663939                     /usr/lib/x86_64-linux-gnu/libatk-1.0.so.0.21809.1
7f46db6ff000-7f46db700000 rw-p 00024000 08:01 663939                     /usr/lib/x86_64-linux-gnu/libatk-1.0.so.0.21809.1
7f46db700000-7f46db7b0000 r-xp 00000000 08:01 659698                     /usr/lib/x86_64-linux-gnu/libgdk-x11-2.0.so.0.2400.30
7f46db7b0000-7f46db9af000 ---p 000b0000 08:01 659698                     /usr/lib/x86_64-linux-gnu/libgdk-x11-2.0.so.0.2400.30
7f46db9af000-7f46db9b3000 r--p 000af000 08:01 659698                     /usr/lib/x86_64-linux-gnu/libgdk-x11-2.0.so.0.2400.30
7f46db9b3000-7f46db9b5000 rw-p 000b3000 08:01 659698                     /usr/lib/x86_64-linux-gnu/libgdk-x11-2.0.so.0.2400.30
7f46db9b5000-7f46dbdf3000 r-xp 00000000 08:01 659699                     /usr/lib/x86_64-linux-gnu/libgtk-x11-2.0.so.0.2400.30
7f46dbdf3000-7f46dbff2000 ---p 0043e000 08:01 659699                     /usr/lib/x86_64-linux-gnu/libgtk-x11-2.0.so.0.2400.30
7f46dbff2000-7f46dbff9000 r--p 0043d000 08:01 659699                     /usr/lib/x86_64-linux-gnu/libgtk-x11-2.0.so.0.2400.30
7f46dbff9000-7f46dbffd000 rw-p 00444000 08:01 659699                     /usr/lib/x86_64-linux-gnu/libgtk-x11-2.0.so.0.2400.30
7f46dbffd000-7f46dc000000 rw-p 00000000 00:00 0 
7f46dc000000-7f46dc021000 rw-p 00000000 00:00 0 
7f46dc021000-7f46e0000000 ---p 00000000 00:00 0 
7f46e0000000-7f46e0721000 rw-p 00000000 00:00 0 
7f46e0721000-7f46e4000000 ---p 00000000 00:00 0 
7f46e4000000-7f46e42fd000 rw-p 00000000 00:00 0 
7f46e42fd000-7f46e8000000 ---p 00000000 00:00 0 
7f46e8000000-7f46e8021000 rw-p 00000000 00:00 0 
7f46e8021000-7f46ec000000 ---p 00000000 00:00 0 
7f46ec000000-7f46ec021000 rw-p 00000000 00:00 0 
7f46ec021000-7f46f0000000 ---p 00000000 00:00 0 
7f46f0000000-7f46f01a1000 rw-p 00000000 00:00 0 
7f46f01a1000-7f46f4000000 ---p 00000000 00:00 0 
7f46f4000000-7f46f4021000 rw-p 00000000 00:00 0 
7f46f4021000-7f46f8000000 ---p 00000000 00:00 0 
7f46f8000000-7f46f8021000 rw-p 00000000 00:00 0 
7f46f8021000-7f46fc000000 ---p 00000000 00:00 0 
7f46fc000000-7f46fc021000 rw-p 00000000 00:00 0 
7f46fc021000-7f4700000000 ---p 00000000 00:00 0 
7f4700000000-7f4700021000 rw-p 00000000 00:00 0 
7f4700021000-7f4704000000 ---p 00000000 00:00 0 
7f4704000000-7f4704021000 rw-p 00000000 00:00 0 
7f4704021000-7f4708000000 ---p 00000000 00:00 0 
7f4708000000-7f4708001000 r--s 00000000 08:01 133054                     /var/cache/fontconfig/dc05db6664285cc2f12bf69c139ae4c3-le64.cache-6
7f4708001000-7f4708002000 r--s 00000000 08:01 133052                     /var/cache/fontconfig/4794a0821666d79190d59a36cb4f44b5-le64.cache-6
7f4708002000-7f4708003000 r--s 00000000 08:01 133050                     /var/cache/fontconfig/bab58bb527bb656aaa9f116d68a48d89-le64.cache-6
7f4708003000-7f470800c000 r--s 00000000 08:01 133023                     /var/cache/fontconfig/d0972c3d32f097851eb916381fc38920-le64.cache-6
7f470800c000-7f4708018000 rw-s 110002000 00:06 338                       /dev/dri/card0
7f4708018000-7f4708060000 r--p 00000000 08:01 936132                     /usr/share/glib-2.0/schemas/gschemas.compiled
7f4708060000-7f470808a000 r--p 00000000 08:01 932375                     /usr/share/locale-langpack/it/LC_MESSAGES/gtk20-properties.mo
7f470808a000-7f47080ac000 r--p 00000000 08:01 932601                     /usr/share/locale-langpack/it/LC_MESSAGES/libc.mo
7f47080ac000-7f47080ca000 r-xp 00000000 08:01 395424                     /lib/x86_64-linux-gnu/libudev.so.1.6.4
7f47080ca000-7f47080cb000 r--p 0001d000 08:01 395424                     /lib/x86_64-linux-gnu/libudev.so.1.6.4
7f47080cb000-7f47080cc000 rw-p 0001e000 08:01 395424                     /lib/x86_64-linux-gnu/libudev.so.1.6.4
7f47080cc000-7f47080cd000 r--s 00000000 08:01 133048                     /var/cache/fontconfig/56cf4f4769d0f4abc89a4895d7bd3ae1-le64.cache-6
7f47080cd000-7f47080d3000 r--s 00000000 08:01 133046                     /var/cache/fontconfig/b47c4e1ecd0709278f4910c18777a504-le64.cache-6
7f47080d3000-7f47080ec000 r--p 00000000 08:01 932427                     /usr/share/locale-langpack/it/LC_MESSAGES/glib20.mo
7f47080ec000-7f47080f8000 r-xp 00000000 08:01 298774                     /home/mirko/jdk1.8.0_73/jre/lib/amd64/libprism_es2.so
7f47080f8000-7f47082f7000 ---p 0000c000 08:01 298774                     /home/mirko/jdk1.8.0_73/jre/lib/amd64/libprism_es2.so
7f47082f7000-7f47082f8000 rw-p 0000b000 08:01 298774                     /home/mirko/jdk1.8.0_73/jre/lib/amd64/libprism_es2.so
7f47082f8000-7f47082fb000 ---p 00000000 00:00 0 
7f47082fb000-7f47083f9000 rw-p 00000000 00:00 0 
7f47083f9000-7f470848e000 r--s 01108000 08:01 298922                     /home/mirko/jdk1.8.0_73/jre/lib/ext/jfxrt.jar
7f470848e000-7f470848f000 ---p 00000000 00:00 0 
7f470848f000-7f470858f000 rw-p 00000000 00:00 0 
7f470858f000-7f4708592000 ---p 00000000 00:00 0 
7f4708592000-7f4708690000 rw-p 00000000 00:00 0 
7f4708690000-7f4708693000 ---p 00000000 00:00 0 
7f4708693000-7f4708791000 rw-p 00000000 00:00 0 
7f4708791000-7f4708794000 ---p 00000000 00:00 0 
7f4708794000-7f4708892000 rw-p 00000000 00:00 0 
7f4708892000-7f4708895000 ---p 00000000 00:00 0 
7f4708895000-7f4708993000 rw-p 00000000 00:00 0 
7f4708993000-7f4708c6d000 r--p 00000000 08:01 658423                     /usr/lib/locale/locale-archive
7f4708c6d000-7f4708c70000 ---p 00000000 00:00 0 
7f4708c70000-7f4708d6e000 rw-p 00000000 00:00 0 
7f4708d6e000-7f4708d71000 ---p 00000000 00:00 0 
7f4708d71000-7f4708e6f000 rw-p 00000000 00:00 0 
7f4708e6f000-7f4708e70000 ---p 00000000 00:00 0 
7f4708e70000-7f4709879000 rw-p 00000000 00:00 0 
7f4709879000-7f4709a51000 r--s 03d23000 08:01 299029                     /home/mirko/jdk1.8.0_73/jre/lib/rt.jar
7f4709a51000-7f470d000000 rw-p 00000000 00:00 0 
7f470d000000-7f470d350000 rwxp 00000000 00:00 0 
7f470d350000-7f471c000000 ---p 00000000 00:00 0 
7f471c000000-7f471c44e000 rw-p 00000000 00:00 0 
7f471c44e000-7f4720000000 ---p 00000000 00:00 0 
7f4720000000-7f4720001000 r--s 00000000 08:01 133047                     /var/cache/fontconfig/b9d506c9ac06c20b433354fa67a72993-le64.cache-6
7f4720001000-7f4720002000 ---p 00000000 00:00 0 
7f4720002000-7f4720102000 rw-p 00000000 00:00 0 
7f4720102000-7f4720103000 ---p 00000000 00:00 0 
7f4720103000-7f4720220000 rw-p 00000000 00:00 0 
7f4720220000-7f47203c9000 ---p 00000000 00:00 0 
7f47203c9000-7f47203e6000 rw-p 00000000 00:00 0 
7f47203e6000-7f472058f000 ---p 00000000 00:00 0 
7f472058f000-7f472059e000 rw-p 00000000 00:00 0 
7f472059e000-7f4720672000 ---p 00000000 00:00 0 
7f4720672000-7f4720681000 rw-p 00000000 00:00 0 
7f4720681000-7f4720a33000 ---p 00000000 00:00 0 
7f4720a33000-7f4720a4d000 r-xp 00000000 08:01 298891                     /home/mirko/jdk1.8.0_73/jre/lib/amd64/libzip.so
7f4720a4d000-7f4720c4d000 ---p 0001a000 08:01 298891                     /home/mirko/jdk1.8.0_73/jre/lib/amd64/libzip.so
7f4720c4d000-7f4720c4e000 rw-p 0001a000 08:01 298891                     /home/mirko/jdk1.8.0_73/jre/lib/amd64/libzip.so
7f4720c4e000-7f4720c59000 r-xp 00000000 08:01 408815                     /lib/x86_64-linux-gnu/libnss_files-2.23.so
7f4720c59000-7f4720e58000 ---p 0000b000 08:01 408815                     /lib/x86_64-linux-gnu/libnss_files-2.23.so
7f4720e58000-7f4720e59000 r--p 0000a000 08:01 408815                     /lib/x86_64-linux-gnu/libnss_files-2.23.so
7f4720e59000-7f4720e5a000 rw-p 0000b000 08:01 408815                     /lib/x86_64-linux-gnu/libnss_files-2.23.so
7f4720e5a000-7f4720e60000 rw-p 00000000 00:00 0 
7f4720e60000-7f4720e6b000 r-xp 00000000 08:01 408811                     /lib/x86_64-linux-gnu/libnss_nis-2.23.so
7f4720e6b000-7f472106a000 ---p 0000b000 08:01 408811                     /lib/x86_64-linux-gnu/libnss_nis-2.23.so
7f472106a000-7f472106b000 r--p 0000a000 08:01 408811                     /lib/x86_64-linux-gnu/libnss_nis-2.23.so
7f472106b000-7f472106c000 rw-p 0000b000 08:01 408811                     /lib/x86_64-linux-gnu/libnss_nis-2.23.so
7f472106c000-7f4721082000 r-xp 00000000 08:01 408779                     /lib/x86_64-linux-gnu/libnsl-2.23.so
7f4721082000-7f4721281000 ---p 00016000 08:01 408779                     /lib/x86_64-linux-gnu/libnsl-2.23.so
7f4721281000-7f4721282000 r--p 00015000 08:01 408779                     /lib/x86_64-linux-gnu/libnsl-2.23.so
7f4721282000-7f4721283000 rw-p 00016000 08:01 408779                     /lib/x86_64-linux-gnu/libnsl-2.23.so
7f4721283000-7f4721285000 rw-p 00000000 00:00 0 
7f4721285000-7f472128d000 r-xp 00000000 08:01 408728                     /lib/x86_64-linux-gnu/libnss_compat-2.23.so
7f472128d000-7f472148c000 ---p 00008000 08:01 408728                     /lib/x86_64-linux-gnu/libnss_compat-2.23.so
7f472148c000-7f472148d000 r--p 00007000 08:01 408728                     /lib/x86_64-linux-gnu/libnss_compat-2.23.so
7f472148d000-7f472148e000 rw-p 00008000 08:01 408728                     /lib/x86_64-linux-gnu/libnss_compat-2.23.so
7f472148e000-7f47214b8000 r-xp 00000000 08:01 298868                     /home/mirko/jdk1.8.0_73/jre/lib/amd64/libjava.so
7f47214b8000-7f47216b8000 ---p 0002a000 08:01 298868                     /home/mirko/jdk1.8.0_73/jre/lib/amd64/libjava.so
7f47216b8000-7f47216ba000 rw-p 0002a000 08:01 298868                     /home/mirko/jdk1.8.0_73/jre/lib/amd64/libjava.so
7f47216ba000-7f47216c7000 r-xp 00000000 08:01 298835                     /home/mirko/jdk1.8.0_73/jre/lib/amd64/libverify.so
7f47216c7000-7f47218c7000 ---p 0000d000 08:01 298835                     /home/mirko/jdk1.8.0_73/jre/lib/amd64/libverify.so
7f47218c7000-7f47218c9000 rw-p 0000d000 08:01 298835                     /home/mirko/jdk1.8.0_73/jre/lib/amd64/libverify.so
7f47218c9000-7f47218d0000 r-xp 00000000 08:01 408854                     /lib/x86_64-linux-gnu/librt-2.23.so
7f47218d0000-7f4721acf000 ---p 00007000 08:01 408854                     /lib/x86_64-linux-gnu/librt-2.23.so
7f4721acf000-7f4721ad0000 r--p 00006000 08:01 408854                     /lib/x86_64-linux-gnu/librt-2.23.so
7f4721ad0000-7f4721ad1000 rw-p 00007000 08:01 408854                     /lib/x86_64-linux-gnu/librt-2.23.so
7f4721ad1000-7f4721bd9000 r-xp 00000000 08:01 408836                     /lib/x86_64-linux-gnu/libm-2.23.so
7f4721bd9000-7f4721dd8000 ---p 00108000 08:01 408836                     /lib/x86_64-linux-gnu/libm-2.23.so
7f4721dd8000-7f4721dd9000 r--p 00107000 08:01 408836                     /lib/x86_64-linux-gnu/libm-2.23.so
7f4721dd9000-7f4721dda000 rw-p 00108000 08:01 408836                     /lib/x86_64-linux-gnu/libm-2.23.so
7f4721dda000-7f4722a99000 r-xp 00000000 08:01 298756                     /home/mirko/jdk1.8.0_73/jre/lib/amd64/server/libjvm.so
7f4722a99000-7f4722c98000 ---p 00cbf000 08:01 298756                     /home/mirko/jdk1.8.0_73/jre/lib/amd64/server/libjvm.so
7f4722c98000-7f4722d71000 rw-p 00cbe000 08:01 298756                     /home/mirko/jdk1.8.0_73/jre/lib/amd64/server/libjvm.so
7f4722d71000-7f4722dba000 rw-p 00000000 00:00 0 
7f4722dba000-7f4722f7a000 r-xp 00000000 08:01 408903                     /lib/x86_64-linux-gnu/libc-2.23.so
7f4722f7a000-7f4723179000 ---p 001c0000 08:01 408903                     /lib/x86_64-linux-gnu/libc-2.23.so
7f4723179000-7f472317d000 r--p 001bf000 08:01 408903                     /lib/x86_64-linux-gnu/libc-2.23.so
7f472317d000-7f472317f000 rw-p 001c3000 08:01 408903                     /lib/x86_64-linux-gnu/libc-2.23.so
7f472317f000-7f4723183000 rw-p 00000000 00:00 0 
7f4723183000-7f4723186000 r-xp 00000000 08:01 408904                     /lib/x86_64-linux-gnu/libdl-2.23.so
7f4723186000-7f4723385000 ---p 00003000 08:01 408904                     /lib/x86_64-linux-gnu/libdl-2.23.so
7f4723385000-7f4723386000 r--p 00002000 08:01 408904                     /lib/x86_64-linux-gnu/libdl-2.23.so
7f4723386000-7f4723387000 rw-p 00003000 08:01 408904                     /lib/x86_64-linux-gnu/libdl-2.23.so
7f4723387000-7f472339c000 r-xp 00000000 08:01 298814                     /home/mirko/jdk1.8.0_73/jre/lib/amd64/jli/libjli.so
7f472339c000-7f472359c000 ---p 00015000 08:01 298814                     /home/mirko/jdk1.8.0_73/jre/lib/amd64/jli/libjli.so
7f472359c000-7f472359d000 rw-p 00015000 08:01 298814                     /home/mirko/jdk1.8.0_73/jre/lib/amd64/jli/libjli.so
7f472359d000-7f47235b5000 r-xp 00000000 08:01 408902                     /lib/x86_64-linux-gnu/libpthread-2.23.so
7f47235b5000-7f47237b4000 ---p 00018000 08:01 408902                     /lib/x86_64-linux-gnu/libpthread-2.23.so
7f47237b4000-7f47237b5000 r--p 00017000 08:01 408902                     /lib/x86_64-linux-gnu/libpthread-2.23.so
7f47237b5000-7f47237b6000 rw-p 00018000 08:01 408902                     /lib/x86_64-linux-gnu/libpthread-2.23.so
7f47237b6000-7f47237ba000 rw-p 00000000 00:00 0 
7f47237ba000-7f47237e0000 r-xp 00000000 08:01 408879                     /lib/x86_64-linux-gnu/ld-2.23.so
7f47237e0000-7f47237e1000 r--s 00000000 08:01 133044                     /var/cache/fontconfig/551ecf3b0e8b0bca0f25c0944f561853-le64.cache-6
7f47237e1000-7f47237e4000 r--s 00000000 08:01 133039                     /var/cache/fontconfig/75114ca45c98e8a441da0ff356701271-le64.cache-6
7f47237e4000-7f47237f3000 r--p 00000000 08:01 932380                     /usr/share/locale-langpack/it/LC_MESSAGES/gtk20.mo
7f47237f3000-7f47238b8000 rw-p 00000000 00:00 0 
7f47238b8000-7f47238bb000 ---p 00000000 00:00 0 
7f47238bb000-7f47239bd000 rw-p 00000000 00:00 0 
7f47239bd000-7f47239be000 r--s 00000000 08:01 133041                     /var/cache/fontconfig/30829fa25452a46451e813d634d7f916-le64.cache-6
7f47239be000-7f47239bf000 r--s 00000000 08:01 133067                     /var/cache/fontconfig/0c9eb80ebd1c36541ebe2852d3bb0c49-le64.cache-6
7f47239bf000-7f47239c3000 r--s 00000000 08:01 131946                     /var/cache/fontconfig/7ef2298fde41cc6eeb7af42e48b7d293-le64.cache-6
7f47239c3000-7f47239ca000 r--p 00000000 08:01 266803                     /home/mirko/.config/dconf/user
7f47239ca000-7f47239cb000 r--s 00000000 00:2b 26                         /run/user/1000/dconf/user
7f47239cb000-7f47239d2000 r--s 00000000 08:01 933543                     /usr/lib/x86_64-linux-gnu/gconv/gconv-modules.cache
7f47239d2000-7f47239d3000 r--s 00000000 08:01 534558                     /home/mirko/NetBeansProjects/Scacchiera/dist/run257436931/Scacchiera.jar
7f47239d3000-7f47239db000 rw-s 00000000 08:01 534570                     /tmp/hsperfdata_mirko/4903
7f47239db000-7f47239dc000 rw-p 00000000 00:00 0 
7f47239dc000-7f47239dd000 r--p 00000000 00:00 0 
7f47239dd000-7f47239df000 rw-p 00000000 00:00 0 
7f47239df000-7f47239e0000 r--p 00025000 08:01 408879                     /lib/x86_64-linux-gnu/ld-2.23.so
7f47239e0000-7f47239e1000 rw-p 00026000 08:01 408879                     /lib/x86_64-linux-gnu/ld-2.23.so
7f47239e1000-7f47239e2000 rw-p 00000000 00:00 0 
7fffced7e000-7fffced9f000 rw-p 00000000 00:00 0                          [stack]
7fffcedc1000-7fffcedc3000 r--p 00000000 00:00 0                          [vvar]
7fffcedc3000-7fffcedc5000 r-xp 00000000 00:00 0                          [vdso]
ffffffffff600000-ffffffffff601000 r-xp 00000000 00:00 0                  [vsyscall]

VM Arguments:
jvm_args: -Dfile.encoding=UTF-8 
java_command: /home/mirko/NetBeansProjects/Scacchiera/dist/run257436931/Scacchiera.jar
java_class_path (initial): /home/mirko/NetBeansProjects/Scacchiera/dist/run257436931/Scacchiera.jar
Launcher Type: SUN_STANDARD

Environment Variables:
PATH=/usr/local/sbin:/usr/local/bin:/usr/sbin:/usr/bin:/sbin:/bin:/usr/games:/usr/local/games:/snap/bin
LD_LIBRARY_PATH=/home/mirko/jdk1.8.0_73/jre/lib/amd64:/home/mirko/jdk1.8.0_73/jre/lib/i386:
SHELL=/bin/bash
DISPLAY=:0

Signal Handlers:
SIGSEGV: [libjvm.so+0xabafa0], sa_mask[0]=11111111011111111101111111111110, sa_flags=SA_RESTART|SA_SIGINFO
SIGBUS: [libjvm.so+0xabafa0], sa_mask[0]=11111111011111111101111111111110, sa_flags=SA_RESTART|SA_SIGINFO
SIGFPE: [libjvm.so+0x9183c0], sa_mask[0]=11111111011111111101111111111110, sa_flags=SA_RESTART|SA_SIGINFO
SIGPIPE: SIG_IGN, sa_mask[0]=00000000000010000000000000000000, sa_flags=SA_RESTART
SIGXFSZ: [libjvm.so+0x9183c0], sa_mask[0]=11111111011111111101111111111110, sa_flags=SA_RESTART|SA_SIGINFO
SIGILL: [libjvm.so+0x9183c0], sa_mask[0]=11111111011111111101111111111110, sa_flags=SA_RESTART|SA_SIGINFO
SIGUSR1: SIG_DFL, sa_mask[0]=00000000000000000000000000000000, sa_flags=none
SIGUSR2: [libjvm.so+0x9199f0], sa_mask[0]=00100000000000000000000000000000, sa_flags=SA_RESTART|SA_SIGINFO
SIGHUP: [libjvm.so+0x91adf0], sa_mask[0]=11111111011111111101111111111110, sa_flags=SA_RESTART|SA_SIGINFO
SIGINT: SIG_IGN, sa_mask[0]=00000000000000000000000000000000, sa_flags=none
SIGTERM: [libjvm.so+0x91adf0], sa_mask[0]=11111111011111111101111111111110, sa_flags=SA_RESTART|SA_SIGINFO
SIGQUIT: [libjvm.so+0x91adf0], sa_mask[0]=11111111011111111101111111111110, sa_flags=SA_RESTART|SA_SIGINFO


---------------  S Y S T E M  ---------------

OS:DISTRIB_ID=Ubuntu
DISTRIB_RELEASE=16.04
DISTRIB_CODENAME=xenial
DISTRIB_DESCRIPTION="Ubuntu 16.04 LTS"

uname:Linux 4.4.0-22-generic #40-Ubuntu SMP Thu May 12 22:03:46 UTC 2016 x86_64
libc:glibc 2.23 NPTL 2.23 
rlimit: STACK 8192k, CORE 0k, NPROC 21620, NOFILE 65536, AS infinity
load average:0,49 0,29 0,43

/proc/meminfo:
MemTotal:        5573612 kB
MemFree:         2156400 kB
MemAvailable:    3136212 kB
Buffers:           93484 kB
Cached:           948936 kB
SwapCached:            0 kB
Active:          2601524 kB
Inactive:         568908 kB
Active(anon):    2129400 kB
Inactive(anon):    91692 kB
Active(file):     472124 kB
Inactive(file):   477216 kB
Unevictable:          48 kB
Mlocked:              48 kB
SwapTotal:       4881404 kB
SwapFree:        4881404 kB
Dirty:               560 kB
Writeback:             0 kB
AnonPages:       2128064 kB
Mapped:           381228 kB
Shmem:             93084 kB
Slab:              98508 kB
SReclaimable:      65512 kB
SUnreclaim:        32996 kB
KernelStack:        9104 kB
PageTables:        38712 kB
NFS_Unstable:          0 kB
Bounce:                0 kB
WritebackTmp:          0 kB
CommitLimit:     7668208 kB
Committed_AS:    6322840 kB
VmallocTotal:   34359738367 kB
VmallocUsed:           0 kB
VmallocChunk:          0 kB
HardwareCorrupted:     0 kB
AnonHugePages:   1292288 kB
CmaTotal:              0 kB
CmaFree:               0 kB
HugePages_Total:       0
HugePages_Free:        0
HugePages_Rsvd:        0
HugePages_Surp:        0
Hugepagesize:       2048 kB
DirectMap4k:      177448 kB
DirectMap2M:     4519936 kB
DirectMap1G:     1048576 kB


CPU:total 2 (2 cores per cpu, 1 threads per core) family 18 model 1 stepping 0, cmov, cx8, fxsr, mmx, sse, sse2, sse3, popcnt, mmxext, 3dnowpref, lzcnt, sse4a, tsc, tscinvbit, tscinv

/proc/cpuinfo:
processor	: 0
vendor_id	: AuthenticAMD
cpu family	: 18
model		: 1
model name	: AMD A4-3300M APU with Radeon(tm) HD Graphics
stepping	: 0
microcode	: 0x3000014
cpu MHz		: 1900.000
cache size	: 1024 KB
physical id	: 0
siblings	: 2
core id		: 0
cpu cores	: 2
apicid		: 0
initial apicid	: 0
fpu		: yes
fpu_exception	: yes
cpuid level	: 6
wp		: yes
flags		: fpu vme de pse tsc msr pae mce cx8 apic sep mtrr pge mca cmov pat pse36 clflush mmx fxsr sse sse2 ht syscall nx mmxext fxsr_opt pdpe1gb rdtscp lm 3dnowext 3dnow constant_tsc rep_good nopl nonstop_tsc extd_apicid aperfmperf pni monitor cx16 popcnt lahf_lm cmp_legacy svm extapic cr8_legacy abm sse4a misalignsse 3dnowprefetch osvw ibs skinit wdt cpb hw_pstate vmmcall arat npt lbrv svm_lock nrip_save pausefilter
bugs		: fxsave_leak sysret_ss_attrs
bogomips	: 3793.06
TLB size	: 1536 4K pages
clflush size	: 64
cache_alignment	: 64
address sizes	: 40 bits physical, 48 bits virtual
power management: ts ttp tm stc 100mhzsteps hwpstate cpb

processor	: 1
vendor_id	: AuthenticAMD
cpu family	: 18
model		: 1
model name	: AMD A4-3300M APU with Radeon(tm) HD Graphics
stepping	: 0
microcode	: 0x3000014
cpu MHz		: 1900.000
cache size	: 1024 KB
physical id	: 0
siblings	: 2
core id		: 1
cpu cores	: 2
apicid		: 1
initial apicid	: 1
fpu		: yes
fpu_exception	: yes
cpuid level	: 6
wp		: yes
flags		: fpu vme de pse tsc msr pae mce cx8 apic sep mtrr pge mca cmov pat pse36 clflush mmx fxsr sse sse2 ht syscall nx mmxext fxsr_opt pdpe1gb rdtscp lm 3dnowext 3dnow constant_tsc rep_good nopl nonstop_tsc extd_apicid aperfmperf pni monitor cx16 popcnt lahf_lm cmp_legacy svm extapic cr8_legacy abm sse4a misalignsse 3dnowprefetch osvw ibs skinit wdt cpb hw_pstate vmmcall arat npt lbrv svm_lock nrip_save pausefilter
bugs		: fxsave_leak sysret_ss_attrs
bogomips	: 3793.06
TLB size	: 1536 4K pages
clflush size	: 64
cache_alignment	: 64
address sizes	: 40 bits physical, 48 bits virtual
power management: ts ttp tm stc 100mhzsteps hwpstate cpb



Memory: 4k page, physical 5573612k(2156400k free), swap 4881404k(4881404k free)

vm_info: Java HotSpot(TM) 64-Bit Server VM (25.73-b02) for linux-amd64 JRE (1.8.0_73-b02), built on Jan 29 2016 17:39:45 by "java_re" with gcc 4.3.0 20080428 (Red Hat 4.3.0-8)

time: Thu Jun  2 22:28:28 2016
elapsed time: 1 seconds (0d 0h 0m 1s)

