#
# A fatal error has been detected by the Java Runtime Environment:
#
#  SIGSEGV (0xb) at pc=0x00007fe77f36bb29, pid=4324, tid=140633138718464
#
# JRE version: Java(TM) SE Runtime Environment (8.0_73-b02) (build 1.8.0_73-b02)
# Java VM: Java HotSpot(TM) 64-Bit Server VM (25.73-b02 mixed mode linux-amd64 compressed oops)
# Problematic frame:
# C  [r600_dri.so+0x1f2b29]
#
# Failed to write core dump. Core dumps have been disabled. To enable core dumping, try "ulimit -c unlimited" before starting Java again
#
# If you would like to submit a bug report, please visit:
#   http://bugreport.java.com/bugreport/crash.jsp
# The crash happened outside the Java Virtual Machine in native code.
# See problematic frame for where to report the bug.
#

---------------  T H R E A D  ---------------

Current thread (0x00007fe7c8208800):  JavaThread "QuantumRenderer-0" daemon [_thread_in_native, id=4341, stack(0x00007fe7b436e000,0x00007fe7b446f000)]

siginfo: si_signo: 11 (SIGSEGV), si_code: 1 (SEGV_MAPERR), si_addr: 0x000000000000001c

Registers:
RAX=0x0000000000000000, RBX=0x00007fe78c25bfa0, RCX=0x0000000000000000, RDX=0x00000000ffffffff
RSP=0x00007fe7b446cd90, RBP=0x0000000000000000, RSI=0x0000000000000000, RDI=0x00007fe78c25bfa0
R8 =0x00007fe78c25c0b4, R9 =0x00007fe78c25ce34, R10=0x00007fe78c1b1be0, R11=0x0000000000000001
R12=0x00007fe78c2633b0, R13=0x00007fe78c25bfd8, R14=0x0000000000000000, R15=0x00007fe78c26b838
RIP=0x00007fe77f36bb29, EFLAGS=0x0000000000010246, CSGSFS=0x0000000000000033, ERR=0x0000000000000004
  TRAPNO=0x000000000000000e

Top of Stack: (sp=0x00007fe7b446cd90)
0x00007fe7b446cd90:   00007fe78c231a10 00007fe78c25d650
0x00007fe7b446cda0:   00007fe77fcb71c8 00007fe77fcb70d0
0x00007fe7b446cdb0:   00007fe78c25bfa0 00007fe78c25d650
0x00007fe7b446cdc0:   00007fe77fcb71c8 00007fe78c231a10
0x00007fe7b446cdd0:   00007fe78c25bfa0 00007fe77f36a8ad
0x00007fe7b446cde0:   00007fe7b446cf50 00007fe7b446cf50
0x00007fe7b446cdf0:   0000000000000000 00007fe7b446cf30
0x00007fe7b446ce00:   0000000000000001 00007fe77f389d52
0x00007fe7b446ce10:   0000000000000000 00007fe78c260db0
0x00007fe7b446ce20:   0000000000000000 ffffffff00000000
0x00007fe7b446ce30:   0000000000000000 0000000000000000
0x00007fe7b446ce40:   0000000000000000 00007fe77f3e53ea
0x00007fe7b446ce50:   0000000000000000 00007fe78c6e59c8
0x00007fe7b446ce60:   000000000c410008 0000000000000000
0x00007fe7b446ce70:   0000000000000000 00007fe77f2fd7ad
0x00007fe7b446ce80:   00007fe78c6d0a90 0000000000000000
0x00007fe7b446ce90:   00007fe78c6e68a0 0000000000000000
0x00007fe7b446cea0:   0000000000000000 0000000000000000
0x00007fe7b446ceb0:   0000000000000000 f5f70c0590a21900
0x00007fe7b446cec0:   00007fe7b446cf28 0000000000000000
0x00007fe7b446ced0:   00000000ffffffff 00007fe78c231a10
0x00007fe7b446cee0:   00007fe78c25d910 0000000000000006
0x00007fe7b446cef0:   00000000ffffffff 00007fe77f350ec8
0x00007fe7b446cf00:   00000000ffffffff 0000000000000000
0x00007fe7b446cf10:   0000000000000000 0000000000000000
0x00007fe7b446cf20:   0000000000000001 0000000400000000
0x00007fe7b446cf30:   0000140300000006 00007fe78c269520
0x00007fe7b446cf40:   0000000000000000 00007fe7b600b0d0
0x00007fe7b446cf50:   0000000000000704 0000000000000006
0x00007fe7b446cf60:   0000000000000001 00007fe7b446cfa0
0x00007fe7b446cf70:   00007fe7b446d060 f5f70c0590a21900
0x00007fe7b446cf80:   00007fe78c231a10 00007fe78c231a10 

Instructions: (pc=0x00007fe77f36bb29)
0x00007fe77f36bb09:   0d 48 8b 46 10 48 89 c7 ff 90 50 02 00 00 48 89
0x00007fe77f36bb19:   ab 58 13 00 00 49 8b 4c 24 78 8b 93 08 13 00 00
0x00007fe77f36bb29:   39 51 1c 0f 46 51 1c 8b 83 0c 13 00 00 89 93 08
0x00007fe77f36bb39:   13 00 00 39 41 20 0f 46 41 20 89 83 0c 13 00 00 

Register to memory mapping:

RAX=0x0000000000000000 is an unknown value
RBX=0x00007fe78c25bfa0 is an unknown value
RCX=0x0000000000000000 is an unknown value
RDX=0x00000000ffffffff is an unallocated location in the heap
RSP=0x00007fe7b446cd90 is pointing into the stack for thread: 0x00007fe7c8208800
RBP=0x0000000000000000 is an unknown value
RSI=0x0000000000000000 is an unknown value
RDI=0x00007fe78c25bfa0 is an unknown value
R8 =0x00007fe78c25c0b4 is an unknown value
R9 =0x00007fe78c25ce34 is an unknown value
R10=0x00007fe78c1b1be0 is an unknown value
R11=0x0000000000000001 is an unknown value
R12=0x00007fe78c2633b0 is an unknown value
R13=0x00007fe78c25bfd8 is an unknown value
R14=0x0000000000000000 is an unknown value
R15=0x00007fe78c26b838 is an unknown value


Stack: [0x00007fe7b436e000,0x00007fe7b446f000],  sp=0x00007fe7b446cd90,  free space=1019k
Native frames: (J=compiled Java code, j=interpreted, Vv=VM code, C=native code)
C  [r600_dri.so+0x1f2b29]

Java frames: (J=compiled Java code, j=interpreted, Vv=VM code)
J 881  com.sun.prism.es2.GLContext.nDrawIndexedQuads(JI[F[B)V (0 bytes) @ 0x00007fe7b932806c [0x00007fe7b9328000+0x6c]
j  com.sun.prism.es2.GLContext.drawIndexedQuads([F[BI)V+7
j  com.sun.prism.es2.ES2VertexBuffer.drawQuads(I)V+13
J 863 C1 com.sun.prism.impl.BaseContext.flushVertexBuffer()V (104 bytes) @ 0x00007fe7b9320e74 [0x00007fe7b93207e0+0x694]
j  com.sun.prism.es2.ES2SwapChain.drawTexture(Lcom/sun/prism/es2/ES2Graphics;Lcom/sun/prism/RTTexture;FFFFFFFF)V+68
j  com.sun.prism.es2.ES2SwapChain.prepare(Lcom/sun/javafx/geom/Rectangle;)Z+146
j  com.sun.javafx.tk.quantum.PresentingPainter.run()V+350
j  java.util.concurrent.Executors$RunnableAdapter.call()Ljava/lang/Object;+4
j  java.util.concurrent.FutureTask.runAndReset()Z+47
j  com.sun.javafx.tk.RenderJob.run()V+1
j  java.util.concurrent.ThreadPoolExecutor.runWorker(Ljava/util/concurrent/ThreadPoolExecutor$Worker;)V+95
j  java.util.concurrent.ThreadPoolExecutor$Worker.run()V+5
j  com.sun.javafx.tk.quantum.QuantumRenderer$PipelineRunnable.run()V+8
j  java.lang.Thread.run()V+11
v  ~StubRoutines::call_stub

---------------  P R O C E S S  ---------------

Java Threads: ( => current thread )
  0x00007fe7c82e5800 JavaThread "JavaFX-Launcher" [_thread_blocked, id=4348, stack(0x00007fe7782c9000,0x00007fe7783ca000)]
  0x00007fe7c82e2800 JavaThread "JavaFX Application Thread" [_thread_blocked, id=4347, stack(0x00007fe7783ca000,0x00007fe7784cb000)]
  0x00007fe7c82df000 JavaThread "Thread-1" daemon [_thread_blocked, id=4344, stack(0x00007fe778ccc000,0x00007fe778dcd000)]
=>0x00007fe7c8208800 JavaThread "QuantumRenderer-0" daemon [_thread_in_native, id=4341, stack(0x00007fe7b436e000,0x00007fe7b446f000)]
  0x00007fe7c8149000 JavaThread "Service Thread" daemon [_thread_blocked, id=4337, stack(0x00007fe7b4605000,0x00007fe7b4706000)]
  0x00007fe7c813c000 JavaThread "C1 CompilerThread1" daemon [_thread_in_native, id=4336, stack(0x00007fe7b4706000,0x00007fe7b4807000)]
  0x00007fe7c8139000 JavaThread "C2 CompilerThread0" daemon [_thread_blocked, id=4335, stack(0x00007fe7b4807000,0x00007fe7b4908000)]
  0x00007fe7c8137800 JavaThread "Signal Dispatcher" daemon [_thread_blocked, id=4334, stack(0x00007fe7b4908000,0x00007fe7b4a09000)]
  0x00007fe7c8101800 JavaThread "Finalizer" daemon [_thread_blocked, id=4333, stack(0x00007fe7b4ce3000,0x00007fe7b4de4000)]
  0x00007fe7c80ff800 JavaThread "Reference Handler" daemon [_thread_blocked, id=4332, stack(0x00007fe7b4de4000,0x00007fe7b4ee5000)]
  0x00007fe7c8009800 JavaThread "main" [_thread_blocked, id=4326, stack(0x00007fe7cf96e000,0x00007fe7cfa6f000)]

Other Threads:
  0x00007fe7c80fa800 VMThread [stack: 0x00007fe7b4ee5000,0x00007fe7b4fe6000] [id=4331]
  0x00007fe7c814c000 WatcherThread [stack: 0x00007fe7b4504000,0x00007fe7b4605000] [id=4338]

VM state:not at safepoint (normal execution)

VM Mutex/Monitor currently owned by a thread: None

Heap:
 PSYoungGen      total 25600K, used 18732K [0x00000000e3a00000, 0x00000000e5680000, 0x0000000100000000)
  eden space 22016K, 85% used [0x00000000e3a00000,0x00000000e4c4b270,0x00000000e4f80000)
  from space 3584K, 0% used [0x00000000e5300000,0x00000000e5300000,0x00000000e5680000)
  to   space 3584K, 0% used [0x00000000e4f80000,0x00000000e4f80000,0x00000000e5300000)
 ParOldGen       total 58880K, used 0K [0x00000000aae00000, 0x00000000ae780000, 0x00000000e3a00000)
  object space 58880K, 0% used [0x00000000aae00000,0x00000000aae00000,0x00000000ae780000)
 Metaspace       used 10754K, capacity 11142K, committed 11392K, reserved 1058816K
  class space    used 1525K, capacity 1654K, committed 1664K, reserved 1048576K

Card table byte_map: [0x00007fe7cc47f000,0x00007fe7cc729000] byte_map_base: 0x00007fe7cbf28000

Marking Bits: (ParMarkBitMap*) 0x00007fe7cee45100
 Begin Bits: [0x00007fe7b6570000, 0x00007fe7b7ab8000)
 End Bits:   [0x00007fe7b7ab8000, 0x00007fe7b9000000)

Polling page: 0x00007fe7cfa92000

CodeCache: size=245760Kb used=3289Kb max_used=3289Kb free=242470Kb
 bounds [0x00007fe7b9000000, 0x00007fe7b9340000, 0x00007fe7c8000000]
 total_blobs=1425 nmethods=877 adapters=462
 compilation: enabled

Compilation events (10 events):
Event: 2,659 Thread 0x00007fe7c813c000 nmethod 872 0x00007fe7b932c6d0 code [0x00007fe7b932c880, 0x00007fe7b932cdf8]
Event: 2,659 Thread 0x00007fe7c813c000  873       3       com.sun.prism.impl.BaseGraphics::getExtraAlpha (5 bytes)
Event: 2,659 Thread 0x00007fe7c813c000 nmethod 873 0x00007fe7b932d050 code [0x00007fe7b932d1a0, 0x00007fe7b932d2f0]
Event: 2,659 Thread 0x00007fe7c813c000  875       3       com.sun.prism.impl.ps.BaseShaderContext::updatePerVertexColor (38 bytes)
Event: 2,659 Thread 0x00007fe7c813c000 nmethod 875 0x00007fe7b932d390 code [0x00007fe7b932d560, 0x00007fe7b932dbe8]
Event: 2,659 Thread 0x00007fe7c813c000  876       3       com.sun.prism.impl.ps.BaseShaderContext::validatePaintOp (321 bytes)
Event: 2,663 Thread 0x00007fe7c813c000 nmethod 876 0x00007fe7b932dd50 code [0x00007fe7b932e080, 0x00007fe7b932fc88]
Event: 2,663 Thread 0x00007fe7c813c000  882       3       com.sun.prism.impl.ps.BaseShaderContext::updatePaintShader (157 bytes)
Event: 2,668 Thread 0x00007fe7c813c000 nmethod 882 0x00007fe7b9330910 code [0x00007fe7b9330b20, 0x00007fe7b9331448]
Event: 2,668 Thread 0x00007fe7c813c000  877       3       com.sun.prism.impl.ps.BaseShaderContext::getPaintShader (262 bytes)

GC Heap History (0 events):
No events

Deoptimization events (7 events):
Event: 1,606 Thread 0x00007fe7c82e2800 Uncommon trap: reason=unstable_if action=reinterpret pc=0x00007fe7b91a6cac method=java.lang.String.replace(CC)Ljava/lang/String; @ 26
Event: 1,864 Thread 0x00007fe7c82e2800 Uncommon trap: reason=class_check action=maybe_recompile pc=0x00007fe7b926e270 method=java.util.Collections$UnmodifiableList.get(I)Ljava/lang/Object; @ 5
Event: 1,864 Thread 0x00007fe7c82e2800 Uncommon trap: reason=unstable_if action=reinterpret pc=0x00007fe7b9276408 method=sun.misc.URLClassPath$JarLoader.getResource(Ljava/lang/String;Z)Lsun/misc/Resource; @ 47
Event: 1,866 Thread 0x00007fe7c82e2800 Uncommon trap: reason=class_check action=maybe_recompile pc=0x00007fe7b926e270 method=java.util.Collections$UnmodifiableList.get(I)Ljava/lang/Object; @ 5
Event: 1,877 Thread 0x00007fe7c82e2800 Uncommon trap: reason=class_check action=maybe_recompile pc=0x00007fe7b926e270 method=java.util.Collections$UnmodifiableList.get(I)Ljava/lang/Object; @ 5
Event: 1,879 Thread 0x00007fe7c82e2800 Uncommon trap: reason=class_check action=maybe_recompile pc=0x00007fe7b926e270 method=java.util.Collections$UnmodifiableList.get(I)Ljava/lang/Object; @ 5
Event: 1,880 Thread 0x00007fe7c82e2800 Uncommon trap: reason=unstable_if action=reinterpret pc=0x00007fe7b925d970 method=sun.net.www.ParseUtil.encodePath(Ljava/lang/String;Z)Ljava/lang/String; @ 109

Internal exceptions (10 events):
Event: 0,064 Thread 0x00007fe7c8009800 Exception <a 'java/lang/NoSuchMethodError': Method sun.misc.Unsafe.prefetchRead(Ljava/lang/Object;J)V name or signature does not match> (0x00000000e3a12ed0) thrown at [/HUDSON3/workspace/8-2-build-linux-amd64/jdk8u73/6086/hotspot/src/share/vm/prims/jni.cp
Event: 0,476 Thread 0x00007fe7c8009800 Exception <a 'java/lang/NoSuchFieldError': method resolution failed> (0x00000000e3c4da78) thrown at [/HUDSON3/workspace/8-2-build-linux-amd64/jdk8u73/6086/hotspot/src/share/vm/prims/methodHandles.cpp, line 1146]
Event: 0,479 Thread 0x00007fe7c8009800 Exception <a 'java/lang/NoSuchFieldError': method resolution failed> (0x00000000e3c5adf8) thrown at [/HUDSON3/workspace/8-2-build-linux-amd64/jdk8u73/6086/hotspot/src/share/vm/prims/methodHandles.cpp, line 1146]
Event: 0,565 Thread 0x00007fe7c8009800 Exception <a 'java/security/PrivilegedActionException'> (0x00000000e3ce4570) thrown at [/HUDSON3/workspace/8-2-build-linux-amd64/jdk8u73/6086/hotspot/src/share/vm/prims/jvm.cpp, line 1386]
Event: 0,565 Thread 0x00007fe7c8009800 Exception <a 'java/security/PrivilegedActionException'> (0x00000000e3ce4780) thrown at [/HUDSON3/workspace/8-2-build-linux-amd64/jdk8u73/6086/hotspot/src/share/vm/prims/jvm.cpp, line 1386]
Event: 0,568 Thread 0x00007fe7c8009800 Exception <a 'java/security/PrivilegedActionException'> (0x00000000e3ce6a80) thrown at [/HUDSON3/workspace/8-2-build-linux-amd64/jdk8u73/6086/hotspot/src/share/vm/prims/jvm.cpp, line 1386]
Event: 0,568 Thread 0x00007fe7c8009800 Exception <a 'java/security/PrivilegedActionException'> (0x00000000e3ce6c90) thrown at [/HUDSON3/workspace/8-2-build-linux-amd64/jdk8u73/6086/hotspot/src/share/vm/prims/jvm.cpp, line 1386]
Event: 0,568 Thread 0x00007fe7c8009800 Exception <a 'java/lang/NullPointerException'> (0x00000000e3ce7268) thrown at [/HUDSON3/workspace/8-2-build-linux-amd64/jdk8u73/6086/hotspot/src/share/vm/interpreter/linkResolver.cpp, line 1178]
Event: 1,425 Thread 0x00007fe7c82e2800 Exception <a 'java/lang/NullPointerException'> (0x00000000e4457058) thrown at [/HUDSON3/workspace/8-2-build-linux-amd64/jdk8u73/6086/hotspot/src/share/vm/interpreter/linkResolver.cpp, line 1178]
Event: 1,425 Thread 0x00007fe7c82e2800 Exception <a 'java/lang/NullPointerException'> (0x00000000e4457058) thrown at [/HUDSON3/workspace/8-2-build-linux-amd64/jdk8u73/6086/hotspot/src/share/vm/prims/jvm.cpp, line 1390]

Events (10 events):
Event: 2,450 loading class com/sun/javafx/collections/SetListenerHelper
Event: 2,450 loading class com/sun/javafx/collections/SetListenerHelper done
Event: 2,451 loading class com/sun/javafx/collections/SetListenerHelper$SingleChange
Event: 2,451 loading class com/sun/javafx/collections/SetListenerHelper$SingleChange done
Event: 2,453 loading class com/sun/javafx/collections/SetListenerHelper$SingleInvalidation
Event: 2,453 loading class com/sun/javafx/collections/SetListenerHelper$SingleInvalidation done
Event: 2,477 loading class com/sun/javafx/tk/quantum/CursorUtils
Event: 2,477 loading class com/sun/javafx/tk/quantum/CursorUtils done
Event: 2,479 loading class com/sun/javafx/tk/quantum/CursorUtils$1
Event: 2,479 loading class com/sun/javafx/tk/quantum/CursorUtils$1 done


Dynamic libraries:
00400000-00401000 r-xp 00000000 08:01 299051                             /home/mirko/jdk1.8.0_73/jre/bin/java
00600000-00601000 rw-p 00000000 08:01 299051                             /home/mirko/jdk1.8.0_73/jre/bin/java
023de000-023ff000 rw-p 00000000 00:00 0                                  [heap]
aae00000-ae780000 rw-p 00000000 00:00 0 
ae780000-e3a00000 ---p 00000000 00:00 0 
e3a00000-e5680000 rw-p 00000000 00:00 0 
e5680000-100000000 ---p 00000000 00:00 0 
100000000-1001a0000 rw-p 00000000 00:00 0 
1001a0000-140000000 ---p 00000000 00:00 0 
7fe764000000-7fe76416e000 rw-p 00000000 00:00 0 
7fe76416e000-7fe768000000 ---p 00000000 00:00 0 
7fe76c000000-7fe76c021000 rw-p 00000000 00:00 0 
7fe76c021000-7fe770000000 ---p 00000000 00:00 0 
7fe7731fa000-7fe7732fa000 rw-s 11520e000 00:06 262                       /dev/dri/card0
7fe7732fa000-7fe7733fa000 rw-s 1143c3000 00:06 262                       /dev/dri/card0
7fe7733fa000-7fe77357a000 rw-p 00000000 00:00 0 
7fe77357a000-7fe7735fa000 ---p 00000000 00:00 0 
7fe7735fa000-7fe7735ff000 r-xp 00000000 08:01 291958                     /home/mirko/jdk1.8.0_73/jre/lib/amd64/libjavafx_font_freetype.so
7fe7735ff000-7fe7737fe000 ---p 00005000 08:01 291958                     /home/mirko/jdk1.8.0_73/jre/lib/amd64/libjavafx_font_freetype.so
7fe7737fe000-7fe7737ff000 rw-p 00004000 08:01 291958                     /home/mirko/jdk1.8.0_73/jre/lib/amd64/libjavafx_font_freetype.so
7fe7737ff000-7fe773800000 ---p 00000000 00:00 0 
7fe773800000-7fe774000000 rw-p 00000000 00:00 0 
7fe774000000-7fe774021000 rw-p 00000000 00:00 0 
7fe774021000-7fe778000000 ---p 00000000 00:00 0 
7fe7780c6000-7fe7780c9000 r-xp 00000000 08:01 298719                     /home/mirko/jdk1.8.0_73/jre/lib/amd64/libjavafx_font.so
7fe7780c9000-7fe7782c8000 ---p 00003000 08:01 298719                     /home/mirko/jdk1.8.0_73/jre/lib/amd64/libjavafx_font.so
7fe7782c8000-7fe7782c9000 rw-p 00002000 08:01 298719                     /home/mirko/jdk1.8.0_73/jre/lib/amd64/libjavafx_font.so
7fe7782c9000-7fe7782cc000 ---p 00000000 00:00 0 
7fe7782cc000-7fe7783ca000 rw-p 00000000 00:00 0 
7fe7783ca000-7fe7783cd000 ---p 00000000 00:00 0 
7fe7783cd000-7fe7784cb000 rw-p 00000000 00:00 0 
7fe7784cb000-7fe7784cc000 ---p 00000000 00:00 0 
7fe7784cc000-7fe778ccc000 rw-p 00000000 00:00 0 
7fe778ccc000-7fe778ccf000 ---p 00000000 00:00 0 
7fe778ccf000-7fe778dcd000 rw-p 00000000 00:00 0 
7fe778dcd000-7fe778dce000 ---p 00000000 00:00 0 
7fe778dce000-7fe7795ce000 rw-p 00000000 00:00 0 
7fe7795ce000-7fe7795d9000 r-xp 00000000 08:01 920375                     /usr/lib/x86_64-linux-gnu/gio/modules/libdconfsettings.so
7fe7795d9000-7fe7797d9000 ---p 0000b000 08:01 920375                     /usr/lib/x86_64-linux-gnu/gio/modules/libdconfsettings.so
7fe7797d9000-7fe7797da000 r--p 0000b000 08:01 920375                     /usr/lib/x86_64-linux-gnu/gio/modules/libdconfsettings.so
7fe7797da000-7fe7797db000 rw-p 0000c000 08:01 920375                     /usr/lib/x86_64-linux-gnu/gio/modules/libdconfsettings.so
7fe7797db000-7fe7797e2000 r-xp 00000000 08:01 670133                     /usr/lib/x86_64-linux-gnu/libogg.so.0.8.2
7fe7797e2000-7fe7799e2000 ---p 00007000 08:01 670133                     /usr/lib/x86_64-linux-gnu/libogg.so.0.8.2
7fe7799e2000-7fe7799e3000 r--p 00007000 08:01 670133                     /usr/lib/x86_64-linux-gnu/libogg.so.0.8.2
7fe7799e3000-7fe7799e4000 rw-p 00008000 08:01 670133                     /usr/lib/x86_64-linux-gnu/libogg.so.0.8.2
7fe7799e4000-7fe779a0e000 r-xp 00000000 08:01 664008                     /usr/lib/x86_64-linux-gnu/libvorbis.so.0.4.8
7fe779a0e000-7fe779c0e000 ---p 0002a000 08:01 664008                     /usr/lib/x86_64-linux-gnu/libvorbis.so.0.4.8
7fe779c0e000-7fe779c0f000 r--p 0002a000 08:01 664008                     /usr/lib/x86_64-linux-gnu/libvorbis.so.0.4.8
7fe779c0f000-7fe779c10000 rw-p 0002b000 08:01 664008                     /usr/lib/x86_64-linux-gnu/libvorbis.so.0.4.8
7fe779c10000-7fe779c19000 r-xp 00000000 08:01 662589                     /usr/lib/x86_64-linux-gnu/libltdl.so.7.3.1
7fe779c19000-7fe779e18000 ---p 00009000 08:01 662589                     /usr/lib/x86_64-linux-gnu/libltdl.so.7.3.1
7fe779e18000-7fe779e19000 r--p 00008000 08:01 662589                     /usr/lib/x86_64-linux-gnu/libltdl.so.7.3.1
7fe779e19000-7fe779e1a000 rw-p 00009000 08:01 662589                     /usr/lib/x86_64-linux-gnu/libltdl.so.7.3.1
7fe779e1a000-7fe779e2e000 r-xp 00000000 08:01 658028                     /usr/lib/x86_64-linux-gnu/libtdb.so.1.3.8
7fe779e2e000-7fe77a02d000 ---p 00014000 08:01 658028                     /usr/lib/x86_64-linux-gnu/libtdb.so.1.3.8
7fe77a02d000-7fe77a02e000 r--p 00013000 08:01 658028                     /usr/lib/x86_64-linux-gnu/libtdb.so.1.3.8
7fe77a02e000-7fe77a02f000 rw-p 00014000 08:01 658028                     /usr/lib/x86_64-linux-gnu/libtdb.so.1.3.8
7fe77a02f000-7fe77a036000 r-xp 00000000 08:01 663985                     /usr/lib/x86_64-linux-gnu/libvorbisfile.so.3.3.7
7fe77a036000-7fe77a236000 ---p 00007000 08:01 663985                     /usr/lib/x86_64-linux-gnu/libvorbisfile.so.3.3.7
7fe77a236000-7fe77a237000 r--p 00007000 08:01 663985                     /usr/lib/x86_64-linux-gnu/libvorbisfile.so.3.3.7
7fe77a237000-7fe77a238000 rw-p 00008000 08:01 663985                     /usr/lib/x86_64-linux-gnu/libvorbisfile.so.3.3.7
7fe77a238000-7fe77a248000 r-xp 00000000 08:01 658226                     /usr/lib/x86_64-linux-gnu/libcanberra.so.0.2.5
7fe77a248000-7fe77a447000 ---p 00010000 08:01 658226                     /usr/lib/x86_64-linux-gnu/libcanberra.so.0.2.5
7fe77a447000-7fe77a448000 r--p 0000f000 08:01 658226                     /usr/lib/x86_64-linux-gnu/libcanberra.so.0.2.5
7fe77a448000-7fe77a449000 rw-p 00010000 08:01 658226                     /usr/lib/x86_64-linux-gnu/libcanberra.so.0.2.5
7fe77a449000-7fe77a44d000 r-xp 00000000 08:01 657104                     /usr/lib/x86_64-linux-gnu/libcanberra-gtk.so.0.1.9
7fe77a44d000-7fe77a64c000 ---p 00004000 08:01 657104                     /usr/lib/x86_64-linux-gnu/libcanberra-gtk.so.0.1.9
7fe77a64c000-7fe77a64d000 r--p 00003000 08:01 657104                     /usr/lib/x86_64-linux-gnu/libcanberra-gtk.so.0.1.9
7fe77a64d000-7fe77a64e000 rw-p 00004000 08:01 657104                     /usr/lib/x86_64-linux-gnu/libcanberra-gtk.so.0.1.9
7fe77a64e000-7fe77a653000 r-xp 00000000 08:01 934744                     /usr/lib/x86_64-linux-gnu/gtk-2.0/modules/libcanberra-gtk-module.so
7fe77a653000-7fe77a852000 ---p 00005000 08:01 934744                     /usr/lib/x86_64-linux-gnu/gtk-2.0/modules/libcanberra-gtk-module.so
7fe77a852000-7fe77a853000 r--p 00004000 08:01 934744                     /usr/lib/x86_64-linux-gnu/gtk-2.0/modules/libcanberra-gtk-module.so
7fe77a853000-7fe77a854000 rw-p 00005000 08:01 934744                     /usr/lib/x86_64-linux-gnu/gtk-2.0/modules/libcanberra-gtk-module.so
7fe77a854000-7fe77a883000 r-xp 00000000 08:01 920571                     /usr/lib/x86_64-linux-gnu/gtk-2.0/2.10.0/engines/libmurrine.so
7fe77a883000-7fe77aa83000 ---p 0002f000 08:01 920571                     /usr/lib/x86_64-linux-gnu/gtk-2.0/2.10.0/engines/libmurrine.so
7fe77aa83000-7fe77aa84000 r--p 0002f000 08:01 920571                     /usr/lib/x86_64-linux-gnu/gtk-2.0/2.10.0/engines/libmurrine.so
7fe77aa84000-7fe77aa85000 rw-p 00030000 08:01 920571                     /usr/lib/x86_64-linux-gnu/gtk-2.0/2.10.0/engines/libmurrine.so
7fe77aa85000-7fe77aa96000 r-xp 00000000 08:01 930977                     /usr/lib/x86_64-linux-gnu/gtk-2.0/modules/liboverlay-scrollbar.so
7fe77aa96000-7fe77ac96000 ---p 00011000 08:01 930977                     /usr/lib/x86_64-linux-gnu/gtk-2.0/modules/liboverlay-scrollbar.so
7fe77ac96000-7fe77ac97000 r--p 00011000 08:01 930977                     /usr/lib/x86_64-linux-gnu/gtk-2.0/modules/liboverlay-scrollbar.so
7fe77ac97000-7fe77ac98000 rw-p 00012000 08:01 930977                     /usr/lib/x86_64-linux-gnu/gtk-2.0/modules/liboverlay-scrollbar.so
7fe77ac98000-7fe77acc1000 r-xp 00000000 08:01 298850                     /home/mirko/jdk1.8.0_73/jre/lib/amd64/libglass.so
7fe77acc1000-7fe77aec0000 ---p 00029000 08:01 298850                     /home/mirko/jdk1.8.0_73/jre/lib/amd64/libglass.so
7fe77aec0000-7fe77aec3000 rw-p 00028000 08:01 298850                     /home/mirko/jdk1.8.0_73/jre/lib/amd64/libglass.so
7fe77aec3000-7fe77aefa000 r-xp 00000000 08:01 670399                     /usr/lib/x86_64-linux-gnu/libtxc_dxtn_s2tc.so.0.0.0
7fe77aefa000-7fe77b0f9000 ---p 00037000 08:01 670399                     /usr/lib/x86_64-linux-gnu/libtxc_dxtn_s2tc.so.0.0.0
7fe77b0f9000-7fe77b0fa000 r--p 00036000 08:01 670399                     /usr/lib/x86_64-linux-gnu/libtxc_dxtn_s2tc.so.0.0.0
7fe77b0fa000-7fe77b0fb000 rw-p 00037000 08:01 670399                     /usr/lib/x86_64-linux-gnu/libtxc_dxtn_s2tc.so.0.0.0
7fe77b0fb000-7fe77b0fc000 ---p 00000000 00:00 0 
7fe77b0fc000-7fe77b8fc000 rw-p 00000000 00:00 0 
7fe77b8fc000-7fe77b90f000 r-xp 00000000 08:01 394055                     /lib/x86_64-linux-gnu/libbsd.so.0.8.2
7fe77b90f000-7fe77bb0e000 ---p 00013000 08:01 394055                     /lib/x86_64-linux-gnu/libbsd.so.0.8.2
7fe77bb0e000-7fe77bb0f000 r--p 00012000 08:01 394055                     /lib/x86_64-linux-gnu/libbsd.so.0.8.2
7fe77bb0f000-7fe77bb10000 rw-p 00013000 08:01 394055                     /lib/x86_64-linux-gnu/libbsd.so.0.8.2
7fe77bb10000-7fe77bb11000 rw-p 00000000 00:00 0 
7fe77bb11000-7fe77bb36000 r-xp 00000000 08:01 396492                     /lib/x86_64-linux-gnu/libtinfo.so.5.9
7fe77bb36000-7fe77bd35000 ---p 00025000 08:01 396492                     /lib/x86_64-linux-gnu/libtinfo.so.5.9
7fe77bd35000-7fe77bd39000 r--p 00024000 08:01 396492                     /lib/x86_64-linux-gnu/libtinfo.so.5.9
7fe77bd39000-7fe77bd3a000 rw-p 00028000 08:01 396492                     /lib/x86_64-linux-gnu/libtinfo.so.5.9
7fe77bd3a000-7fe77bd6b000 r-xp 00000000 08:01 664071                     /usr/lib/x86_64-linux-gnu/libedit.so.2.0.53
7fe77bd6b000-7fe77bf6b000 ---p 00031000 08:01 664071                     /usr/lib/x86_64-linux-gnu/libedit.so.2.0.53
7fe77bf6b000-7fe77bf6d000 r--p 00031000 08:01 664071                     /usr/lib/x86_64-linux-gnu/libedit.so.2.0.53
7fe77bf6d000-7fe77bf6e000 rw-p 00033000 08:01 664071                     /usr/lib/x86_64-linux-gnu/libedit.so.2.0.53
7fe77bf6e000-7fe77bf72000 rw-p 00000000 00:00 0 
7fe77bf72000-7fe77e464000 r-xp 00000000 08:01 664077                     /usr/lib/x86_64-linux-gnu/libLLVM-3.8.so.1
7fe77e464000-7fe77e664000 ---p 024f2000 08:01 664077                     /usr/lib/x86_64-linux-gnu/libLLVM-3.8.so.1
7fe77e664000-7fe77e919000 r--p 024f2000 08:01 664077                     /usr/lib/x86_64-linux-gnu/libLLVM-3.8.so.1
7fe77e919000-7fe77e91b000 rw-p 027a7000 08:01 664077                     /usr/lib/x86_64-linux-gnu/libLLVM-3.8.so.1
7fe77e91b000-7fe77e945000 rw-p 00000000 00:00 0 
7fe77e945000-7fe77e95c000 r-xp 00000000 08:01 661292                     /usr/lib/x86_64-linux-gnu/libelf-0.165.so
7fe77e95c000-7fe77eb5b000 ---p 00017000 08:01 661292                     /usr/lib/x86_64-linux-gnu/libelf-0.165.so
7fe77eb5b000-7fe77eb5c000 r--p 00016000 08:01 661292                     /usr/lib/x86_64-linux-gnu/libelf-0.165.so
7fe77eb5c000-7fe77eb5d000 rw-p 00017000 08:01 661292                     /usr/lib/x86_64-linux-gnu/libelf-0.165.so
7fe77eb5d000-7fe77eb64000 r-xp 00000000 08:01 664061                     /usr/lib/x86_64-linux-gnu/libdrm_amdgpu.so.1.0.0
7fe77eb64000-7fe77ed63000 ---p 00007000 08:01 664061                     /usr/lib/x86_64-linux-gnu/libdrm_amdgpu.so.1.0.0
7fe77ed63000-7fe77ed64000 r--p 00006000 08:01 664061                     /usr/lib/x86_64-linux-gnu/libdrm_amdgpu.so.1.0.0
7fe77ed64000-7fe77ed65000 rw-p 00007000 08:01 664061                     /usr/lib/x86_64-linux-gnu/libdrm_amdgpu.so.1.0.0
7fe77ed65000-7fe77ed70000 r-xp 00000000 08:01 664057                     /usr/lib/x86_64-linux-gnu/libdrm_radeon.so.1.0.1
7fe77ed70000-7fe77ef6f000 ---p 0000b000 08:01 664057                     /usr/lib/x86_64-linux-gnu/libdrm_radeon.so.1.0.1
7fe77ef6f000-7fe77ef70000 r--p 0000a000 08:01 664057                     /usr/lib/x86_64-linux-gnu/libdrm_radeon.so.1.0.1
7fe77ef70000-7fe77ef71000 rw-p 0000b000 08:01 664057                     /usr/lib/x86_64-linux-gnu/libdrm_radeon.so.1.0.1
7fe77ef71000-7fe77ef78000 r-xp 00000000 08:01 664067                     /usr/lib/x86_64-linux-gnu/libdrm_nouveau.so.2.0.0
7fe77ef78000-7fe77f177000 ---p 00007000 08:01 664067                     /usr/lib/x86_64-linux-gnu/libdrm_nouveau.so.2.0.0
7fe77f177000-7fe77f178000 r--p 00006000 08:01 664067                     /usr/lib/x86_64-linux-gnu/libdrm_nouveau.so.2.0.0
7fe77f178000-7fe77f179000 rw-p 00007000 08:01 664067                     /usr/lib/x86_64-linux-gnu/libdrm_nouveau.so.2.0.0
7fe77f179000-7fe77fa40000 r-xp 00000000 08:01 930711                     /usr/lib/x86_64-linux-gnu/dri/r600_dri.so
7fe77fa40000-7fe77fc3f000 ---p 008c7000 08:01 930711                     /usr/lib/x86_64-linux-gnu/dri/r600_dri.so
7fe77fc3f000-7fe77fcb3000 r--p 008c6000 08:01 930711                     /usr/lib/x86_64-linux-gnu/dri/r600_dri.so
7fe77fcb3000-7fe77fcc2000 rw-p 0093a000 08:01 930711                     /usr/lib/x86_64-linux-gnu/dri/r600_dri.so
7fe77fcc2000-7fe77feb8000 rw-p 00000000 00:00 0 
7fe77feb8000-7fe77febe000 r-xp 00000000 08:01 657306                     /usr/lib/x86_64-linux-gnu/libdatrie.so.1.3.3
7fe77febe000-7fe7800be000 ---p 00006000 08:01 657306                     /usr/lib/x86_64-linux-gnu/libdatrie.so.1.3.3
7fe7800be000-7fe7800bf000 r--p 00006000 08:01 657306                     /usr/lib/x86_64-linux-gnu/libdatrie.so.1.3.3
7fe7800bf000-7fe7800c0000 rw-p 00007000 08:01 657306                     /usr/lib/x86_64-linux-gnu/libdatrie.so.1.3.3
7fe7800c0000-7fe7800c5000 r-xp 00000000 08:01 664402                     /usr/lib/x86_64-linux-gnu/libXdmcp.so.6.0.0
7fe7800c5000-7fe7802c4000 ---p 00005000 08:01 664402                     /usr/lib/x86_64-linux-gnu/libXdmcp.so.6.0.0
7fe7802c4000-7fe7802c5000 r--p 00004000 08:01 664402                     /usr/lib/x86_64-linux-gnu/libXdmcp.so.6.0.0
7fe7802c5000-7fe7802c6000 rw-p 00005000 08:01 664402                     /usr/lib/x86_64-linux-gnu/libXdmcp.so.6.0.0
7fe7802c6000-7fe7802c8000 r-xp 00000000 08:01 669374                     /usr/lib/x86_64-linux-gnu/libXau.so.6.0.0
7fe7802c8000-7fe7804c8000 ---p 00002000 08:01 669374                     /usr/lib/x86_64-linux-gnu/libXau.so.6.0.0
7fe7804c8000-7fe7804c9000 r--p 00002000 08:01 669374                     /usr/lib/x86_64-linux-gnu/libXau.so.6.0.0
7fe7804c9000-7fe7804ca000 rw-p 00003000 08:01 669374                     /usr/lib/x86_64-linux-gnu/libXau.so.6.0.0
7fe7804ca000-7fe7804ed000 r-xp 00000000 08:01 660878                     /usr/lib/x86_64-linux-gnu/libgraphite2.so.3.0.1
7fe7804ed000-7fe7806ec000 ---p 00023000 08:01 660878                     /usr/lib/x86_64-linux-gnu/libgraphite2.so.3.0.1
7fe7806ec000-7fe7806ee000 r--p 00022000 08:01 660878                     /usr/lib/x86_64-linux-gnu/libgraphite2.so.3.0.1
7fe7806ee000-7fe7806ef000 rw-p 00024000 08:01 660878                     /usr/lib/x86_64-linux-gnu/libgraphite2.so.3.0.1
7fe7806ef000-7fe7806fd000 r-xp 00000000 08:01 664048                     /usr/lib/x86_64-linux-gnu/libdrm.so.2.4.0
7fe7806fd000-7fe7808fc000 ---p 0000e000 08:01 664048                     /usr/lib/x86_64-linux-gnu/libdrm.so.2.4.0
7fe7808fc000-7fe7808fd000 r--p 0000d000 08:01 664048                     /usr/lib/x86_64-linux-gnu/libdrm.so.2.4.0
7fe7808fd000-7fe7808fe000 rw-p 0000e000 08:01 664048                     /usr/lib/x86_64-linux-gnu/libdrm.so.2.4.0
7fe7808fe000-7fe780902000 r-xp 00000000 08:01 664135                     /usr/lib/x86_64-linux-gnu/libxcb-dri2.so.0.0.0
7fe780902000-7fe780b01000 ---p 00004000 08:01 664135                     /usr/lib/x86_64-linux-gnu/libxcb-dri2.so.0.0.0
7fe780b01000-7fe780b02000 r--p 00003000 08:01 664135                     /usr/lib/x86_64-linux-gnu/libxcb-dri2.so.0.0.0
7fe780b02000-7fe780b03000 rw-p 00004000 08:01 664135                     /usr/lib/x86_64-linux-gnu/libxcb-dri2.so.0.0.0
7fe780b03000-7fe780b1a000 r-xp 00000000 08:01 664138                     /usr/lib/x86_64-linux-gnu/libxcb-glx.so.0.0.0
7fe780b1a000-7fe780d19000 ---p 00017000 08:01 664138                     /usr/lib/x86_64-linux-gnu/libxcb-glx.so.0.0.0
7fe780d19000-7fe780d1b000 r--p 00016000 08:01 664138                     /usr/lib/x86_64-linux-gnu/libxcb-glx.so.0.0.0
7fe780d1b000-7fe780d1c000 rw-p 00018000 08:01 664138                     /usr/lib/x86_64-linux-gnu/libxcb-glx.so.0.0.0
7fe780d1c000-7fe780d1d000 r-xp 00000000 08:01 669368                     /usr/lib/x86_64-linux-gnu/libX11-xcb.so.1.0.0
7fe780d1d000-7fe780f1c000 ---p 00001000 08:01 669368                     /usr/lib/x86_64-linux-gnu/libX11-xcb.so.1.0.0
7fe780f1c000-7fe780f1d000 r--p 00000000 08:01 669368                     /usr/lib/x86_64-linux-gnu/libX11-xcb.so.1.0.0
7fe780f1d000-7fe780f1e000 rw-p 00001000 08:01 669368                     /usr/lib/x86_64-linux-gnu/libX11-xcb.so.1.0.0
7fe780f1e000-7fe780f47000 r-xp 00000000 08:01 675036                     /usr/lib/x86_64-linux-gnu/libglapi.so.0.0.0
7fe780f47000-7fe781146000 ---p 00029000 08:01 675036                     /usr/lib/x86_64-linux-gnu/libglapi.so.0.0.0
7fe781146000-7fe78114a000 r--p 00028000 08:01 675036                     /usr/lib/x86_64-linux-gnu/libglapi.so.0.0.0
7fe78114a000-7fe78114b000 rw-p 0002c000 08:01 675036                     /usr/lib/x86_64-linux-gnu/libglapi.so.0.0.0
7fe78114b000-7fe78114c000 rw-p 00000000 00:00 0 
7fe78114c000-7fe78114d000 r-xp 00000000 08:01 670578                     /usr/lib/x86_64-linux-gnu/libxshmfence.so.1.0.0
7fe78114d000-7fe78134d000 ---p 00001000 08:01 670578                     /usr/lib/x86_64-linux-gnu/libxshmfence.so.1.0.0
7fe78134d000-7fe78134e000 r--p 00001000 08:01 670578                     /usr/lib/x86_64-linux-gnu/libxshmfence.so.1.0.0
7fe78134e000-7fe78134f000 rw-p 00002000 08:01 670578                     /usr/lib/x86_64-linux-gnu/libxshmfence.so.1.0.0
7fe78134f000-7fe781354000 r-xp 00000000 08:01 664122                     /usr/lib/x86_64-linux-gnu/libxcb-sync.so.1.0.0
7fe781354000-7fe781554000 ---p 00005000 08:01 664122                     /usr/lib/x86_64-linux-gnu/libxcb-sync.so.1.0.0
7fe781554000-7fe781555000 r--p 00005000 08:01 664122                     /usr/lib/x86_64-linux-gnu/libxcb-sync.so.1.0.0
7fe781555000-7fe781556000 rw-p 00006000 08:01 664122                     /usr/lib/x86_64-linux-gnu/libxcb-sync.so.1.0.0
7fe781556000-7fe781558000 r-xp 00000000 08:01 664125                     /usr/lib/x86_64-linux-gnu/libxcb-present.so.0.0.0
7fe781558000-7fe781757000 ---p 00002000 08:01 664125                     /usr/lib/x86_64-linux-gnu/libxcb-present.so.0.0.0
7fe781757000-7fe781758000 r--p 00001000 08:01 664125                     /usr/lib/x86_64-linux-gnu/libxcb-present.so.0.0.0
7fe781758000-7fe781759000 rw-p 00002000 08:01 664125                     /usr/lib/x86_64-linux-gnu/libxcb-present.so.0.0.0
7fe781759000-7fe78175b000 r-xp 00000000 08:01 664107                     /usr/lib/x86_64-linux-gnu/libxcb-dri3.so.0.0.0
7fe78175b000-7fe78195a000 ---p 00002000 08:01 664107                     /usr/lib/x86_64-linux-gnu/libxcb-dri3.so.0.0.0
7fe78195a000-7fe78195b000 r--p 00001000 08:01 664107                     /usr/lib/x86_64-linux-gnu/libxcb-dri3.so.0.0.0
7fe78195b000-7fe78195c000 rw-p 00002000 08:01 664107                     /usr/lib/x86_64-linux-gnu/libxcb-dri3.so.0.0.0
7fe78195c000-7fe7819ca000 r-xp 00000000 08:01 394443                     /lib/x86_64-linux-gnu/libpcre.so.3.13.2
7fe7819ca000-7fe781bca000 ---p 0006e000 08:01 394443                     /lib/x86_64-linux-gnu/libpcre.so.3.13.2
7fe781bca000-7fe781bcb000 r--p 0006e000 08:01 394443                     /lib/x86_64-linux-gnu/libpcre.so.3.13.2
7fe781bcb000-7fe781bcc000 rw-p 0006f000 08:01 394443                     /lib/x86_64-linux-gnu/libpcre.so.3.13.2
7fe781bcc000-7fe781bd3000 r-xp 00000000 08:01 662733                     /usr/lib/x86_64-linux-gnu/libffi.so.6.0.4
7fe781bd3000-7fe781dd2000 ---p 00007000 08:01 662733                     /usr/lib/x86_64-linux-gnu/libffi.so.6.0.4
7fe781dd2000-7fe781dd3000 r--p 00006000 08:01 662733                     /usr/lib/x86_64-linux-gnu/libffi.so.6.0.4
7fe781dd3000-7fe781dd4000 rw-p 00007000 08:01 662733                     /usr/lib/x86_64-linux-gnu/libffi.so.6.0.4
7fe781dd4000-7fe781dfa000 r-xp 00000000 08:01 394446                     /lib/x86_64-linux-gnu/libexpat.so.1.6.0
7fe781dfa000-7fe781ffa000 ---p 00026000 08:01 394446                     /lib/x86_64-linux-gnu/libexpat.so.1.6.0
7fe781ffa000-7fe781ffc000 r--p 00026000 08:01 394446                     /lib/x86_64-linux-gnu/libexpat.so.1.6.0
7fe781ffc000-7fe781ffd000 rw-p 00028000 08:01 394446                     /lib/x86_64-linux-gnu/libexpat.so.1.6.0
7fe781ffd000-7fe782005000 r-xp 00000000 08:01 657312                     /usr/lib/x86_64-linux-gnu/libthai.so.0.2.4
7fe782005000-7fe782204000 ---p 00008000 08:01 657312                     /usr/lib/x86_64-linux-gnu/libthai.so.0.2.4
7fe782204000-7fe782205000 r--p 00007000 08:01 657312                     /usr/lib/x86_64-linux-gnu/libthai.so.0.2.4
7fe782205000-7fe782206000 rw-p 00008000 08:01 657312                     /usr/lib/x86_64-linux-gnu/libthai.so.0.2.4
7fe782206000-7fe782227000 r-xp 00000000 08:01 663896                     /usr/lib/x86_64-linux-gnu/libxcb.so.1.1.0
7fe782227000-7fe782426000 ---p 00021000 08:01 663896                     /usr/lib/x86_64-linux-gnu/libxcb.so.1.1.0
7fe782426000-7fe782427000 r--p 00020000 08:01 663896                     /usr/lib/x86_64-linux-gnu/libxcb.so.1.1.0
7fe782427000-7fe782428000 rw-p 00021000 08:01 663896                     /usr/lib/x86_64-linux-gnu/libxcb.so.1.1.0
7fe782428000-7fe782430000 r-xp 00000000 08:01 664110                     /usr/lib/x86_64-linux-gnu/libxcb-render.so.0.0.0
7fe782430000-7fe782630000 ---p 00008000 08:01 664110                     /usr/lib/x86_64-linux-gnu/libxcb-render.so.0.0.0
7fe782630000-7fe782631000 r--p 00008000 08:01 664110                     /usr/lib/x86_64-linux-gnu/libxcb-render.so.0.0.0
7fe782631000-7fe782632000 rw-p 00009000 08:01 664110                     /usr/lib/x86_64-linux-gnu/libxcb-render.so.0.0.0
7fe782632000-7fe782634000 r-xp 00000000 08:01 664431                     /usr/lib/x86_64-linux-gnu/libxcb-shm.so.0.0.0
7fe782634000-7fe782834000 ---p 00002000 08:01 664431                     /usr/lib/x86_64-linux-gnu/libxcb-shm.so.0.0.0
7fe782834000-7fe782835000 r--p 00002000 08:01 664431                     /usr/lib/x86_64-linux-gnu/libxcb-shm.so.0.0.0
7fe782835000-7fe782836000 rw-p 00003000 08:01 664431                     /usr/lib/x86_64-linux-gnu/libxcb-shm.so.0.0.0
7fe782836000-7fe78285a000 r-xp 00000000 08:01 394051                     /lib/x86_64-linux-gnu/libpng12.so.0.54.0
7fe78285a000-7fe782a59000 ---p 00024000 08:01 394051                     /lib/x86_64-linux-gnu/libpng12.so.0.54.0
7fe782a59000-7fe782a5a000 r--p 00023000 08:01 394051                     /lib/x86_64-linux-gnu/libpng12.so.0.54.0
7fe782a5a000-7fe782a5b000 rw-p 00024000 08:01 394051                     /lib/x86_64-linux-gnu/libpng12.so.0.54.0
7fe782a5b000-7fe782afa000 r-xp 00000000 08:01 663061                     /usr/lib/x86_64-linux-gnu/libpixman-1.so.0.33.6
7fe782afa000-7fe782cfa000 ---p 0009f000 08:01 663061                     /usr/lib/x86_64-linux-gnu/libpixman-1.so.0.33.6
7fe782cfa000-7fe782d02000 r--p 0009f000 08:01 663061                     /usr/lib/x86_64-linux-gnu/libpixman-1.so.0.33.6
7fe782d02000-7fe782d03000 rw-p 000a7000 08:01 663061                     /usr/lib/x86_64-linux-gnu/libpixman-1.so.0.33.6
7fe782d03000-7fe782d5f000 r-xp 00000000 08:01 669928                     /usr/lib/x86_64-linux-gnu/libharfbuzz.so.0.10000.1
7fe782d5f000-7fe782f5f000 ---p 0005c000 08:01 669928                     /usr/lib/x86_64-linux-gnu/libharfbuzz.so.0.10000.1
7fe782f5f000-7fe782f60000 r--p 0005c000 08:01 669928                     /usr/lib/x86_64-linux-gnu/libharfbuzz.so.0.10000.1
7fe782f60000-7fe782f61000 rw-p 0005d000 08:01 669928                     /usr/lib/x86_64-linux-gnu/libharfbuzz.so.0.10000.1
7fe782f61000-7fe782f78000 r-xp 00000000 08:01 408823                     /lib/x86_64-linux-gnu/libresolv-2.23.so
7fe782f78000-7fe783178000 ---p 00017000 08:01 408823                     /lib/x86_64-linux-gnu/libresolv-2.23.so
7fe783178000-7fe783179000 r--p 00017000 08:01 408823                     /lib/x86_64-linux-gnu/libresolv-2.23.so
7fe783179000-7fe78317a000 rw-p 00018000 08:01 408823                     /lib/x86_64-linux-gnu/libresolv-2.23.so
7fe78317a000-7fe78317c000 rw-p 00000000 00:00 0 
7fe78317c000-7fe78319b000 r-xp 00000000 08:01 394521                     /lib/x86_64-linux-gnu/libselinux.so.1
7fe78319b000-7fe78339a000 ---p 0001f000 08:01 394521                     /lib/x86_64-linux-gnu/libselinux.so.1
7fe78339a000-7fe78339b000 r--p 0001e000 08:01 394521                     /lib/x86_64-linux-gnu/libselinux.so.1
7fe78339b000-7fe78339c000 rw-p 0001f000 08:01 394521                     /lib/x86_64-linux-gnu/libselinux.so.1
7fe78339c000-7fe78339e000 rw-p 00000000 00:00 0 
7fe78339e000-7fe7833b7000 r-xp 00000000 08:01 399412                     /lib/x86_64-linux-gnu/libz.so.1.2.8
7fe7833b7000-7fe7835b6000 ---p 00019000 08:01 399412                     /lib/x86_64-linux-gnu/libz.so.1.2.8
7fe7835b6000-7fe7835b7000 r--p 00018000 08:01 399412                     /lib/x86_64-linux-gnu/libz.so.1.2.8
7fe7835b7000-7fe7835b8000 rw-p 00019000 08:01 399412                     /lib/x86_64-linux-gnu/libz.so.1.2.8
7fe7835b8000-7fe7835c9000 r-xp 00000000 08:01 669387                     /usr/lib/x86_64-linux-gnu/libXext.so.6.4.0
7fe7835c9000-7fe7837c8000 ---p 00011000 08:01 669387                     /usr/lib/x86_64-linux-gnu/libXext.so.6.4.0
7fe7837c8000-7fe7837c9000 r--p 00010000 08:01 669387                     /usr/lib/x86_64-linux-gnu/libXext.so.6.4.0
7fe7837c9000-7fe7837ca000 rw-p 00011000 08:01 669387                     /usr/lib/x86_64-linux-gnu/libXext.so.6.4.0
7fe7837ca000-7fe7837cc000 r-xp 00000000 08:01 669383                     /usr/lib/x86_64-linux-gnu/libXdamage.so.1.1.0
7fe7837cc000-7fe7839cb000 ---p 00002000 08:01 669383                     /usr/lib/x86_64-linux-gnu/libXdamage.so.1.1.0
7fe7839cb000-7fe7839cc000 r--p 00001000 08:01 669383                     /usr/lib/x86_64-linux-gnu/libXdamage.so.1.1.0
7fe7839cc000-7fe7839cd000 rw-p 00002000 08:01 669383                     /usr/lib/x86_64-linux-gnu/libXdamage.so.1.1.0
7fe7839cd000-7fe7839cf000 r-xp 00000000 08:01 669379                     /usr/lib/x86_64-linux-gnu/libXcomposite.so.1.0.0
7fe7839cf000-7fe783bce000 ---p 00002000 08:01 669379                     /usr/lib/x86_64-linux-gnu/libXcomposite.so.1.0.0
7fe783bce000-7fe783bcf000 r--p 00001000 08:01 669379                     /usr/lib/x86_64-linux-gnu/libXcomposite.so.1.0.0
7fe783bcf000-7fe783bd0000 rw-p 00002000 08:01 669379                     /usr/lib/x86_64-linux-gnu/libXcomposite.so.1.0.0
7fe783bd0000-7fe783bd9000 r-xp 00000000 08:01 669381                     /usr/lib/x86_64-linux-gnu/libXcursor.so.1.0.2
7fe783bd9000-7fe783dd8000 ---p 00009000 08:01 669381                     /usr/lib/x86_64-linux-gnu/libXcursor.so.1.0.2
7fe783dd8000-7fe783dd9000 r--p 00008000 08:01 669381                     /usr/lib/x86_64-linux-gnu/libXcursor.so.1.0.2
7fe783dd9000-7fe783dda000 rw-p 00009000 08:01 669381                     /usr/lib/x86_64-linux-gnu/libXcursor.so.1.0.2
7fe783dda000-7fe783de4000 r-xp 00000000 08:01 669405                     /usr/lib/x86_64-linux-gnu/libXrandr.so.2.2.0
7fe783de4000-7fe783fe3000 ---p 0000a000 08:01 669405                     /usr/lib/x86_64-linux-gnu/libXrandr.so.2.2.0
7fe783fe3000-7fe783fe4000 r--p 00009000 08:01 669405                     /usr/lib/x86_64-linux-gnu/libXrandr.so.2.2.0
7fe783fe4000-7fe783fe5000 rw-p 0000a000 08:01 669405                     /usr/lib/x86_64-linux-gnu/libXrandr.so.2.2.0
7fe783fe5000-7fe783ff4000 r-xp 00000000 08:01 667629                     /usr/lib/x86_64-linux-gnu/libXi.so.6.1.0
7fe783ff4000-7fe7841f3000 ---p 0000f000 08:01 667629                     /usr/lib/x86_64-linux-gnu/libXi.so.6.1.0
7fe7841f3000-7fe7841f4000 r--p 0000e000 08:01 667629                     /usr/lib/x86_64-linux-gnu/libXi.so.6.1.0
7fe7841f4000-7fe7841f5000 rw-p 0000f000 08:01 667629                     /usr/lib/x86_64-linux-gnu/libXi.so.6.1.0
7fe7841f5000-7fe7841f7000 r-xp 00000000 08:01 669397                     /usr/lib/x86_64-linux-gnu/libXinerama.so.1.0.0
7fe7841f7000-7fe7843f6000 ---p 00002000 08:01 669397                     /usr/lib/x86_64-linux-gnu/libXinerama.so.1.0.0
7fe7843f6000-7fe7843f7000 r--p 00001000 08:01 669397                     /usr/lib/x86_64-linux-gnu/libXinerama.so.1.0.0
7fe7843f7000-7fe7843f8000 rw-p 00002000 08:01 669397                     /usr/lib/x86_64-linux-gnu/libXinerama.so.1.0.0
7fe7843f8000-7fe784401000 r-xp 00000000 08:01 669407                     /usr/lib/x86_64-linux-gnu/libXrender.so.1.3.0
7fe784401000-7fe784600000 ---p 00009000 08:01 669407                     /usr/lib/x86_64-linux-gnu/libXrender.so.1.3.0
7fe784600000-7fe784601000 r--p 00008000 08:01 669407                     /usr/lib/x86_64-linux-gnu/libXrender.so.1.3.0
7fe784601000-7fe784602000 rw-p 00009000 08:01 669407                     /usr/lib/x86_64-linux-gnu/libXrender.so.1.3.0
7fe784602000-7fe784607000 r-xp 00000000 08:01 669389                     /usr/lib/x86_64-linux-gnu/libXfixes.so.3.1.0
7fe784607000-7fe784806000 ---p 00005000 08:01 669389                     /usr/lib/x86_64-linux-gnu/libXfixes.so.3.1.0
7fe784806000-7fe784807000 r--p 00004000 08:01 669389                     /usr/lib/x86_64-linux-gnu/libXfixes.so.3.1.0
7fe784807000-7fe784808000 rw-p 00005000 08:01 669389                     /usr/lib/x86_64-linux-gnu/libXfixes.so.3.1.0
7fe784808000-7fe78481e000 r-xp 00000000 08:01 394049                     /lib/x86_64-linux-gnu/libgcc_s.so.1
7fe78481e000-7fe784a1d000 ---p 00016000 08:01 394049                     /lib/x86_64-linux-gnu/libgcc_s.so.1
7fe784a1d000-7fe784a1e000 rw-p 00015000 08:01 394049                     /lib/x86_64-linux-gnu/libgcc_s.so.1
7fe784a1e000-7fe784b90000 r-xp 00000000 08:01 657513                     /usr/lib/x86_64-linux-gnu/libstdc++.so.6.0.21
7fe784b90000-7fe784d90000 ---p 00172000 08:01 657513                     /usr/lib/x86_64-linux-gnu/libstdc++.so.6.0.21
7fe784d90000-7fe784d9a000 r--p 00172000 08:01 657513                     /usr/lib/x86_64-linux-gnu/libstdc++.so.6.0.21
7fe784d9a000-7fe784d9c000 rw-p 0017c000 08:01 657513                     /usr/lib/x86_64-linux-gnu/libstdc++.so.6.0.21
7fe784d9c000-7fe784da0000 rw-p 00000000 00:00 0 
7fe784da0000-7fe784e0d000 r-xp 00000000 08:01 919314                     /usr/lib/x86_64-linux-gnu/mesa/libGL.so.1.2.0
7fe784e0d000-7fe78500c000 ---p 0006d000 08:01 919314                     /usr/lib/x86_64-linux-gnu/mesa/libGL.so.1.2.0
7fe78500c000-7fe78500f000 r--p 0006c000 08:01 919314                     /usr/lib/x86_64-linux-gnu/mesa/libGL.so.1.2.0
7fe78500f000-7fe785010000 rw-p 0006f000 08:01 919314                     /usr/lib/x86_64-linux-gnu/mesa/libGL.so.1.2.0
7fe785010000-7fe785011000 rw-p 00000000 00:00 0 
7fe785011000-7fe785016000 r-xp 00000000 08:01 669423                     /usr/lib/x86_64-linux-gnu/libXxf86vm.so.1.0.0
7fe785016000-7fe785215000 ---p 00005000 08:01 669423                     /usr/lib/x86_64-linux-gnu/libXxf86vm.so.1.0.0
7fe785215000-7fe785216000 r--p 00004000 08:01 669423                     /usr/lib/x86_64-linux-gnu/libXxf86vm.so.1.0.0
7fe785216000-7fe785217000 rw-p 00005000 08:01 669423                     /usr/lib/x86_64-linux-gnu/libXxf86vm.so.1.0.0
7fe785217000-7fe78534c000 r-xp 00000000 08:01 669370                     /usr/lib/x86_64-linux-gnu/libX11.so.6.3.0
7fe78534c000-7fe78554c000 ---p 00135000 08:01 669370                     /usr/lib/x86_64-linux-gnu/libX11.so.6.3.0
7fe78554c000-7fe78554d000 r--p 00135000 08:01 669370                     /usr/lib/x86_64-linux-gnu/libX11.so.6.3.0
7fe78554d000-7fe785551000 rw-p 00136000 08:01 669370                     /usr/lib/x86_64-linux-gnu/libX11.so.6.3.0
7fe785551000-7fe785556000 r-xp 00000000 08:01 669413                     /usr/lib/x86_64-linux-gnu/libXtst.so.6.1.0
7fe785556000-7fe785755000 ---p 00005000 08:01 669413                     /usr/lib/x86_64-linux-gnu/libXtst.so.6.1.0
7fe785755000-7fe785756000 r--p 00004000 08:01 669413                     /usr/lib/x86_64-linux-gnu/libXtst.so.6.1.0
7fe785756000-7fe785757000 rw-p 00005000 08:01 669413                     /usr/lib/x86_64-linux-gnu/libXtst.so.6.1.0
7fe785757000-7fe785865000 r-xp 00000000 08:01 399178                     /lib/x86_64-linux-gnu/libglib-2.0.so.0.4800.0
7fe785865000-7fe785a65000 ---p 0010e000 08:01 399178                     /lib/x86_64-linux-gnu/libglib-2.0.so.0.4800.0
7fe785a65000-7fe785a66000 r--p 0010e000 08:01 399178                     /lib/x86_64-linux-gnu/libglib-2.0.so.0.4800.0
7fe785a66000-7fe785a67000 rw-p 0010f000 08:01 399178                     /lib/x86_64-linux-gnu/libglib-2.0.so.0.4800.0
7fe785a67000-7fe785a68000 rw-p 00000000 00:00 0 
7fe785a68000-7fe785a69000 r-xp 00000000 08:01 662553                     /usr/lib/x86_64-linux-gnu/libgthread-2.0.so.0.4800.0
7fe785a69000-7fe785c68000 ---p 00001000 08:01 662553                     /usr/lib/x86_64-linux-gnu/libgthread-2.0.so.0.4800.0
7fe785c68000-7fe785c69000 r--p 00000000 08:01 662553                     /usr/lib/x86_64-linux-gnu/libgthread-2.0.so.0.4800.0
7fe785c69000-7fe785c6a000 rw-p 00001000 08:01 662553                     /usr/lib/x86_64-linux-gnu/libgthread-2.0.so.0.4800.0
7fe785c6a000-7fe785c6d000 r-xp 00000000 08:01 662554                     /usr/lib/x86_64-linux-gnu/libgmodule-2.0.so.0.4800.0
7fe785c6d000-7fe785e6c000 ---p 00003000 08:01 662554                     /usr/lib/x86_64-linux-gnu/libgmodule-2.0.so.0.4800.0
7fe785e6c000-7fe785e6d000 r--p 00002000 08:01 662554                     /usr/lib/x86_64-linux-gnu/libgmodule-2.0.so.0.4800.0
7fe785e6d000-7fe785e6e000 rw-p 00003000 08:01 662554                     /usr/lib/x86_64-linux-gnu/libgmodule-2.0.so.0.4800.0
7fe785e6e000-7fe785ec0000 r-xp 00000000 08:01 657079                     /usr/lib/x86_64-linux-gnu/libgobject-2.0.so.0.4800.0
7fe785ec0000-7fe7860bf000 ---p 00052000 08:01 657079                     /usr/lib/x86_64-linux-gnu/libgobject-2.0.so.0.4800.0
7fe7860bf000-7fe7860c0000 r--p 00051000 08:01 657079                     /usr/lib/x86_64-linux-gnu/libgobject-2.0.so.0.4800.0
7fe7860c0000-7fe7860c1000 rw-p 00052000 08:01 657079                     /usr/lib/x86_64-linux-gnu/libgobject-2.0.so.0.4800.0
7fe7860c1000-7fe7860fe000 r-xp 00000000 08:01 658855                     /usr/lib/x86_64-linux-gnu/libfontconfig.so.1.9.0
7fe7860fe000-7fe7862fd000 ---p 0003d000 08:01 658855                     /usr/lib/x86_64-linux-gnu/libfontconfig.so.1.9.0
7fe7862fd000-7fe7862ff000 r--p 0003c000 08:01 658855                     /usr/lib/x86_64-linux-gnu/libfontconfig.so.1.9.0
7fe7862ff000-7fe786304000 rw-p 0003e000 08:01 658855                     /usr/lib/x86_64-linux-gnu/libfontconfig.so.1.9.0
7fe786304000-7fe7863a8000 r-xp 00000000 08:01 658853                     /usr/lib/x86_64-linux-gnu/libfreetype.so.6.12.1
7fe7863a8000-7fe7865a7000 ---p 000a4000 08:01 658853                     /usr/lib/x86_64-linux-gnu/libfreetype.so.6.12.1
7fe7865a7000-7fe7865ad000 r--p 000a3000 08:01 658853                     /usr/lib/x86_64-linux-gnu/libfreetype.so.6.12.1
7fe7865ad000-7fe7865ae000 rw-p 000a9000 08:01 658853                     /usr/lib/x86_64-linux-gnu/libfreetype.so.6.12.1
7fe7865ae000-7fe7865f7000 r-xp 00000000 08:01 660567                     /usr/lib/x86_64-linux-gnu/libpango-1.0.so.0.3800.1
7fe7865f7000-7fe7867f7000 ---p 00049000 08:01 660567                     /usr/lib/x86_64-linux-gnu/libpango-1.0.so.0.3800.1
7fe7867f7000-7fe7867f9000 r--p 00049000 08:01 660567                     /usr/lib/x86_64-linux-gnu/libpango-1.0.so.0.3800.1
7fe7867f9000-7fe7867fa000 rw-p 0004b000 08:01 660567                     /usr/lib/x86_64-linux-gnu/libpango-1.0.so.0.3800.1
7fe7867fa000-7fe786908000 r-xp 00000000 08:01 659822                     /usr/lib/x86_64-linux-gnu/libcairo.so.2.11400.6
7fe786908000-7fe786b08000 ---p 0010e000 08:01 659822                     /usr/lib/x86_64-linux-gnu/libcairo.so.2.11400.6
7fe786b08000-7fe786b0b000 r--p 0010e000 08:01 659822                     /usr/lib/x86_64-linux-gnu/libcairo.so.2.11400.6
7fe786b0b000-7fe786b0c000 rw-p 00111000 08:01 659822                     /usr/lib/x86_64-linux-gnu/libcairo.so.2.11400.6
7fe786b0c000-7fe786b0e000 rw-p 00000000 00:00 0 
7fe786b0e000-7fe786b1a000 r-xp 00000000 08:01 660532                     /usr/lib/x86_64-linux-gnu/libpangocairo-1.0.so.0.3800.1
7fe786b1a000-7fe786d19000 ---p 0000c000 08:01 660532                     /usr/lib/x86_64-linux-gnu/libpangocairo-1.0.so.0.3800.1
7fe786d19000-7fe786d1a000 r--p 0000b000 08:01 660532                     /usr/lib/x86_64-linux-gnu/libpangocairo-1.0.so.0.3800.1
7fe786d1a000-7fe786d1b000 rw-p 0000c000 08:01 660532                     /usr/lib/x86_64-linux-gnu/libpangocairo-1.0.so.0.3800.1
7fe786d1b000-7fe786d3c000 r-xp 00000000 08:01 669582                     /usr/lib/x86_64-linux-gnu/libgdk_pixbuf-2.0.so.0.3200.2
7fe786d3c000-7fe786f3b000 ---p 00021000 08:01 669582                     /usr/lib/x86_64-linux-gnu/libgdk_pixbuf-2.0.so.0.3200.2
7fe786f3b000-7fe786f3c000 r--p 00020000 08:01 669582                     /usr/lib/x86_64-linux-gnu/libgdk_pixbuf-2.0.so.0.3200.2
7fe786f3c000-7fe786f3d000 rw-p 00021000 08:01 669582                     /usr/lib/x86_64-linux-gnu/libgdk_pixbuf-2.0.so.0.3200.2
7fe786f3d000-7fe786f51000 r-xp 00000000 08:01 660563                     /usr/lib/x86_64-linux-gnu/libpangoft2-1.0.so.0.3800.1
7fe786f51000-7fe787151000 ---p 00014000 08:01 660563                     /usr/lib/x86_64-linux-gnu/libpangoft2-1.0.so.0.3800.1
7fe787151000-7fe787152000 r--p 00014000 08:01 660563                     /usr/lib/x86_64-linux-gnu/libpangoft2-1.0.so.0.3800.1
7fe787152000-7fe787153000 rw-p 00015000 08:01 660563                     /usr/lib/x86_64-linux-gnu/libpangoft2-1.0.so.0.3800.1
7fe787153000-7fe7872d3000 r-xp 00000000 08:01 658311                     /usr/lib/x86_64-linux-gnu/libgio-2.0.so.0.4800.0
7fe7872d3000-7fe7874d3000 ---p 00180000 08:01 658311                     /usr/lib/x86_64-linux-gnu/libgio-2.0.so.0.4800.0
7fe7874d3000-7fe7874d7000 r--p 00180000 08:01 658311                     /usr/lib/x86_64-linux-gnu/libgio-2.0.so.0.4800.0
7fe7874d7000-7fe7874d9000 rw-p 00184000 08:01 658311                     /usr/lib/x86_64-linux-gnu/libgio-2.0.so.0.4800.0
7fe7874d9000-7fe7874db000 rw-p 00000000 00:00 0 
7fe7874db000-7fe7874fd000 r-xp 00000000 08:01 663939                     /usr/lib/x86_64-linux-gnu/libatk-1.0.so.0.21809.1
7fe7874fd000-7fe7876fc000 ---p 00022000 08:01 663939                     /usr/lib/x86_64-linux-gnu/libatk-1.0.so.0.21809.1
7fe7876fc000-7fe7876ff000 r--p 00021000 08:01 663939                     /usr/lib/x86_64-linux-gnu/libatk-1.0.so.0.21809.1
7fe7876ff000-7fe787700000 rw-p 00024000 08:01 663939                     /usr/lib/x86_64-linux-gnu/libatk-1.0.so.0.21809.1
7fe787700000-7fe7877b0000 r-xp 00000000 08:01 659698                     /usr/lib/x86_64-linux-gnu/libgdk-x11-2.0.so.0.2400.30
7fe7877b0000-7fe7879af000 ---p 000b0000 08:01 659698                     /usr/lib/x86_64-linux-gnu/libgdk-x11-2.0.so.0.2400.30
7fe7879af000-7fe7879b3000 r--p 000af000 08:01 659698                     /usr/lib/x86_64-linux-gnu/libgdk-x11-2.0.so.0.2400.30
7fe7879b3000-7fe7879b5000 rw-p 000b3000 08:01 659698                     /usr/lib/x86_64-linux-gnu/libgdk-x11-2.0.so.0.2400.30
7fe7879b5000-7fe787df3000 r-xp 00000000 08:01 659699                     /usr/lib/x86_64-linux-gnu/libgtk-x11-2.0.so.0.2400.30
7fe787df3000-7fe787ff2000 ---p 0043e000 08:01 659699                     /usr/lib/x86_64-linux-gnu/libgtk-x11-2.0.so.0.2400.30
7fe787ff2000-7fe787ff9000 r--p 0043d000 08:01 659699                     /usr/lib/x86_64-linux-gnu/libgtk-x11-2.0.so.0.2400.30
7fe787ff9000-7fe787ffd000 rw-p 00444000 08:01 659699                     /usr/lib/x86_64-linux-gnu/libgtk-x11-2.0.so.0.2400.30
7fe787ffd000-7fe788000000 rw-p 00000000 00:00 0 
7fe788000000-7fe788021000 rw-p 00000000 00:00 0 
7fe788021000-7fe78c000000 ---p 00000000 00:00 0 
7fe78c000000-7fe78c729000 rw-p 00000000 00:00 0 
7fe78c729000-7fe790000000 ---p 00000000 00:00 0 
7fe790000000-7fe7902cc000 rw-p 00000000 00:00 0 
7fe7902cc000-7fe794000000 ---p 00000000 00:00 0 
7fe794000000-7fe794021000 rw-p 00000000 00:00 0 
7fe794021000-7fe798000000 ---p 00000000 00:00 0 
7fe798000000-7fe798021000 rw-p 00000000 00:00 0 
7fe798021000-7fe79c000000 ---p 00000000 00:00 0 
7fe79c000000-7fe79c112000 rw-p 00000000 00:00 0 
7fe79c112000-7fe7a0000000 ---p 00000000 00:00 0 
7fe7a0000000-7fe7a0021000 rw-p 00000000 00:00 0 
7fe7a0021000-7fe7a4000000 ---p 00000000 00:00 0 
7fe7a4000000-7fe7a4021000 rw-p 00000000 00:00 0 
7fe7a4021000-7fe7a8000000 ---p 00000000 00:00 0 
7fe7a8000000-7fe7a8021000 rw-p 00000000 00:00 0 
7fe7a8021000-7fe7ac000000 ---p 00000000 00:00 0 
7fe7ac000000-7fe7ac021000 rw-p 00000000 00:00 0 
7fe7ac021000-7fe7b0000000 ---p 00000000 00:00 0 
7fe7b0000000-7fe7b0021000 rw-p 00000000 00:00 0 
7fe7b0021000-7fe7b4000000 ---p 00000000 00:00 0 
7fe7b402a000-7fe7b402c000 rw-s 115314000 00:06 262                       /dev/dri/card0
7fe7b402c000-7fe7b402d000 rw-s 1144c5000 00:06 262                       /dev/dri/card0
7fe7b402d000-7fe7b4032000 r--s 00084000 08:01 299016                     /home/mirko/jdk1.8.0_73/jre/lib/jfr.jar
7fe7b4032000-7fe7b403d000 r--s 00000000 08:01 133025                     /var/cache/fontconfig/945677eb7aeaf62f1d50efc3fb3ec7d8-le64.cache-6
7fe7b403d000-7fe7b4043000 r--s 00000000 08:01 133061                     /var/cache/fontconfig/2cd17615ca594fa2959ae173292e504c-le64.cache-6
7fe7b4043000-7fe7b4044000 r--s 00000000 08:01 133060                     /var/cache/fontconfig/0d8c3b2ac0904cb8a57a757ad11a4a08-le64.cache-6
7fe7b4044000-7fe7b4059000 r--s 00000000 08:01 133057                     /var/cache/fontconfig/04aabc0a78ac019cf9454389977116d2-le64.cache-6
7fe7b4059000-7fe7b405a000 r--s 00000000 08:01 133056                     /var/cache/fontconfig/1ac9eb803944fde146138c791f5cc56a-le64.cache-6
7fe7b405a000-7fe7b405e000 r--s 00000000 08:01 133055                     /var/cache/fontconfig/385c0604a188198f04d133e54aba7fe7-le64.cache-6
7fe7b405e000-7fe7b405f000 r--s 00000000 08:01 133054                     /var/cache/fontconfig/dc05db6664285cc2f12bf69c139ae4c3-le64.cache-6
7fe7b405f000-7fe7b4062000 r--s 00000000 08:01 133053                     /var/cache/fontconfig/767a8244fc0220cfb567a839d0392e0b-le64.cache-6
7fe7b4062000-7fe7b4063000 r--s 00000000 08:01 138405                     /var/cache/fontconfig/4794a0821666d79190d59a36cb4f44b5-le64.cache-6
7fe7b4063000-7fe7b4068000 r--s 00000000 08:01 133051                     /var/cache/fontconfig/8801497958630a81b71ace7c5f9b32a8-le64.cache-6
7fe7b4068000-7fe7b4069000 r--s 00000000 08:01 133050                     /var/cache/fontconfig/bab58bb527bb656aaa9f116d68a48d89-le64.cache-6
7fe7b4069000-7fe7b4070000 r--s 00000000 08:01 133049                     /var/cache/fontconfig/3047814df9a2f067bd2d96a2b9c36e5a-le64.cache-6
7fe7b4070000-7fe7b4071000 r--s 00000000 08:01 133048                     /var/cache/fontconfig/56cf4f4769d0f4abc89a4895d7bd3ae1-le64.cache-6
7fe7b4071000-7fe7b4084000 r--s 00000000 08:01 133045                     /var/cache/fontconfig/d52a8644073d54c13679302ca1180695-le64.cache-6
7fe7b4084000-7fe7b408f000 r--s 00000000 08:01 133042                     /var/cache/fontconfig/d589a48862398ed80a3d6066f4f56f4c-le64.cache-6
7fe7b408f000-7fe7b409a000 r--s 00000000 08:01 133038                     /var/cache/fontconfig/83bf95040141907cd45bb53cf7c1c148-le64.cache-6
7fe7b409a000-7fe7b40ac000 r--s 00000000 08:01 131579                     /var/cache/fontconfig/9b89f8e3dae116d678bbf48e5f21f69b-le64.cache-6
7fe7b40ac000-7fe7b40b5000 r--s 00000000 08:01 133023                     /var/cache/fontconfig/d0972c3d32f097851eb916381fc38920-le64.cache-6
7fe7b40b5000-7fe7b40c2000 r--s 00000000 08:01 133021                     /var/cache/fontconfig/e13b20fdb08344e0e664864cc2ede53d-le64.cache-6
7fe7b40c2000-7fe7b40ce000 rw-s 10ef82000 00:06 262                       /dev/dri/card0
7fe7b40ce000-7fe7b4116000 r--p 00000000 08:01 936132                     /usr/share/glib-2.0/schemas/gschemas.compiled
7fe7b4116000-7fe7b4140000 r--p 00000000 08:01 932375                     /usr/share/locale-langpack/it/LC_MESSAGES/gtk20-properties.mo
7fe7b4140000-7fe7b4162000 r--p 00000000 08:01 932601                     /usr/share/locale-langpack/it/LC_MESSAGES/libc.mo
7fe7b4162000-7fe7b416e000 r-xp 00000000 08:01 298774                     /home/mirko/jdk1.8.0_73/jre/lib/amd64/libprism_es2.so
7fe7b416e000-7fe7b436d000 ---p 0000c000 08:01 298774                     /home/mirko/jdk1.8.0_73/jre/lib/amd64/libprism_es2.so
7fe7b436d000-7fe7b436e000 rw-p 0000b000 08:01 298774                     /home/mirko/jdk1.8.0_73/jre/lib/amd64/libprism_es2.so
7fe7b436e000-7fe7b4371000 ---p 00000000 00:00 0 
7fe7b4371000-7fe7b446f000 rw-p 00000000 00:00 0 
7fe7b446f000-7fe7b4504000 r--s 01108000 08:01 298922                     /home/mirko/jdk1.8.0_73/jre/lib/ext/jfxrt.jar
7fe7b4504000-7fe7b4505000 ---p 00000000 00:00 0 
7fe7b4505000-7fe7b4605000 rw-p 00000000 00:00 0 
7fe7b4605000-7fe7b4608000 ---p 00000000 00:00 0 
7fe7b4608000-7fe7b4706000 rw-p 00000000 00:00 0 
7fe7b4706000-7fe7b4709000 ---p 00000000 00:00 0 
7fe7b4709000-7fe7b4807000 rw-p 00000000 00:00 0 
7fe7b4807000-7fe7b480a000 ---p 00000000 00:00 0 
7fe7b480a000-7fe7b4908000 rw-p 00000000 00:00 0 
7fe7b4908000-7fe7b490b000 ---p 00000000 00:00 0 
7fe7b490b000-7fe7b4a09000 rw-p 00000000 00:00 0 
7fe7b4a09000-7fe7b4ce3000 r--p 00000000 08:01 658423                     /usr/lib/locale/locale-archive
7fe7b4ce3000-7fe7b4ce6000 ---p 00000000 00:00 0 
7fe7b4ce6000-7fe7b4de4000 rw-p 00000000 00:00 0 
7fe7b4de4000-7fe7b4de7000 ---p 00000000 00:00 0 
7fe7b4de7000-7fe7b4ee5000 rw-p 00000000 00:00 0 
7fe7b4ee5000-7fe7b4ee6000 ---p 00000000 00:00 0 
7fe7b4ee6000-7fe7b58ef000 rw-p 00000000 00:00 0 
7fe7b58ef000-7fe7b5ac7000 r--s 03d23000 08:01 299029                     /home/mirko/jdk1.8.0_73/jre/lib/rt.jar
7fe7b5ac7000-7fe7b9000000 rw-p 00000000 00:00 0 
7fe7b9000000-7fe7b9340000 rwxp 00000000 00:00 0 
7fe7b9340000-7fe7c8000000 ---p 00000000 00:00 0 
7fe7c8000000-7fe7c8456000 rw-p 00000000 00:00 0 
7fe7c8456000-7fe7cc000000 ---p 00000000 00:00 0 
7fe7cc000000-7fe7cc001000 r--s 00000000 08:01 133047                     /var/cache/fontconfig/b9d506c9ac06c20b433354fa67a72993-le64.cache-6
7fe7cc001000-7fe7cc01f000 r-xp 00000000 08:01 395424                     /lib/x86_64-linux-gnu/libudev.so.1.6.4
7fe7cc01f000-7fe7cc020000 r--p 0001d000 08:01 395424                     /lib/x86_64-linux-gnu/libudev.so.1.6.4
7fe7cc020000-7fe7cc021000 rw-p 0001e000 08:01 395424                     /lib/x86_64-linux-gnu/libudev.so.1.6.4
7fe7cc021000-7fe7cc027000 r--s 00000000 08:01 133046                     /var/cache/fontconfig/b47c4e1ecd0709278f4910c18777a504-le64.cache-6
7fe7cc027000-7fe7cc028000 r--s 00000000 08:01 133044                     /var/cache/fontconfig/551ecf3b0e8b0bca0f25c0944f561853-le64.cache-6
7fe7cc028000-7fe7cc041000 r--p 00000000 08:01 932427                     /usr/share/locale-langpack/it/LC_MESSAGES/glib20.mo
7fe7cc041000-7fe7cc0b7000 rw-p 00000000 00:00 0 
7fe7cc0b7000-7fe7cc0b8000 ---p 00000000 00:00 0 
7fe7cc0b8000-7fe7cc1b8000 rw-p 00000000 00:00 0 
7fe7cc1b8000-7fe7cc1b9000 ---p 00000000 00:00 0 
7fe7cc1b9000-7fe7cc2d6000 rw-p 00000000 00:00 0 
7fe7cc2d6000-7fe7cc47f000 ---p 00000000 00:00 0 
7fe7cc47f000-7fe7cc49c000 rw-p 00000000 00:00 0 
7fe7cc49c000-7fe7cc645000 ---p 00000000 00:00 0 
7fe7cc645000-7fe7cc654000 rw-p 00000000 00:00 0 
7fe7cc654000-7fe7cc728000 ---p 00000000 00:00 0 
7fe7cc728000-7fe7cc736000 rw-p 00000000 00:00 0 
7fe7cc736000-7fe7ccae9000 ---p 00000000 00:00 0 
7fe7ccae9000-7fe7ccb03000 r-xp 00000000 08:01 298891                     /home/mirko/jdk1.8.0_73/jre/lib/amd64/libzip.so
7fe7ccb03000-7fe7ccd03000 ---p 0001a000 08:01 298891                     /home/mirko/jdk1.8.0_73/jre/lib/amd64/libzip.so
7fe7ccd03000-7fe7ccd04000 rw-p 0001a000 08:01 298891                     /home/mirko/jdk1.8.0_73/jre/lib/amd64/libzip.so
7fe7ccd04000-7fe7ccd0f000 r-xp 00000000 08:01 408815                     /lib/x86_64-linux-gnu/libnss_files-2.23.so
7fe7ccd0f000-7fe7ccf0e000 ---p 0000b000 08:01 408815                     /lib/x86_64-linux-gnu/libnss_files-2.23.so
7fe7ccf0e000-7fe7ccf0f000 r--p 0000a000 08:01 408815                     /lib/x86_64-linux-gnu/libnss_files-2.23.so
7fe7ccf0f000-7fe7ccf10000 rw-p 0000b000 08:01 408815                     /lib/x86_64-linux-gnu/libnss_files-2.23.so
7fe7ccf10000-7fe7ccf16000 rw-p 00000000 00:00 0 
7fe7ccf16000-7fe7ccf21000 r-xp 00000000 08:01 408811                     /lib/x86_64-linux-gnu/libnss_nis-2.23.so
7fe7ccf21000-7fe7cd120000 ---p 0000b000 08:01 408811                     /lib/x86_64-linux-gnu/libnss_nis-2.23.so
7fe7cd120000-7fe7cd121000 r--p 0000a000 08:01 408811                     /lib/x86_64-linux-gnu/libnss_nis-2.23.so
7fe7cd121000-7fe7cd122000 rw-p 0000b000 08:01 408811                     /lib/x86_64-linux-gnu/libnss_nis-2.23.so
7fe7cd122000-7fe7cd138000 r-xp 00000000 08:01 408779                     /lib/x86_64-linux-gnu/libnsl-2.23.so
7fe7cd138000-7fe7cd337000 ---p 00016000 08:01 408779                     /lib/x86_64-linux-gnu/libnsl-2.23.so
7fe7cd337000-7fe7cd338000 r--p 00015000 08:01 408779                     /lib/x86_64-linux-gnu/libnsl-2.23.so
7fe7cd338000-7fe7cd339000 rw-p 00016000 08:01 408779                     /lib/x86_64-linux-gnu/libnsl-2.23.so
7fe7cd339000-7fe7cd33b000 rw-p 00000000 00:00 0 
7fe7cd33b000-7fe7cd343000 r-xp 00000000 08:01 408728                     /lib/x86_64-linux-gnu/libnss_compat-2.23.so
7fe7cd343000-7fe7cd542000 ---p 00008000 08:01 408728                     /lib/x86_64-linux-gnu/libnss_compat-2.23.so
7fe7cd542000-7fe7cd543000 r--p 00007000 08:01 408728                     /lib/x86_64-linux-gnu/libnss_compat-2.23.so
7fe7cd543000-7fe7cd544000 rw-p 00008000 08:01 408728                     /lib/x86_64-linux-gnu/libnss_compat-2.23.so
7fe7cd544000-7fe7cd56e000 r-xp 00000000 08:01 298868                     /home/mirko/jdk1.8.0_73/jre/lib/amd64/libjava.so
7fe7cd56e000-7fe7cd76e000 ---p 0002a000 08:01 298868                     /home/mirko/jdk1.8.0_73/jre/lib/amd64/libjava.so
7fe7cd76e000-7fe7cd770000 rw-p 0002a000 08:01 298868                     /home/mirko/jdk1.8.0_73/jre/lib/amd64/libjava.so
7fe7cd770000-7fe7cd77d000 r-xp 00000000 08:01 298835                     /home/mirko/jdk1.8.0_73/jre/lib/amd64/libverify.so
7fe7cd77d000-7fe7cd97d000 ---p 0000d000 08:01 298835                     /home/mirko/jdk1.8.0_73/jre/lib/amd64/libverify.so
7fe7cd97d000-7fe7cd97f000 rw-p 0000d000 08:01 298835                     /home/mirko/jdk1.8.0_73/jre/lib/amd64/libverify.so
7fe7cd97f000-7fe7cd986000 r-xp 00000000 08:01 408854                     /lib/x86_64-linux-gnu/librt-2.23.so
7fe7cd986000-7fe7cdb85000 ---p 00007000 08:01 408854                     /lib/x86_64-linux-gnu/librt-2.23.so
7fe7cdb85000-7fe7cdb86000 r--p 00006000 08:01 408854                     /lib/x86_64-linux-gnu/librt-2.23.so
7fe7cdb86000-7fe7cdb87000 rw-p 00007000 08:01 408854                     /lib/x86_64-linux-gnu/librt-2.23.so
7fe7cdb87000-7fe7cdc8f000 r-xp 00000000 08:01 408836                     /lib/x86_64-linux-gnu/libm-2.23.so
7fe7cdc8f000-7fe7cde8e000 ---p 00108000 08:01 408836                     /lib/x86_64-linux-gnu/libm-2.23.so
7fe7cde8e000-7fe7cde8f000 r--p 00107000 08:01 408836                     /lib/x86_64-linux-gnu/libm-2.23.so
7fe7cde8f000-7fe7cde90000 rw-p 00108000 08:01 408836                     /lib/x86_64-linux-gnu/libm-2.23.so
7fe7cde90000-7fe7ceb4f000 r-xp 00000000 08:01 298756                     /home/mirko/jdk1.8.0_73/jre/lib/amd64/server/libjvm.so
7fe7ceb4f000-7fe7ced4e000 ---p 00cbf000 08:01 298756                     /home/mirko/jdk1.8.0_73/jre/lib/amd64/server/libjvm.so
7fe7ced4e000-7fe7cee27000 rw-p 00cbe000 08:01 298756                     /home/mirko/jdk1.8.0_73/jre/lib/amd64/server/libjvm.so
7fe7cee27000-7fe7cee70000 rw-p 00000000 00:00 0 
7fe7cee70000-7fe7cf030000 r-xp 00000000 08:01 408903                     /lib/x86_64-linux-gnu/libc-2.23.so
7fe7cf030000-7fe7cf22f000 ---p 001c0000 08:01 408903                     /lib/x86_64-linux-gnu/libc-2.23.so
7fe7cf22f000-7fe7cf233000 r--p 001bf000 08:01 408903                     /lib/x86_64-linux-gnu/libc-2.23.so
7fe7cf233000-7fe7cf235000 rw-p 001c3000 08:01 408903                     /lib/x86_64-linux-gnu/libc-2.23.so
7fe7cf235000-7fe7cf239000 rw-p 00000000 00:00 0 
7fe7cf239000-7fe7cf23c000 r-xp 00000000 08:01 408904                     /lib/x86_64-linux-gnu/libdl-2.23.so
7fe7cf23c000-7fe7cf43b000 ---p 00003000 08:01 408904                     /lib/x86_64-linux-gnu/libdl-2.23.so
7fe7cf43b000-7fe7cf43c000 r--p 00002000 08:01 408904                     /lib/x86_64-linux-gnu/libdl-2.23.so
7fe7cf43c000-7fe7cf43d000 rw-p 00003000 08:01 408904                     /lib/x86_64-linux-gnu/libdl-2.23.so
7fe7cf43d000-7fe7cf452000 r-xp 00000000 08:01 298814                     /home/mirko/jdk1.8.0_73/jre/lib/amd64/jli/libjli.so
7fe7cf452000-7fe7cf652000 ---p 00015000 08:01 298814                     /home/mirko/jdk1.8.0_73/jre/lib/amd64/jli/libjli.so
7fe7cf652000-7fe7cf653000 rw-p 00015000 08:01 298814                     /home/mirko/jdk1.8.0_73/jre/lib/amd64/jli/libjli.so
7fe7cf653000-7fe7cf66b000 r-xp 00000000 08:01 408902                     /lib/x86_64-linux-gnu/libpthread-2.23.so
7fe7cf66b000-7fe7cf86a000 ---p 00018000 08:01 408902                     /lib/x86_64-linux-gnu/libpthread-2.23.so
7fe7cf86a000-7fe7cf86b000 r--p 00017000 08:01 408902                     /lib/x86_64-linux-gnu/libpthread-2.23.so
7fe7cf86b000-7fe7cf86c000 rw-p 00018000 08:01 408902                     /lib/x86_64-linux-gnu/libpthread-2.23.so
7fe7cf86c000-7fe7cf870000 rw-p 00000000 00:00 0 
7fe7cf870000-7fe7cf896000 r-xp 00000000 08:01 408879                     /lib/x86_64-linux-gnu/ld-2.23.so
7fe7cf896000-7fe7cf897000 r--s 00000000 08:01 133041                     /var/cache/fontconfig/30829fa25452a46451e813d634d7f916-le64.cache-6
7fe7cf897000-7fe7cf89a000 r--s 00000000 08:01 133039                     /var/cache/fontconfig/75114ca45c98e8a441da0ff356701271-le64.cache-6
7fe7cf89a000-7fe7cf8a9000 r--p 00000000 08:01 932380                     /usr/share/locale-langpack/it/LC_MESSAGES/gtk20.mo
7fe7cf8a9000-7fe7cf96e000 rw-p 00000000 00:00 0 
7fe7cf96e000-7fe7cf971000 ---p 00000000 00:00 0 
7fe7cf971000-7fe7cfa73000 rw-p 00000000 00:00 0 
7fe7cfa73000-7fe7cfa74000 r--s 00000000 08:01 133067                     /var/cache/fontconfig/0c9eb80ebd1c36541ebe2852d3bb0c49-le64.cache-6
7fe7cfa74000-7fe7cfa78000 r--s 00000000 08:01 131941                     /var/cache/fontconfig/7ef2298fde41cc6eeb7af42e48b7d293-le64.cache-6
7fe7cfa78000-7fe7cfa7f000 r--p 00000000 08:01 265663                     /home/mirko/.config/dconf/user
7fe7cfa7f000-7fe7cfa80000 r--s 00000000 00:2d 31                         /run/user/1000/dconf/user
7fe7cfa80000-7fe7cfa87000 r--s 00000000 08:01 933543                     /usr/lib/x86_64-linux-gnu/gconv/gconv-modules.cache
7fe7cfa87000-7fe7cfa89000 r--s 00000000 08:01 534477                     /home/mirko/NetBeansProjects/Scacchiera/dist/run182662683/Scacchiera.jar
7fe7cfa89000-7fe7cfa91000 rw-s 00000000 08:01 534535                     /tmp/hsperfdata_mirko/4324
7fe7cfa91000-7fe7cfa92000 rw-p 00000000 00:00 0 
7fe7cfa92000-7fe7cfa93000 r--p 00000000 00:00 0 
7fe7cfa93000-7fe7cfa95000 rw-p 00000000 00:00 0 
7fe7cfa95000-7fe7cfa96000 r--p 00025000 08:01 408879                     /lib/x86_64-linux-gnu/ld-2.23.so
7fe7cfa96000-7fe7cfa97000 rw-p 00026000 08:01 408879                     /lib/x86_64-linux-gnu/ld-2.23.so
7fe7cfa97000-7fe7cfa98000 rw-p 00000000 00:00 0 
7ffef35c6000-7ffef35e7000 rw-p 00000000 00:00 0                          [stack]
7ffef35e7000-7ffef35e9000 r--p 00000000 00:00 0                          [vvar]
7ffef35e9000-7ffef35eb000 r-xp 00000000 00:00 0                          [vdso]
ffffffffff600000-ffffffffff601000 r-xp 00000000 00:00 0                  [vsyscall]

VM Arguments:
jvm_args: -Dfile.encoding=UTF-8 
java_command: /home/mirko/NetBeansProjects/Scacchiera/dist/run182662683/Scacchiera.jar
java_class_path (initial): /home/mirko/NetBeansProjects/Scacchiera/dist/run182662683/Scacchiera.jar
Launcher Type: SUN_STANDARD

Environment Variables:
PATH=/usr/local/sbin:/usr/local/bin:/usr/sbin:/usr/bin:/sbin:/bin:/usr/games:/usr/local/games:/snap/bin
LD_LIBRARY_PATH=/home/mirko/jdk1.8.0_73/jre/lib/amd64:/home/mirko/jdk1.8.0_73/jre/lib/i386:
SHELL=/bin/bash
DISPLAY=:0

Signal Handlers:
SIGSEGV: [libjvm.so+0xabafa0], sa_mask[0]=11111111011111111101111111111110, sa_flags=SA_RESTART|SA_SIGINFO
SIGBUS: [libjvm.so+0xabafa0], sa_mask[0]=11111111011111111101111111111110, sa_flags=SA_RESTART|SA_SIGINFO
SIGFPE: [libjvm.so+0x9183c0], sa_mask[0]=11111111011111111101111111111110, sa_flags=SA_RESTART|SA_SIGINFO
SIGPIPE: SIG_IGN, sa_mask[0]=00000000000010000000000000000000, sa_flags=SA_RESTART
SIGXFSZ: [libjvm.so+0x9183c0], sa_mask[0]=11111111011111111101111111111110, sa_flags=SA_RESTART|SA_SIGINFO
SIGILL: [libjvm.so+0x9183c0], sa_mask[0]=11111111011111111101111111111110, sa_flags=SA_RESTART|SA_SIGINFO
SIGUSR1: SIG_DFL, sa_mask[0]=00000000000000000000000000000000, sa_flags=none
SIGUSR2: [libjvm.so+0x9199f0], sa_mask[0]=00100000000000000000000000000000, sa_flags=SA_RESTART|SA_SIGINFO
SIGHUP: [libjvm.so+0x91adf0], sa_mask[0]=11111111011111111101111111111110, sa_flags=SA_RESTART|SA_SIGINFO
SIGINT: SIG_IGN, sa_mask[0]=00000000000000000000000000000000, sa_flags=none
SIGTERM: [libjvm.so+0x91adf0], sa_mask[0]=11111111011111111101111111111110, sa_flags=SA_RESTART|SA_SIGINFO
SIGQUIT: [libjvm.so+0x91adf0], sa_mask[0]=11111111011111111101111111111110, sa_flags=SA_RESTART|SA_SIGINFO


---------------  S Y S T E M  ---------------

OS:DISTRIB_ID=Ubuntu
DISTRIB_RELEASE=16.04
DISTRIB_CODENAME=xenial
DISTRIB_DESCRIPTION="Ubuntu 16.04 LTS"

uname:Linux 4.4.0-22-generic #40-Ubuntu SMP Thu May 12 22:03:46 UTC 2016 x86_64
libc:glibc 2.23 NPTL 2.23 
rlimit: STACK 8192k, CORE 0k, NPROC 21620, NOFILE 65536, AS infinity
load average:1,84 0,91 0,52

/proc/meminfo:
MemTotal:        5573612 kB
MemFree:         2323872 kB
MemAvailable:    3502752 kB
Buffers:          160136 kB
Cached:          1039180 kB
SwapCached:            0 kB
Active:          2363016 kB
Inactive:         597188 kB
Active(anon):    1762268 kB
Inactive(anon):    92356 kB
Active(file):     600748 kB
Inactive(file):   504832 kB
Unevictable:          48 kB
Mlocked:              48 kB
SwapTotal:       4881404 kB
SwapFree:        4881404 kB
Dirty:               964 kB
Writeback:             0 kB
AnonPages:       1761028 kB
Mapped:           380508 kB
Shmem:             93644 kB
Slab:             140756 kB
SReclaimable:     108340 kB
SUnreclaim:        32416 kB
KernelStack:        9024 kB
PageTables:        37832 kB
NFS_Unstable:          0 kB
Bounce:                0 kB
WritebackTmp:          0 kB
CommitLimit:     7668208 kB
Committed_AS:    5946388 kB
VmallocTotal:   34359738367 kB
VmallocUsed:           0 kB
VmallocChunk:          0 kB
HardwareCorrupted:     0 kB
AnonHugePages:    772096 kB
CmaTotal:              0 kB
CmaFree:               0 kB
HugePages_Total:       0
HugePages_Free:        0
HugePages_Rsvd:        0
HugePages_Surp:        0
Hugepagesize:       2048 kB
DirectMap4k:      175400 kB
DirectMap2M:     4521984 kB
DirectMap1G:     1048576 kB


CPU:total 2 (2 cores per cpu, 1 threads per core) family 18 model 1 stepping 0, cmov, cx8, fxsr, mmx, sse, sse2, sse3, popcnt, mmxext, 3dnowpref, lzcnt, sse4a, tsc, tscinvbit, tscinv

/proc/cpuinfo:
processor	: 0
vendor_id	: AuthenticAMD
cpu family	: 18
model		: 1
model name	: AMD A4-3300M APU with Radeon(tm) HD Graphics
stepping	: 0
microcode	: 0x3000014
cpu MHz		: 1900.000
cache size	: 1024 KB
physical id	: 0
siblings	: 2
core id		: 0
cpu cores	: 2
apicid		: 0
initial apicid	: 0
fpu		: yes
fpu_exception	: yes
cpuid level	: 6
wp		: yes
flags		: fpu vme de pse tsc msr pae mce cx8 apic sep mtrr pge mca cmov pat pse36 clflush mmx fxsr sse sse2 ht syscall nx mmxext fxsr_opt pdpe1gb rdtscp lm 3dnowext 3dnow constant_tsc rep_good nopl nonstop_tsc extd_apicid aperfmperf pni monitor cx16 popcnt lahf_lm cmp_legacy svm extapic cr8_legacy abm sse4a misalignsse 3dnowprefetch osvw ibs skinit wdt cpb hw_pstate vmmcall arat npt lbrv svm_lock nrip_save pausefilter
bugs		: fxsave_leak sysret_ss_attrs
bogomips	: 3793.19
TLB size	: 1536 4K pages
clflush size	: 64
cache_alignment	: 64
address sizes	: 40 bits physical, 48 bits virtual
power management: ts ttp tm stc 100mhzsteps hwpstate cpb

processor	: 1
vendor_id	: AuthenticAMD
cpu family	: 18
model		: 1
model name	: AMD A4-3300M APU with Radeon(tm) HD Graphics
stepping	: 0
microcode	: 0x3000014
cpu MHz		: 1600.000
cache size	: 1024 KB
physical id	: 0
siblings	: 2
core id		: 1
cpu cores	: 2
apicid		: 1
initial apicid	: 1
fpu		: yes
fpu_exception	: yes
cpuid level	: 6
wp		: yes
flags		: fpu vme de pse tsc msr pae mce cx8 apic sep mtrr pge mca cmov pat pse36 clflush mmx fxsr sse sse2 ht syscall nx mmxext fxsr_opt pdpe1gb rdtscp lm 3dnowext 3dnow constant_tsc rep_good nopl nonstop_tsc extd_apicid aperfmperf pni monitor cx16 popcnt lahf_lm cmp_legacy svm extapic cr8_legacy abm sse4a misalignsse 3dnowprefetch osvw ibs skinit wdt cpb hw_pstate vmmcall arat npt lbrv svm_lock nrip_save pausefilter
bugs		: fxsave_leak sysret_ss_attrs
bogomips	: 3793.19
TLB size	: 1536 4K pages
clflush size	: 64
cache_alignment	: 64
address sizes	: 40 bits physical, 48 bits virtual
power management: ts ttp tm stc 100mhzsteps hwpstate cpb



Memory: 4k page, physical 5573612k(2323872k free), swap 4881404k(4881404k free)

vm_info: Java HotSpot(TM) 64-Bit Server VM (25.73-b02) for linux-amd64 JRE (1.8.0_73-b02), built on Jan 29 2016 17:39:45 by "java_re" with gcc 4.3.0 20080428 (Red Hat 4.3.0-8)

time: Fri Jun  3 11:01:45 2016
elapsed time: 2 seconds (0d 0h 0m 2s)

