#
# A fatal error has been detected by the Java Runtime Environment:
#
#  SIGSEGV (0xb) at pc=0x00007f8e5af73b29, pid=4733, tid=140249674020608
#
# JRE version: Java(TM) SE Runtime Environment (8.0_73-b02) (build 1.8.0_73-b02)
# Java VM: Java HotSpot(TM) 64-Bit Server VM (25.73-b02 mixed mode linux-amd64 compressed oops)
# Problematic frame:
# C  [r600_dri.so+0x1f2b29]
#
# Failed to write core dump. Core dumps have been disabled. To enable core dumping, try "ulimit -c unlimited" before starting Java again
#
# If you would like to submit a bug report, please visit:
#   http://bugreport.java.com/bugreport/crash.jsp
# The crash happened outside the Java Virtual Machine in native code.
# See problematic frame for where to report the bug.
#

---------------  T H R E A D  ---------------

Current thread (0x00007f8ea423b000):  JavaThread "QuantumRenderer-0" daemon [_thread_in_native, id=4748, stack(0x00007f8e6beff000,0x00007f8e6c000000)]

siginfo: si_signo: 11 (SIGSEGV), si_code: 1 (SEGV_MAPERR), si_addr: 0x000000000000001c

Registers:
RAX=0x0000000000000000, RBX=0x00007f8e6025bf60, RCX=0x0000000000000000, RDX=0x00000000ffffffff
RSP=0x00007f8e6bffddb0, RBP=0x0000000000000000, RSI=0x0000000000000000, RDI=0x00007f8e6025bf60
R8 =0x00007f8e6025c074, R9 =0x00007f8e6025cdf4, R10=0x00007f8e601b1e60, R11=0x0000000000000001
R12=0x00007f8e60263370, R13=0x00007f8e6025bf98, R14=0x0000000000000000, R15=0x00007f8e6026b7b8
RIP=0x00007f8e5af73b29, EFLAGS=0x0000000000010246, CSGSFS=0x4025000000000033, ERR=0x0000000000000004
  TRAPNO=0x000000000000000e

Top of Stack: (sp=0x00007f8e6bffddb0)
0x00007f8e6bffddb0:   00007f8e602319d0 00007f8e6025d610
0x00007f8e6bffddc0:   00007f8e5b8bf1c8 00007f8e5b8bf0d0
0x00007f8e6bffddd0:   00007f8e6025bf60 00007f8e6025d610
0x00007f8e6bffdde0:   00007f8e5b8bf1c8 00007f8e602319d0
0x00007f8e6bffddf0:   00007f8e6025bf60 00007f8e5af728ad
0x00007f8e6bffde00:   00007f8e6bffdf70 00007f8e6bffdf70
0x00007f8e6bffde10:   0000000000000000 00007f8e6bffdf50
0x00007f8e6bffde20:   0000000000000001 00007f8e5af91d52
0x00007f8e6bffde30:   0000000000000000 00007f8e60260d70
0x00007f8e6bffde40:   0000000000000000 ffffffff00000000
0x00007f8e6bffde50:   0000000000000000 0000000000000000
0x00007f8e6bffde60:   0000000000000000 00007f8e5afed3ea
0x00007f8e6bffde70:   0000000000000000 00007f8e606cd128
0x00007f8e6bffde80:   000000000c410008 0000000000000000
0x00007f8e6bffde90:   0000000000000000 00007f8e5af057ad
0x00007f8e6bffdea0:   00007f8e606c7260 0000000000000000
0x00007f8e6bffdeb0:   00007f8e606e2300 0000000000000000
0x00007f8e6bffdec0:   0000000000000000 0000000000000000
0x00007f8e6bffded0:   0000000000000000 40254d21448bfa00
0x00007f8e6bffdee0:   0000000000000000 0000000000000000
0x00007f8e6bffdef0:   00000000ffffffff 00007f8e602319d0
0x00007f8e6bffdf00:   00007f8e6025d8d0 0000000000000006
0x00007f8e6bffdf10:   00000000ffffffff 00007f8e5af58ec8
0x00007f8e6bffdf20:   00000000ffffffff 0000000000000000
0x00007f8e6bffdf30:   0000000000000000 0000000000000000
0x00007f8e6bffdf40:   00007f8e91c11250 0000000400000000
0x00007f8e6bffdf50:   0000140300000006 00007f8e602694e0
0x00007f8e6bffdf60:   0000000000000000 00007f8e95007c4d
0x00007f8e6bffdf70:   0000000000001704 0000000000000006
0x00007f8e6bffdf80:   0000000000000001 000000003f800000
0x00007f8e6bffdf90:   0000000000000000 40254d21448bfa00
0x00007f8e6bffdfa0:   00007f8e602319d0 00007f8e602319d0 

Instructions: (pc=0x00007f8e5af73b29)
0x00007f8e5af73b09:   0d 48 8b 46 10 48 89 c7 ff 90 50 02 00 00 48 89
0x00007f8e5af73b19:   ab 58 13 00 00 49 8b 4c 24 78 8b 93 08 13 00 00
0x00007f8e5af73b29:   39 51 1c 0f 46 51 1c 8b 83 0c 13 00 00 89 93 08
0x00007f8e5af73b39:   13 00 00 39 41 20 0f 46 41 20 89 83 0c 13 00 00 

Register to memory mapping:

RAX=0x0000000000000000 is an unknown value
RBX=0x00007f8e6025bf60 is an unknown value
RCX=0x0000000000000000 is an unknown value
RDX=0x00000000ffffffff is an unallocated location in the heap
RSP=0x00007f8e6bffddb0 is pointing into the stack for thread: 0x00007f8ea423b000
RBP=0x0000000000000000 is an unknown value
RSI=0x0000000000000000 is an unknown value
RDI=0x00007f8e6025bf60 is an unknown value
R8 =0x00007f8e6025c074 is an unknown value
R9 =0x00007f8e6025cdf4 is an unknown value
R10=0x00007f8e601b1e60 is an unknown value
R11=0x0000000000000001 is an unknown value
R12=0x00007f8e60263370 is an unknown value
R13=0x00007f8e6025bf98 is an unknown value
R14=0x0000000000000000 is an unknown value
R15=0x00007f8e6026b7b8 is an unknown value


Stack: [0x00007f8e6beff000,0x00007f8e6c000000],  sp=0x00007f8e6bffddb0,  free space=1019k
Native frames: (J=compiled Java code, j=interpreted, Vv=VM code, C=native code)
C  [r600_dri.so+0x1f2b29]

Java frames: (J=compiled Java code, j=interpreted, Vv=VM code)
J 860  com.sun.prism.es2.GLContext.nDrawIndexedQuads(JI[F[B)V (0 bytes) @ 0x00007f8e953078ec [0x00007f8e95307880+0x6c]
J 858 C1 com.sun.prism.es2.ES2VertexBuffer.drawQuads(I)V (17 bytes) @ 0x00007f8e9530bbd4 [0x00007f8e9530ba80+0x154]
J 838 C1 com.sun.prism.impl.BaseContext.flushVertexBuffer()V (104 bytes) @ 0x00007f8e952fefb4 [0x00007f8e952fe920+0x694]
j  com.sun.prism.es2.ES2SwapChain.drawTexture(Lcom/sun/prism/es2/ES2Graphics;Lcom/sun/prism/RTTexture;FFFFFFFF)V+68
j  com.sun.prism.es2.ES2SwapChain.prepare(Lcom/sun/javafx/geom/Rectangle;)Z+146
j  com.sun.javafx.tk.quantum.PresentingPainter.run()V+350
j  java.util.concurrent.Executors$RunnableAdapter.call()Ljava/lang/Object;+4
j  java.util.concurrent.FutureTask.runAndReset()Z+47
j  com.sun.javafx.tk.RenderJob.run()V+1
j  java.util.concurrent.ThreadPoolExecutor.runWorker(Ljava/util/concurrent/ThreadPoolExecutor$Worker;)V+95
j  java.util.concurrent.ThreadPoolExecutor$Worker.run()V+5
j  com.sun.javafx.tk.quantum.QuantumRenderer$PipelineRunnable.run()V+8
j  java.lang.Thread.run()V+11
v  ~StubRoutines::call_stub

---------------  P R O C E S S  ---------------

Java Threads: ( => current thread )
  0x00007f8ea4319800 JavaThread "JavaFX-Launcher" [_thread_blocked, id=4755, stack(0x00007f8e4f5fd000,0x00007f8e4f6fe000)]
  0x00007f8ea4315800 JavaThread "JavaFX Application Thread" [_thread_blocked, id=4754, stack(0x00007f8e4f6fe000,0x00007f8e4f7ff000)]
  0x00007f8ea4311800 JavaThread "Thread-1" daemon [_thread_blocked, id=4751, stack(0x00007f8e548d4000,0x00007f8e549d5000)]
=>0x00007f8ea423b000 JavaThread "QuantumRenderer-0" daemon [_thread_in_native, id=4748, stack(0x00007f8e6beff000,0x00007f8e6c000000)]
  0x00007f8ea4141000 JavaThread "Service Thread" daemon [_thread_blocked, id=4746, stack(0x00007f8e901c7000,0x00007f8e902c8000)]
  0x00007f8ea413e000 JavaThread "C1 CompilerThread1" daemon [_thread_blocked, id=4745, stack(0x00007f8e902c8000,0x00007f8e903c9000)]
  0x00007f8ea413b000 JavaThread "C2 CompilerThread0" daemon [_thread_blocked, id=4744, stack(0x00007f8e903c9000,0x00007f8e904ca000)]
  0x00007f8ea4139800 JavaThread "Signal Dispatcher" daemon [_thread_blocked, id=4743, stack(0x00007f8e904ca000,0x00007f8e905cb000)]
  0x00007f8ea4101800 JavaThread "Finalizer" daemon [_thread_blocked, id=4742, stack(0x00007f8e908a5000,0x00007f8e909a6000)]
  0x00007f8ea40ff800 JavaThread "Reference Handler" daemon [_thread_blocked, id=4741, stack(0x00007f8e909a6000,0x00007f8e90aa7000)]
  0x00007f8ea4009800 JavaThread "main" [_thread_blocked, id=4736, stack(0x00007f8eab544000,0x00007f8eab645000)]

Other Threads:
  0x00007f8ea40fa800 VMThread [stack: 0x00007f8e90aa7000,0x00007f8e90ba8000] [id=4740]
  0x00007f8ea4143800 WatcherThread [stack: 0x00007f8e900c6000,0x00007f8e901c7000] [id=4747]

VM state:not at safepoint (normal execution)

VM Mutex/Monitor currently owned by a thread: None

Heap:
 PSYoungGen      total 25600K, used 17851K [0x00000000e3a00000, 0x00000000e5680000, 0x0000000100000000)
  eden space 22016K, 81% used [0x00000000e3a00000,0x00000000e4b6ecf8,0x00000000e4f80000)
  from space 3584K, 0% used [0x00000000e5300000,0x00000000e5300000,0x00000000e5680000)
  to   space 3584K, 0% used [0x00000000e4f80000,0x00000000e4f80000,0x00000000e5300000)
 ParOldGen       total 58880K, used 0K [0x00000000aae00000, 0x00000000ae780000, 0x00000000e3a00000)
  object space 58880K, 0% used [0x00000000aae00000,0x00000000aae00000,0x00000000ae780000)
 Metaspace       used 10744K, capacity 11146K, committed 11392K, reserved 1058816K
  class space    used 1518K, capacity 1654K, committed 1664K, reserved 1048576K

Card table byte_map: [0x00007f8ea8055000,0x00007f8ea82ff000] byte_map_base: 0x00007f8ea7afe000

Marking Bits: (ParMarkBitMap*) 0x00007f8eaaa1b100
 Begin Bits: [0x00007f8e921a8000, 0x00007f8e936f0000)
 End Bits:   [0x00007f8e936f0000, 0x00007f8e94c38000)

Polling page: 0x00007f8eab668000

CodeCache: size=245760Kb used=3253Kb max_used=3253Kb free=242506Kb
 bounds [0x00007f8e95000000, 0x00007f8e95330000, 0x00007f8ea4000000]
 total_blobs=1441 nmethods=893 adapters=462
 compilation: enabled

Compilation events (10 events):
Event: 1,698 Thread 0x00007f8ea413e000  891       3       com.sun.prism.impl.ps.BaseShaderContext::validatePaintOp (159 bytes)
Event: 1,699 Thread 0x00007f8ea413e000 nmethod 891 0x00007f8e9532c450 code [0x00007f8e9532c640, 0x00007f8e9532d0d8]
Event: 1,699 Thread 0x00007f8ea413e000  883       3       com.sun.javafx.geom.transform.Affine3D::getMxz (5 bytes)
Event: 1,699 Thread 0x00007f8ea413e000 nmethod 883 0x00007f8e9532d690 code [0x00007f8e9532d7e0, 0x00007f8e9532d930]
Event: 1,699 Thread 0x00007f8ea413e000  884       3       com.sun.javafx.geom.transform.Affine3D::getMyz (5 bytes)
Event: 1,699 Thread 0x00007f8ea413e000 nmethod 884 0x00007f8e9532d9d0 code [0x00007f8e9532db20, 0x00007f8e9532dc70]
Event: 1,699 Thread 0x00007f8ea413e000  885       3       com.sun.javafx.geom.transform.Affine3D::getMzx (5 bytes)
Event: 1,699 Thread 0x00007f8ea413e000 nmethod 885 0x00007f8e9532dd10 code [0x00007f8e9532de60, 0x00007f8e9532dfb0]
Event: 1,703 Thread 0x00007f8ea413e000  893       3       com.sun.javafx.sg.prism.NGNode::renderForcedContent (1 bytes)
Event: 1,704 Thread 0x00007f8ea413e000 nmethod 893 0x00007f8e9532e050 code [0x00007f8e9532e1a0, 0x00007f8e9532e2f0]

GC Heap History (0 events):
No events

Deoptimization events (5 events):
Event: 0,975 Thread 0x00007f8ea4315800 Uncommon trap: reason=unstable_if action=reinterpret pc=0x00007f8e951877ac method=java.lang.String.replace(CC)Ljava/lang/String; @ 26
Event: 1,162 Thread 0x00007f8ea4315800 Uncommon trap: reason=class_check action=maybe_recompile pc=0x00007f8e95253e30 method=java.util.Collections$UnmodifiableList.get(I)Ljava/lang/Object; @ 5
Event: 1,164 Thread 0x00007f8ea4315800 Uncommon trap: reason=class_check action=maybe_recompile pc=0x00007f8e95253e30 method=java.util.Collections$UnmodifiableList.get(I)Ljava/lang/Object; @ 5
Event: 1,168 Thread 0x00007f8ea4315800 Uncommon trap: reason=class_check action=maybe_recompile pc=0x00007f8e95253e30 method=java.util.Collections$UnmodifiableList.get(I)Ljava/lang/Object; @ 5
Event: 1,170 Thread 0x00007f8ea4315800 Uncommon trap: reason=class_check action=maybe_recompile pc=0x00007f8e95253e30 method=java.util.Collections$UnmodifiableList.get(I)Ljava/lang/Object; @ 5

Internal exceptions (10 events):
Event: 0,044 Thread 0x00007f8ea4009800 Exception <a 'java/lang/NoSuchMethodError': Method sun.misc.Unsafe.prefetchRead(Ljava/lang/Object;J)V name or signature does not match> (0x00000000e3a12ed0) thrown at [/HUDSON3/workspace/8-2-build-linux-amd64/jdk8u73/6086/hotspot/src/share/vm/prims/jni.cp
Event: 0,268 Thread 0x00007f8ea4009800 Exception <a 'java/lang/NoSuchFieldError': method resolution failed> (0x00000000e3bdf8e0) thrown at [/HUDSON3/workspace/8-2-build-linux-amd64/jdk8u73/6086/hotspot/src/share/vm/prims/methodHandles.cpp, line 1146]
Event: 0,271 Thread 0x00007f8ea4009800 Exception <a 'java/lang/NoSuchFieldError': method resolution failed> (0x00000000e3becc60) thrown at [/HUDSON3/workspace/8-2-build-linux-amd64/jdk8u73/6086/hotspot/src/share/vm/prims/methodHandles.cpp, line 1146]
Event: 0,312 Thread 0x00007f8ea4009800 Exception <a 'java/security/PrivilegedActionException'> (0x00000000e3c763e0) thrown at [/HUDSON3/workspace/8-2-build-linux-amd64/jdk8u73/6086/hotspot/src/share/vm/prims/jvm.cpp, line 1386]
Event: 0,312 Thread 0x00007f8ea4009800 Exception <a 'java/security/PrivilegedActionException'> (0x00000000e3c765f0) thrown at [/HUDSON3/workspace/8-2-build-linux-amd64/jdk8u73/6086/hotspot/src/share/vm/prims/jvm.cpp, line 1386]
Event: 0,313 Thread 0x00007f8ea4009800 Exception <a 'java/security/PrivilegedActionException'> (0x00000000e3c788f0) thrown at [/HUDSON3/workspace/8-2-build-linux-amd64/jdk8u73/6086/hotspot/src/share/vm/prims/jvm.cpp, line 1386]
Event: 0,313 Thread 0x00007f8ea4009800 Exception <a 'java/security/PrivilegedActionException'> (0x00000000e3c78b00) thrown at [/HUDSON3/workspace/8-2-build-linux-amd64/jdk8u73/6086/hotspot/src/share/vm/prims/jvm.cpp, line 1386]
Event: 0,313 Thread 0x00007f8ea4009800 Exception <a 'java/lang/NullPointerException'> (0x00000000e3c790d8) thrown at [/HUDSON3/workspace/8-2-build-linux-amd64/jdk8u73/6086/hotspot/src/share/vm/interpreter/linkResolver.cpp, line 1178]
Event: 0,856 Thread 0x00007f8ea4315800 Exception <a 'java/lang/NullPointerException'> (0x00000000e43e9648) thrown at [/HUDSON3/workspace/8-2-build-linux-amd64/jdk8u73/6086/hotspot/src/share/vm/interpreter/linkResolver.cpp, line 1178]
Event: 0,856 Thread 0x00007f8ea4315800 Exception <a 'java/lang/NullPointerException'> (0x00000000e43e9648) thrown at [/HUDSON3/workspace/8-2-build-linux-amd64/jdk8u73/6086/hotspot/src/share/vm/prims/jvm.cpp, line 1390]

Events (10 events):
Event: 1,571 Executing VM operation: Deoptimize
Event: 1,572 Executing VM operation: Deoptimize done
Event: 1,572 loading class com/sun/prism/impl/ps/BaseShaderContext$1
Event: 1,572 loading class com/sun/prism/impl/ps/BaseShaderContext$1 done
Event: 1,573 loading class com/sun/prism/shader/Solid_TextureRGB_Loader
Event: 1,573 loading class com/sun/prism/shader/Solid_TextureRGB_Loader done
Event: 1,578 loading class com/sun/prism/es2/GLContext$1
Event: 1,578 loading class com/sun/prism/es2/GLContext$1 done
Event: 1,586 loading class javafx/scene/layout/Priority
Event: 1,586 loading class javafx/scene/layout/Priority done


Dynamic libraries:
00400000-00401000 r-xp 00000000 08:01 299051                             /home/mirko/jdk1.8.0_73/jre/bin/java
00600000-00601000 rw-p 00000000 08:01 299051                             /home/mirko/jdk1.8.0_73/jre/bin/java
00bde000-00bff000 rw-p 00000000 00:00 0                                  [heap]
aae00000-ae780000 rw-p 00000000 00:00 0 
ae780000-e3a00000 ---p 00000000 00:00 0 
e3a00000-e5680000 rw-p 00000000 00:00 0 
e5680000-100000000 ---p 00000000 00:00 0 
100000000-1001a0000 rw-p 00000000 00:00 0 
1001a0000-140000000 ---p 00000000 00:00 0 
7f8e44000000-7f8e44160000 rw-p 00000000 00:00 0 
7f8e44160000-7f8e48000000 ---p 00000000 00:00 0 
7f8e48000000-7f8e48021000 rw-p 00000000 00:00 0 
7f8e48021000-7f8e4c000000 ---p 00000000 00:00 0 
7f8e4edf5000-7f8e4eef5000 rw-s 11af12000 00:06 338                       /dev/dri/card0
7f8e4eef5000-7f8e4eff5000 rw-s 11bdee000 00:06 338                       /dev/dri/card0
7f8e4eff5000-7f8e4f175000 rw-p 00000000 00:00 0 
7f8e4f175000-7f8e4f1f5000 ---p 00000000 00:00 0 
7f8e4f1f5000-7f8e4f1fa000 r-xp 00000000 08:01 291958                     /home/mirko/jdk1.8.0_73/jre/lib/amd64/libjavafx_font_freetype.so
7f8e4f1fa000-7f8e4f3f9000 ---p 00005000 08:01 291958                     /home/mirko/jdk1.8.0_73/jre/lib/amd64/libjavafx_font_freetype.so
7f8e4f3f9000-7f8e4f3fa000 rw-p 00004000 08:01 291958                     /home/mirko/jdk1.8.0_73/jre/lib/amd64/libjavafx_font_freetype.so
7f8e4f3fa000-7f8e4f3fd000 r-xp 00000000 08:01 298719                     /home/mirko/jdk1.8.0_73/jre/lib/amd64/libjavafx_font.so
7f8e4f3fd000-7f8e4f5fc000 ---p 00003000 08:01 298719                     /home/mirko/jdk1.8.0_73/jre/lib/amd64/libjavafx_font.so
7f8e4f5fc000-7f8e4f5fd000 rw-p 00002000 08:01 298719                     /home/mirko/jdk1.8.0_73/jre/lib/amd64/libjavafx_font.so
7f8e4f5fd000-7f8e4f600000 ---p 00000000 00:00 0 
7f8e4f600000-7f8e4f6fe000 rw-p 00000000 00:00 0 
7f8e4f6fe000-7f8e4f701000 ---p 00000000 00:00 0 
7f8e4f701000-7f8e4f7ff000 rw-p 00000000 00:00 0 
7f8e4f7ff000-7f8e4f800000 ---p 00000000 00:00 0 
7f8e4f800000-7f8e50000000 rw-p 00000000 00:00 0 
7f8e50000000-7f8e50021000 rw-p 00000000 00:00 0 
7f8e50021000-7f8e54000000 ---p 00000000 00:00 0 
7f8e540cc000-7f8e540ce000 rw-s 11b018000 00:06 338                       /dev/dri/card0
7f8e540ce000-7f8e540d3000 r--s 00084000 08:01 299016                     /home/mirko/jdk1.8.0_73/jre/lib/jfr.jar
7f8e540d3000-7f8e540d4000 ---p 00000000 00:00 0 
7f8e540d4000-7f8e548d4000 rw-p 00000000 00:00 0 
7f8e548d4000-7f8e548d7000 ---p 00000000 00:00 0 
7f8e548d7000-7f8e549d5000 rw-p 00000000 00:00 0 
7f8e549d5000-7f8e549d6000 ---p 00000000 00:00 0 
7f8e549d6000-7f8e551d6000 rw-p 00000000 00:00 0 
7f8e551d6000-7f8e551e1000 r-xp 00000000 08:01 920375                     /usr/lib/x86_64-linux-gnu/gio/modules/libdconfsettings.so
7f8e551e1000-7f8e553e1000 ---p 0000b000 08:01 920375                     /usr/lib/x86_64-linux-gnu/gio/modules/libdconfsettings.so
7f8e553e1000-7f8e553e2000 r--p 0000b000 08:01 920375                     /usr/lib/x86_64-linux-gnu/gio/modules/libdconfsettings.so
7f8e553e2000-7f8e553e3000 rw-p 0000c000 08:01 920375                     /usr/lib/x86_64-linux-gnu/gio/modules/libdconfsettings.so
7f8e553e3000-7f8e553ea000 r-xp 00000000 08:01 670133                     /usr/lib/x86_64-linux-gnu/libogg.so.0.8.2
7f8e553ea000-7f8e555ea000 ---p 00007000 08:01 670133                     /usr/lib/x86_64-linux-gnu/libogg.so.0.8.2
7f8e555ea000-7f8e555eb000 r--p 00007000 08:01 670133                     /usr/lib/x86_64-linux-gnu/libogg.so.0.8.2
7f8e555eb000-7f8e555ec000 rw-p 00008000 08:01 670133                     /usr/lib/x86_64-linux-gnu/libogg.so.0.8.2
7f8e555ec000-7f8e55616000 r-xp 00000000 08:01 664008                     /usr/lib/x86_64-linux-gnu/libvorbis.so.0.4.8
7f8e55616000-7f8e55816000 ---p 0002a000 08:01 664008                     /usr/lib/x86_64-linux-gnu/libvorbis.so.0.4.8
7f8e55816000-7f8e55817000 r--p 0002a000 08:01 664008                     /usr/lib/x86_64-linux-gnu/libvorbis.so.0.4.8
7f8e55817000-7f8e55818000 rw-p 0002b000 08:01 664008                     /usr/lib/x86_64-linux-gnu/libvorbis.so.0.4.8
7f8e55818000-7f8e55821000 r-xp 00000000 08:01 662589                     /usr/lib/x86_64-linux-gnu/libltdl.so.7.3.1
7f8e55821000-7f8e55a20000 ---p 00009000 08:01 662589                     /usr/lib/x86_64-linux-gnu/libltdl.so.7.3.1
7f8e55a20000-7f8e55a21000 r--p 00008000 08:01 662589                     /usr/lib/x86_64-linux-gnu/libltdl.so.7.3.1
7f8e55a21000-7f8e55a22000 rw-p 00009000 08:01 662589                     /usr/lib/x86_64-linux-gnu/libltdl.so.7.3.1
7f8e55a22000-7f8e55a36000 r-xp 00000000 08:01 658028                     /usr/lib/x86_64-linux-gnu/libtdb.so.1.3.8
7f8e55a36000-7f8e55c35000 ---p 00014000 08:01 658028                     /usr/lib/x86_64-linux-gnu/libtdb.so.1.3.8
7f8e55c35000-7f8e55c36000 r--p 00013000 08:01 658028                     /usr/lib/x86_64-linux-gnu/libtdb.so.1.3.8
7f8e55c36000-7f8e55c37000 rw-p 00014000 08:01 658028                     /usr/lib/x86_64-linux-gnu/libtdb.so.1.3.8
7f8e55c37000-7f8e55c3e000 r-xp 00000000 08:01 663985                     /usr/lib/x86_64-linux-gnu/libvorbisfile.so.3.3.7
7f8e55c3e000-7f8e55e3e000 ---p 00007000 08:01 663985                     /usr/lib/x86_64-linux-gnu/libvorbisfile.so.3.3.7
7f8e55e3e000-7f8e55e3f000 r--p 00007000 08:01 663985                     /usr/lib/x86_64-linux-gnu/libvorbisfile.so.3.3.7
7f8e55e3f000-7f8e55e40000 rw-p 00008000 08:01 663985                     /usr/lib/x86_64-linux-gnu/libvorbisfile.so.3.3.7
7f8e55e40000-7f8e55e50000 r-xp 00000000 08:01 658226                     /usr/lib/x86_64-linux-gnu/libcanberra.so.0.2.5
7f8e55e50000-7f8e5604f000 ---p 00010000 08:01 658226                     /usr/lib/x86_64-linux-gnu/libcanberra.so.0.2.5
7f8e5604f000-7f8e56050000 r--p 0000f000 08:01 658226                     /usr/lib/x86_64-linux-gnu/libcanberra.so.0.2.5
7f8e56050000-7f8e56051000 rw-p 00010000 08:01 658226                     /usr/lib/x86_64-linux-gnu/libcanberra.so.0.2.5
7f8e56051000-7f8e56055000 r-xp 00000000 08:01 657104                     /usr/lib/x86_64-linux-gnu/libcanberra-gtk.so.0.1.9
7f8e56055000-7f8e56254000 ---p 00004000 08:01 657104                     /usr/lib/x86_64-linux-gnu/libcanberra-gtk.so.0.1.9
7f8e56254000-7f8e56255000 r--p 00003000 08:01 657104                     /usr/lib/x86_64-linux-gnu/libcanberra-gtk.so.0.1.9
7f8e56255000-7f8e56256000 rw-p 00004000 08:01 657104                     /usr/lib/x86_64-linux-gnu/libcanberra-gtk.so.0.1.9
7f8e56256000-7f8e5625b000 r-xp 00000000 08:01 934744                     /usr/lib/x86_64-linux-gnu/gtk-2.0/modules/libcanberra-gtk-module.so
7f8e5625b000-7f8e5645a000 ---p 00005000 08:01 934744                     /usr/lib/x86_64-linux-gnu/gtk-2.0/modules/libcanberra-gtk-module.so
7f8e5645a000-7f8e5645b000 r--p 00004000 08:01 934744                     /usr/lib/x86_64-linux-gnu/gtk-2.0/modules/libcanberra-gtk-module.so
7f8e5645b000-7f8e5645c000 rw-p 00005000 08:01 934744                     /usr/lib/x86_64-linux-gnu/gtk-2.0/modules/libcanberra-gtk-module.so
7f8e5645c000-7f8e5648b000 r-xp 00000000 08:01 920571                     /usr/lib/x86_64-linux-gnu/gtk-2.0/2.10.0/engines/libmurrine.so
7f8e5648b000-7f8e5668b000 ---p 0002f000 08:01 920571                     /usr/lib/x86_64-linux-gnu/gtk-2.0/2.10.0/engines/libmurrine.so
7f8e5668b000-7f8e5668c000 r--p 0002f000 08:01 920571                     /usr/lib/x86_64-linux-gnu/gtk-2.0/2.10.0/engines/libmurrine.so
7f8e5668c000-7f8e5668d000 rw-p 00030000 08:01 920571                     /usr/lib/x86_64-linux-gnu/gtk-2.0/2.10.0/engines/libmurrine.so
7f8e5668d000-7f8e5669e000 r-xp 00000000 08:01 930977                     /usr/lib/x86_64-linux-gnu/gtk-2.0/modules/liboverlay-scrollbar.so
7f8e5669e000-7f8e5689e000 ---p 00011000 08:01 930977                     /usr/lib/x86_64-linux-gnu/gtk-2.0/modules/liboverlay-scrollbar.so
7f8e5689e000-7f8e5689f000 r--p 00011000 08:01 930977                     /usr/lib/x86_64-linux-gnu/gtk-2.0/modules/liboverlay-scrollbar.so
7f8e5689f000-7f8e568a0000 rw-p 00012000 08:01 930977                     /usr/lib/x86_64-linux-gnu/gtk-2.0/modules/liboverlay-scrollbar.so
7f8e568a0000-7f8e568c9000 r-xp 00000000 08:01 298850                     /home/mirko/jdk1.8.0_73/jre/lib/amd64/libglass.so
7f8e568c9000-7f8e56ac8000 ---p 00029000 08:01 298850                     /home/mirko/jdk1.8.0_73/jre/lib/amd64/libglass.so
7f8e56ac8000-7f8e56acb000 rw-p 00028000 08:01 298850                     /home/mirko/jdk1.8.0_73/jre/lib/amd64/libglass.so
7f8e56acb000-7f8e56b02000 r-xp 00000000 08:01 670399                     /usr/lib/x86_64-linux-gnu/libtxc_dxtn_s2tc.so.0.0.0
7f8e56b02000-7f8e56d01000 ---p 00037000 08:01 670399                     /usr/lib/x86_64-linux-gnu/libtxc_dxtn_s2tc.so.0.0.0
7f8e56d01000-7f8e56d02000 r--p 00036000 08:01 670399                     /usr/lib/x86_64-linux-gnu/libtxc_dxtn_s2tc.so.0.0.0
7f8e56d02000-7f8e56d03000 rw-p 00037000 08:01 670399                     /usr/lib/x86_64-linux-gnu/libtxc_dxtn_s2tc.so.0.0.0
7f8e56d03000-7f8e56d04000 ---p 00000000 00:00 0 
7f8e56d04000-7f8e57504000 rw-p 00000000 00:00 0 
7f8e57504000-7f8e57517000 r-xp 00000000 08:01 394055                     /lib/x86_64-linux-gnu/libbsd.so.0.8.2
7f8e57517000-7f8e57716000 ---p 00013000 08:01 394055                     /lib/x86_64-linux-gnu/libbsd.so.0.8.2
7f8e57716000-7f8e57717000 r--p 00012000 08:01 394055                     /lib/x86_64-linux-gnu/libbsd.so.0.8.2
7f8e57717000-7f8e57718000 rw-p 00013000 08:01 394055                     /lib/x86_64-linux-gnu/libbsd.so.0.8.2
7f8e57718000-7f8e57719000 rw-p 00000000 00:00 0 
7f8e57719000-7f8e5773e000 r-xp 00000000 08:01 396492                     /lib/x86_64-linux-gnu/libtinfo.so.5.9
7f8e5773e000-7f8e5793d000 ---p 00025000 08:01 396492                     /lib/x86_64-linux-gnu/libtinfo.so.5.9
7f8e5793d000-7f8e57941000 r--p 00024000 08:01 396492                     /lib/x86_64-linux-gnu/libtinfo.so.5.9
7f8e57941000-7f8e57942000 rw-p 00028000 08:01 396492                     /lib/x86_64-linux-gnu/libtinfo.so.5.9
7f8e57942000-7f8e57973000 r-xp 00000000 08:01 664071                     /usr/lib/x86_64-linux-gnu/libedit.so.2.0.53
7f8e57973000-7f8e57b73000 ---p 00031000 08:01 664071                     /usr/lib/x86_64-linux-gnu/libedit.so.2.0.53
7f8e57b73000-7f8e57b75000 r--p 00031000 08:01 664071                     /usr/lib/x86_64-linux-gnu/libedit.so.2.0.53
7f8e57b75000-7f8e57b76000 rw-p 00033000 08:01 664071                     /usr/lib/x86_64-linux-gnu/libedit.so.2.0.53
7f8e57b76000-7f8e57b7a000 rw-p 00000000 00:00 0 
7f8e57b7a000-7f8e5a06c000 r-xp 00000000 08:01 664077                     /usr/lib/x86_64-linux-gnu/libLLVM-3.8.so.1
7f8e5a06c000-7f8e5a26c000 ---p 024f2000 08:01 664077                     /usr/lib/x86_64-linux-gnu/libLLVM-3.8.so.1
7f8e5a26c000-7f8e5a521000 r--p 024f2000 08:01 664077                     /usr/lib/x86_64-linux-gnu/libLLVM-3.8.so.1
7f8e5a521000-7f8e5a523000 rw-p 027a7000 08:01 664077                     /usr/lib/x86_64-linux-gnu/libLLVM-3.8.so.1
7f8e5a523000-7f8e5a54d000 rw-p 00000000 00:00 0 
7f8e5a54d000-7f8e5a564000 r-xp 00000000 08:01 661292                     /usr/lib/x86_64-linux-gnu/libelf-0.165.so
7f8e5a564000-7f8e5a763000 ---p 00017000 08:01 661292                     /usr/lib/x86_64-linux-gnu/libelf-0.165.so
7f8e5a763000-7f8e5a764000 r--p 00016000 08:01 661292                     /usr/lib/x86_64-linux-gnu/libelf-0.165.so
7f8e5a764000-7f8e5a765000 rw-p 00017000 08:01 661292                     /usr/lib/x86_64-linux-gnu/libelf-0.165.so
7f8e5a765000-7f8e5a76c000 r-xp 00000000 08:01 664061                     /usr/lib/x86_64-linux-gnu/libdrm_amdgpu.so.1.0.0
7f8e5a76c000-7f8e5a96b000 ---p 00007000 08:01 664061                     /usr/lib/x86_64-linux-gnu/libdrm_amdgpu.so.1.0.0
7f8e5a96b000-7f8e5a96c000 r--p 00006000 08:01 664061                     /usr/lib/x86_64-linux-gnu/libdrm_amdgpu.so.1.0.0
7f8e5a96c000-7f8e5a96d000 rw-p 00007000 08:01 664061                     /usr/lib/x86_64-linux-gnu/libdrm_amdgpu.so.1.0.0
7f8e5a96d000-7f8e5a978000 r-xp 00000000 08:01 664057                     /usr/lib/x86_64-linux-gnu/libdrm_radeon.so.1.0.1
7f8e5a978000-7f8e5ab77000 ---p 0000b000 08:01 664057                     /usr/lib/x86_64-linux-gnu/libdrm_radeon.so.1.0.1
7f8e5ab77000-7f8e5ab78000 r--p 0000a000 08:01 664057                     /usr/lib/x86_64-linux-gnu/libdrm_radeon.so.1.0.1
7f8e5ab78000-7f8e5ab79000 rw-p 0000b000 08:01 664057                     /usr/lib/x86_64-linux-gnu/libdrm_radeon.so.1.0.1
7f8e5ab79000-7f8e5ab80000 r-xp 00000000 08:01 664067                     /usr/lib/x86_64-linux-gnu/libdrm_nouveau.so.2.0.0
7f8e5ab80000-7f8e5ad7f000 ---p 00007000 08:01 664067                     /usr/lib/x86_64-linux-gnu/libdrm_nouveau.so.2.0.0
7f8e5ad7f000-7f8e5ad80000 r--p 00006000 08:01 664067                     /usr/lib/x86_64-linux-gnu/libdrm_nouveau.so.2.0.0
7f8e5ad80000-7f8e5ad81000 rw-p 00007000 08:01 664067                     /usr/lib/x86_64-linux-gnu/libdrm_nouveau.so.2.0.0
7f8e5ad81000-7f8e5b648000 r-xp 00000000 08:01 930711                     /usr/lib/x86_64-linux-gnu/dri/r600_dri.so
7f8e5b648000-7f8e5b847000 ---p 008c7000 08:01 930711                     /usr/lib/x86_64-linux-gnu/dri/r600_dri.so
7f8e5b847000-7f8e5b8bb000 r--p 008c6000 08:01 930711                     /usr/lib/x86_64-linux-gnu/dri/r600_dri.so
7f8e5b8bb000-7f8e5b8ca000 rw-p 0093a000 08:01 930711                     /usr/lib/x86_64-linux-gnu/dri/r600_dri.so
7f8e5b8ca000-7f8e5bac0000 rw-p 00000000 00:00 0 
7f8e5bac0000-7f8e5bac6000 r-xp 00000000 08:01 657306                     /usr/lib/x86_64-linux-gnu/libdatrie.so.1.3.3
7f8e5bac6000-7f8e5bcc6000 ---p 00006000 08:01 657306                     /usr/lib/x86_64-linux-gnu/libdatrie.so.1.3.3
7f8e5bcc6000-7f8e5bcc7000 r--p 00006000 08:01 657306                     /usr/lib/x86_64-linux-gnu/libdatrie.so.1.3.3
7f8e5bcc7000-7f8e5bcc8000 rw-p 00007000 08:01 657306                     /usr/lib/x86_64-linux-gnu/libdatrie.so.1.3.3
7f8e5bcc8000-7f8e5bccd000 r-xp 00000000 08:01 664402                     /usr/lib/x86_64-linux-gnu/libXdmcp.so.6.0.0
7f8e5bccd000-7f8e5becc000 ---p 00005000 08:01 664402                     /usr/lib/x86_64-linux-gnu/libXdmcp.so.6.0.0
7f8e5becc000-7f8e5becd000 r--p 00004000 08:01 664402                     /usr/lib/x86_64-linux-gnu/libXdmcp.so.6.0.0
7f8e5becd000-7f8e5bece000 rw-p 00005000 08:01 664402                     /usr/lib/x86_64-linux-gnu/libXdmcp.so.6.0.0
7f8e5bece000-7f8e5bed0000 r-xp 00000000 08:01 669374                     /usr/lib/x86_64-linux-gnu/libXau.so.6.0.0
7f8e5bed0000-7f8e5c0d0000 ---p 00002000 08:01 669374                     /usr/lib/x86_64-linux-gnu/libXau.so.6.0.0
7f8e5c0d0000-7f8e5c0d1000 r--p 00002000 08:01 669374                     /usr/lib/x86_64-linux-gnu/libXau.so.6.0.0
7f8e5c0d1000-7f8e5c0d2000 rw-p 00003000 08:01 669374                     /usr/lib/x86_64-linux-gnu/libXau.so.6.0.0
7f8e5c0d2000-7f8e5c0f5000 r-xp 00000000 08:01 660878                     /usr/lib/x86_64-linux-gnu/libgraphite2.so.3.0.1
7f8e5c0f5000-7f8e5c2f4000 ---p 00023000 08:01 660878                     /usr/lib/x86_64-linux-gnu/libgraphite2.so.3.0.1
7f8e5c2f4000-7f8e5c2f6000 r--p 00022000 08:01 660878                     /usr/lib/x86_64-linux-gnu/libgraphite2.so.3.0.1
7f8e5c2f6000-7f8e5c2f7000 rw-p 00024000 08:01 660878                     /usr/lib/x86_64-linux-gnu/libgraphite2.so.3.0.1
7f8e5c2f7000-7f8e5c305000 r-xp 00000000 08:01 664048                     /usr/lib/x86_64-linux-gnu/libdrm.so.2.4.0
7f8e5c305000-7f8e5c504000 ---p 0000e000 08:01 664048                     /usr/lib/x86_64-linux-gnu/libdrm.so.2.4.0
7f8e5c504000-7f8e5c505000 r--p 0000d000 08:01 664048                     /usr/lib/x86_64-linux-gnu/libdrm.so.2.4.0
7f8e5c505000-7f8e5c506000 rw-p 0000e000 08:01 664048                     /usr/lib/x86_64-linux-gnu/libdrm.so.2.4.0
7f8e5c506000-7f8e5c50a000 r-xp 00000000 08:01 664135                     /usr/lib/x86_64-linux-gnu/libxcb-dri2.so.0.0.0
7f8e5c50a000-7f8e5c709000 ---p 00004000 08:01 664135                     /usr/lib/x86_64-linux-gnu/libxcb-dri2.so.0.0.0
7f8e5c709000-7f8e5c70a000 r--p 00003000 08:01 664135                     /usr/lib/x86_64-linux-gnu/libxcb-dri2.so.0.0.0
7f8e5c70a000-7f8e5c70b000 rw-p 00004000 08:01 664135                     /usr/lib/x86_64-linux-gnu/libxcb-dri2.so.0.0.0
7f8e5c70b000-7f8e5c722000 r-xp 00000000 08:01 664138                     /usr/lib/x86_64-linux-gnu/libxcb-glx.so.0.0.0
7f8e5c722000-7f8e5c921000 ---p 00017000 08:01 664138                     /usr/lib/x86_64-linux-gnu/libxcb-glx.so.0.0.0
7f8e5c921000-7f8e5c923000 r--p 00016000 08:01 664138                     /usr/lib/x86_64-linux-gnu/libxcb-glx.so.0.0.0
7f8e5c923000-7f8e5c924000 rw-p 00018000 08:01 664138                     /usr/lib/x86_64-linux-gnu/libxcb-glx.so.0.0.0
7f8e5c924000-7f8e5c925000 r-xp 00000000 08:01 669368                     /usr/lib/x86_64-linux-gnu/libX11-xcb.so.1.0.0
7f8e5c925000-7f8e5cb24000 ---p 00001000 08:01 669368                     /usr/lib/x86_64-linux-gnu/libX11-xcb.so.1.0.0
7f8e5cb24000-7f8e5cb25000 r--p 00000000 08:01 669368                     /usr/lib/x86_64-linux-gnu/libX11-xcb.so.1.0.0
7f8e5cb25000-7f8e5cb26000 rw-p 00001000 08:01 669368                     /usr/lib/x86_64-linux-gnu/libX11-xcb.so.1.0.0
7f8e5cb26000-7f8e5cb4f000 r-xp 00000000 08:01 675036                     /usr/lib/x86_64-linux-gnu/libglapi.so.0.0.0
7f8e5cb4f000-7f8e5cd4e000 ---p 00029000 08:01 675036                     /usr/lib/x86_64-linux-gnu/libglapi.so.0.0.0
7f8e5cd4e000-7f8e5cd52000 r--p 00028000 08:01 675036                     /usr/lib/x86_64-linux-gnu/libglapi.so.0.0.0
7f8e5cd52000-7f8e5cd53000 rw-p 0002c000 08:01 675036                     /usr/lib/x86_64-linux-gnu/libglapi.so.0.0.0
7f8e5cd53000-7f8e5cd54000 rw-p 00000000 00:00 0 
7f8e5cd54000-7f8e5cd55000 r-xp 00000000 08:01 670578                     /usr/lib/x86_64-linux-gnu/libxshmfence.so.1.0.0
7f8e5cd55000-7f8e5cf55000 ---p 00001000 08:01 670578                     /usr/lib/x86_64-linux-gnu/libxshmfence.so.1.0.0
7f8e5cf55000-7f8e5cf56000 r--p 00001000 08:01 670578                     /usr/lib/x86_64-linux-gnu/libxshmfence.so.1.0.0
7f8e5cf56000-7f8e5cf57000 rw-p 00002000 08:01 670578                     /usr/lib/x86_64-linux-gnu/libxshmfence.so.1.0.0
7f8e5cf57000-7f8e5cf5c000 r-xp 00000000 08:01 664122                     /usr/lib/x86_64-linux-gnu/libxcb-sync.so.1.0.0
7f8e5cf5c000-7f8e5d15c000 ---p 00005000 08:01 664122                     /usr/lib/x86_64-linux-gnu/libxcb-sync.so.1.0.0
7f8e5d15c000-7f8e5d15d000 r--p 00005000 08:01 664122                     /usr/lib/x86_64-linux-gnu/libxcb-sync.so.1.0.0
7f8e5d15d000-7f8e5d15e000 rw-p 00006000 08:01 664122                     /usr/lib/x86_64-linux-gnu/libxcb-sync.so.1.0.0
7f8e5d15e000-7f8e5d160000 r-xp 00000000 08:01 664125                     /usr/lib/x86_64-linux-gnu/libxcb-present.so.0.0.0
7f8e5d160000-7f8e5d35f000 ---p 00002000 08:01 664125                     /usr/lib/x86_64-linux-gnu/libxcb-present.so.0.0.0
7f8e5d35f000-7f8e5d360000 r--p 00001000 08:01 664125                     /usr/lib/x86_64-linux-gnu/libxcb-present.so.0.0.0
7f8e5d360000-7f8e5d361000 rw-p 00002000 08:01 664125                     /usr/lib/x86_64-linux-gnu/libxcb-present.so.0.0.0
7f8e5d361000-7f8e5d363000 r-xp 00000000 08:01 664107                     /usr/lib/x86_64-linux-gnu/libxcb-dri3.so.0.0.0
7f8e5d363000-7f8e5d562000 ---p 00002000 08:01 664107                     /usr/lib/x86_64-linux-gnu/libxcb-dri3.so.0.0.0
7f8e5d562000-7f8e5d563000 r--p 00001000 08:01 664107                     /usr/lib/x86_64-linux-gnu/libxcb-dri3.so.0.0.0
7f8e5d563000-7f8e5d564000 rw-p 00002000 08:01 664107                     /usr/lib/x86_64-linux-gnu/libxcb-dri3.so.0.0.0
7f8e5d564000-7f8e5d5d2000 r-xp 00000000 08:01 394443                     /lib/x86_64-linux-gnu/libpcre.so.3.13.2
7f8e5d5d2000-7f8e5d7d2000 ---p 0006e000 08:01 394443                     /lib/x86_64-linux-gnu/libpcre.so.3.13.2
7f8e5d7d2000-7f8e5d7d3000 r--p 0006e000 08:01 394443                     /lib/x86_64-linux-gnu/libpcre.so.3.13.2
7f8e5d7d3000-7f8e5d7d4000 rw-p 0006f000 08:01 394443                     /lib/x86_64-linux-gnu/libpcre.so.3.13.2
7f8e5d7d4000-7f8e5d7db000 r-xp 00000000 08:01 662733                     /usr/lib/x86_64-linux-gnu/libffi.so.6.0.4
7f8e5d7db000-7f8e5d9da000 ---p 00007000 08:01 662733                     /usr/lib/x86_64-linux-gnu/libffi.so.6.0.4
7f8e5d9da000-7f8e5d9db000 r--p 00006000 08:01 662733                     /usr/lib/x86_64-linux-gnu/libffi.so.6.0.4
7f8e5d9db000-7f8e5d9dc000 rw-p 00007000 08:01 662733                     /usr/lib/x86_64-linux-gnu/libffi.so.6.0.4
7f8e5d9dc000-7f8e5da02000 r-xp 00000000 08:01 394446                     /lib/x86_64-linux-gnu/libexpat.so.1.6.0
7f8e5da02000-7f8e5dc02000 ---p 00026000 08:01 394446                     /lib/x86_64-linux-gnu/libexpat.so.1.6.0
7f8e5dc02000-7f8e5dc04000 r--p 00026000 08:01 394446                     /lib/x86_64-linux-gnu/libexpat.so.1.6.0
7f8e5dc04000-7f8e5dc05000 rw-p 00028000 08:01 394446                     /lib/x86_64-linux-gnu/libexpat.so.1.6.0
7f8e5dc05000-7f8e5dc0d000 r-xp 00000000 08:01 657312                     /usr/lib/x86_64-linux-gnu/libthai.so.0.2.4
7f8e5dc0d000-7f8e5de0c000 ---p 00008000 08:01 657312                     /usr/lib/x86_64-linux-gnu/libthai.so.0.2.4
7f8e5de0c000-7f8e5de0d000 r--p 00007000 08:01 657312                     /usr/lib/x86_64-linux-gnu/libthai.so.0.2.4
7f8e5de0d000-7f8e5de0e000 rw-p 00008000 08:01 657312                     /usr/lib/x86_64-linux-gnu/libthai.so.0.2.4
7f8e5de0e000-7f8e5de2f000 r-xp 00000000 08:01 663896                     /usr/lib/x86_64-linux-gnu/libxcb.so.1.1.0
7f8e5de2f000-7f8e5e02e000 ---p 00021000 08:01 663896                     /usr/lib/x86_64-linux-gnu/libxcb.so.1.1.0
7f8e5e02e000-7f8e5e02f000 r--p 00020000 08:01 663896                     /usr/lib/x86_64-linux-gnu/libxcb.so.1.1.0
7f8e5e02f000-7f8e5e030000 rw-p 00021000 08:01 663896                     /usr/lib/x86_64-linux-gnu/libxcb.so.1.1.0
7f8e5e030000-7f8e5e038000 r-xp 00000000 08:01 664110                     /usr/lib/x86_64-linux-gnu/libxcb-render.so.0.0.0
7f8e5e038000-7f8e5e238000 ---p 00008000 08:01 664110                     /usr/lib/x86_64-linux-gnu/libxcb-render.so.0.0.0
7f8e5e238000-7f8e5e239000 r--p 00008000 08:01 664110                     /usr/lib/x86_64-linux-gnu/libxcb-render.so.0.0.0
7f8e5e239000-7f8e5e23a000 rw-p 00009000 08:01 664110                     /usr/lib/x86_64-linux-gnu/libxcb-render.so.0.0.0
7f8e5e23a000-7f8e5e23c000 r-xp 00000000 08:01 664431                     /usr/lib/x86_64-linux-gnu/libxcb-shm.so.0.0.0
7f8e5e23c000-7f8e5e43c000 ---p 00002000 08:01 664431                     /usr/lib/x86_64-linux-gnu/libxcb-shm.so.0.0.0
7f8e5e43c000-7f8e5e43d000 r--p 00002000 08:01 664431                     /usr/lib/x86_64-linux-gnu/libxcb-shm.so.0.0.0
7f8e5e43d000-7f8e5e43e000 rw-p 00003000 08:01 664431                     /usr/lib/x86_64-linux-gnu/libxcb-shm.so.0.0.0
7f8e5e43e000-7f8e5e462000 r-xp 00000000 08:01 394051                     /lib/x86_64-linux-gnu/libpng12.so.0.54.0
7f8e5e462000-7f8e5e661000 ---p 00024000 08:01 394051                     /lib/x86_64-linux-gnu/libpng12.so.0.54.0
7f8e5e661000-7f8e5e662000 r--p 00023000 08:01 394051                     /lib/x86_64-linux-gnu/libpng12.so.0.54.0
7f8e5e662000-7f8e5e663000 rw-p 00024000 08:01 394051                     /lib/x86_64-linux-gnu/libpng12.so.0.54.0
7f8e5e663000-7f8e5e702000 r-xp 00000000 08:01 663061                     /usr/lib/x86_64-linux-gnu/libpixman-1.so.0.33.6
7f8e5e702000-7f8e5e902000 ---p 0009f000 08:01 663061                     /usr/lib/x86_64-linux-gnu/libpixman-1.so.0.33.6
7f8e5e902000-7f8e5e90a000 r--p 0009f000 08:01 663061                     /usr/lib/x86_64-linux-gnu/libpixman-1.so.0.33.6
7f8e5e90a000-7f8e5e90b000 rw-p 000a7000 08:01 663061                     /usr/lib/x86_64-linux-gnu/libpixman-1.so.0.33.6
7f8e5e90b000-7f8e5e967000 r-xp 00000000 08:01 669928                     /usr/lib/x86_64-linux-gnu/libharfbuzz.so.0.10000.1
7f8e5e967000-7f8e5eb67000 ---p 0005c000 08:01 669928                     /usr/lib/x86_64-linux-gnu/libharfbuzz.so.0.10000.1
7f8e5eb67000-7f8e5eb68000 r--p 0005c000 08:01 669928                     /usr/lib/x86_64-linux-gnu/libharfbuzz.so.0.10000.1
7f8e5eb68000-7f8e5eb69000 rw-p 0005d000 08:01 669928                     /usr/lib/x86_64-linux-gnu/libharfbuzz.so.0.10000.1
7f8e5eb69000-7f8e5eb80000 r-xp 00000000 08:01 408823                     /lib/x86_64-linux-gnu/libresolv-2.23.so
7f8e5eb80000-7f8e5ed80000 ---p 00017000 08:01 408823                     /lib/x86_64-linux-gnu/libresolv-2.23.so
7f8e5ed80000-7f8e5ed81000 r--p 00017000 08:01 408823                     /lib/x86_64-linux-gnu/libresolv-2.23.so
7f8e5ed81000-7f8e5ed82000 rw-p 00018000 08:01 408823                     /lib/x86_64-linux-gnu/libresolv-2.23.so
7f8e5ed82000-7f8e5ed84000 rw-p 00000000 00:00 0 
7f8e5ed84000-7f8e5eda3000 r-xp 00000000 08:01 394521                     /lib/x86_64-linux-gnu/libselinux.so.1
7f8e5eda3000-7f8e5efa2000 ---p 0001f000 08:01 394521                     /lib/x86_64-linux-gnu/libselinux.so.1
7f8e5efa2000-7f8e5efa3000 r--p 0001e000 08:01 394521                     /lib/x86_64-linux-gnu/libselinux.so.1
7f8e5efa3000-7f8e5efa4000 rw-p 0001f000 08:01 394521                     /lib/x86_64-linux-gnu/libselinux.so.1
7f8e5efa4000-7f8e5efa6000 rw-p 00000000 00:00 0 
7f8e5efa6000-7f8e5efbf000 r-xp 00000000 08:01 399412                     /lib/x86_64-linux-gnu/libz.so.1.2.8
7f8e5efbf000-7f8e5f1be000 ---p 00019000 08:01 399412                     /lib/x86_64-linux-gnu/libz.so.1.2.8
7f8e5f1be000-7f8e5f1bf000 r--p 00018000 08:01 399412                     /lib/x86_64-linux-gnu/libz.so.1.2.8
7f8e5f1bf000-7f8e5f1c0000 rw-p 00019000 08:01 399412                     /lib/x86_64-linux-gnu/libz.so.1.2.8
7f8e5f1c0000-7f8e5f1d1000 r-xp 00000000 08:01 669387                     /usr/lib/x86_64-linux-gnu/libXext.so.6.4.0
7f8e5f1d1000-7f8e5f3d0000 ---p 00011000 08:01 669387                     /usr/lib/x86_64-linux-gnu/libXext.so.6.4.0
7f8e5f3d0000-7f8e5f3d1000 r--p 00010000 08:01 669387                     /usr/lib/x86_64-linux-gnu/libXext.so.6.4.0
7f8e5f3d1000-7f8e5f3d2000 rw-p 00011000 08:01 669387                     /usr/lib/x86_64-linux-gnu/libXext.so.6.4.0
7f8e5f3d2000-7f8e5f3d4000 r-xp 00000000 08:01 669383                     /usr/lib/x86_64-linux-gnu/libXdamage.so.1.1.0
7f8e5f3d4000-7f8e5f5d3000 ---p 00002000 08:01 669383                     /usr/lib/x86_64-linux-gnu/libXdamage.so.1.1.0
7f8e5f5d3000-7f8e5f5d4000 r--p 00001000 08:01 669383                     /usr/lib/x86_64-linux-gnu/libXdamage.so.1.1.0
7f8e5f5d4000-7f8e5f5d5000 rw-p 00002000 08:01 669383                     /usr/lib/x86_64-linux-gnu/libXdamage.so.1.1.0
7f8e5f5d5000-7f8e5f5d7000 r-xp 00000000 08:01 669379                     /usr/lib/x86_64-linux-gnu/libXcomposite.so.1.0.0
7f8e5f5d7000-7f8e5f7d6000 ---p 00002000 08:01 669379                     /usr/lib/x86_64-linux-gnu/libXcomposite.so.1.0.0
7f8e5f7d6000-7f8e5f7d7000 r--p 00001000 08:01 669379                     /usr/lib/x86_64-linux-gnu/libXcomposite.so.1.0.0
7f8e5f7d7000-7f8e5f7d8000 rw-p 00002000 08:01 669379                     /usr/lib/x86_64-linux-gnu/libXcomposite.so.1.0.0
7f8e5f7d8000-7f8e5f7e1000 r-xp 00000000 08:01 669381                     /usr/lib/x86_64-linux-gnu/libXcursor.so.1.0.2
7f8e5f7e1000-7f8e5f9e0000 ---p 00009000 08:01 669381                     /usr/lib/x86_64-linux-gnu/libXcursor.so.1.0.2
7f8e5f9e0000-7f8e5f9e1000 r--p 00008000 08:01 669381                     /usr/lib/x86_64-linux-gnu/libXcursor.so.1.0.2
7f8e5f9e1000-7f8e5f9e2000 rw-p 00009000 08:01 669381                     /usr/lib/x86_64-linux-gnu/libXcursor.so.1.0.2
7f8e5f9e2000-7f8e5f9ec000 r-xp 00000000 08:01 669405                     /usr/lib/x86_64-linux-gnu/libXrandr.so.2.2.0
7f8e5f9ec000-7f8e5fbeb000 ---p 0000a000 08:01 669405                     /usr/lib/x86_64-linux-gnu/libXrandr.so.2.2.0
7f8e5fbeb000-7f8e5fbec000 r--p 00009000 08:01 669405                     /usr/lib/x86_64-linux-gnu/libXrandr.so.2.2.0
7f8e5fbec000-7f8e5fbed000 rw-p 0000a000 08:01 669405                     /usr/lib/x86_64-linux-gnu/libXrandr.so.2.2.0
7f8e5fbed000-7f8e5fbfc000 r-xp 00000000 08:01 667629                     /usr/lib/x86_64-linux-gnu/libXi.so.6.1.0
7f8e5fbfc000-7f8e5fdfb000 ---p 0000f000 08:01 667629                     /usr/lib/x86_64-linux-gnu/libXi.so.6.1.0
7f8e5fdfb000-7f8e5fdfc000 r--p 0000e000 08:01 667629                     /usr/lib/x86_64-linux-gnu/libXi.so.6.1.0
7f8e5fdfc000-7f8e5fdfd000 rw-p 0000f000 08:01 667629                     /usr/lib/x86_64-linux-gnu/libXi.so.6.1.0
7f8e5fdfd000-7f8e5fdff000 r-xp 00000000 08:01 669397                     /usr/lib/x86_64-linux-gnu/libXinerama.so.1.0.0
7f8e5fdff000-7f8e5fffe000 ---p 00002000 08:01 669397                     /usr/lib/x86_64-linux-gnu/libXinerama.so.1.0.0
7f8e5fffe000-7f8e5ffff000 r--p 00001000 08:01 669397                     /usr/lib/x86_64-linux-gnu/libXinerama.so.1.0.0
7f8e5ffff000-7f8e60000000 rw-p 00002000 08:01 669397                     /usr/lib/x86_64-linux-gnu/libXinerama.so.1.0.0
7f8e60000000-7f8e60722000 rw-p 00000000 00:00 0 
7f8e60722000-7f8e64000000 ---p 00000000 00:00 0 
7f8e64000000-7f8e64021000 rw-p 00000000 00:00 0 
7f8e64021000-7f8e68000000 ---p 00000000 00:00 0 
7f8e68000000-7f8e68001000 rw-s 11bd66000 00:06 338                       /dev/dri/card0
7f8e68001000-7f8e6800c000 r--s 00000000 08:01 133025                     /var/cache/fontconfig/945677eb7aeaf62f1d50efc3fb3ec7d8-le64.cache-6
7f8e6800c000-7f8e68012000 r--s 00000000 08:01 133061                     /var/cache/fontconfig/2cd17615ca594fa2959ae173292e504c-le64.cache-6
7f8e68012000-7f8e68013000 r--s 00000000 08:01 133060                     /var/cache/fontconfig/0d8c3b2ac0904cb8a57a757ad11a4a08-le64.cache-6
7f8e68013000-7f8e68028000 r--s 00000000 08:01 133057                     /var/cache/fontconfig/04aabc0a78ac019cf9454389977116d2-le64.cache-6
7f8e68028000-7f8e68029000 r--s 00000000 08:01 133056                     /var/cache/fontconfig/1ac9eb803944fde146138c791f5cc56a-le64.cache-6
7f8e68029000-7f8e6802d000 r--s 00000000 08:01 133055                     /var/cache/fontconfig/385c0604a188198f04d133e54aba7fe7-le64.cache-6
7f8e6802d000-7f8e6802e000 r--s 00000000 08:01 133054                     /var/cache/fontconfig/dc05db6664285cc2f12bf69c139ae4c3-le64.cache-6
7f8e6802e000-7f8e68031000 r--s 00000000 08:01 133053                     /var/cache/fontconfig/767a8244fc0220cfb567a839d0392e0b-le64.cache-6
7f8e68031000-7f8e68032000 r--s 00000000 08:01 133052                     /var/cache/fontconfig/4794a0821666d79190d59a36cb4f44b5-le64.cache-6
7f8e68032000-7f8e68037000 r--s 00000000 08:01 133051                     /var/cache/fontconfig/8801497958630a81b71ace7c5f9b32a8-le64.cache-6
7f8e68037000-7f8e6803e000 r--s 00000000 08:01 133049                     /var/cache/fontconfig/3047814df9a2f067bd2d96a2b9c36e5a-le64.cache-6
7f8e6803e000-7f8e68051000 r--s 00000000 08:01 133045                     /var/cache/fontconfig/d52a8644073d54c13679302ca1180695-le64.cache-6
7f8e68051000-7f8e6805c000 r--s 00000000 08:01 133042                     /var/cache/fontconfig/d589a48862398ed80a3d6066f4f56f4c-le64.cache-6
7f8e6805c000-7f8e68067000 r--s 00000000 08:01 133038                     /var/cache/fontconfig/83bf95040141907cd45bb53cf7c1c148-le64.cache-6
7f8e68067000-7f8e68079000 r--s 00000000 08:01 131579                     /var/cache/fontconfig/9b89f8e3dae116d678bbf48e5f21f69b-le64.cache-6
7f8e68079000-7f8e680c1000 r--p 00000000 08:01 936132                     /usr/share/glib-2.0/schemas/gschemas.compiled
7f8e680c1000-7f8e680eb000 r--p 00000000 08:01 932375                     /usr/share/locale-langpack/it/LC_MESSAGES/gtk20-properties.mo
7f8e680eb000-7f8e680f4000 r-xp 00000000 08:01 669407                     /usr/lib/x86_64-linux-gnu/libXrender.so.1.3.0
7f8e680f4000-7f8e682f3000 ---p 00009000 08:01 669407                     /usr/lib/x86_64-linux-gnu/libXrender.so.1.3.0
7f8e682f3000-7f8e682f4000 r--p 00008000 08:01 669407                     /usr/lib/x86_64-linux-gnu/libXrender.so.1.3.0
7f8e682f4000-7f8e682f5000 rw-p 00009000 08:01 669407                     /usr/lib/x86_64-linux-gnu/libXrender.so.1.3.0
7f8e682f5000-7f8e682fa000 r-xp 00000000 08:01 669389                     /usr/lib/x86_64-linux-gnu/libXfixes.so.3.1.0
7f8e682fa000-7f8e684f9000 ---p 00005000 08:01 669389                     /usr/lib/x86_64-linux-gnu/libXfixes.so.3.1.0
7f8e684f9000-7f8e684fa000 r--p 00004000 08:01 669389                     /usr/lib/x86_64-linux-gnu/libXfixes.so.3.1.0
7f8e684fa000-7f8e684fb000 rw-p 00005000 08:01 669389                     /usr/lib/x86_64-linux-gnu/libXfixes.so.3.1.0
7f8e684fb000-7f8e68511000 r-xp 00000000 08:01 394049                     /lib/x86_64-linux-gnu/libgcc_s.so.1
7f8e68511000-7f8e68710000 ---p 00016000 08:01 394049                     /lib/x86_64-linux-gnu/libgcc_s.so.1
7f8e68710000-7f8e68711000 rw-p 00015000 08:01 394049                     /lib/x86_64-linux-gnu/libgcc_s.so.1
7f8e68711000-7f8e68883000 r-xp 00000000 08:01 657513                     /usr/lib/x86_64-linux-gnu/libstdc++.so.6.0.21
7f8e68883000-7f8e68a83000 ---p 00172000 08:01 657513                     /usr/lib/x86_64-linux-gnu/libstdc++.so.6.0.21
7f8e68a83000-7f8e68a8d000 r--p 00172000 08:01 657513                     /usr/lib/x86_64-linux-gnu/libstdc++.so.6.0.21
7f8e68a8d000-7f8e68a8f000 rw-p 0017c000 08:01 657513                     /usr/lib/x86_64-linux-gnu/libstdc++.so.6.0.21
7f8e68a8f000-7f8e68a93000 rw-p 00000000 00:00 0 
7f8e68a93000-7f8e68b00000 r-xp 00000000 08:01 919314                     /usr/lib/x86_64-linux-gnu/mesa/libGL.so.1.2.0
7f8e68b00000-7f8e68cff000 ---p 0006d000 08:01 919314                     /usr/lib/x86_64-linux-gnu/mesa/libGL.so.1.2.0
7f8e68cff000-7f8e68d02000 r--p 0006c000 08:01 919314                     /usr/lib/x86_64-linux-gnu/mesa/libGL.so.1.2.0
7f8e68d02000-7f8e68d03000 rw-p 0006f000 08:01 919314                     /usr/lib/x86_64-linux-gnu/mesa/libGL.so.1.2.0
7f8e68d03000-7f8e68d04000 rw-p 00000000 00:00 0 
7f8e68d04000-7f8e68d09000 r-xp 00000000 08:01 669423                     /usr/lib/x86_64-linux-gnu/libXxf86vm.so.1.0.0
7f8e68d09000-7f8e68f08000 ---p 00005000 08:01 669423                     /usr/lib/x86_64-linux-gnu/libXxf86vm.so.1.0.0
7f8e68f08000-7f8e68f09000 r--p 00004000 08:01 669423                     /usr/lib/x86_64-linux-gnu/libXxf86vm.so.1.0.0
7f8e68f09000-7f8e68f0a000 rw-p 00005000 08:01 669423                     /usr/lib/x86_64-linux-gnu/libXxf86vm.so.1.0.0
7f8e68f0a000-7f8e6903f000 r-xp 00000000 08:01 669370                     /usr/lib/x86_64-linux-gnu/libX11.so.6.3.0
7f8e6903f000-7f8e6923f000 ---p 00135000 08:01 669370                     /usr/lib/x86_64-linux-gnu/libX11.so.6.3.0
7f8e6923f000-7f8e69240000 r--p 00135000 08:01 669370                     /usr/lib/x86_64-linux-gnu/libX11.so.6.3.0
7f8e69240000-7f8e69244000 rw-p 00136000 08:01 669370                     /usr/lib/x86_64-linux-gnu/libX11.so.6.3.0
7f8e69244000-7f8e69249000 r-xp 00000000 08:01 669413                     /usr/lib/x86_64-linux-gnu/libXtst.so.6.1.0
7f8e69249000-7f8e69448000 ---p 00005000 08:01 669413                     /usr/lib/x86_64-linux-gnu/libXtst.so.6.1.0
7f8e69448000-7f8e69449000 r--p 00004000 08:01 669413                     /usr/lib/x86_64-linux-gnu/libXtst.so.6.1.0
7f8e69449000-7f8e6944a000 rw-p 00005000 08:01 669413                     /usr/lib/x86_64-linux-gnu/libXtst.so.6.1.0
7f8e6944a000-7f8e69558000 r-xp 00000000 08:01 399178                     /lib/x86_64-linux-gnu/libglib-2.0.so.0.4800.0
7f8e69558000-7f8e69758000 ---p 0010e000 08:01 399178                     /lib/x86_64-linux-gnu/libglib-2.0.so.0.4800.0
7f8e69758000-7f8e69759000 r--p 0010e000 08:01 399178                     /lib/x86_64-linux-gnu/libglib-2.0.so.0.4800.0
7f8e69759000-7f8e6975a000 rw-p 0010f000 08:01 399178                     /lib/x86_64-linux-gnu/libglib-2.0.so.0.4800.0
7f8e6975a000-7f8e6975b000 rw-p 00000000 00:00 0 
7f8e6975b000-7f8e6975c000 r-xp 00000000 08:01 662553                     /usr/lib/x86_64-linux-gnu/libgthread-2.0.so.0.4800.0
7f8e6975c000-7f8e6995b000 ---p 00001000 08:01 662553                     /usr/lib/x86_64-linux-gnu/libgthread-2.0.so.0.4800.0
7f8e6995b000-7f8e6995c000 r--p 00000000 08:01 662553                     /usr/lib/x86_64-linux-gnu/libgthread-2.0.so.0.4800.0
7f8e6995c000-7f8e6995d000 rw-p 00001000 08:01 662553                     /usr/lib/x86_64-linux-gnu/libgthread-2.0.so.0.4800.0
7f8e6995d000-7f8e69960000 r-xp 00000000 08:01 662554                     /usr/lib/x86_64-linux-gnu/libgmodule-2.0.so.0.4800.0
7f8e69960000-7f8e69b5f000 ---p 00003000 08:01 662554                     /usr/lib/x86_64-linux-gnu/libgmodule-2.0.so.0.4800.0
7f8e69b5f000-7f8e69b60000 r--p 00002000 08:01 662554                     /usr/lib/x86_64-linux-gnu/libgmodule-2.0.so.0.4800.0
7f8e69b60000-7f8e69b61000 rw-p 00003000 08:01 662554                     /usr/lib/x86_64-linux-gnu/libgmodule-2.0.so.0.4800.0
7f8e69b61000-7f8e69bb3000 r-xp 00000000 08:01 657079                     /usr/lib/x86_64-linux-gnu/libgobject-2.0.so.0.4800.0
7f8e69bb3000-7f8e69db2000 ---p 00052000 08:01 657079                     /usr/lib/x86_64-linux-gnu/libgobject-2.0.so.0.4800.0
7f8e69db2000-7f8e69db3000 r--p 00051000 08:01 657079                     /usr/lib/x86_64-linux-gnu/libgobject-2.0.so.0.4800.0
7f8e69db3000-7f8e69db4000 rw-p 00052000 08:01 657079                     /usr/lib/x86_64-linux-gnu/libgobject-2.0.so.0.4800.0
7f8e69db4000-7f8e69df1000 r-xp 00000000 08:01 658855                     /usr/lib/x86_64-linux-gnu/libfontconfig.so.1.9.0
7f8e69df1000-7f8e69ff0000 ---p 0003d000 08:01 658855                     /usr/lib/x86_64-linux-gnu/libfontconfig.so.1.9.0
7f8e69ff0000-7f8e69ff2000 r--p 0003c000 08:01 658855                     /usr/lib/x86_64-linux-gnu/libfontconfig.so.1.9.0
7f8e69ff2000-7f8e69ff7000 rw-p 0003e000 08:01 658855                     /usr/lib/x86_64-linux-gnu/libfontconfig.so.1.9.0
7f8e69ff7000-7f8e6a09b000 r-xp 00000000 08:01 658853                     /usr/lib/x86_64-linux-gnu/libfreetype.so.6.12.1
7f8e6a09b000-7f8e6a29a000 ---p 000a4000 08:01 658853                     /usr/lib/x86_64-linux-gnu/libfreetype.so.6.12.1
7f8e6a29a000-7f8e6a2a0000 r--p 000a3000 08:01 658853                     /usr/lib/x86_64-linux-gnu/libfreetype.so.6.12.1
7f8e6a2a0000-7f8e6a2a1000 rw-p 000a9000 08:01 658853                     /usr/lib/x86_64-linux-gnu/libfreetype.so.6.12.1
7f8e6a2a1000-7f8e6a2ea000 r-xp 00000000 08:01 660567                     /usr/lib/x86_64-linux-gnu/libpango-1.0.so.0.3800.1
7f8e6a2ea000-7f8e6a4ea000 ---p 00049000 08:01 660567                     /usr/lib/x86_64-linux-gnu/libpango-1.0.so.0.3800.1
7f8e6a4ea000-7f8e6a4ec000 r--p 00049000 08:01 660567                     /usr/lib/x86_64-linux-gnu/libpango-1.0.so.0.3800.1
7f8e6a4ec000-7f8e6a4ed000 rw-p 0004b000 08:01 660567                     /usr/lib/x86_64-linux-gnu/libpango-1.0.so.0.3800.1
7f8e6a4ed000-7f8e6a5fb000 r-xp 00000000 08:01 659822                     /usr/lib/x86_64-linux-gnu/libcairo.so.2.11400.6
7f8e6a5fb000-7f8e6a7fb000 ---p 0010e000 08:01 659822                     /usr/lib/x86_64-linux-gnu/libcairo.so.2.11400.6
7f8e6a7fb000-7f8e6a7fe000 r--p 0010e000 08:01 659822                     /usr/lib/x86_64-linux-gnu/libcairo.so.2.11400.6
7f8e6a7fe000-7f8e6a7ff000 rw-p 00111000 08:01 659822                     /usr/lib/x86_64-linux-gnu/libcairo.so.2.11400.6
7f8e6a7ff000-7f8e6a801000 rw-p 00000000 00:00 0 
7f8e6a801000-7f8e6a80d000 r-xp 00000000 08:01 660532                     /usr/lib/x86_64-linux-gnu/libpangocairo-1.0.so.0.3800.1
7f8e6a80d000-7f8e6aa0c000 ---p 0000c000 08:01 660532                     /usr/lib/x86_64-linux-gnu/libpangocairo-1.0.so.0.3800.1
7f8e6aa0c000-7f8e6aa0d000 r--p 0000b000 08:01 660532                     /usr/lib/x86_64-linux-gnu/libpangocairo-1.0.so.0.3800.1
7f8e6aa0d000-7f8e6aa0e000 rw-p 0000c000 08:01 660532                     /usr/lib/x86_64-linux-gnu/libpangocairo-1.0.so.0.3800.1
7f8e6aa0e000-7f8e6aa2f000 r-xp 00000000 08:01 669582                     /usr/lib/x86_64-linux-gnu/libgdk_pixbuf-2.0.so.0.3200.2
7f8e6aa2f000-7f8e6ac2e000 ---p 00021000 08:01 669582                     /usr/lib/x86_64-linux-gnu/libgdk_pixbuf-2.0.so.0.3200.2
7f8e6ac2e000-7f8e6ac2f000 r--p 00020000 08:01 669582                     /usr/lib/x86_64-linux-gnu/libgdk_pixbuf-2.0.so.0.3200.2
7f8e6ac2f000-7f8e6ac30000 rw-p 00021000 08:01 669582                     /usr/lib/x86_64-linux-gnu/libgdk_pixbuf-2.0.so.0.3200.2
7f8e6ac30000-7f8e6ac44000 r-xp 00000000 08:01 660563                     /usr/lib/x86_64-linux-gnu/libpangoft2-1.0.so.0.3800.1
7f8e6ac44000-7f8e6ae44000 ---p 00014000 08:01 660563                     /usr/lib/x86_64-linux-gnu/libpangoft2-1.0.so.0.3800.1
7f8e6ae44000-7f8e6ae45000 r--p 00014000 08:01 660563                     /usr/lib/x86_64-linux-gnu/libpangoft2-1.0.so.0.3800.1
7f8e6ae45000-7f8e6ae46000 rw-p 00015000 08:01 660563                     /usr/lib/x86_64-linux-gnu/libpangoft2-1.0.so.0.3800.1
7f8e6ae46000-7f8e6afc6000 r-xp 00000000 08:01 658311                     /usr/lib/x86_64-linux-gnu/libgio-2.0.so.0.4800.0
7f8e6afc6000-7f8e6b1c6000 ---p 00180000 08:01 658311                     /usr/lib/x86_64-linux-gnu/libgio-2.0.so.0.4800.0
7f8e6b1c6000-7f8e6b1ca000 r--p 00180000 08:01 658311                     /usr/lib/x86_64-linux-gnu/libgio-2.0.so.0.4800.0
7f8e6b1ca000-7f8e6b1cc000 rw-p 00184000 08:01 658311                     /usr/lib/x86_64-linux-gnu/libgio-2.0.so.0.4800.0
7f8e6b1cc000-7f8e6b1ce000 rw-p 00000000 00:00 0 
7f8e6b1ce000-7f8e6b1f0000 r-xp 00000000 08:01 663939                     /usr/lib/x86_64-linux-gnu/libatk-1.0.so.0.21809.1
7f8e6b1f0000-7f8e6b3ef000 ---p 00022000 08:01 663939                     /usr/lib/x86_64-linux-gnu/libatk-1.0.so.0.21809.1
7f8e6b3ef000-7f8e6b3f2000 r--p 00021000 08:01 663939                     /usr/lib/x86_64-linux-gnu/libatk-1.0.so.0.21809.1
7f8e6b3f2000-7f8e6b3f3000 rw-p 00024000 08:01 663939                     /usr/lib/x86_64-linux-gnu/libatk-1.0.so.0.21809.1
7f8e6b3f3000-7f8e6b4a3000 r-xp 00000000 08:01 659698                     /usr/lib/x86_64-linux-gnu/libgdk-x11-2.0.so.0.2400.30
7f8e6b4a3000-7f8e6b6a2000 ---p 000b0000 08:01 659698                     /usr/lib/x86_64-linux-gnu/libgdk-x11-2.0.so.0.2400.30
7f8e6b6a2000-7f8e6b6a6000 r--p 000af000 08:01 659698                     /usr/lib/x86_64-linux-gnu/libgdk-x11-2.0.so.0.2400.30
7f8e6b6a6000-7f8e6b6a8000 rw-p 000b3000 08:01 659698                     /usr/lib/x86_64-linux-gnu/libgdk-x11-2.0.so.0.2400.30
7f8e6b6a8000-7f8e6bae6000 r-xp 00000000 08:01 659699                     /usr/lib/x86_64-linux-gnu/libgtk-x11-2.0.so.0.2400.30
7f8e6bae6000-7f8e6bce5000 ---p 0043e000 08:01 659699                     /usr/lib/x86_64-linux-gnu/libgtk-x11-2.0.so.0.2400.30
7f8e6bce5000-7f8e6bcec000 r--p 0043d000 08:01 659699                     /usr/lib/x86_64-linux-gnu/libgtk-x11-2.0.so.0.2400.30
7f8e6bcec000-7f8e6bcf0000 rw-p 00444000 08:01 659699                     /usr/lib/x86_64-linux-gnu/libgtk-x11-2.0.so.0.2400.30
7f8e6bcf0000-7f8e6bcf3000 rw-p 00000000 00:00 0 
7f8e6bcf3000-7f8e6bcff000 r-xp 00000000 08:01 298774                     /home/mirko/jdk1.8.0_73/jre/lib/amd64/libprism_es2.so
7f8e6bcff000-7f8e6befe000 ---p 0000c000 08:01 298774                     /home/mirko/jdk1.8.0_73/jre/lib/amd64/libprism_es2.so
7f8e6befe000-7f8e6beff000 rw-p 0000b000 08:01 298774                     /home/mirko/jdk1.8.0_73/jre/lib/amd64/libprism_es2.so
7f8e6beff000-7f8e6bf02000 ---p 00000000 00:00 0 
7f8e6bf02000-7f8e6c000000 rw-p 00000000 00:00 0 
7f8e6c000000-7f8e6c207000 rw-p 00000000 00:00 0 
7f8e6c207000-7f8e70000000 ---p 00000000 00:00 0 
7f8e70000000-7f8e70021000 rw-p 00000000 00:00 0 
7f8e70021000-7f8e74000000 ---p 00000000 00:00 0 
7f8e74000000-7f8e74021000 rw-p 00000000 00:00 0 
7f8e74021000-7f8e78000000 ---p 00000000 00:00 0 
7f8e78000000-7f8e7820f000 rw-p 00000000 00:00 0 
7f8e7820f000-7f8e7c000000 ---p 00000000 00:00 0 
7f8e7c000000-7f8e7c021000 rw-p 00000000 00:00 0 
7f8e7c021000-7f8e80000000 ---p 00000000 00:00 0 
7f8e80000000-7f8e80021000 rw-p 00000000 00:00 0 
7f8e80021000-7f8e84000000 ---p 00000000 00:00 0 
7f8e84000000-7f8e84021000 rw-p 00000000 00:00 0 
7f8e84021000-7f8e88000000 ---p 00000000 00:00 0 
7f8e88000000-7f8e88021000 rw-p 00000000 00:00 0 
7f8e88021000-7f8e8c000000 ---p 00000000 00:00 0 
7f8e8c000000-7f8e8c021000 rw-p 00000000 00:00 0 
7f8e8c021000-7f8e90000000 ---p 00000000 00:00 0 
7f8e90000000-7f8e90001000 r--s 00000000 08:01 133050                     /var/cache/fontconfig/bab58bb527bb656aaa9f116d68a48d89-le64.cache-6
7f8e90001000-7f8e90002000 r--s 00000000 08:01 133048                     /var/cache/fontconfig/56cf4f4769d0f4abc89a4895d7bd3ae1-le64.cache-6
7f8e90002000-7f8e9000f000 r--s 00000000 08:01 133021                     /var/cache/fontconfig/e13b20fdb08344e0e664864cc2ede53d-le64.cache-6
7f8e9000f000-7f8e90031000 r--p 00000000 08:01 932601                     /usr/share/locale-langpack/it/LC_MESSAGES/libc.mo
7f8e90031000-7f8e900c6000 r--s 01108000 08:01 298922                     /home/mirko/jdk1.8.0_73/jre/lib/ext/jfxrt.jar
7f8e900c6000-7f8e900c7000 ---p 00000000 00:00 0 
7f8e900c7000-7f8e901c7000 rw-p 00000000 00:00 0 
7f8e901c7000-7f8e901ca000 ---p 00000000 00:00 0 
7f8e901ca000-7f8e902c8000 rw-p 00000000 00:00 0 
7f8e902c8000-7f8e902cb000 ---p 00000000 00:00 0 
7f8e902cb000-7f8e903c9000 rw-p 00000000 00:00 0 
7f8e903c9000-7f8e903cc000 ---p 00000000 00:00 0 
7f8e903cc000-7f8e904ca000 rw-p 00000000 00:00 0 
7f8e904ca000-7f8e904cd000 ---p 00000000 00:00 0 
7f8e904cd000-7f8e905cb000 rw-p 00000000 00:00 0 
7f8e905cb000-7f8e908a5000 r--p 00000000 08:01 658423                     /usr/lib/locale/locale-archive
7f8e908a5000-7f8e908a8000 ---p 00000000 00:00 0 
7f8e908a8000-7f8e909a6000 rw-p 00000000 00:00 0 
7f8e909a6000-7f8e909a9000 ---p 00000000 00:00 0 
7f8e909a9000-7f8e90aa7000 rw-p 00000000 00:00 0 
7f8e90aa7000-7f8e90aa8000 ---p 00000000 00:00 0 
7f8e90aa8000-7f8e914b1000 rw-p 00000000 00:00 0 
7f8e914b1000-7f8e91689000 r--s 03d23000 08:01 299029                     /home/mirko/jdk1.8.0_73/jre/lib/rt.jar
7f8e91689000-7f8e94c38000 rw-p 00000000 00:00 0 
7f8e94c38000-7f8e94c39000 ---p 00000000 00:00 0 
7f8e94c39000-7f8e94d39000 rw-p 00000000 00:00 0 
7f8e94d39000-7f8e94d3a000 ---p 00000000 00:00 0 
7f8e94d3a000-7f8e94e57000 rw-p 00000000 00:00 0 
7f8e94e57000-7f8e95000000 ---p 00000000 00:00 0 
7f8e95000000-7f8e95330000 rwxp 00000000 00:00 0 
7f8e95330000-7f8ea4000000 ---p 00000000 00:00 0 
7f8ea4000000-7f8ea44af000 rw-p 00000000 00:00 0 
7f8ea44af000-7f8ea8000000 ---p 00000000 00:00 0 
7f8ea8000000-7f8ea8009000 r--s 00000000 08:01 133023                     /var/cache/fontconfig/d0972c3d32f097851eb916381fc38920-le64.cache-6
7f8ea8009000-7f8ea8015000 rw-s 11aae4000 00:06 338                       /dev/dri/card0
7f8ea8015000-7f8ea8033000 r-xp 00000000 08:01 395424                     /lib/x86_64-linux-gnu/libudev.so.1.6.4
7f8ea8033000-7f8ea8034000 r--p 0001d000 08:01 395424                     /lib/x86_64-linux-gnu/libudev.so.1.6.4
7f8ea8034000-7f8ea8035000 rw-p 0001e000 08:01 395424                     /lib/x86_64-linux-gnu/libudev.so.1.6.4
7f8ea8035000-7f8ea8036000 r--s 00000000 08:01 133047                     /var/cache/fontconfig/b9d506c9ac06c20b433354fa67a72993-le64.cache-6
7f8ea8036000-7f8ea803c000 r--s 00000000 08:01 133046                     /var/cache/fontconfig/b47c4e1ecd0709278f4910c18777a504-le64.cache-6
7f8ea803c000-7f8ea8055000 r--p 00000000 08:01 932427                     /usr/share/locale-langpack/it/LC_MESSAGES/glib20.mo
7f8ea8055000-7f8ea8072000 rw-p 00000000 00:00 0 
7f8ea8072000-7f8ea821b000 ---p 00000000 00:00 0 
7f8ea821b000-7f8ea822a000 rw-p 00000000 00:00 0 
7f8ea822a000-7f8ea82fe000 ---p 00000000 00:00 0 
7f8ea82fe000-7f8ea830c000 rw-p 00000000 00:00 0 
7f8ea830c000-7f8ea86bf000 ---p 00000000 00:00 0 
7f8ea86bf000-7f8ea86d9000 r-xp 00000000 08:01 298891                     /home/mirko/jdk1.8.0_73/jre/lib/amd64/libzip.so
7f8ea86d9000-7f8ea88d9000 ---p 0001a000 08:01 298891                     /home/mirko/jdk1.8.0_73/jre/lib/amd64/libzip.so
7f8ea88d9000-7f8ea88da000 rw-p 0001a000 08:01 298891                     /home/mirko/jdk1.8.0_73/jre/lib/amd64/libzip.so
7f8ea88da000-7f8ea88e5000 r-xp 00000000 08:01 408815                     /lib/x86_64-linux-gnu/libnss_files-2.23.so
7f8ea88e5000-7f8ea8ae4000 ---p 0000b000 08:01 408815                     /lib/x86_64-linux-gnu/libnss_files-2.23.so
7f8ea8ae4000-7f8ea8ae5000 r--p 0000a000 08:01 408815                     /lib/x86_64-linux-gnu/libnss_files-2.23.so
7f8ea8ae5000-7f8ea8ae6000 rw-p 0000b000 08:01 408815                     /lib/x86_64-linux-gnu/libnss_files-2.23.so
7f8ea8ae6000-7f8ea8aec000 rw-p 00000000 00:00 0 
7f8ea8aec000-7f8ea8af7000 r-xp 00000000 08:01 408811                     /lib/x86_64-linux-gnu/libnss_nis-2.23.so
7f8ea8af7000-7f8ea8cf6000 ---p 0000b000 08:01 408811                     /lib/x86_64-linux-gnu/libnss_nis-2.23.so
7f8ea8cf6000-7f8ea8cf7000 r--p 0000a000 08:01 408811                     /lib/x86_64-linux-gnu/libnss_nis-2.23.so
7f8ea8cf7000-7f8ea8cf8000 rw-p 0000b000 08:01 408811                     /lib/x86_64-linux-gnu/libnss_nis-2.23.so
7f8ea8cf8000-7f8ea8d0e000 r-xp 00000000 08:01 408779                     /lib/x86_64-linux-gnu/libnsl-2.23.so
7f8ea8d0e000-7f8ea8f0d000 ---p 00016000 08:01 408779                     /lib/x86_64-linux-gnu/libnsl-2.23.so
7f8ea8f0d000-7f8ea8f0e000 r--p 00015000 08:01 408779                     /lib/x86_64-linux-gnu/libnsl-2.23.so
7f8ea8f0e000-7f8ea8f0f000 rw-p 00016000 08:01 408779                     /lib/x86_64-linux-gnu/libnsl-2.23.so
7f8ea8f0f000-7f8ea8f11000 rw-p 00000000 00:00 0 
7f8ea8f11000-7f8ea8f19000 r-xp 00000000 08:01 408728                     /lib/x86_64-linux-gnu/libnss_compat-2.23.so
7f8ea8f19000-7f8ea9118000 ---p 00008000 08:01 408728                     /lib/x86_64-linux-gnu/libnss_compat-2.23.so
7f8ea9118000-7f8ea9119000 r--p 00007000 08:01 408728                     /lib/x86_64-linux-gnu/libnss_compat-2.23.so
7f8ea9119000-7f8ea911a000 rw-p 00008000 08:01 408728                     /lib/x86_64-linux-gnu/libnss_compat-2.23.so
7f8ea911a000-7f8ea9144000 r-xp 00000000 08:01 298868                     /home/mirko/jdk1.8.0_73/jre/lib/amd64/libjava.so
7f8ea9144000-7f8ea9344000 ---p 0002a000 08:01 298868                     /home/mirko/jdk1.8.0_73/jre/lib/amd64/libjava.so
7f8ea9344000-7f8ea9346000 rw-p 0002a000 08:01 298868                     /home/mirko/jdk1.8.0_73/jre/lib/amd64/libjava.so
7f8ea9346000-7f8ea9353000 r-xp 00000000 08:01 298835                     /home/mirko/jdk1.8.0_73/jre/lib/amd64/libverify.so
7f8ea9353000-7f8ea9553000 ---p 0000d000 08:01 298835                     /home/mirko/jdk1.8.0_73/jre/lib/amd64/libverify.so
7f8ea9553000-7f8ea9555000 rw-p 0000d000 08:01 298835                     /home/mirko/jdk1.8.0_73/jre/lib/amd64/libverify.so
7f8ea9555000-7f8ea955c000 r-xp 00000000 08:01 408854                     /lib/x86_64-linux-gnu/librt-2.23.so
7f8ea955c000-7f8ea975b000 ---p 00007000 08:01 408854                     /lib/x86_64-linux-gnu/librt-2.23.so
7f8ea975b000-7f8ea975c000 r--p 00006000 08:01 408854                     /lib/x86_64-linux-gnu/librt-2.23.so
7f8ea975c000-7f8ea975d000 rw-p 00007000 08:01 408854                     /lib/x86_64-linux-gnu/librt-2.23.so
7f8ea975d000-7f8ea9865000 r-xp 00000000 08:01 408836                     /lib/x86_64-linux-gnu/libm-2.23.so
7f8ea9865000-7f8ea9a64000 ---p 00108000 08:01 408836                     /lib/x86_64-linux-gnu/libm-2.23.so
7f8ea9a64000-7f8ea9a65000 r--p 00107000 08:01 408836                     /lib/x86_64-linux-gnu/libm-2.23.so
7f8ea9a65000-7f8ea9a66000 rw-p 00108000 08:01 408836                     /lib/x86_64-linux-gnu/libm-2.23.so
7f8ea9a66000-7f8eaa725000 r-xp 00000000 08:01 298756                     /home/mirko/jdk1.8.0_73/jre/lib/amd64/server/libjvm.so
7f8eaa725000-7f8eaa924000 ---p 00cbf000 08:01 298756                     /home/mirko/jdk1.8.0_73/jre/lib/amd64/server/libjvm.so
7f8eaa924000-7f8eaa9fd000 rw-p 00cbe000 08:01 298756                     /home/mirko/jdk1.8.0_73/jre/lib/amd64/server/libjvm.so
7f8eaa9fd000-7f8eaaa46000 rw-p 00000000 00:00 0 
7f8eaaa46000-7f8eaac06000 r-xp 00000000 08:01 408903                     /lib/x86_64-linux-gnu/libc-2.23.so
7f8eaac06000-7f8eaae05000 ---p 001c0000 08:01 408903                     /lib/x86_64-linux-gnu/libc-2.23.so
7f8eaae05000-7f8eaae09000 r--p 001bf000 08:01 408903                     /lib/x86_64-linux-gnu/libc-2.23.so
7f8eaae09000-7f8eaae0b000 rw-p 001c3000 08:01 408903                     /lib/x86_64-linux-gnu/libc-2.23.so
7f8eaae0b000-7f8eaae0f000 rw-p 00000000 00:00 0 
7f8eaae0f000-7f8eaae12000 r-xp 00000000 08:01 408904                     /lib/x86_64-linux-gnu/libdl-2.23.so
7f8eaae12000-7f8eab011000 ---p 00003000 08:01 408904                     /lib/x86_64-linux-gnu/libdl-2.23.so
7f8eab011000-7f8eab012000 r--p 00002000 08:01 408904                     /lib/x86_64-linux-gnu/libdl-2.23.so
7f8eab012000-7f8eab013000 rw-p 00003000 08:01 408904                     /lib/x86_64-linux-gnu/libdl-2.23.so
7f8eab013000-7f8eab028000 r-xp 00000000 08:01 298814                     /home/mirko/jdk1.8.0_73/jre/lib/amd64/jli/libjli.so
7f8eab028000-7f8eab228000 ---p 00015000 08:01 298814                     /home/mirko/jdk1.8.0_73/jre/lib/amd64/jli/libjli.so
7f8eab228000-7f8eab229000 rw-p 00015000 08:01 298814                     /home/mirko/jdk1.8.0_73/jre/lib/amd64/jli/libjli.so
7f8eab229000-7f8eab241000 r-xp 00000000 08:01 408902                     /lib/x86_64-linux-gnu/libpthread-2.23.so
7f8eab241000-7f8eab440000 ---p 00018000 08:01 408902                     /lib/x86_64-linux-gnu/libpthread-2.23.so
7f8eab440000-7f8eab441000 r--p 00017000 08:01 408902                     /lib/x86_64-linux-gnu/libpthread-2.23.so
7f8eab441000-7f8eab442000 rw-p 00018000 08:01 408902                     /lib/x86_64-linux-gnu/libpthread-2.23.so
7f8eab442000-7f8eab446000 rw-p 00000000 00:00 0 
7f8eab446000-7f8eab46c000 r-xp 00000000 08:01 408879                     /lib/x86_64-linux-gnu/ld-2.23.so
7f8eab46c000-7f8eab46d000 r--s 00000000 08:01 133044                     /var/cache/fontconfig/551ecf3b0e8b0bca0f25c0944f561853-le64.cache-6
7f8eab46d000-7f8eab470000 r--s 00000000 08:01 133039                     /var/cache/fontconfig/75114ca45c98e8a441da0ff356701271-le64.cache-6
7f8eab470000-7f8eab47f000 r--p 00000000 08:01 932380                     /usr/share/locale-langpack/it/LC_MESSAGES/gtk20.mo
7f8eab47f000-7f8eab544000 rw-p 00000000 00:00 0 
7f8eab544000-7f8eab547000 ---p 00000000 00:00 0 
7f8eab547000-7f8eab649000 rw-p 00000000 00:00 0 
7f8eab649000-7f8eab64a000 r--s 00000000 08:01 133041                     /var/cache/fontconfig/30829fa25452a46451e813d634d7f916-le64.cache-6
7f8eab64a000-7f8eab64b000 r--s 00000000 08:01 133067                     /var/cache/fontconfig/0c9eb80ebd1c36541ebe2852d3bb0c49-le64.cache-6
7f8eab64b000-7f8eab64f000 r--s 00000000 08:01 131946                     /var/cache/fontconfig/7ef2298fde41cc6eeb7af42e48b7d293-le64.cache-6
7f8eab64f000-7f8eab656000 r--p 00000000 08:01 266803                     /home/mirko/.config/dconf/user
7f8eab656000-7f8eab657000 r--s 00000000 00:2b 26                         /run/user/1000/dconf/user
7f8eab657000-7f8eab65e000 r--s 00000000 08:01 933543                     /usr/lib/x86_64-linux-gnu/gconv/gconv-modules.cache
7f8eab65e000-7f8eab65f000 r--s 00000000 08:01 534559                     /home/mirko/NetBeansProjects/Scacchiera/dist/run1254438930/Scacchiera.jar
7f8eab65f000-7f8eab667000 rw-s 00000000 08:01 534571                     /tmp/hsperfdata_mirko/4733
7f8eab667000-7f8eab668000 rw-p 00000000 00:00 0 
7f8eab668000-7f8eab669000 r--p 00000000 00:00 0 
7f8eab669000-7f8eab66b000 rw-p 00000000 00:00 0 
7f8eab66b000-7f8eab66c000 r--p 00025000 08:01 408879                     /lib/x86_64-linux-gnu/ld-2.23.so
7f8eab66c000-7f8eab66d000 rw-p 00026000 08:01 408879                     /lib/x86_64-linux-gnu/ld-2.23.so
7f8eab66d000-7f8eab66e000 rw-p 00000000 00:00 0 
7fff21966000-7fff21987000 rw-p 00000000 00:00 0                          [stack]
7fff219cd000-7fff219cf000 r--p 00000000 00:00 0                          [vvar]
7fff219cf000-7fff219d1000 r-xp 00000000 00:00 0                          [vdso]
ffffffffff600000-ffffffffff601000 r-xp 00000000 00:00 0                  [vsyscall]

VM Arguments:
jvm_args: -Dfile.encoding=UTF-8 
java_command: /home/mirko/NetBeansProjects/Scacchiera/dist/run1254438930/Scacchiera.jar
java_class_path (initial): /home/mirko/NetBeansProjects/Scacchiera/dist/run1254438930/Scacchiera.jar
Launcher Type: SUN_STANDARD

Environment Variables:
PATH=/usr/local/sbin:/usr/local/bin:/usr/sbin:/usr/bin:/sbin:/bin:/usr/games:/usr/local/games:/snap/bin
LD_LIBRARY_PATH=/home/mirko/jdk1.8.0_73/jre/lib/amd64:/home/mirko/jdk1.8.0_73/jre/lib/i386:
SHELL=/bin/bash
DISPLAY=:0

Signal Handlers:
SIGSEGV: [libjvm.so+0xabafa0], sa_mask[0]=11111111011111111101111111111110, sa_flags=SA_RESTART|SA_SIGINFO
SIGBUS: [libjvm.so+0xabafa0], sa_mask[0]=11111111011111111101111111111110, sa_flags=SA_RESTART|SA_SIGINFO
SIGFPE: [libjvm.so+0x9183c0], sa_mask[0]=11111111011111111101111111111110, sa_flags=SA_RESTART|SA_SIGINFO
SIGPIPE: SIG_IGN, sa_mask[0]=00000000000010000000000000000000, sa_flags=SA_RESTART
SIGXFSZ: [libjvm.so+0x9183c0], sa_mask[0]=11111111011111111101111111111110, sa_flags=SA_RESTART|SA_SIGINFO
SIGILL: [libjvm.so+0x9183c0], sa_mask[0]=11111111011111111101111111111110, sa_flags=SA_RESTART|SA_SIGINFO
SIGUSR1: SIG_DFL, sa_mask[0]=00000000000000000000000000000000, sa_flags=none
SIGUSR2: [libjvm.so+0x9199f0], sa_mask[0]=00100000000000000000000000000000, sa_flags=SA_RESTART|SA_SIGINFO
SIGHUP: [libjvm.so+0x91adf0], sa_mask[0]=11111111011111111101111111111110, sa_flags=SA_RESTART|SA_SIGINFO
SIGINT: SIG_IGN, sa_mask[0]=00000000000000000000000000000000, sa_flags=none
SIGTERM: [libjvm.so+0x91adf0], sa_mask[0]=11111111011111111101111111111110, sa_flags=SA_RESTART|SA_SIGINFO
SIGQUIT: [libjvm.so+0x91adf0], sa_mask[0]=11111111011111111101111111111110, sa_flags=SA_RESTART|SA_SIGINFO


---------------  S Y S T E M  ---------------

OS:DISTRIB_ID=Ubuntu
DISTRIB_RELEASE=16.04
DISTRIB_CODENAME=xenial
DISTRIB_DESCRIPTION="Ubuntu 16.04 LTS"

uname:Linux 4.4.0-22-generic #40-Ubuntu SMP Thu May 12 22:03:46 UTC 2016 x86_64
libc:glibc 2.23 NPTL 2.23 
rlimit: STACK 8192k, CORE 0k, NPROC 21620, NOFILE 65536, AS infinity
load average:0,83 0,67 0,59

/proc/meminfo:
MemTotal:        5573612 kB
MemFree:         2183640 kB
MemAvailable:    3162368 kB
Buffers:           92680 kB
Cached:           952524 kB
SwapCached:            0 kB
Active:          2570304 kB
Inactive:         572944 kB
Active(anon):    2099480 kB
Inactive(anon):    95480 kB
Active(file):     470824 kB
Inactive(file):   477464 kB
Unevictable:          48 kB
Mlocked:              48 kB
SwapTotal:       4881404 kB
SwapFree:        4881404 kB
Dirty:               368 kB
Writeback:             0 kB
AnonPages:       2098136 kB
Mapped:           384832 kB
Shmem:             96872 kB
Slab:              98204 kB
SReclaimable:      65480 kB
SUnreclaim:        32724 kB
KernelStack:        9136 kB
PageTables:        38536 kB
NFS_Unstable:          0 kB
Bounce:                0 kB
WritebackTmp:          0 kB
CommitLimit:     7668208 kB
Committed_AS:    6286820 kB
VmallocTotal:   34359738367 kB
VmallocUsed:           0 kB
VmallocChunk:          0 kB
HardwareCorrupted:     0 kB
AnonHugePages:   1247232 kB
CmaTotal:              0 kB
CmaFree:               0 kB
HugePages_Total:       0
HugePages_Free:        0
HugePages_Rsvd:        0
HugePages_Surp:        0
Hugepagesize:       2048 kB
DirectMap4k:      177448 kB
DirectMap2M:     4519936 kB
DirectMap1G:     1048576 kB


CPU:total 2 (2 cores per cpu, 1 threads per core) family 18 model 1 stepping 0, cmov, cx8, fxsr, mmx, sse, sse2, sse3, popcnt, mmxext, 3dnowpref, lzcnt, sse4a, tsc, tscinvbit, tscinv

/proc/cpuinfo:
processor	: 0
vendor_id	: AuthenticAMD
cpu family	: 18
model		: 1
model name	: AMD A4-3300M APU with Radeon(tm) HD Graphics
stepping	: 0
microcode	: 0x3000014
cpu MHz		: 1900.000
cache size	: 1024 KB
physical id	: 0
siblings	: 2
core id		: 0
cpu cores	: 2
apicid		: 0
initial apicid	: 0
fpu		: yes
fpu_exception	: yes
cpuid level	: 6
wp		: yes
flags		: fpu vme de pse tsc msr pae mce cx8 apic sep mtrr pge mca cmov pat pse36 clflush mmx fxsr sse sse2 ht syscall nx mmxext fxsr_opt pdpe1gb rdtscp lm 3dnowext 3dnow constant_tsc rep_good nopl nonstop_tsc extd_apicid aperfmperf pni monitor cx16 popcnt lahf_lm cmp_legacy svm extapic cr8_legacy abm sse4a misalignsse 3dnowprefetch osvw ibs skinit wdt cpb hw_pstate vmmcall arat npt lbrv svm_lock nrip_save pausefilter
bugs		: fxsave_leak sysret_ss_attrs
bogomips	: 3793.06
TLB size	: 1536 4K pages
clflush size	: 64
cache_alignment	: 64
address sizes	: 40 bits physical, 48 bits virtual
power management: ts ttp tm stc 100mhzsteps hwpstate cpb

processor	: 1
vendor_id	: AuthenticAMD
cpu family	: 18
model		: 1
model name	: AMD A4-3300M APU with Radeon(tm) HD Graphics
stepping	: 0
microcode	: 0x3000014
cpu MHz		: 1800.000
cache size	: 1024 KB
physical id	: 0
siblings	: 2
core id		: 1
cpu cores	: 2
apicid		: 1
initial apicid	: 1
fpu		: yes
fpu_exception	: yes
cpuid level	: 6
wp		: yes
flags		: fpu vme de pse tsc msr pae mce cx8 apic sep mtrr pge mca cmov pat pse36 clflush mmx fxsr sse sse2 ht syscall nx mmxext fxsr_opt pdpe1gb rdtscp lm 3dnowext 3dnow constant_tsc rep_good nopl nonstop_tsc extd_apicid aperfmperf pni monitor cx16 popcnt lahf_lm cmp_legacy svm extapic cr8_legacy abm sse4a misalignsse 3dnowprefetch osvw ibs skinit wdt cpb hw_pstate vmmcall arat npt lbrv svm_lock nrip_save pausefilter
bugs		: fxsave_leak sysret_ss_attrs
bogomips	: 3793.06
TLB size	: 1536 4K pages
clflush size	: 64
cache_alignment	: 64
address sizes	: 40 bits physical, 48 bits virtual
power management: ts ttp tm stc 100mhzsteps hwpstate cpb



Memory: 4k page, physical 5573612k(2183640k free), swap 4881404k(4881404k free)

vm_info: Java HotSpot(TM) 64-Bit Server VM (25.73-b02) for linux-amd64 JRE (1.8.0_73-b02), built on Jan 29 2016 17:39:45 by "java_re" with gcc 4.3.0 20080428 (Red Hat 4.3.0-8)

time: Thu Jun  2 22:20:47 2016
elapsed time: 1 seconds (0d 0h 0m 1s)

