#
# A fatal error has been detected by the Java Runtime Environment:
#
#  SIGSEGV (0xb) at pc=0x00007fa5b7620b29, pid=4776, tid=140350613800704
#
# JRE version: Java(TM) SE Runtime Environment (8.0_73-b02) (build 1.8.0_73-b02)
# Java VM: Java HotSpot(TM) 64-Bit Server VM (25.73-b02 mixed mode linux-amd64 compressed oops)
# Problematic frame:
# C  [r600_dri.so+0x1f2b29]
#
# Failed to write core dump. Core dumps have been disabled. To enable core dumping, try "ulimit -c unlimited" before starting Java again
#
# If you would like to submit a bug report, please visit:
#   http://bugreport.java.com/bugreport/crash.jsp
# The crash happened outside the Java Virtual Machine in native code.
# See problematic frame for where to report the bug.
#

---------------  T H R E A D  ---------------

Current thread (0x00007fa60021a800):  JavaThread "QuantumRenderer-0" daemon [_thread_in_native, id=4793, stack(0x00007fa5ec6ac000,0x00007fa5ec7ad000)]

siginfo: si_signo: 11 (SIGSEGV), si_code: 1 (SEGV_MAPERR), si_addr: 0x000000000000001c

Registers:
RAX=0x0000000000000000, RBX=0x00007fa5c425be50, RCX=0x0000000000000000, RDX=0x00000000ffffffff
RSP=0x00007fa5ec7ab030, RBP=0x0000000000000000, RSI=0x0000000000000000, RDI=0x00007fa5c425be50
R8 =0x00007fa5c425bf64, R9 =0x00007fa5c425cce4, R10=0x00007fa5c41b20a0, R11=0x0000000000000001
R12=0x00007fa5c4263230, R13=0x00007fa5c425be88, R14=0x0000000000000000, R15=0x00007fa5c46e92c8
RIP=0x00007fa5b7620b29, EFLAGS=0x0000000000010246, CSGSFS=0x5a70000000000033, ERR=0x0000000000000004
  TRAPNO=0x000000000000000e

Top of Stack: (sp=0x00007fa5ec7ab030)
0x00007fa5ec7ab030:   00007fa5c42318c0 00007fa5c425d500
0x00007fa5ec7ab040:   00007fa5b7f6c1c8 00007fa5b7f6c0d0
0x00007fa5ec7ab050:   00007fa5c425be50 00007fa5c425d500
0x00007fa5ec7ab060:   00007fa5b7f6c1c8 00007fa5c42318c0
0x00007fa5ec7ab070:   00007fa5c425be50 00007fa5b761f8ad
0x00007fa5ec7ab080:   00007fa5ec7ab1f0 00007fa5ec7ab1f0
0x00007fa5ec7ab090:   0000000000000000 00007fa5ec7ab1d0
0x00007fa5ec7ab0a0:   0000000000000001 00007fa5b763ed52
0x00007fa5ec7ab0b0:   0000000000000000 00007fa5c4260c60
0x00007fa5ec7ab0c0:   0000000000000000 ffffffff00000000
0x00007fa5ec7ab0d0:   0000000000000000 0000000000000000
0x00007fa5ec7ab0e0:   0000000000000000 00007fa5b769a3ea
0x00007fa5ec7ab0f0:   0000000000000000 00007fa5c46cc338
0x00007fa5ec7ab100:   000000000c410008 0000000000000000
0x00007fa5ec7ab110:   0000000000000000 00007fa5b75b27ad
0x00007fa5ec7ab120:   00007fa5c46c79f0 0000000000000000
0x00007fa5ec7ab130:   00007fa5c46e22c0 0000000000000000
0x00007fa5ec7ab140:   0000000000000000 0000000000000000
0x00007fa5ec7ab150:   0000000000000000 5a706517f4256100
0x00007fa5ec7ab160:   0000000000000000 0000000000000000
0x00007fa5ec7ab170:   00000000ffffffff 00007fa5c42318c0
0x00007fa5ec7ab180:   00007fa5c425d7c0 0000000000000006
0x00007fa5ec7ab190:   00000000ffffffff 00007fa5b7605ec8
0x00007fa5ec7ab1a0:   00000000ffffffff 0000000000000000
0x00007fa5ec7ab1b0:   0000000000000000 0000000000000000
0x00007fa5ec7ab1c0:   00007fa5ee282250 0000000400000000
0x00007fa5ec7ab1d0:   0000140300000006 00007fa5c42693a0
0x00007fa5ec7ab1e0:   0000000000000000 00007fa5f1007c4d
0x00007fa5ec7ab1f0:   0000000000001704 0000000000000006
0x00007fa5ec7ab200:   0000000000000001 000000003f800000
0x00007fa5ec7ab210:   0000000000000000 5a706517f4256100
0x00007fa5ec7ab220:   00007fa5c42318c0 00007fa5c42318c0 

Instructions: (pc=0x00007fa5b7620b29)
0x00007fa5b7620b09:   0d 48 8b 46 10 48 89 c7 ff 90 50 02 00 00 48 89
0x00007fa5b7620b19:   ab 58 13 00 00 49 8b 4c 24 78 8b 93 08 13 00 00
0x00007fa5b7620b29:   39 51 1c 0f 46 51 1c 8b 83 0c 13 00 00 89 93 08
0x00007fa5b7620b39:   13 00 00 39 41 20 0f 46 41 20 89 83 0c 13 00 00 

Register to memory mapping:

RAX=0x0000000000000000 is an unknown value
RBX=0x00007fa5c425be50 is an unknown value
RCX=0x0000000000000000 is an unknown value
RDX=0x00000000ffffffff is an unallocated location in the heap
RSP=0x00007fa5ec7ab030 is pointing into the stack for thread: 0x00007fa60021a800
RBP=0x0000000000000000 is an unknown value
RSI=0x0000000000000000 is an unknown value
RDI=0x00007fa5c425be50 is an unknown value
R8 =0x00007fa5c425bf64 is an unknown value
R9 =0x00007fa5c425cce4 is an unknown value
R10=0x00007fa5c41b20a0 is an unknown value
R11=0x0000000000000001 is an unknown value
R12=0x00007fa5c4263230 is an unknown value
R13=0x00007fa5c425be88 is an unknown value
R14=0x0000000000000000 is an unknown value
R15=0x00007fa5c46e92c8 is an unknown value


Stack: [0x00007fa5ec6ac000,0x00007fa5ec7ad000],  sp=0x00007fa5ec7ab030,  free space=1020k
Native frames: (J=compiled Java code, j=interpreted, Vv=VM code, C=native code)
C  [r600_dri.so+0x1f2b29]

Java frames: (J=compiled Java code, j=interpreted, Vv=VM code)
J 845  com.sun.prism.es2.GLContext.nDrawIndexedQuads(JI[F[B)V (0 bytes) @ 0x00007fa5f12fdeec [0x00007fa5f12fde80+0x6c]
J 843 C1 com.sun.prism.es2.ES2VertexBuffer.drawQuads(I)V (17 bytes) @ 0x00007fa5f1304514 [0x00007fa5f13043c0+0x154]
J 811 C1 com.sun.prism.impl.BaseContext.flushVertexBuffer()V (104 bytes) @ 0x00007fa5f12f0f74 [0x00007fa5f12f08e0+0x694]
j  com.sun.prism.es2.ES2SwapChain.drawTexture(Lcom/sun/prism/es2/ES2Graphics;Lcom/sun/prism/RTTexture;FFFFFFFF)V+68
j  com.sun.prism.es2.ES2SwapChain.prepare(Lcom/sun/javafx/geom/Rectangle;)Z+146
j  com.sun.javafx.tk.quantum.PresentingPainter.run()V+350
j  java.util.concurrent.Executors$RunnableAdapter.call()Ljava/lang/Object;+4
j  java.util.concurrent.FutureTask.runAndReset()Z+47
j  com.sun.javafx.tk.RenderJob.run()V+1
j  java.util.concurrent.ThreadPoolExecutor.runWorker(Ljava/util/concurrent/ThreadPoolExecutor$Worker;)V+95
j  java.util.concurrent.ThreadPoolExecutor$Worker.run()V+5
j  com.sun.javafx.tk.quantum.QuantumRenderer$PipelineRunnable.run()V+8
j  java.lang.Thread.run()V+11
v  ~StubRoutines::call_stub

---------------  P R O C E S S  ---------------

Java Threads: ( => current thread )
  0x00007fa6002f7800 JavaThread "JavaFX-Launcher" [_thread_blocked, id=4800, stack(0x00007fa5a3dfe000,0x00007fa5a3eff000)]
  0x00007fa6002f4000 JavaThread "JavaFX Application Thread" [_thread_blocked, id=4799, stack(0x00007fa5a3eff000,0x00007fa5a4000000)]
  0x00007fa6002f0000 JavaThread "Thread-1" daemon [_thread_blocked, id=4798, stack(0x00007fa5ec078000,0x00007fa5ec179000)]
=>0x00007fa60021a800 JavaThread "QuantumRenderer-0" daemon [_thread_in_native, id=4793, stack(0x00007fa5ec6ac000,0x00007fa5ec7ad000)]
  0x00007fa600141000 JavaThread "Service Thread" daemon [_thread_blocked, id=4789, stack(0x00007fa5ec8ae000,0x00007fa5ec9af000)]
  0x00007fa60013e000 JavaThread "C1 CompilerThread1" daemon [_thread_blocked, id=4788, stack(0x00007fa5ec9af000,0x00007fa5ecab0000)]
  0x00007fa60013b000 JavaThread "C2 CompilerThread0" daemon [_thread_blocked, id=4787, stack(0x00007fa5ecab0000,0x00007fa5ecbb1000)]
  0x00007fa600139800 JavaThread "Signal Dispatcher" daemon [_thread_blocked, id=4786, stack(0x00007fa5ecbb1000,0x00007fa5eccb2000)]
  0x00007fa600101800 JavaThread "Finalizer" daemon [_thread_blocked, id=4785, stack(0x00007fa5ecf8c000,0x00007fa5ed08d000)]
  0x00007fa6000ff800 JavaThread "Reference Handler" daemon [_thread_blocked, id=4784, stack(0x00007fa5ed08d000,0x00007fa5ed18e000)]
  0x00007fa600009800 JavaThread "main" [_thread_blocked, id=4778, stack(0x00007fa607cd3000,0x00007fa607dd4000)]

Other Threads:
  0x00007fa6000fa800 VMThread [stack: 0x00007fa5ed18e000,0x00007fa5ed28f000] [id=4783]
  0x00007fa600143800 WatcherThread [stack: 0x00007fa5ec7ad000,0x00007fa5ec8ae000] [id=4790]

VM state:not at safepoint (normal execution)

VM Mutex/Monitor currently owned by a thread: None

Heap:
 PSYoungGen      total 25600K, used 18292K [0x00000000e3a00000, 0x00000000e5680000, 0x0000000100000000)
  eden space 22016K, 83% used [0x00000000e3a00000,0x00000000e4bdd330,0x00000000e4f80000)
  from space 3584K, 0% used [0x00000000e5300000,0x00000000e5300000,0x00000000e5680000)
  to   space 3584K, 0% used [0x00000000e4f80000,0x00000000e4f80000,0x00000000e5300000)
 ParOldGen       total 58880K, used 0K [0x00000000aae00000, 0x00000000ae780000, 0x00000000e3a00000)
  object space 58880K, 0% used [0x00000000aae00000,0x00000000aae00000,0x00000000ae780000)
 Metaspace       used 10740K, capacity 11142K, committed 11392K, reserved 1058816K
  class space    used 1518K, capacity 1654K, committed 1664K, reserved 1048576K

Card table byte_map: [0x00007fa6047e4000,0x00007fa604a8e000] byte_map_base: 0x00007fa60428d000

Marking Bits: (ParMarkBitMap*) 0x00007fa6071aa100
 Begin Bits: [0x00007fa5ee570000, 0x00007fa5efab8000)
 End Bits:   [0x00007fa5efab8000, 0x00007fa5f1000000)

Polling page: 0x00007fa607df7000

CodeCache: size=245760Kb used=3326Kb max_used=3326Kb free=242433Kb
 bounds [0x00007fa5f1000000, 0x00007fa5f1350000, 0x00007fa600000000]
 total_blobs=1460 nmethods=912 adapters=462
 compilation: enabled

Compilation events (10 events):
Event: 1,847 Thread 0x00007fa60013e000 nmethod 896 0x00007fa5f132e9d0 code [0x00007fa5f132ef00, 0x00007fa5f1331ae8]
Event: 1,847 Thread 0x00007fa60013e000  897       3       com.sun.javafx.sg.prism.NGShape::renderContent2D (173 bytes)
Event: 1,849 Thread 0x00007fa60013e000 nmethod 897 0x00007fa5f1333390 code [0x00007fa5f13335a0, 0x00007fa5f13343f8]
Event: 1,849 Thread 0x00007fa60013e000  898       3       com.sun.prism.impl.shape.BasicRoundRectRep::fill (9 bytes)
Event: 1,849 Thread 0x00007fa60013e000 nmethod 898 0x00007fa5f1334810 code [0x00007fa5f1334980, 0x00007fa5f1334c08]
Event: 1,849 Thread 0x00007fa60013e000  899       3       com.sun.prism.impl.shape.BasicRoundRectRep::fillRoundRect (134 bytes)
Event: 1,849 Thread 0x00007fa60013e000 nmethod 899 0x00007fa5f1334cd0 code [0x00007fa5f1334e80, 0x00007fa5f1335478]
Event: 1,849 Thread 0x00007fa60013e000  900       3       com.sun.prism.impl.shape.BasicRoundRectRep::isAARequiredForFill (161 bytes)
Event: 1,853 Thread 0x00007fa60013e000 nmethod 900 0x00007fa5f1335610 code [0x00007fa5f13359c0, 0x00007fa5f13376d8]
Event: 1,853 Thread 0x00007fa60013e000  908       3       com.sun.javafx.geom.transform.Affine3D::concatenate (561 bytes)

GC Heap History (0 events):
No events

Deoptimization events (6 events):
Event: 1,116 Thread 0x00007fa6002f4000 Uncommon trap: reason=unstable_if action=reinterpret pc=0x00007fa5f11a072c method=java.lang.String.replace(CC)Ljava/lang/String; @ 26
Event: 1,291 Thread 0x00007fa6002f4000 Uncommon trap: reason=class_check action=maybe_recompile pc=0x00007fa5f12587f0 method=java.util.Collections$UnmodifiableList.get(I)Ljava/lang/Object; @ 5
Event: 1,296 Thread 0x00007fa6002f4000 Uncommon trap: reason=class_check action=maybe_recompile pc=0x00007fa5f12587f0 method=java.util.Collections$UnmodifiableList.get(I)Ljava/lang/Object; @ 5
Event: 1,301 Thread 0x00007fa6002f4000 Uncommon trap: reason=class_check action=maybe_recompile pc=0x00007fa5f12587f0 method=java.util.Collections$UnmodifiableList.get(I)Ljava/lang/Object; @ 5
Event: 1,310 Thread 0x00007fa6002f4000 Uncommon trap: reason=class_check action=maybe_recompile pc=0x00007fa5f12587f0 method=java.util.Collections$UnmodifiableList.get(I)Ljava/lang/Object; @ 5
Event: 1,310 Thread 0x00007fa6002f4000 Uncommon trap: reason=unstable_if action=reinterpret pc=0x00007fa5f1252930 method=sun.net.www.ParseUtil.encodePath(Ljava/lang/String;Z)Ljava/lang/String; @ 109

Internal exceptions (10 events):
Event: 0,168 Thread 0x00007fa600009800 Exception <a 'java/lang/NoSuchMethodError': Method sun.misc.Unsafe.prefetchRead(Ljava/lang/Object;J)V name or signature does not match> (0x00000000e3a12ed0) thrown at [/HUDSON3/workspace/8-2-build-linux-amd64/jdk8u73/6086/hotspot/src/share/vm/prims/jni.cp
Event: 0,357 Thread 0x00007fa600009800 Exception <a 'java/lang/NoSuchFieldError': method resolution failed> (0x00000000e3c4dad0) thrown at [/HUDSON3/workspace/8-2-build-linux-amd64/jdk8u73/6086/hotspot/src/share/vm/prims/methodHandles.cpp, line 1146]
Event: 0,363 Thread 0x00007fa600009800 Exception <a 'java/lang/NoSuchFieldError': method resolution failed> (0x00000000e3c5ae50) thrown at [/HUDSON3/workspace/8-2-build-linux-amd64/jdk8u73/6086/hotspot/src/share/vm/prims/methodHandles.cpp, line 1146]
Event: 0,448 Thread 0x00007fa600009800 Exception <a 'java/security/PrivilegedActionException'> (0x00000000e3ce45d0) thrown at [/HUDSON3/workspace/8-2-build-linux-amd64/jdk8u73/6086/hotspot/src/share/vm/prims/jvm.cpp, line 1386]
Event: 0,449 Thread 0x00007fa600009800 Exception <a 'java/security/PrivilegedActionException'> (0x00000000e3ce47e0) thrown at [/HUDSON3/workspace/8-2-build-linux-amd64/jdk8u73/6086/hotspot/src/share/vm/prims/jvm.cpp, line 1386]
Event: 0,454 Thread 0x00007fa600009800 Exception <a 'java/security/PrivilegedActionException'> (0x00000000e3ce6ae0) thrown at [/HUDSON3/workspace/8-2-build-linux-amd64/jdk8u73/6086/hotspot/src/share/vm/prims/jvm.cpp, line 1386]
Event: 0,454 Thread 0x00007fa600009800 Exception <a 'java/security/PrivilegedActionException'> (0x00000000e3ce6cf0) thrown at [/HUDSON3/workspace/8-2-build-linux-amd64/jdk8u73/6086/hotspot/src/share/vm/prims/jvm.cpp, line 1386]
Event: 0,454 Thread 0x00007fa600009800 Exception <a 'java/lang/NullPointerException'> (0x00000000e3ce72c8) thrown at [/HUDSON3/workspace/8-2-build-linux-amd64/jdk8u73/6086/hotspot/src/share/vm/interpreter/linkResolver.cpp, line 1178]
Event: 0,997 Thread 0x00007fa6002f4000 Exception <a 'java/lang/NullPointerException'> (0x00000000e4457b88) thrown at [/HUDSON3/workspace/8-2-build-linux-amd64/jdk8u73/6086/hotspot/src/share/vm/interpreter/linkResolver.cpp, line 1178]
Event: 0,997 Thread 0x00007fa6002f4000 Exception <a 'java/lang/NullPointerException'> (0x00000000e4457b88) thrown at [/HUDSON3/workspace/8-2-build-linux-amd64/jdk8u73/6086/hotspot/src/share/vm/prims/jvm.cpp, line 1390]

Events (10 events):
Event: 1,722 loading class javafx/event/Event
Event: 1,722 loading class javafx/event/Event done
Event: 1,723 loading class javafx/scene/Node
Event: 1,723 loading class javafx/scene/Node done
Event: 1,724 loading class com/sun/javafx/collections/SetListenerHelper
Event: 1,724 loading class com/sun/javafx/collections/SetListenerHelper done
Event: 1,724 loading class com/sun/javafx/collections/SetListenerHelper$SingleChange
Event: 1,724 loading class com/sun/javafx/collections/SetListenerHelper$SingleChange done
Event: 1,724 loading class com/sun/javafx/collections/SetListenerHelper$SingleInvalidation
Event: 1,724 loading class com/sun/javafx/collections/SetListenerHelper$SingleInvalidation done


Dynamic libraries:
00400000-00401000 r-xp 00000000 08:01 299051                             /home/mirko/jdk1.8.0_73/jre/bin/java
00600000-00601000 rw-p 00000000 08:01 299051                             /home/mirko/jdk1.8.0_73/jre/bin/java
01ed3000-01ef4000 rw-p 00000000 00:00 0                                  [heap]
aae00000-ae780000 rw-p 00000000 00:00 0 
ae780000-e3a00000 ---p 00000000 00:00 0 
e3a00000-e5680000 rw-p 00000000 00:00 0 
e5680000-100000000 ---p 00000000 00:00 0 
100000000-1001a0000 rw-p 00000000 00:00 0 
1001a0000-140000000 ---p 00000000 00:00 0 
7fa5a35f6000-7fa5a36f6000 rw-s 11ea5f000 00:06 338                       /dev/dri/card0
7fa5a36f6000-7fa5a37f6000 rw-s 11e95e000 00:06 338                       /dev/dri/card0
7fa5a37f6000-7fa5a3976000 rw-p 00000000 00:00 0 
7fa5a3976000-7fa5a39f6000 ---p 00000000 00:00 0 
7fa5a39f6000-7fa5a39fb000 r-xp 00000000 08:01 291958                     /home/mirko/jdk1.8.0_73/jre/lib/amd64/libjavafx_font_freetype.so
7fa5a39fb000-7fa5a3bfa000 ---p 00005000 08:01 291958                     /home/mirko/jdk1.8.0_73/jre/lib/amd64/libjavafx_font_freetype.so
7fa5a3bfa000-7fa5a3bfb000 rw-p 00004000 08:01 291958                     /home/mirko/jdk1.8.0_73/jre/lib/amd64/libjavafx_font_freetype.so
7fa5a3bfb000-7fa5a3bfe000 r-xp 00000000 08:01 298719                     /home/mirko/jdk1.8.0_73/jre/lib/amd64/libjavafx_font.so
7fa5a3bfe000-7fa5a3dfd000 ---p 00003000 08:01 298719                     /home/mirko/jdk1.8.0_73/jre/lib/amd64/libjavafx_font.so
7fa5a3dfd000-7fa5a3dfe000 rw-p 00002000 08:01 298719                     /home/mirko/jdk1.8.0_73/jre/lib/amd64/libjavafx_font.so
7fa5a3dfe000-7fa5a3e01000 ---p 00000000 00:00 0 
7fa5a3e01000-7fa5a3eff000 rw-p 00000000 00:00 0 
7fa5a3eff000-7fa5a3f02000 ---p 00000000 00:00 0 
7fa5a3f02000-7fa5a4000000 rw-p 00000000 00:00 0 
7fa5a4000000-7fa5a4022000 rw-p 00000000 00:00 0 
7fa5a4022000-7fa5a8000000 ---p 00000000 00:00 0 
7fa5a8000000-7fa5a8189000 rw-p 00000000 00:00 0 
7fa5a8189000-7fa5ac000000 ---p 00000000 00:00 0 
7fa5ac000000-7fa5ac021000 rw-p 00000000 00:00 0 
7fa5ac021000-7fa5b0000000 ---p 00000000 00:00 0 
7fa5b0059000-7fa5b005b000 rw-s 11eb65000 00:06 338                       /dev/dri/card0
7fa5b005b000-7fa5b0060000 r--s 00084000 08:01 299016                     /home/mirko/jdk1.8.0_73/jre/lib/jfr.jar
7fa5b0060000-7fa5b006b000 r--s 00000000 08:01 133025                     /var/cache/fontconfig/945677eb7aeaf62f1d50efc3fb3ec7d8-le64.cache-6
7fa5b006b000-7fa5b0080000 r--s 00000000 08:01 133057                     /var/cache/fontconfig/04aabc0a78ac019cf9454389977116d2-le64.cache-6
7fa5b0080000-7fa5b0081000 ---p 00000000 00:00 0 
7fa5b0081000-7fa5b0881000 rw-p 00000000 00:00 0 
7fa5b0881000-7fa5b0882000 ---p 00000000 00:00 0 
7fa5b0882000-7fa5b1082000 rw-p 00000000 00:00 0 
7fa5b1082000-7fa5b1083000 ---p 00000000 00:00 0 
7fa5b1083000-7fa5b1883000 rw-p 00000000 00:00 0 
7fa5b1883000-7fa5b188e000 r-xp 00000000 08:01 920375                     /usr/lib/x86_64-linux-gnu/gio/modules/libdconfsettings.so
7fa5b188e000-7fa5b1a8e000 ---p 0000b000 08:01 920375                     /usr/lib/x86_64-linux-gnu/gio/modules/libdconfsettings.so
7fa5b1a8e000-7fa5b1a8f000 r--p 0000b000 08:01 920375                     /usr/lib/x86_64-linux-gnu/gio/modules/libdconfsettings.so
7fa5b1a8f000-7fa5b1a90000 rw-p 0000c000 08:01 920375                     /usr/lib/x86_64-linux-gnu/gio/modules/libdconfsettings.so
7fa5b1a90000-7fa5b1a97000 r-xp 00000000 08:01 670133                     /usr/lib/x86_64-linux-gnu/libogg.so.0.8.2
7fa5b1a97000-7fa5b1c97000 ---p 00007000 08:01 670133                     /usr/lib/x86_64-linux-gnu/libogg.so.0.8.2
7fa5b1c97000-7fa5b1c98000 r--p 00007000 08:01 670133                     /usr/lib/x86_64-linux-gnu/libogg.so.0.8.2
7fa5b1c98000-7fa5b1c99000 rw-p 00008000 08:01 670133                     /usr/lib/x86_64-linux-gnu/libogg.so.0.8.2
7fa5b1c99000-7fa5b1cc3000 r-xp 00000000 08:01 664008                     /usr/lib/x86_64-linux-gnu/libvorbis.so.0.4.8
7fa5b1cc3000-7fa5b1ec3000 ---p 0002a000 08:01 664008                     /usr/lib/x86_64-linux-gnu/libvorbis.so.0.4.8
7fa5b1ec3000-7fa5b1ec4000 r--p 0002a000 08:01 664008                     /usr/lib/x86_64-linux-gnu/libvorbis.so.0.4.8
7fa5b1ec4000-7fa5b1ec5000 rw-p 0002b000 08:01 664008                     /usr/lib/x86_64-linux-gnu/libvorbis.so.0.4.8
7fa5b1ec5000-7fa5b1ece000 r-xp 00000000 08:01 662589                     /usr/lib/x86_64-linux-gnu/libltdl.so.7.3.1
7fa5b1ece000-7fa5b20cd000 ---p 00009000 08:01 662589                     /usr/lib/x86_64-linux-gnu/libltdl.so.7.3.1
7fa5b20cd000-7fa5b20ce000 r--p 00008000 08:01 662589                     /usr/lib/x86_64-linux-gnu/libltdl.so.7.3.1
7fa5b20ce000-7fa5b20cf000 rw-p 00009000 08:01 662589                     /usr/lib/x86_64-linux-gnu/libltdl.so.7.3.1
7fa5b20cf000-7fa5b20e3000 r-xp 00000000 08:01 658028                     /usr/lib/x86_64-linux-gnu/libtdb.so.1.3.8
7fa5b20e3000-7fa5b22e2000 ---p 00014000 08:01 658028                     /usr/lib/x86_64-linux-gnu/libtdb.so.1.3.8
7fa5b22e2000-7fa5b22e3000 r--p 00013000 08:01 658028                     /usr/lib/x86_64-linux-gnu/libtdb.so.1.3.8
7fa5b22e3000-7fa5b22e4000 rw-p 00014000 08:01 658028                     /usr/lib/x86_64-linux-gnu/libtdb.so.1.3.8
7fa5b22e4000-7fa5b22eb000 r-xp 00000000 08:01 663985                     /usr/lib/x86_64-linux-gnu/libvorbisfile.so.3.3.7
7fa5b22eb000-7fa5b24eb000 ---p 00007000 08:01 663985                     /usr/lib/x86_64-linux-gnu/libvorbisfile.so.3.3.7
7fa5b24eb000-7fa5b24ec000 r--p 00007000 08:01 663985                     /usr/lib/x86_64-linux-gnu/libvorbisfile.so.3.3.7
7fa5b24ec000-7fa5b24ed000 rw-p 00008000 08:01 663985                     /usr/lib/x86_64-linux-gnu/libvorbisfile.so.3.3.7
7fa5b24ed000-7fa5b24fd000 r-xp 00000000 08:01 658226                     /usr/lib/x86_64-linux-gnu/libcanberra.so.0.2.5
7fa5b24fd000-7fa5b26fc000 ---p 00010000 08:01 658226                     /usr/lib/x86_64-linux-gnu/libcanberra.so.0.2.5
7fa5b26fc000-7fa5b26fd000 r--p 0000f000 08:01 658226                     /usr/lib/x86_64-linux-gnu/libcanberra.so.0.2.5
7fa5b26fd000-7fa5b26fe000 rw-p 00010000 08:01 658226                     /usr/lib/x86_64-linux-gnu/libcanberra.so.0.2.5
7fa5b26fe000-7fa5b2702000 r-xp 00000000 08:01 657104                     /usr/lib/x86_64-linux-gnu/libcanberra-gtk.so.0.1.9
7fa5b2702000-7fa5b2901000 ---p 00004000 08:01 657104                     /usr/lib/x86_64-linux-gnu/libcanberra-gtk.so.0.1.9
7fa5b2901000-7fa5b2902000 r--p 00003000 08:01 657104                     /usr/lib/x86_64-linux-gnu/libcanberra-gtk.so.0.1.9
7fa5b2902000-7fa5b2903000 rw-p 00004000 08:01 657104                     /usr/lib/x86_64-linux-gnu/libcanberra-gtk.so.0.1.9
7fa5b2903000-7fa5b2908000 r-xp 00000000 08:01 934744                     /usr/lib/x86_64-linux-gnu/gtk-2.0/modules/libcanberra-gtk-module.so
7fa5b2908000-7fa5b2b07000 ---p 00005000 08:01 934744                     /usr/lib/x86_64-linux-gnu/gtk-2.0/modules/libcanberra-gtk-module.so
7fa5b2b07000-7fa5b2b08000 r--p 00004000 08:01 934744                     /usr/lib/x86_64-linux-gnu/gtk-2.0/modules/libcanberra-gtk-module.so
7fa5b2b08000-7fa5b2b09000 rw-p 00005000 08:01 934744                     /usr/lib/x86_64-linux-gnu/gtk-2.0/modules/libcanberra-gtk-module.so
7fa5b2b09000-7fa5b2b38000 r-xp 00000000 08:01 920571                     /usr/lib/x86_64-linux-gnu/gtk-2.0/2.10.0/engines/libmurrine.so
7fa5b2b38000-7fa5b2d38000 ---p 0002f000 08:01 920571                     /usr/lib/x86_64-linux-gnu/gtk-2.0/2.10.0/engines/libmurrine.so
7fa5b2d38000-7fa5b2d39000 r--p 0002f000 08:01 920571                     /usr/lib/x86_64-linux-gnu/gtk-2.0/2.10.0/engines/libmurrine.so
7fa5b2d39000-7fa5b2d3a000 rw-p 00030000 08:01 920571                     /usr/lib/x86_64-linux-gnu/gtk-2.0/2.10.0/engines/libmurrine.so
7fa5b2d3a000-7fa5b2d4b000 r-xp 00000000 08:01 930977                     /usr/lib/x86_64-linux-gnu/gtk-2.0/modules/liboverlay-scrollbar.so
7fa5b2d4b000-7fa5b2f4b000 ---p 00011000 08:01 930977                     /usr/lib/x86_64-linux-gnu/gtk-2.0/modules/liboverlay-scrollbar.so
7fa5b2f4b000-7fa5b2f4c000 r--p 00011000 08:01 930977                     /usr/lib/x86_64-linux-gnu/gtk-2.0/modules/liboverlay-scrollbar.so
7fa5b2f4c000-7fa5b2f4d000 rw-p 00012000 08:01 930977                     /usr/lib/x86_64-linux-gnu/gtk-2.0/modules/liboverlay-scrollbar.so
7fa5b2f4d000-7fa5b2f76000 r-xp 00000000 08:01 298850                     /home/mirko/jdk1.8.0_73/jre/lib/amd64/libglass.so
7fa5b2f76000-7fa5b3175000 ---p 00029000 08:01 298850                     /home/mirko/jdk1.8.0_73/jre/lib/amd64/libglass.so
7fa5b3175000-7fa5b3178000 rw-p 00028000 08:01 298850                     /home/mirko/jdk1.8.0_73/jre/lib/amd64/libglass.so
7fa5b3178000-7fa5b31af000 r-xp 00000000 08:01 670399                     /usr/lib/x86_64-linux-gnu/libtxc_dxtn_s2tc.so.0.0.0
7fa5b31af000-7fa5b33ae000 ---p 00037000 08:01 670399                     /usr/lib/x86_64-linux-gnu/libtxc_dxtn_s2tc.so.0.0.0
7fa5b33ae000-7fa5b33af000 r--p 00036000 08:01 670399                     /usr/lib/x86_64-linux-gnu/libtxc_dxtn_s2tc.so.0.0.0
7fa5b33af000-7fa5b33b0000 rw-p 00037000 08:01 670399                     /usr/lib/x86_64-linux-gnu/libtxc_dxtn_s2tc.so.0.0.0
7fa5b33b0000-7fa5b33b1000 ---p 00000000 00:00 0 
7fa5b33b1000-7fa5b3bb1000 rw-p 00000000 00:00 0 
7fa5b3bb1000-7fa5b3bc4000 r-xp 00000000 08:01 394055                     /lib/x86_64-linux-gnu/libbsd.so.0.8.2
7fa5b3bc4000-7fa5b3dc3000 ---p 00013000 08:01 394055                     /lib/x86_64-linux-gnu/libbsd.so.0.8.2
7fa5b3dc3000-7fa5b3dc4000 r--p 00012000 08:01 394055                     /lib/x86_64-linux-gnu/libbsd.so.0.8.2
7fa5b3dc4000-7fa5b3dc5000 rw-p 00013000 08:01 394055                     /lib/x86_64-linux-gnu/libbsd.so.0.8.2
7fa5b3dc5000-7fa5b3dc6000 rw-p 00000000 00:00 0 
7fa5b3dc6000-7fa5b3deb000 r-xp 00000000 08:01 396492                     /lib/x86_64-linux-gnu/libtinfo.so.5.9
7fa5b3deb000-7fa5b3fea000 ---p 00025000 08:01 396492                     /lib/x86_64-linux-gnu/libtinfo.so.5.9
7fa5b3fea000-7fa5b3fee000 r--p 00024000 08:01 396492                     /lib/x86_64-linux-gnu/libtinfo.so.5.9
7fa5b3fee000-7fa5b3fef000 rw-p 00028000 08:01 396492                     /lib/x86_64-linux-gnu/libtinfo.so.5.9
7fa5b3fef000-7fa5b4020000 r-xp 00000000 08:01 664071                     /usr/lib/x86_64-linux-gnu/libedit.so.2.0.53
7fa5b4020000-7fa5b4220000 ---p 00031000 08:01 664071                     /usr/lib/x86_64-linux-gnu/libedit.so.2.0.53
7fa5b4220000-7fa5b4222000 r--p 00031000 08:01 664071                     /usr/lib/x86_64-linux-gnu/libedit.so.2.0.53
7fa5b4222000-7fa5b4223000 rw-p 00033000 08:01 664071                     /usr/lib/x86_64-linux-gnu/libedit.so.2.0.53
7fa5b4223000-7fa5b4227000 rw-p 00000000 00:00 0 
7fa5b4227000-7fa5b6719000 r-xp 00000000 08:01 664077                     /usr/lib/x86_64-linux-gnu/libLLVM-3.8.so.1
7fa5b6719000-7fa5b6919000 ---p 024f2000 08:01 664077                     /usr/lib/x86_64-linux-gnu/libLLVM-3.8.so.1
7fa5b6919000-7fa5b6bce000 r--p 024f2000 08:01 664077                     /usr/lib/x86_64-linux-gnu/libLLVM-3.8.so.1
7fa5b6bce000-7fa5b6bd0000 rw-p 027a7000 08:01 664077                     /usr/lib/x86_64-linux-gnu/libLLVM-3.8.so.1
7fa5b6bd0000-7fa5b6bfa000 rw-p 00000000 00:00 0 
7fa5b6bfa000-7fa5b6c11000 r-xp 00000000 08:01 661292                     /usr/lib/x86_64-linux-gnu/libelf-0.165.so
7fa5b6c11000-7fa5b6e10000 ---p 00017000 08:01 661292                     /usr/lib/x86_64-linux-gnu/libelf-0.165.so
7fa5b6e10000-7fa5b6e11000 r--p 00016000 08:01 661292                     /usr/lib/x86_64-linux-gnu/libelf-0.165.so
7fa5b6e11000-7fa5b6e12000 rw-p 00017000 08:01 661292                     /usr/lib/x86_64-linux-gnu/libelf-0.165.so
7fa5b6e12000-7fa5b6e19000 r-xp 00000000 08:01 664061                     /usr/lib/x86_64-linux-gnu/libdrm_amdgpu.so.1.0.0
7fa5b6e19000-7fa5b7018000 ---p 00007000 08:01 664061                     /usr/lib/x86_64-linux-gnu/libdrm_amdgpu.so.1.0.0
7fa5b7018000-7fa5b7019000 r--p 00006000 08:01 664061                     /usr/lib/x86_64-linux-gnu/libdrm_amdgpu.so.1.0.0
7fa5b7019000-7fa5b701a000 rw-p 00007000 08:01 664061                     /usr/lib/x86_64-linux-gnu/libdrm_amdgpu.so.1.0.0
7fa5b701a000-7fa5b7025000 r-xp 00000000 08:01 664057                     /usr/lib/x86_64-linux-gnu/libdrm_radeon.so.1.0.1
7fa5b7025000-7fa5b7224000 ---p 0000b000 08:01 664057                     /usr/lib/x86_64-linux-gnu/libdrm_radeon.so.1.0.1
7fa5b7224000-7fa5b7225000 r--p 0000a000 08:01 664057                     /usr/lib/x86_64-linux-gnu/libdrm_radeon.so.1.0.1
7fa5b7225000-7fa5b7226000 rw-p 0000b000 08:01 664057                     /usr/lib/x86_64-linux-gnu/libdrm_radeon.so.1.0.1
7fa5b7226000-7fa5b722d000 r-xp 00000000 08:01 664067                     /usr/lib/x86_64-linux-gnu/libdrm_nouveau.so.2.0.0
7fa5b722d000-7fa5b742c000 ---p 00007000 08:01 664067                     /usr/lib/x86_64-linux-gnu/libdrm_nouveau.so.2.0.0
7fa5b742c000-7fa5b742d000 r--p 00006000 08:01 664067                     /usr/lib/x86_64-linux-gnu/libdrm_nouveau.so.2.0.0
7fa5b742d000-7fa5b742e000 rw-p 00007000 08:01 664067                     /usr/lib/x86_64-linux-gnu/libdrm_nouveau.so.2.0.0
7fa5b742e000-7fa5b7cf5000 r-xp 00000000 08:01 930711                     /usr/lib/x86_64-linux-gnu/dri/r600_dri.so
7fa5b7cf5000-7fa5b7ef4000 ---p 008c7000 08:01 930711                     /usr/lib/x86_64-linux-gnu/dri/r600_dri.so
7fa5b7ef4000-7fa5b7f68000 r--p 008c6000 08:01 930711                     /usr/lib/x86_64-linux-gnu/dri/r600_dri.so
7fa5b7f68000-7fa5b7f77000 rw-p 0093a000 08:01 930711                     /usr/lib/x86_64-linux-gnu/dri/r600_dri.so
7fa5b7f77000-7fa5b816d000 rw-p 00000000 00:00 0 
7fa5b816d000-7fa5b8173000 r-xp 00000000 08:01 657306                     /usr/lib/x86_64-linux-gnu/libdatrie.so.1.3.3
7fa5b8173000-7fa5b8373000 ---p 00006000 08:01 657306                     /usr/lib/x86_64-linux-gnu/libdatrie.so.1.3.3
7fa5b8373000-7fa5b8374000 r--p 00006000 08:01 657306                     /usr/lib/x86_64-linux-gnu/libdatrie.so.1.3.3
7fa5b8374000-7fa5b8375000 rw-p 00007000 08:01 657306                     /usr/lib/x86_64-linux-gnu/libdatrie.so.1.3.3
7fa5b8375000-7fa5b837a000 r-xp 00000000 08:01 664402                     /usr/lib/x86_64-linux-gnu/libXdmcp.so.6.0.0
7fa5b837a000-7fa5b8579000 ---p 00005000 08:01 664402                     /usr/lib/x86_64-linux-gnu/libXdmcp.so.6.0.0
7fa5b8579000-7fa5b857a000 r--p 00004000 08:01 664402                     /usr/lib/x86_64-linux-gnu/libXdmcp.so.6.0.0
7fa5b857a000-7fa5b857b000 rw-p 00005000 08:01 664402                     /usr/lib/x86_64-linux-gnu/libXdmcp.so.6.0.0
7fa5b857b000-7fa5b857d000 r-xp 00000000 08:01 669374                     /usr/lib/x86_64-linux-gnu/libXau.so.6.0.0
7fa5b857d000-7fa5b877d000 ---p 00002000 08:01 669374                     /usr/lib/x86_64-linux-gnu/libXau.so.6.0.0
7fa5b877d000-7fa5b877e000 r--p 00002000 08:01 669374                     /usr/lib/x86_64-linux-gnu/libXau.so.6.0.0
7fa5b877e000-7fa5b877f000 rw-p 00003000 08:01 669374                     /usr/lib/x86_64-linux-gnu/libXau.so.6.0.0
7fa5b877f000-7fa5b87a2000 r-xp 00000000 08:01 660878                     /usr/lib/x86_64-linux-gnu/libgraphite2.so.3.0.1
7fa5b87a2000-7fa5b89a1000 ---p 00023000 08:01 660878                     /usr/lib/x86_64-linux-gnu/libgraphite2.so.3.0.1
7fa5b89a1000-7fa5b89a3000 r--p 00022000 08:01 660878                     /usr/lib/x86_64-linux-gnu/libgraphite2.so.3.0.1
7fa5b89a3000-7fa5b89a4000 rw-p 00024000 08:01 660878                     /usr/lib/x86_64-linux-gnu/libgraphite2.so.3.0.1
7fa5b89a4000-7fa5b89b2000 r-xp 00000000 08:01 664048                     /usr/lib/x86_64-linux-gnu/libdrm.so.2.4.0
7fa5b89b2000-7fa5b8bb1000 ---p 0000e000 08:01 664048                     /usr/lib/x86_64-linux-gnu/libdrm.so.2.4.0
7fa5b8bb1000-7fa5b8bb2000 r--p 0000d000 08:01 664048                     /usr/lib/x86_64-linux-gnu/libdrm.so.2.4.0
7fa5b8bb2000-7fa5b8bb3000 rw-p 0000e000 08:01 664048                     /usr/lib/x86_64-linux-gnu/libdrm.so.2.4.0
7fa5b8bb3000-7fa5b8bb7000 r-xp 00000000 08:01 664135                     /usr/lib/x86_64-linux-gnu/libxcb-dri2.so.0.0.0
7fa5b8bb7000-7fa5b8db6000 ---p 00004000 08:01 664135                     /usr/lib/x86_64-linux-gnu/libxcb-dri2.so.0.0.0
7fa5b8db6000-7fa5b8db7000 r--p 00003000 08:01 664135                     /usr/lib/x86_64-linux-gnu/libxcb-dri2.so.0.0.0
7fa5b8db7000-7fa5b8db8000 rw-p 00004000 08:01 664135                     /usr/lib/x86_64-linux-gnu/libxcb-dri2.so.0.0.0
7fa5b8db8000-7fa5b8dcf000 r-xp 00000000 08:01 664138                     /usr/lib/x86_64-linux-gnu/libxcb-glx.so.0.0.0
7fa5b8dcf000-7fa5b8fce000 ---p 00017000 08:01 664138                     /usr/lib/x86_64-linux-gnu/libxcb-glx.so.0.0.0
7fa5b8fce000-7fa5b8fd0000 r--p 00016000 08:01 664138                     /usr/lib/x86_64-linux-gnu/libxcb-glx.so.0.0.0
7fa5b8fd0000-7fa5b8fd1000 rw-p 00018000 08:01 664138                     /usr/lib/x86_64-linux-gnu/libxcb-glx.so.0.0.0
7fa5b8fd1000-7fa5b8fd2000 r-xp 00000000 08:01 669368                     /usr/lib/x86_64-linux-gnu/libX11-xcb.so.1.0.0
7fa5b8fd2000-7fa5b91d1000 ---p 00001000 08:01 669368                     /usr/lib/x86_64-linux-gnu/libX11-xcb.so.1.0.0
7fa5b91d1000-7fa5b91d2000 r--p 00000000 08:01 669368                     /usr/lib/x86_64-linux-gnu/libX11-xcb.so.1.0.0
7fa5b91d2000-7fa5b91d3000 rw-p 00001000 08:01 669368                     /usr/lib/x86_64-linux-gnu/libX11-xcb.so.1.0.0
7fa5b91d3000-7fa5b91fc000 r-xp 00000000 08:01 675036                     /usr/lib/x86_64-linux-gnu/libglapi.so.0.0.0
7fa5b91fc000-7fa5b93fb000 ---p 00029000 08:01 675036                     /usr/lib/x86_64-linux-gnu/libglapi.so.0.0.0
7fa5b93fb000-7fa5b93ff000 r--p 00028000 08:01 675036                     /usr/lib/x86_64-linux-gnu/libglapi.so.0.0.0
7fa5b93ff000-7fa5b9400000 rw-p 0002c000 08:01 675036                     /usr/lib/x86_64-linux-gnu/libglapi.so.0.0.0
7fa5b9400000-7fa5b9401000 rw-p 00000000 00:00 0 
7fa5b9401000-7fa5b9402000 r-xp 00000000 08:01 670578                     /usr/lib/x86_64-linux-gnu/libxshmfence.so.1.0.0
7fa5b9402000-7fa5b9602000 ---p 00001000 08:01 670578                     /usr/lib/x86_64-linux-gnu/libxshmfence.so.1.0.0
7fa5b9602000-7fa5b9603000 r--p 00001000 08:01 670578                     /usr/lib/x86_64-linux-gnu/libxshmfence.so.1.0.0
7fa5b9603000-7fa5b9604000 rw-p 00002000 08:01 670578                     /usr/lib/x86_64-linux-gnu/libxshmfence.so.1.0.0
7fa5b9604000-7fa5b9609000 r-xp 00000000 08:01 664122                     /usr/lib/x86_64-linux-gnu/libxcb-sync.so.1.0.0
7fa5b9609000-7fa5b9809000 ---p 00005000 08:01 664122                     /usr/lib/x86_64-linux-gnu/libxcb-sync.so.1.0.0
7fa5b9809000-7fa5b980a000 r--p 00005000 08:01 664122                     /usr/lib/x86_64-linux-gnu/libxcb-sync.so.1.0.0
7fa5b980a000-7fa5b980b000 rw-p 00006000 08:01 664122                     /usr/lib/x86_64-linux-gnu/libxcb-sync.so.1.0.0
7fa5b980b000-7fa5b980d000 r-xp 00000000 08:01 664125                     /usr/lib/x86_64-linux-gnu/libxcb-present.so.0.0.0
7fa5b980d000-7fa5b9a0c000 ---p 00002000 08:01 664125                     /usr/lib/x86_64-linux-gnu/libxcb-present.so.0.0.0
7fa5b9a0c000-7fa5b9a0d000 r--p 00001000 08:01 664125                     /usr/lib/x86_64-linux-gnu/libxcb-present.so.0.0.0
7fa5b9a0d000-7fa5b9a0e000 rw-p 00002000 08:01 664125                     /usr/lib/x86_64-linux-gnu/libxcb-present.so.0.0.0
7fa5b9a0e000-7fa5b9a10000 r-xp 00000000 08:01 664107                     /usr/lib/x86_64-linux-gnu/libxcb-dri3.so.0.0.0
7fa5b9a10000-7fa5b9c0f000 ---p 00002000 08:01 664107                     /usr/lib/x86_64-linux-gnu/libxcb-dri3.so.0.0.0
7fa5b9c0f000-7fa5b9c10000 r--p 00001000 08:01 664107                     /usr/lib/x86_64-linux-gnu/libxcb-dri3.so.0.0.0
7fa5b9c10000-7fa5b9c11000 rw-p 00002000 08:01 664107                     /usr/lib/x86_64-linux-gnu/libxcb-dri3.so.0.0.0
7fa5b9c11000-7fa5b9c7f000 r-xp 00000000 08:01 394443                     /lib/x86_64-linux-gnu/libpcre.so.3.13.2
7fa5b9c7f000-7fa5b9e7f000 ---p 0006e000 08:01 394443                     /lib/x86_64-linux-gnu/libpcre.so.3.13.2
7fa5b9e7f000-7fa5b9e80000 r--p 0006e000 08:01 394443                     /lib/x86_64-linux-gnu/libpcre.so.3.13.2
7fa5b9e80000-7fa5b9e81000 rw-p 0006f000 08:01 394443                     /lib/x86_64-linux-gnu/libpcre.so.3.13.2
7fa5b9e81000-7fa5b9e88000 r-xp 00000000 08:01 662733                     /usr/lib/x86_64-linux-gnu/libffi.so.6.0.4
7fa5b9e88000-7fa5ba087000 ---p 00007000 08:01 662733                     /usr/lib/x86_64-linux-gnu/libffi.so.6.0.4
7fa5ba087000-7fa5ba088000 r--p 00006000 08:01 662733                     /usr/lib/x86_64-linux-gnu/libffi.so.6.0.4
7fa5ba088000-7fa5ba089000 rw-p 00007000 08:01 662733                     /usr/lib/x86_64-linux-gnu/libffi.so.6.0.4
7fa5ba089000-7fa5ba0af000 r-xp 00000000 08:01 394446                     /lib/x86_64-linux-gnu/libexpat.so.1.6.0
7fa5ba0af000-7fa5ba2af000 ---p 00026000 08:01 394446                     /lib/x86_64-linux-gnu/libexpat.so.1.6.0
7fa5ba2af000-7fa5ba2b1000 r--p 00026000 08:01 394446                     /lib/x86_64-linux-gnu/libexpat.so.1.6.0
7fa5ba2b1000-7fa5ba2b2000 rw-p 00028000 08:01 394446                     /lib/x86_64-linux-gnu/libexpat.so.1.6.0
7fa5ba2b2000-7fa5ba2ba000 r-xp 00000000 08:01 657312                     /usr/lib/x86_64-linux-gnu/libthai.so.0.2.4
7fa5ba2ba000-7fa5ba4b9000 ---p 00008000 08:01 657312                     /usr/lib/x86_64-linux-gnu/libthai.so.0.2.4
7fa5ba4b9000-7fa5ba4ba000 r--p 00007000 08:01 657312                     /usr/lib/x86_64-linux-gnu/libthai.so.0.2.4
7fa5ba4ba000-7fa5ba4bb000 rw-p 00008000 08:01 657312                     /usr/lib/x86_64-linux-gnu/libthai.so.0.2.4
7fa5ba4bb000-7fa5ba4dc000 r-xp 00000000 08:01 663896                     /usr/lib/x86_64-linux-gnu/libxcb.so.1.1.0
7fa5ba4dc000-7fa5ba6db000 ---p 00021000 08:01 663896                     /usr/lib/x86_64-linux-gnu/libxcb.so.1.1.0
7fa5ba6db000-7fa5ba6dc000 r--p 00020000 08:01 663896                     /usr/lib/x86_64-linux-gnu/libxcb.so.1.1.0
7fa5ba6dc000-7fa5ba6dd000 rw-p 00021000 08:01 663896                     /usr/lib/x86_64-linux-gnu/libxcb.so.1.1.0
7fa5ba6dd000-7fa5ba6e5000 r-xp 00000000 08:01 664110                     /usr/lib/x86_64-linux-gnu/libxcb-render.so.0.0.0
7fa5ba6e5000-7fa5ba8e5000 ---p 00008000 08:01 664110                     /usr/lib/x86_64-linux-gnu/libxcb-render.so.0.0.0
7fa5ba8e5000-7fa5ba8e6000 r--p 00008000 08:01 664110                     /usr/lib/x86_64-linux-gnu/libxcb-render.so.0.0.0
7fa5ba8e6000-7fa5ba8e7000 rw-p 00009000 08:01 664110                     /usr/lib/x86_64-linux-gnu/libxcb-render.so.0.0.0
7fa5ba8e7000-7fa5ba8e9000 r-xp 00000000 08:01 664431                     /usr/lib/x86_64-linux-gnu/libxcb-shm.so.0.0.0
7fa5ba8e9000-7fa5baae9000 ---p 00002000 08:01 664431                     /usr/lib/x86_64-linux-gnu/libxcb-shm.so.0.0.0
7fa5baae9000-7fa5baaea000 r--p 00002000 08:01 664431                     /usr/lib/x86_64-linux-gnu/libxcb-shm.so.0.0.0
7fa5baaea000-7fa5baaeb000 rw-p 00003000 08:01 664431                     /usr/lib/x86_64-linux-gnu/libxcb-shm.so.0.0.0
7fa5baaeb000-7fa5bab0f000 r-xp 00000000 08:01 394051                     /lib/x86_64-linux-gnu/libpng12.so.0.54.0
7fa5bab0f000-7fa5bad0e000 ---p 00024000 08:01 394051                     /lib/x86_64-linux-gnu/libpng12.so.0.54.0
7fa5bad0e000-7fa5bad0f000 r--p 00023000 08:01 394051                     /lib/x86_64-linux-gnu/libpng12.so.0.54.0
7fa5bad0f000-7fa5bad10000 rw-p 00024000 08:01 394051                     /lib/x86_64-linux-gnu/libpng12.so.0.54.0
7fa5bad10000-7fa5badaf000 r-xp 00000000 08:01 663061                     /usr/lib/x86_64-linux-gnu/libpixman-1.so.0.33.6
7fa5badaf000-7fa5bafaf000 ---p 0009f000 08:01 663061                     /usr/lib/x86_64-linux-gnu/libpixman-1.so.0.33.6
7fa5bafaf000-7fa5bafb7000 r--p 0009f000 08:01 663061                     /usr/lib/x86_64-linux-gnu/libpixman-1.so.0.33.6
7fa5bafb7000-7fa5bafb8000 rw-p 000a7000 08:01 663061                     /usr/lib/x86_64-linux-gnu/libpixman-1.so.0.33.6
7fa5bafb8000-7fa5bb014000 r-xp 00000000 08:01 669928                     /usr/lib/x86_64-linux-gnu/libharfbuzz.so.0.10000.1
7fa5bb014000-7fa5bb214000 ---p 0005c000 08:01 669928                     /usr/lib/x86_64-linux-gnu/libharfbuzz.so.0.10000.1
7fa5bb214000-7fa5bb215000 r--p 0005c000 08:01 669928                     /usr/lib/x86_64-linux-gnu/libharfbuzz.so.0.10000.1
7fa5bb215000-7fa5bb216000 rw-p 0005d000 08:01 669928                     /usr/lib/x86_64-linux-gnu/libharfbuzz.so.0.10000.1
7fa5bb216000-7fa5bb22d000 r-xp 00000000 08:01 408823                     /lib/x86_64-linux-gnu/libresolv-2.23.so
7fa5bb22d000-7fa5bb42d000 ---p 00017000 08:01 408823                     /lib/x86_64-linux-gnu/libresolv-2.23.so
7fa5bb42d000-7fa5bb42e000 r--p 00017000 08:01 408823                     /lib/x86_64-linux-gnu/libresolv-2.23.so
7fa5bb42e000-7fa5bb42f000 rw-p 00018000 08:01 408823                     /lib/x86_64-linux-gnu/libresolv-2.23.so
7fa5bb42f000-7fa5bb431000 rw-p 00000000 00:00 0 
7fa5bb431000-7fa5bb450000 r-xp 00000000 08:01 394521                     /lib/x86_64-linux-gnu/libselinux.so.1
7fa5bb450000-7fa5bb64f000 ---p 0001f000 08:01 394521                     /lib/x86_64-linux-gnu/libselinux.so.1
7fa5bb64f000-7fa5bb650000 r--p 0001e000 08:01 394521                     /lib/x86_64-linux-gnu/libselinux.so.1
7fa5bb650000-7fa5bb651000 rw-p 0001f000 08:01 394521                     /lib/x86_64-linux-gnu/libselinux.so.1
7fa5bb651000-7fa5bb653000 rw-p 00000000 00:00 0 
7fa5bb653000-7fa5bb66c000 r-xp 00000000 08:01 399412                     /lib/x86_64-linux-gnu/libz.so.1.2.8
7fa5bb66c000-7fa5bb86b000 ---p 00019000 08:01 399412                     /lib/x86_64-linux-gnu/libz.so.1.2.8
7fa5bb86b000-7fa5bb86c000 r--p 00018000 08:01 399412                     /lib/x86_64-linux-gnu/libz.so.1.2.8
7fa5bb86c000-7fa5bb86d000 rw-p 00019000 08:01 399412                     /lib/x86_64-linux-gnu/libz.so.1.2.8
7fa5bb86d000-7fa5bb87e000 r-xp 00000000 08:01 669387                     /usr/lib/x86_64-linux-gnu/libXext.so.6.4.0
7fa5bb87e000-7fa5bba7d000 ---p 00011000 08:01 669387                     /usr/lib/x86_64-linux-gnu/libXext.so.6.4.0
7fa5bba7d000-7fa5bba7e000 r--p 00010000 08:01 669387                     /usr/lib/x86_64-linux-gnu/libXext.so.6.4.0
7fa5bba7e000-7fa5bba7f000 rw-p 00011000 08:01 669387                     /usr/lib/x86_64-linux-gnu/libXext.so.6.4.0
7fa5bba7f000-7fa5bba81000 r-xp 00000000 08:01 669383                     /usr/lib/x86_64-linux-gnu/libXdamage.so.1.1.0
7fa5bba81000-7fa5bbc80000 ---p 00002000 08:01 669383                     /usr/lib/x86_64-linux-gnu/libXdamage.so.1.1.0
7fa5bbc80000-7fa5bbc81000 r--p 00001000 08:01 669383                     /usr/lib/x86_64-linux-gnu/libXdamage.so.1.1.0
7fa5bbc81000-7fa5bbc82000 rw-p 00002000 08:01 669383                     /usr/lib/x86_64-linux-gnu/libXdamage.so.1.1.0
7fa5bbc82000-7fa5bbc84000 r-xp 00000000 08:01 669379                     /usr/lib/x86_64-linux-gnu/libXcomposite.so.1.0.0
7fa5bbc84000-7fa5bbe83000 ---p 00002000 08:01 669379                     /usr/lib/x86_64-linux-gnu/libXcomposite.so.1.0.0
7fa5bbe83000-7fa5bbe84000 r--p 00001000 08:01 669379                     /usr/lib/x86_64-linux-gnu/libXcomposite.so.1.0.0
7fa5bbe84000-7fa5bbe85000 rw-p 00002000 08:01 669379                     /usr/lib/x86_64-linux-gnu/libXcomposite.so.1.0.0
7fa5bbe85000-7fa5bbe8e000 r-xp 00000000 08:01 669381                     /usr/lib/x86_64-linux-gnu/libXcursor.so.1.0.2
7fa5bbe8e000-7fa5bc08d000 ---p 00009000 08:01 669381                     /usr/lib/x86_64-linux-gnu/libXcursor.so.1.0.2
7fa5bc08d000-7fa5bc08e000 r--p 00008000 08:01 669381                     /usr/lib/x86_64-linux-gnu/libXcursor.so.1.0.2
7fa5bc08e000-7fa5bc08f000 rw-p 00009000 08:01 669381                     /usr/lib/x86_64-linux-gnu/libXcursor.so.1.0.2
7fa5bc08f000-7fa5bc099000 r-xp 00000000 08:01 669405                     /usr/lib/x86_64-linux-gnu/libXrandr.so.2.2.0
7fa5bc099000-7fa5bc298000 ---p 0000a000 08:01 669405                     /usr/lib/x86_64-linux-gnu/libXrandr.so.2.2.0
7fa5bc298000-7fa5bc299000 r--p 00009000 08:01 669405                     /usr/lib/x86_64-linux-gnu/libXrandr.so.2.2.0
7fa5bc299000-7fa5bc29a000 rw-p 0000a000 08:01 669405                     /usr/lib/x86_64-linux-gnu/libXrandr.so.2.2.0
7fa5bc29a000-7fa5bc2a9000 r-xp 00000000 08:01 667629                     /usr/lib/x86_64-linux-gnu/libXi.so.6.1.0
7fa5bc2a9000-7fa5bc4a8000 ---p 0000f000 08:01 667629                     /usr/lib/x86_64-linux-gnu/libXi.so.6.1.0
7fa5bc4a8000-7fa5bc4a9000 r--p 0000e000 08:01 667629                     /usr/lib/x86_64-linux-gnu/libXi.so.6.1.0
7fa5bc4a9000-7fa5bc4aa000 rw-p 0000f000 08:01 667629                     /usr/lib/x86_64-linux-gnu/libXi.so.6.1.0
7fa5bc4aa000-7fa5bc4ac000 r-xp 00000000 08:01 669397                     /usr/lib/x86_64-linux-gnu/libXinerama.so.1.0.0
7fa5bc4ac000-7fa5bc6ab000 ---p 00002000 08:01 669397                     /usr/lib/x86_64-linux-gnu/libXinerama.so.1.0.0
7fa5bc6ab000-7fa5bc6ac000 r--p 00001000 08:01 669397                     /usr/lib/x86_64-linux-gnu/libXinerama.so.1.0.0
7fa5bc6ac000-7fa5bc6ad000 rw-p 00002000 08:01 669397                     /usr/lib/x86_64-linux-gnu/libXinerama.so.1.0.0
7fa5bc6ad000-7fa5bc6b6000 r-xp 00000000 08:01 669407                     /usr/lib/x86_64-linux-gnu/libXrender.so.1.3.0
7fa5bc6b6000-7fa5bc8b5000 ---p 00009000 08:01 669407                     /usr/lib/x86_64-linux-gnu/libXrender.so.1.3.0
7fa5bc8b5000-7fa5bc8b6000 r--p 00008000 08:01 669407                     /usr/lib/x86_64-linux-gnu/libXrender.so.1.3.0
7fa5bc8b6000-7fa5bc8b7000 rw-p 00009000 08:01 669407                     /usr/lib/x86_64-linux-gnu/libXrender.so.1.3.0
7fa5bc8b7000-7fa5bc8bc000 r-xp 00000000 08:01 669389                     /usr/lib/x86_64-linux-gnu/libXfixes.so.3.1.0
7fa5bc8bc000-7fa5bcabb000 ---p 00005000 08:01 669389                     /usr/lib/x86_64-linux-gnu/libXfixes.so.3.1.0
7fa5bcabb000-7fa5bcabc000 r--p 00004000 08:01 669389                     /usr/lib/x86_64-linux-gnu/libXfixes.so.3.1.0
7fa5bcabc000-7fa5bcabd000 rw-p 00005000 08:01 669389                     /usr/lib/x86_64-linux-gnu/libXfixes.so.3.1.0
7fa5bcabd000-7fa5bcad3000 r-xp 00000000 08:01 394049                     /lib/x86_64-linux-gnu/libgcc_s.so.1
7fa5bcad3000-7fa5bccd2000 ---p 00016000 08:01 394049                     /lib/x86_64-linux-gnu/libgcc_s.so.1
7fa5bccd2000-7fa5bccd3000 rw-p 00015000 08:01 394049                     /lib/x86_64-linux-gnu/libgcc_s.so.1
7fa5bccd3000-7fa5bce45000 r-xp 00000000 08:01 657513                     /usr/lib/x86_64-linux-gnu/libstdc++.so.6.0.21
7fa5bce45000-7fa5bd045000 ---p 00172000 08:01 657513                     /usr/lib/x86_64-linux-gnu/libstdc++.so.6.0.21
7fa5bd045000-7fa5bd04f000 r--p 00172000 08:01 657513                     /usr/lib/x86_64-linux-gnu/libstdc++.so.6.0.21
7fa5bd04f000-7fa5bd051000 rw-p 0017c000 08:01 657513                     /usr/lib/x86_64-linux-gnu/libstdc++.so.6.0.21
7fa5bd051000-7fa5bd055000 rw-p 00000000 00:00 0 
7fa5bd055000-7fa5bd0c2000 r-xp 00000000 08:01 919314                     /usr/lib/x86_64-linux-gnu/mesa/libGL.so.1.2.0
7fa5bd0c2000-7fa5bd2c1000 ---p 0006d000 08:01 919314                     /usr/lib/x86_64-linux-gnu/mesa/libGL.so.1.2.0
7fa5bd2c1000-7fa5bd2c4000 r--p 0006c000 08:01 919314                     /usr/lib/x86_64-linux-gnu/mesa/libGL.so.1.2.0
7fa5bd2c4000-7fa5bd2c5000 rw-p 0006f000 08:01 919314                     /usr/lib/x86_64-linux-gnu/mesa/libGL.so.1.2.0
7fa5bd2c5000-7fa5bd2c6000 rw-p 00000000 00:00 0 
7fa5bd2c6000-7fa5bd2cb000 r-xp 00000000 08:01 669423                     /usr/lib/x86_64-linux-gnu/libXxf86vm.so.1.0.0
7fa5bd2cb000-7fa5bd4ca000 ---p 00005000 08:01 669423                     /usr/lib/x86_64-linux-gnu/libXxf86vm.so.1.0.0
7fa5bd4ca000-7fa5bd4cb000 r--p 00004000 08:01 669423                     /usr/lib/x86_64-linux-gnu/libXxf86vm.so.1.0.0
7fa5bd4cb000-7fa5bd4cc000 rw-p 00005000 08:01 669423                     /usr/lib/x86_64-linux-gnu/libXxf86vm.so.1.0.0
7fa5bd4cc000-7fa5bd601000 r-xp 00000000 08:01 669370                     /usr/lib/x86_64-linux-gnu/libX11.so.6.3.0
7fa5bd601000-7fa5bd801000 ---p 00135000 08:01 669370                     /usr/lib/x86_64-linux-gnu/libX11.so.6.3.0
7fa5bd801000-7fa5bd802000 r--p 00135000 08:01 669370                     /usr/lib/x86_64-linux-gnu/libX11.so.6.3.0
7fa5bd802000-7fa5bd806000 rw-p 00136000 08:01 669370                     /usr/lib/x86_64-linux-gnu/libX11.so.6.3.0
7fa5bd806000-7fa5bd80b000 r-xp 00000000 08:01 669413                     /usr/lib/x86_64-linux-gnu/libXtst.so.6.1.0
7fa5bd80b000-7fa5bda0a000 ---p 00005000 08:01 669413                     /usr/lib/x86_64-linux-gnu/libXtst.so.6.1.0
7fa5bda0a000-7fa5bda0b000 r--p 00004000 08:01 669413                     /usr/lib/x86_64-linux-gnu/libXtst.so.6.1.0
7fa5bda0b000-7fa5bda0c000 rw-p 00005000 08:01 669413                     /usr/lib/x86_64-linux-gnu/libXtst.so.6.1.0
7fa5bda0c000-7fa5bdb1a000 r-xp 00000000 08:01 399178                     /lib/x86_64-linux-gnu/libglib-2.0.so.0.4800.0
7fa5bdb1a000-7fa5bdd1a000 ---p 0010e000 08:01 399178                     /lib/x86_64-linux-gnu/libglib-2.0.so.0.4800.0
7fa5bdd1a000-7fa5bdd1b000 r--p 0010e000 08:01 399178                     /lib/x86_64-linux-gnu/libglib-2.0.so.0.4800.0
7fa5bdd1b000-7fa5bdd1c000 rw-p 0010f000 08:01 399178                     /lib/x86_64-linux-gnu/libglib-2.0.so.0.4800.0
7fa5bdd1c000-7fa5bdd1d000 rw-p 00000000 00:00 0 
7fa5bdd1d000-7fa5bdd1e000 r-xp 00000000 08:01 662553                     /usr/lib/x86_64-linux-gnu/libgthread-2.0.so.0.4800.0
7fa5bdd1e000-7fa5bdf1d000 ---p 00001000 08:01 662553                     /usr/lib/x86_64-linux-gnu/libgthread-2.0.so.0.4800.0
7fa5bdf1d000-7fa5bdf1e000 r--p 00000000 08:01 662553                     /usr/lib/x86_64-linux-gnu/libgthread-2.0.so.0.4800.0
7fa5bdf1e000-7fa5bdf1f000 rw-p 00001000 08:01 662553                     /usr/lib/x86_64-linux-gnu/libgthread-2.0.so.0.4800.0
7fa5bdf1f000-7fa5bdf22000 r-xp 00000000 08:01 662554                     /usr/lib/x86_64-linux-gnu/libgmodule-2.0.so.0.4800.0
7fa5bdf22000-7fa5be121000 ---p 00003000 08:01 662554                     /usr/lib/x86_64-linux-gnu/libgmodule-2.0.so.0.4800.0
7fa5be121000-7fa5be122000 r--p 00002000 08:01 662554                     /usr/lib/x86_64-linux-gnu/libgmodule-2.0.so.0.4800.0
7fa5be122000-7fa5be123000 rw-p 00003000 08:01 662554                     /usr/lib/x86_64-linux-gnu/libgmodule-2.0.so.0.4800.0
7fa5be123000-7fa5be175000 r-xp 00000000 08:01 657079                     /usr/lib/x86_64-linux-gnu/libgobject-2.0.so.0.4800.0
7fa5be175000-7fa5be374000 ---p 00052000 08:01 657079                     /usr/lib/x86_64-linux-gnu/libgobject-2.0.so.0.4800.0
7fa5be374000-7fa5be375000 r--p 00051000 08:01 657079                     /usr/lib/x86_64-linux-gnu/libgobject-2.0.so.0.4800.0
7fa5be375000-7fa5be376000 rw-p 00052000 08:01 657079                     /usr/lib/x86_64-linux-gnu/libgobject-2.0.so.0.4800.0
7fa5be376000-7fa5be3b3000 r-xp 00000000 08:01 658855                     /usr/lib/x86_64-linux-gnu/libfontconfig.so.1.9.0
7fa5be3b3000-7fa5be5b2000 ---p 0003d000 08:01 658855                     /usr/lib/x86_64-linux-gnu/libfontconfig.so.1.9.0
7fa5be5b2000-7fa5be5b4000 r--p 0003c000 08:01 658855                     /usr/lib/x86_64-linux-gnu/libfontconfig.so.1.9.0
7fa5be5b4000-7fa5be5b9000 rw-p 0003e000 08:01 658855                     /usr/lib/x86_64-linux-gnu/libfontconfig.so.1.9.0
7fa5be5b9000-7fa5be65d000 r-xp 00000000 08:01 658853                     /usr/lib/x86_64-linux-gnu/libfreetype.so.6.12.1
7fa5be65d000-7fa5be85c000 ---p 000a4000 08:01 658853                     /usr/lib/x86_64-linux-gnu/libfreetype.so.6.12.1
7fa5be85c000-7fa5be862000 r--p 000a3000 08:01 658853                     /usr/lib/x86_64-linux-gnu/libfreetype.so.6.12.1
7fa5be862000-7fa5be863000 rw-p 000a9000 08:01 658853                     /usr/lib/x86_64-linux-gnu/libfreetype.so.6.12.1
7fa5be863000-7fa5be8ac000 r-xp 00000000 08:01 660567                     /usr/lib/x86_64-linux-gnu/libpango-1.0.so.0.3800.1
7fa5be8ac000-7fa5beaac000 ---p 00049000 08:01 660567                     /usr/lib/x86_64-linux-gnu/libpango-1.0.so.0.3800.1
7fa5beaac000-7fa5beaae000 r--p 00049000 08:01 660567                     /usr/lib/x86_64-linux-gnu/libpango-1.0.so.0.3800.1
7fa5beaae000-7fa5beaaf000 rw-p 0004b000 08:01 660567                     /usr/lib/x86_64-linux-gnu/libpango-1.0.so.0.3800.1
7fa5beaaf000-7fa5bebbd000 r-xp 00000000 08:01 659822                     /usr/lib/x86_64-linux-gnu/libcairo.so.2.11400.6
7fa5bebbd000-7fa5bedbd000 ---p 0010e000 08:01 659822                     /usr/lib/x86_64-linux-gnu/libcairo.so.2.11400.6
7fa5bedbd000-7fa5bedc0000 r--p 0010e000 08:01 659822                     /usr/lib/x86_64-linux-gnu/libcairo.so.2.11400.6
7fa5bedc0000-7fa5bedc1000 rw-p 00111000 08:01 659822                     /usr/lib/x86_64-linux-gnu/libcairo.so.2.11400.6
7fa5bedc1000-7fa5bedc3000 rw-p 00000000 00:00 0 
7fa5bedc3000-7fa5bedcf000 r-xp 00000000 08:01 660532                     /usr/lib/x86_64-linux-gnu/libpangocairo-1.0.so.0.3800.1
7fa5bedcf000-7fa5befce000 ---p 0000c000 08:01 660532                     /usr/lib/x86_64-linux-gnu/libpangocairo-1.0.so.0.3800.1
7fa5befce000-7fa5befcf000 r--p 0000b000 08:01 660532                     /usr/lib/x86_64-linux-gnu/libpangocairo-1.0.so.0.3800.1
7fa5befcf000-7fa5befd0000 rw-p 0000c000 08:01 660532                     /usr/lib/x86_64-linux-gnu/libpangocairo-1.0.so.0.3800.1
7fa5befd0000-7fa5beff1000 r-xp 00000000 08:01 669582                     /usr/lib/x86_64-linux-gnu/libgdk_pixbuf-2.0.so.0.3200.2
7fa5beff1000-7fa5bf1f0000 ---p 00021000 08:01 669582                     /usr/lib/x86_64-linux-gnu/libgdk_pixbuf-2.0.so.0.3200.2
7fa5bf1f0000-7fa5bf1f1000 r--p 00020000 08:01 669582                     /usr/lib/x86_64-linux-gnu/libgdk_pixbuf-2.0.so.0.3200.2
7fa5bf1f1000-7fa5bf1f2000 rw-p 00021000 08:01 669582                     /usr/lib/x86_64-linux-gnu/libgdk_pixbuf-2.0.so.0.3200.2
7fa5bf1f2000-7fa5bf206000 r-xp 00000000 08:01 660563                     /usr/lib/x86_64-linux-gnu/libpangoft2-1.0.so.0.3800.1
7fa5bf206000-7fa5bf406000 ---p 00014000 08:01 660563                     /usr/lib/x86_64-linux-gnu/libpangoft2-1.0.so.0.3800.1
7fa5bf406000-7fa5bf407000 r--p 00014000 08:01 660563                     /usr/lib/x86_64-linux-gnu/libpangoft2-1.0.so.0.3800.1
7fa5bf407000-7fa5bf408000 rw-p 00015000 08:01 660563                     /usr/lib/x86_64-linux-gnu/libpangoft2-1.0.so.0.3800.1
7fa5bf408000-7fa5bf588000 r-xp 00000000 08:01 658311                     /usr/lib/x86_64-linux-gnu/libgio-2.0.so.0.4800.0
7fa5bf588000-7fa5bf788000 ---p 00180000 08:01 658311                     /usr/lib/x86_64-linux-gnu/libgio-2.0.so.0.4800.0
7fa5bf788000-7fa5bf78c000 r--p 00180000 08:01 658311                     /usr/lib/x86_64-linux-gnu/libgio-2.0.so.0.4800.0
7fa5bf78c000-7fa5bf78e000 rw-p 00184000 08:01 658311                     /usr/lib/x86_64-linux-gnu/libgio-2.0.so.0.4800.0
7fa5bf78e000-7fa5bf790000 rw-p 00000000 00:00 0 
7fa5bf790000-7fa5bf7b2000 r-xp 00000000 08:01 663939                     /usr/lib/x86_64-linux-gnu/libatk-1.0.so.0.21809.1
7fa5bf7b2000-7fa5bf9b1000 ---p 00022000 08:01 663939                     /usr/lib/x86_64-linux-gnu/libatk-1.0.so.0.21809.1
7fa5bf9b1000-7fa5bf9b4000 r--p 00021000 08:01 663939                     /usr/lib/x86_64-linux-gnu/libatk-1.0.so.0.21809.1
7fa5bf9b4000-7fa5bf9b5000 rw-p 00024000 08:01 663939                     /usr/lib/x86_64-linux-gnu/libatk-1.0.so.0.21809.1
7fa5bf9b5000-7fa5bfdf3000 r-xp 00000000 08:01 659699                     /usr/lib/x86_64-linux-gnu/libgtk-x11-2.0.so.0.2400.30
7fa5bfdf3000-7fa5bfff2000 ---p 0043e000 08:01 659699                     /usr/lib/x86_64-linux-gnu/libgtk-x11-2.0.so.0.2400.30
7fa5bfff2000-7fa5bfff9000 r--p 0043d000 08:01 659699                     /usr/lib/x86_64-linux-gnu/libgtk-x11-2.0.so.0.2400.30
7fa5bfff9000-7fa5bfffd000 rw-p 00444000 08:01 659699                     /usr/lib/x86_64-linux-gnu/libgtk-x11-2.0.so.0.2400.30
7fa5bfffd000-7fa5c0000000 rw-p 00000000 00:00 0 
7fa5c0000000-7fa5c0021000 rw-p 00000000 00:00 0 
7fa5c0021000-7fa5c4000000 ---p 00000000 00:00 0 
7fa5c4000000-7fa5c4724000 rw-p 00000000 00:00 0 
7fa5c4724000-7fa5c8000000 ---p 00000000 00:00 0 
7fa5c8000000-7fa5c82fa000 rw-p 00000000 00:00 0 
7fa5c82fa000-7fa5cc000000 ---p 00000000 00:00 0 
7fa5cc000000-7fa5cc021000 rw-p 00000000 00:00 0 
7fa5cc021000-7fa5d0000000 ---p 00000000 00:00 0 
7fa5d0000000-7fa5d0021000 rw-p 00000000 00:00 0 
7fa5d0021000-7fa5d4000000 ---p 00000000 00:00 0 
7fa5d4000000-7fa5d422b000 rw-p 00000000 00:00 0 
7fa5d422b000-7fa5d8000000 ---p 00000000 00:00 0 
7fa5d8000000-7fa5d8021000 rw-p 00000000 00:00 0 
7fa5d8021000-7fa5dc000000 ---p 00000000 00:00 0 
7fa5dc000000-7fa5dc021000 rw-p 00000000 00:00 0 
7fa5dc021000-7fa5e0000000 ---p 00000000 00:00 0 
7fa5e0000000-7fa5e0021000 rw-p 00000000 00:00 0 
7fa5e0021000-7fa5e4000000 ---p 00000000 00:00 0 
7fa5e4000000-7fa5e4021000 rw-p 00000000 00:00 0 
7fa5e4021000-7fa5e8000000 ---p 00000000 00:00 0 
7fa5e8000000-7fa5e8021000 rw-p 00000000 00:00 0 
7fa5e8021000-7fa5ec000000 ---p 00000000 00:00 0 
7fa5ec001000-7fa5ec002000 rw-s 11b352000 00:06 338                       /dev/dri/card0
7fa5ec002000-7fa5ec008000 r--s 00000000 08:01 133061                     /var/cache/fontconfig/2cd17615ca594fa2959ae173292e504c-le64.cache-6
7fa5ec008000-7fa5ec009000 r--s 00000000 08:01 133060                     /var/cache/fontconfig/0d8c3b2ac0904cb8a57a757ad11a4a08-le64.cache-6
7fa5ec009000-7fa5ec00a000 r--s 00000000 08:01 133056                     /var/cache/fontconfig/1ac9eb803944fde146138c791f5cc56a-le64.cache-6
7fa5ec00a000-7fa5ec00e000 r--s 00000000 08:01 133055                     /var/cache/fontconfig/385c0604a188198f04d133e54aba7fe7-le64.cache-6
7fa5ec00e000-7fa5ec00f000 r--s 00000000 08:01 133054                     /var/cache/fontconfig/dc05db6664285cc2f12bf69c139ae4c3-le64.cache-6
7fa5ec00f000-7fa5ec014000 r--s 00000000 08:01 133051                     /var/cache/fontconfig/8801497958630a81b71ace7c5f9b32a8-le64.cache-6
7fa5ec014000-7fa5ec01b000 r--s 00000000 08:01 133049                     /var/cache/fontconfig/3047814df9a2f067bd2d96a2b9c36e5a-le64.cache-6
7fa5ec01b000-7fa5ec02e000 r--s 00000000 08:01 133045                     /var/cache/fontconfig/d52a8644073d54c13679302ca1180695-le64.cache-6
7fa5ec02e000-7fa5ec039000 r--s 00000000 08:01 133042                     /var/cache/fontconfig/d589a48862398ed80a3d6066f4f56f4c-le64.cache-6
7fa5ec039000-7fa5ec044000 r--s 00000000 08:01 133038                     /var/cache/fontconfig/83bf95040141907cd45bb53cf7c1c148-le64.cache-6
7fa5ec044000-7fa5ec056000 r--s 00000000 08:01 131579                     /var/cache/fontconfig/9b89f8e3dae116d678bbf48e5f21f69b-le64.cache-6
7fa5ec056000-7fa5ec05f000 r--s 00000000 08:01 133023                     /var/cache/fontconfig/d0972c3d32f097851eb916381fc38920-le64.cache-6
7fa5ec05f000-7fa5ec06c000 r--s 00000000 08:01 133021                     /var/cache/fontconfig/e13b20fdb08344e0e664864cc2ede53d-le64.cache-6
7fa5ec06c000-7fa5ec078000 rw-s 11bfa1000 00:06 338                       /dev/dri/card0
7fa5ec078000-7fa5ec07b000 ---p 00000000 00:00 0 
7fa5ec07b000-7fa5ec179000 rw-p 00000000 00:00 0 
7fa5ec179000-7fa5ec1c1000 r--p 00000000 08:01 936132                     /usr/share/glib-2.0/schemas/gschemas.compiled
7fa5ec1c1000-7fa5ec1eb000 r--p 00000000 08:01 932375                     /usr/share/locale-langpack/it/LC_MESSAGES/gtk20-properties.mo
7fa5ec1eb000-7fa5ec29b000 r-xp 00000000 08:01 659698                     /usr/lib/x86_64-linux-gnu/libgdk-x11-2.0.so.0.2400.30
7fa5ec29b000-7fa5ec49a000 ---p 000b0000 08:01 659698                     /usr/lib/x86_64-linux-gnu/libgdk-x11-2.0.so.0.2400.30
7fa5ec49a000-7fa5ec49e000 r--p 000af000 08:01 659698                     /usr/lib/x86_64-linux-gnu/libgdk-x11-2.0.so.0.2400.30
7fa5ec49e000-7fa5ec4a0000 rw-p 000b3000 08:01 659698                     /usr/lib/x86_64-linux-gnu/libgdk-x11-2.0.so.0.2400.30
7fa5ec4a0000-7fa5ec4ac000 r-xp 00000000 08:01 298774                     /home/mirko/jdk1.8.0_73/jre/lib/amd64/libprism_es2.so
7fa5ec4ac000-7fa5ec6ab000 ---p 0000c000 08:01 298774                     /home/mirko/jdk1.8.0_73/jre/lib/amd64/libprism_es2.so
7fa5ec6ab000-7fa5ec6ac000 rw-p 0000b000 08:01 298774                     /home/mirko/jdk1.8.0_73/jre/lib/amd64/libprism_es2.so
7fa5ec6ac000-7fa5ec6af000 ---p 00000000 00:00 0 
7fa5ec6af000-7fa5ec7ad000 rw-p 00000000 00:00 0 
7fa5ec7ad000-7fa5ec7ae000 ---p 00000000 00:00 0 
7fa5ec7ae000-7fa5ec8ae000 rw-p 00000000 00:00 0 
7fa5ec8ae000-7fa5ec8b1000 ---p 00000000 00:00 0 
7fa5ec8b1000-7fa5ec9af000 rw-p 00000000 00:00 0 
7fa5ec9af000-7fa5ec9b2000 ---p 00000000 00:00 0 
7fa5ec9b2000-7fa5ecab0000 rw-p 00000000 00:00 0 
7fa5ecab0000-7fa5ecab3000 ---p 00000000 00:00 0 
7fa5ecab3000-7fa5ecbb1000 rw-p 00000000 00:00 0 
7fa5ecbb1000-7fa5ecbb4000 ---p 00000000 00:00 0 
7fa5ecbb4000-7fa5eccb2000 rw-p 00000000 00:00 0 
7fa5eccb2000-7fa5ecf8c000 r--p 00000000 08:01 658423                     /usr/lib/locale/locale-archive
7fa5ecf8c000-7fa5ecf8f000 ---p 00000000 00:00 0 
7fa5ecf8f000-7fa5ed08d000 rw-p 00000000 00:00 0 
7fa5ed08d000-7fa5ed090000 ---p 00000000 00:00 0 
7fa5ed090000-7fa5ed18e000 rw-p 00000000 00:00 0 
7fa5ed18e000-7fa5ed18f000 ---p 00000000 00:00 0 
7fa5ed18f000-7fa5edb98000 rw-p 00000000 00:00 0 
7fa5edb98000-7fa5edd70000 r--s 03d23000 08:01 299029                     /home/mirko/jdk1.8.0_73/jre/lib/rt.jar
7fa5edd70000-7fa5f1000000 rw-p 00000000 00:00 0 
7fa5f1000000-7fa5f1350000 rwxp 00000000 00:00 0 
7fa5f1350000-7fa600000000 ---p 00000000 00:00 0 
7fa600000000-7fa600465000 rw-p 00000000 00:00 0 
7fa600465000-7fa604000000 ---p 00000000 00:00 0 
7fa604000000-7fa604003000 r--s 00000000 08:01 133053                     /var/cache/fontconfig/767a8244fc0220cfb567a839d0392e0b-le64.cache-6
7fa604003000-7fa604004000 r--s 00000000 08:01 133052                     /var/cache/fontconfig/4794a0821666d79190d59a36cb4f44b5-le64.cache-6
7fa604004000-7fa604005000 r--s 00000000 08:01 133050                     /var/cache/fontconfig/bab58bb527bb656aaa9f116d68a48d89-le64.cache-6
7fa604005000-7fa604006000 r--s 00000000 08:01 133048                     /var/cache/fontconfig/56cf4f4769d0f4abc89a4895d7bd3ae1-le64.cache-6
7fa604006000-7fa604028000 r--p 00000000 08:01 932601                     /usr/share/locale-langpack/it/LC_MESSAGES/libc.mo
7fa604028000-7fa604046000 r-xp 00000000 08:01 395424                     /lib/x86_64-linux-gnu/libudev.so.1.6.4
7fa604046000-7fa604047000 r--p 0001d000 08:01 395424                     /lib/x86_64-linux-gnu/libudev.so.1.6.4
7fa604047000-7fa604048000 rw-p 0001e000 08:01 395424                     /lib/x86_64-linux-gnu/libudev.so.1.6.4
7fa604048000-7fa604049000 r--s 00000000 08:01 133047                     /var/cache/fontconfig/b9d506c9ac06c20b433354fa67a72993-le64.cache-6
7fa604049000-7fa60404f000 r--s 00000000 08:01 133046                     /var/cache/fontconfig/b47c4e1ecd0709278f4910c18777a504-le64.cache-6
7fa60404f000-7fa604068000 r--p 00000000 08:01 932427                     /usr/share/locale-langpack/it/LC_MESSAGES/glib20.mo
7fa604068000-7fa6040fd000 r--s 01108000 08:01 298922                     /home/mirko/jdk1.8.0_73/jre/lib/ext/jfxrt.jar
7fa6040fd000-7fa60441c000 rw-p 00000000 00:00 0 
7fa60441c000-7fa60441d000 ---p 00000000 00:00 0 
7fa60441d000-7fa60451d000 rw-p 00000000 00:00 0 
7fa60451d000-7fa60451e000 ---p 00000000 00:00 0 
7fa60451e000-7fa60463b000 rw-p 00000000 00:00 0 
7fa60463b000-7fa6047e4000 ---p 00000000 00:00 0 
7fa6047e4000-7fa604801000 rw-p 00000000 00:00 0 
7fa604801000-7fa6049aa000 ---p 00000000 00:00 0 
7fa6049aa000-7fa6049b9000 rw-p 00000000 00:00 0 
7fa6049b9000-7fa604a8d000 ---p 00000000 00:00 0 
7fa604a8d000-7fa604a9c000 rw-p 00000000 00:00 0 
7fa604a9c000-7fa604e4e000 ---p 00000000 00:00 0 
7fa604e4e000-7fa604e68000 r-xp 00000000 08:01 298891                     /home/mirko/jdk1.8.0_73/jre/lib/amd64/libzip.so
7fa604e68000-7fa605068000 ---p 0001a000 08:01 298891                     /home/mirko/jdk1.8.0_73/jre/lib/amd64/libzip.so
7fa605068000-7fa605069000 rw-p 0001a000 08:01 298891                     /home/mirko/jdk1.8.0_73/jre/lib/amd64/libzip.so
7fa605069000-7fa605074000 r-xp 00000000 08:01 408815                     /lib/x86_64-linux-gnu/libnss_files-2.23.so
7fa605074000-7fa605273000 ---p 0000b000 08:01 408815                     /lib/x86_64-linux-gnu/libnss_files-2.23.so
7fa605273000-7fa605274000 r--p 0000a000 08:01 408815                     /lib/x86_64-linux-gnu/libnss_files-2.23.so
7fa605274000-7fa605275000 rw-p 0000b000 08:01 408815                     /lib/x86_64-linux-gnu/libnss_files-2.23.so
7fa605275000-7fa60527b000 rw-p 00000000 00:00 0 
7fa60527b000-7fa605286000 r-xp 00000000 08:01 408811                     /lib/x86_64-linux-gnu/libnss_nis-2.23.so
7fa605286000-7fa605485000 ---p 0000b000 08:01 408811                     /lib/x86_64-linux-gnu/libnss_nis-2.23.so
7fa605485000-7fa605486000 r--p 0000a000 08:01 408811                     /lib/x86_64-linux-gnu/libnss_nis-2.23.so
7fa605486000-7fa605487000 rw-p 0000b000 08:01 408811                     /lib/x86_64-linux-gnu/libnss_nis-2.23.so
7fa605487000-7fa60549d000 r-xp 00000000 08:01 408779                     /lib/x86_64-linux-gnu/libnsl-2.23.so
7fa60549d000-7fa60569c000 ---p 00016000 08:01 408779                     /lib/x86_64-linux-gnu/libnsl-2.23.so
7fa60569c000-7fa60569d000 r--p 00015000 08:01 408779                     /lib/x86_64-linux-gnu/libnsl-2.23.so
7fa60569d000-7fa60569e000 rw-p 00016000 08:01 408779                     /lib/x86_64-linux-gnu/libnsl-2.23.so
7fa60569e000-7fa6056a0000 rw-p 00000000 00:00 0 
7fa6056a0000-7fa6056a8000 r-xp 00000000 08:01 408728                     /lib/x86_64-linux-gnu/libnss_compat-2.23.so
7fa6056a8000-7fa6058a7000 ---p 00008000 08:01 408728                     /lib/x86_64-linux-gnu/libnss_compat-2.23.so
7fa6058a7000-7fa6058a8000 r--p 00007000 08:01 408728                     /lib/x86_64-linux-gnu/libnss_compat-2.23.so
7fa6058a8000-7fa6058a9000 rw-p 00008000 08:01 408728                     /lib/x86_64-linux-gnu/libnss_compat-2.23.so
7fa6058a9000-7fa6058d3000 r-xp 00000000 08:01 298868                     /home/mirko/jdk1.8.0_73/jre/lib/amd64/libjava.so
7fa6058d3000-7fa605ad3000 ---p 0002a000 08:01 298868                     /home/mirko/jdk1.8.0_73/jre/lib/amd64/libjava.so
7fa605ad3000-7fa605ad5000 rw-p 0002a000 08:01 298868                     /home/mirko/jdk1.8.0_73/jre/lib/amd64/libjava.so
7fa605ad5000-7fa605ae2000 r-xp 00000000 08:01 298835                     /home/mirko/jdk1.8.0_73/jre/lib/amd64/libverify.so
7fa605ae2000-7fa605ce2000 ---p 0000d000 08:01 298835                     /home/mirko/jdk1.8.0_73/jre/lib/amd64/libverify.so
7fa605ce2000-7fa605ce4000 rw-p 0000d000 08:01 298835                     /home/mirko/jdk1.8.0_73/jre/lib/amd64/libverify.so
7fa605ce4000-7fa605ceb000 r-xp 00000000 08:01 408854                     /lib/x86_64-linux-gnu/librt-2.23.so
7fa605ceb000-7fa605eea000 ---p 00007000 08:01 408854                     /lib/x86_64-linux-gnu/librt-2.23.so
7fa605eea000-7fa605eeb000 r--p 00006000 08:01 408854                     /lib/x86_64-linux-gnu/librt-2.23.so
7fa605eeb000-7fa605eec000 rw-p 00007000 08:01 408854                     /lib/x86_64-linux-gnu/librt-2.23.so
7fa605eec000-7fa605ff4000 r-xp 00000000 08:01 408836                     /lib/x86_64-linux-gnu/libm-2.23.so
7fa605ff4000-7fa6061f3000 ---p 00108000 08:01 408836                     /lib/x86_64-linux-gnu/libm-2.23.so
7fa6061f3000-7fa6061f4000 r--p 00107000 08:01 408836                     /lib/x86_64-linux-gnu/libm-2.23.so
7fa6061f4000-7fa6061f5000 rw-p 00108000 08:01 408836                     /lib/x86_64-linux-gnu/libm-2.23.so
7fa6061f5000-7fa606eb4000 r-xp 00000000 08:01 298756                     /home/mirko/jdk1.8.0_73/jre/lib/amd64/server/libjvm.so
7fa606eb4000-7fa6070b3000 ---p 00cbf000 08:01 298756                     /home/mirko/jdk1.8.0_73/jre/lib/amd64/server/libjvm.so
7fa6070b3000-7fa60718c000 rw-p 00cbe000 08:01 298756                     /home/mirko/jdk1.8.0_73/jre/lib/amd64/server/libjvm.so
7fa60718c000-7fa6071d5000 rw-p 00000000 00:00 0 
7fa6071d5000-7fa607395000 r-xp 00000000 08:01 408903                     /lib/x86_64-linux-gnu/libc-2.23.so
7fa607395000-7fa607594000 ---p 001c0000 08:01 408903                     /lib/x86_64-linux-gnu/libc-2.23.so
7fa607594000-7fa607598000 r--p 001bf000 08:01 408903                     /lib/x86_64-linux-gnu/libc-2.23.so
7fa607598000-7fa60759a000 rw-p 001c3000 08:01 408903                     /lib/x86_64-linux-gnu/libc-2.23.so
7fa60759a000-7fa60759e000 rw-p 00000000 00:00 0 
7fa60759e000-7fa6075a1000 r-xp 00000000 08:01 408904                     /lib/x86_64-linux-gnu/libdl-2.23.so
7fa6075a1000-7fa6077a0000 ---p 00003000 08:01 408904                     /lib/x86_64-linux-gnu/libdl-2.23.so
7fa6077a0000-7fa6077a1000 r--p 00002000 08:01 408904                     /lib/x86_64-linux-gnu/libdl-2.23.so
7fa6077a1000-7fa6077a2000 rw-p 00003000 08:01 408904                     /lib/x86_64-linux-gnu/libdl-2.23.so
7fa6077a2000-7fa6077b7000 r-xp 00000000 08:01 298814                     /home/mirko/jdk1.8.0_73/jre/lib/amd64/jli/libjli.so
7fa6077b7000-7fa6079b7000 ---p 00015000 08:01 298814                     /home/mirko/jdk1.8.0_73/jre/lib/amd64/jli/libjli.so
7fa6079b7000-7fa6079b8000 rw-p 00015000 08:01 298814                     /home/mirko/jdk1.8.0_73/jre/lib/amd64/jli/libjli.so
7fa6079b8000-7fa6079d0000 r-xp 00000000 08:01 408902                     /lib/x86_64-linux-gnu/libpthread-2.23.so
7fa6079d0000-7fa607bcf000 ---p 00018000 08:01 408902                     /lib/x86_64-linux-gnu/libpthread-2.23.so
7fa607bcf000-7fa607bd0000 r--p 00017000 08:01 408902                     /lib/x86_64-linux-gnu/libpthread-2.23.so
7fa607bd0000-7fa607bd1000 rw-p 00018000 08:01 408902                     /lib/x86_64-linux-gnu/libpthread-2.23.so
7fa607bd1000-7fa607bd5000 rw-p 00000000 00:00 0 
7fa607bd5000-7fa607bfb000 r-xp 00000000 08:01 408879                     /lib/x86_64-linux-gnu/ld-2.23.so
7fa607bfb000-7fa607bfc000 r--s 00000000 08:01 133044                     /var/cache/fontconfig/551ecf3b0e8b0bca0f25c0944f561853-le64.cache-6
7fa607bfc000-7fa607bff000 r--s 00000000 08:01 133039                     /var/cache/fontconfig/75114ca45c98e8a441da0ff356701271-le64.cache-6
7fa607bff000-7fa607c0e000 r--p 00000000 08:01 932380                     /usr/share/locale-langpack/it/LC_MESSAGES/gtk20.mo
7fa607c0e000-7fa607cd3000 rw-p 00000000 00:00 0 
7fa607cd3000-7fa607cd6000 ---p 00000000 00:00 0 
7fa607cd6000-7fa607dd8000 rw-p 00000000 00:00 0 
7fa607dd8000-7fa607dd9000 r--s 00000000 08:01 133041                     /var/cache/fontconfig/30829fa25452a46451e813d634d7f916-le64.cache-6
7fa607dd9000-7fa607dda000 r--s 00000000 08:01 133067                     /var/cache/fontconfig/0c9eb80ebd1c36541ebe2852d3bb0c49-le64.cache-6
7fa607dda000-7fa607dde000 r--s 00000000 08:01 131946                     /var/cache/fontconfig/7ef2298fde41cc6eeb7af42e48b7d293-le64.cache-6
7fa607dde000-7fa607de5000 r--p 00000000 08:01 266803                     /home/mirko/.config/dconf/user
7fa607de5000-7fa607de6000 r--s 00000000 00:2b 26                         /run/user/1000/dconf/user
7fa607de6000-7fa607ded000 r--s 00000000 08:01 933543                     /usr/lib/x86_64-linux-gnu/gconv/gconv-modules.cache
7fa607ded000-7fa607dee000 r--s 00000000 08:01 534559                     /home/mirko/NetBeansProjects/Scacchiera/dist/run1383033749/Scacchiera.jar
7fa607dee000-7fa607df6000 rw-s 00000000 08:01 534571                     /tmp/hsperfdata_mirko/4776
7fa607df6000-7fa607df7000 rw-p 00000000 00:00 0 
7fa607df7000-7fa607df8000 r--p 00000000 00:00 0 
7fa607df8000-7fa607dfa000 rw-p 00000000 00:00 0 
7fa607dfa000-7fa607dfb000 r--p 00025000 08:01 408879                     /lib/x86_64-linux-gnu/ld-2.23.so
7fa607dfb000-7fa607dfc000 rw-p 00026000 08:01 408879                     /lib/x86_64-linux-gnu/ld-2.23.so
7fa607dfc000-7fa607dfd000 rw-p 00000000 00:00 0 
7fff2b66f000-7fff2b690000 rw-p 00000000 00:00 0                          [stack]
7fff2b71d000-7fff2b71f000 r--p 00000000 00:00 0                          [vvar]
7fff2b71f000-7fff2b721000 r-xp 00000000 00:00 0                          [vdso]
ffffffffff600000-ffffffffff601000 r-xp 00000000 00:00 0                  [vsyscall]

VM Arguments:
jvm_args: -Dfile.encoding=UTF-8 
java_command: /home/mirko/NetBeansProjects/Scacchiera/dist/run1383033749/Scacchiera.jar
java_class_path (initial): /home/mirko/NetBeansProjects/Scacchiera/dist/run1383033749/Scacchiera.jar
Launcher Type: SUN_STANDARD

Environment Variables:
PATH=/usr/local/sbin:/usr/local/bin:/usr/sbin:/usr/bin:/sbin:/bin:/usr/games:/usr/local/games:/snap/bin
LD_LIBRARY_PATH=/home/mirko/jdk1.8.0_73/jre/lib/amd64:/home/mirko/jdk1.8.0_73/jre/lib/i386:
SHELL=/bin/bash
DISPLAY=:0

Signal Handlers:
SIGSEGV: [libjvm.so+0xabafa0], sa_mask[0]=11111111011111111101111111111110, sa_flags=SA_RESTART|SA_SIGINFO
SIGBUS: [libjvm.so+0xabafa0], sa_mask[0]=11111111011111111101111111111110, sa_flags=SA_RESTART|SA_SIGINFO
SIGFPE: [libjvm.so+0x9183c0], sa_mask[0]=11111111011111111101111111111110, sa_flags=SA_RESTART|SA_SIGINFO
SIGPIPE: SIG_IGN, sa_mask[0]=00000000000010000000000000000000, sa_flags=SA_RESTART
SIGXFSZ: [libjvm.so+0x9183c0], sa_mask[0]=11111111011111111101111111111110, sa_flags=SA_RESTART|SA_SIGINFO
SIGILL: [libjvm.so+0x9183c0], sa_mask[0]=11111111011111111101111111111110, sa_flags=SA_RESTART|SA_SIGINFO
SIGUSR1: SIG_DFL, sa_mask[0]=00000000000000000000000000000000, sa_flags=none
SIGUSR2: [libjvm.so+0x9199f0], sa_mask[0]=00100000000000000000000000000000, sa_flags=SA_RESTART|SA_SIGINFO
SIGHUP: [libjvm.so+0x91adf0], sa_mask[0]=11111111011111111101111111111110, sa_flags=SA_RESTART|SA_SIGINFO
SIGINT: SIG_IGN, sa_mask[0]=00000000000000000000000000000000, sa_flags=none
SIGTERM: [libjvm.so+0x91adf0], sa_mask[0]=11111111011111111101111111111110, sa_flags=SA_RESTART|SA_SIGINFO
SIGQUIT: [libjvm.so+0x91adf0], sa_mask[0]=11111111011111111101111111111110, sa_flags=SA_RESTART|SA_SIGINFO


---------------  S Y S T E M  ---------------

OS:DISTRIB_ID=Ubuntu
DISTRIB_RELEASE=16.04
DISTRIB_CODENAME=xenial
DISTRIB_DESCRIPTION="Ubuntu 16.04 LTS"

uname:Linux 4.4.0-22-generic #40-Ubuntu SMP Thu May 12 22:03:46 UTC 2016 x86_64
libc:glibc 2.23 NPTL 2.23 
rlimit: STACK 8192k, CORE 0k, NPROC 21620, NOFILE 65536, AS infinity
load average:0,76 0,66 0,59

/proc/meminfo:
MemTotal:        5573612 kB
MemFree:         2164828 kB
MemAvailable:    3143848 kB
Buffers:           92816 kB
Cached:           952708 kB
SwapCached:            0 kB
Active:          2588320 kB
Inactive:         572804 kB
Active(anon):    2117036 kB
Inactive(anon):    95544 kB
Active(file):     471284 kB
Inactive(file):   477260 kB
Unevictable:          48 kB
Mlocked:              48 kB
SwapTotal:       4881404 kB
SwapFree:        4881404 kB
Dirty:               588 kB
Writeback:             0 kB
AnonPages:       2115724 kB
Mapped:           385284 kB
Shmem:             96984 kB
Slab:              98508 kB
SReclaimable:      65516 kB
SUnreclaim:        32992 kB
KernelStack:        9184 kB
PageTables:        38540 kB
NFS_Unstable:          0 kB
Bounce:                0 kB
WritebackTmp:          0 kB
CommitLimit:     7668208 kB
Committed_AS:    6308792 kB
VmallocTotal:   34359738367 kB
VmallocUsed:           0 kB
VmallocChunk:          0 kB
HardwareCorrupted:     0 kB
AnonHugePages:   1251328 kB
CmaTotal:              0 kB
CmaFree:               0 kB
HugePages_Total:       0
HugePages_Free:        0
HugePages_Rsvd:        0
HugePages_Surp:        0
Hugepagesize:       2048 kB
DirectMap4k:      177448 kB
DirectMap2M:     4519936 kB
DirectMap1G:     1048576 kB


CPU:total 2 (2 cores per cpu, 1 threads per core) family 18 model 1 stepping 0, cmov, cx8, fxsr, mmx, sse, sse2, sse3, popcnt, mmxext, 3dnowpref, lzcnt, sse4a, tsc, tscinvbit, tscinv

/proc/cpuinfo:
processor	: 0
vendor_id	: AuthenticAMD
cpu family	: 18
model		: 1
model name	: AMD A4-3300M APU with Radeon(tm) HD Graphics
stepping	: 0
microcode	: 0x3000014
cpu MHz		: 1900.000
cache size	: 1024 KB
physical id	: 0
siblings	: 2
core id		: 0
cpu cores	: 2
apicid		: 0
initial apicid	: 0
fpu		: yes
fpu_exception	: yes
cpuid level	: 6
wp		: yes
flags		: fpu vme de pse tsc msr pae mce cx8 apic sep mtrr pge mca cmov pat pse36 clflush mmx fxsr sse sse2 ht syscall nx mmxext fxsr_opt pdpe1gb rdtscp lm 3dnowext 3dnow constant_tsc rep_good nopl nonstop_tsc extd_apicid aperfmperf pni monitor cx16 popcnt lahf_lm cmp_legacy svm extapic cr8_legacy abm sse4a misalignsse 3dnowprefetch osvw ibs skinit wdt cpb hw_pstate vmmcall arat npt lbrv svm_lock nrip_save pausefilter
bugs		: fxsave_leak sysret_ss_attrs
bogomips	: 3793.06
TLB size	: 1536 4K pages
clflush size	: 64
cache_alignment	: 64
address sizes	: 40 bits physical, 48 bits virtual
power management: ts ttp tm stc 100mhzsteps hwpstate cpb

processor	: 1
vendor_id	: AuthenticAMD
cpu family	: 18
model		: 1
model name	: AMD A4-3300M APU with Radeon(tm) HD Graphics
stepping	: 0
microcode	: 0x3000014
cpu MHz		: 1900.000
cache size	: 1024 KB
physical id	: 0
siblings	: 2
core id		: 1
cpu cores	: 2
apicid		: 1
initial apicid	: 1
fpu		: yes
fpu_exception	: yes
cpuid level	: 6
wp		: yes
flags		: fpu vme de pse tsc msr pae mce cx8 apic sep mtrr pge mca cmov pat pse36 clflush mmx fxsr sse sse2 ht syscall nx mmxext fxsr_opt pdpe1gb rdtscp lm 3dnowext 3dnow constant_tsc rep_good nopl nonstop_tsc extd_apicid aperfmperf pni monitor cx16 popcnt lahf_lm cmp_legacy svm extapic cr8_legacy abm sse4a misalignsse 3dnowprefetch osvw ibs skinit wdt cpb hw_pstate vmmcall arat npt lbrv svm_lock nrip_save pausefilter
bugs		: fxsave_leak sysret_ss_attrs
bogomips	: 3793.06
TLB size	: 1536 4K pages
clflush size	: 64
cache_alignment	: 64
address sizes	: 40 bits physical, 48 bits virtual
power management: ts ttp tm stc 100mhzsteps hwpstate cpb



Memory: 4k page, physical 5573612k(2164828k free), swap 4881404k(4881404k free)

vm_info: Java HotSpot(TM) 64-Bit Server VM (25.73-b02) for linux-amd64 JRE (1.8.0_73-b02), built on Jan 29 2016 17:39:45 by "java_re" with gcc 4.3.0 20080428 (Red Hat 4.3.0-8)

time: Thu Jun  2 22:21:09 2016
elapsed time: 1 seconds (0d 0h 0m 1s)

