#
# A fatal error has been detected by the Java Runtime Environment:
#
#  SIGSEGV (0xb) at pc=0x00007f88c885db29, pid=5072, tid=140226347370240
#
# JRE version: Java(TM) SE Runtime Environment (8.0_73-b02) (build 1.8.0_73-b02)
# Java VM: Java HotSpot(TM) 64-Bit Server VM (25.73-b02 mixed mode linux-amd64 compressed oops)
# Problematic frame:
# C  [r600_dri.so+0x1f2b29]
#
# Failed to write core dump. Core dumps have been disabled. To enable core dumping, try "ulimit -c unlimited" before starting Java again
#
# If you would like to submit a bug report, please visit:
#   http://bugreport.java.com/bugreport/crash.jsp
# The crash happened outside the Java Virtual Machine in native code.
# See problematic frame for where to report the bug.
#

---------------  T H R E A D  ---------------

Current thread (0x00007f8910202800):  JavaThread "QuantumRenderer-0" daemon [_thread_in_native, id=5093, stack(0x00007f88fd8f8000,0x00007f88fd9f9000)]

siginfo: si_signo: 11 (SIGSEGV), si_code: 1 (SEGV_MAPERR), si_addr: 0x000000000000001c

Registers:
RAX=0x0000000000000000, RBX=0x00007f88d425bfb0, RCX=0x0000000000000000, RDX=0x00000000ffffffff
RSP=0x00007f88fd9f7030, RBP=0x0000000000000000, RSI=0x0000000000000000, RDI=0x00007f88d425bfb0
R8 =0x00007f88d425c0c4, R9 =0x00007f88d425ce44, R10=0x00007f88d41b1bf0, R11=0x0000000000000001
R12=0x00007f88d4070fd0, R13=0x00007f88d425bfe8, R14=0x0000000000000000, R15=0x00007f88d426b7d8
RIP=0x00007f88c885db29, EFLAGS=0x0000000000010246, CSGSFS=0x960b000000000033, ERR=0x0000000000000004
  TRAPNO=0x000000000000000e

Top of Stack: (sp=0x00007f88fd9f7030)
0x00007f88fd9f7030:   00007f88d4231a20 00007f88d425d660
0x00007f88fd9f7040:   00007f88c91a91c8 00007f88c91a90d0
0x00007f88fd9f7050:   00007f88d425bfb0 00007f88d425d660
0x00007f88fd9f7060:   00007f88c91a91c8 00007f88d4231a20
0x00007f88fd9f7070:   00007f88d425bfb0 00007f88c885c8ad
0x00007f88fd9f7080:   00007f88fd9f71f0 00007f88fd9f71f0
0x00007f88fd9f7090:   0000000000000000 00007f88fd9f71d0
0x00007f88fd9f70a0:   0000000000000001 00007f88c887bd52
0x00007f88fd9f70b0:   0000000000000000 00007f88d4260dc0
0x00007f88fd9f70c0:   0000000000000000 ffffffff00000000
0x00007f88fd9f70d0:   0000000000000000 0000000000000000
0x00007f88fd9f70e0:   0000000000000000 00007f88c88d73ea
0x00007f88fd9f70f0:   0000000000000000 00007f88d42b7198
0x00007f88fd9f7100:   000000000c410008 0000000000000000
0x00007f88fd9f7110:   0000000000000000 00007f88c87ef7ad
0x00007f88fd9f7120:   00007f88d46c9ea0 0000000000000000
0x00007f88fd9f7130:   00007f88d46cef00 0000000000000000
0x00007f88fd9f7140:   0000000000000000 0000000000000000
0x00007f88fd9f7150:   0000000000000000 960ba214f232ac00
0x00007f88fd9f7160:   0000000000000000 0000000000000000
0x00007f88fd9f7170:   00000000ffffffff 00007f88d4231a20
0x00007f88fd9f7180:   00007f88d425d920 0000000000000006
0x00007f88fd9f7190:   00000000ffffffff 00007f88c8842ec8
0x00007f88fd9f71a0:   00000000ffffffff 0000000000000000
0x00007f88fd9f71b0:   0000000000000000 0000000000000000
0x00007f88fd9f71c0:   00007f89150aa250 0000000400000000
0x00007f88fd9f71d0:   0000140300000006 00007f88d4269500
0x00007f88fd9f71e0:   0000000000000000 00007f8901007c4d
0x00007f88fd9f71f0:   0000000000001704 0000000000000006
0x00007f88fd9f7200:   0000000000000001 000000003f800000
0x00007f88fd9f7210:   0000000000000000 960ba214f232ac00
0x00007f88fd9f7220:   00007f88d4231a20 00007f88d4231a20 

Instructions: (pc=0x00007f88c885db29)
0x00007f88c885db09:   0d 48 8b 46 10 48 89 c7 ff 90 50 02 00 00 48 89
0x00007f88c885db19:   ab 58 13 00 00 49 8b 4c 24 78 8b 93 08 13 00 00
0x00007f88c885db29:   39 51 1c 0f 46 51 1c 8b 83 0c 13 00 00 89 93 08
0x00007f88c885db39:   13 00 00 39 41 20 0f 46 41 20 89 83 0c 13 00 00 

Register to memory mapping:

RAX=0x0000000000000000 is an unknown value
RBX=0x00007f88d425bfb0 is an unknown value
RCX=0x0000000000000000 is an unknown value
RDX=0x00000000ffffffff is an unallocated location in the heap
RSP=0x00007f88fd9f7030 is pointing into the stack for thread: 0x00007f8910202800
RBP=0x0000000000000000 is an unknown value
RSI=0x0000000000000000 is an unknown value
RDI=0x00007f88d425bfb0 is an unknown value
R8 =0x00007f88d425c0c4 is an unknown value
R9 =0x00007f88d425ce44 is an unknown value
R10=0x00007f88d41b1bf0 is an unknown value
R11=0x0000000000000001 is an unknown value
R12=0x00007f88d4070fd0 is an unknown value
R13=0x00007f88d425bfe8 is an unknown value
R14=0x0000000000000000 is an unknown value
R15=0x00007f88d426b7d8 is an unknown value


Stack: [0x00007f88fd8f8000,0x00007f88fd9f9000],  sp=0x00007f88fd9f7030,  free space=1020k
Native frames: (J=compiled Java code, j=interpreted, Vv=VM code, C=native code)
C  [r600_dri.so+0x1f2b29]

Java frames: (J=compiled Java code, j=interpreted, Vv=VM code)
J 876  com.sun.prism.es2.GLContext.nDrawIndexedQuads(JI[F[B)V (0 bytes) @ 0x00007f89013133ec [0x00007f8901313380+0x6c]
J 874 C1 com.sun.prism.es2.ES2VertexBuffer.drawQuads(I)V (17 bytes) @ 0x00007f89013151d4 [0x00007f8901315080+0x154]
J 842 C1 com.sun.prism.impl.BaseContext.flushVertexBuffer()V (104 bytes) @ 0x00007f89013057f4 [0x00007f8901305160+0x694]
j  com.sun.prism.es2.ES2SwapChain.drawTexture(Lcom/sun/prism/es2/ES2Graphics;Lcom/sun/prism/RTTexture;FFFFFFFF)V+68
j  com.sun.prism.es2.ES2SwapChain.prepare(Lcom/sun/javafx/geom/Rectangle;)Z+146
j  com.sun.javafx.tk.quantum.PresentingPainter.run()V+350
j  java.util.concurrent.Executors$RunnableAdapter.call()Ljava/lang/Object;+4
j  java.util.concurrent.FutureTask.runAndReset()Z+47
j  com.sun.javafx.tk.RenderJob.run()V+1
j  java.util.concurrent.ThreadPoolExecutor.runWorker(Ljava/util/concurrent/ThreadPoolExecutor$Worker;)V+95
j  java.util.concurrent.ThreadPoolExecutor$Worker.run()V+5
j  com.sun.javafx.tk.quantum.QuantumRenderer$PipelineRunnable.run()V+8
j  java.lang.Thread.run()V+11
v  ~StubRoutines::call_stub

---------------  P R O C E S S  ---------------

Java Threads: ( => current thread )
  0x00007f89102df800 JavaThread "JavaFX-Launcher" [_thread_blocked, id=5100, stack(0x00007f88c10bb000,0x00007f88c11bc000)]
  0x00007f89102dc000 JavaThread "JavaFX Application Thread" [_thread_blocked, id=5099, stack(0x00007f88c11bc000,0x00007f88c12bd000)]
  0x00007f89102d8800 JavaThread "Thread-1" daemon [_thread_blocked, id=5096, stack(0x00007f88fc065000,0x00007f88fc166000)]
=>0x00007f8910202800 JavaThread "QuantumRenderer-0" daemon [_thread_in_native, id=5093, stack(0x00007f88fd8f8000,0x00007f88fd9f9000)]
  0x00007f8910141000 JavaThread "Service Thread" daemon [_thread_blocked, id=5085, stack(0x00007f88fdb8f000,0x00007f88fdc90000)]
  0x00007f891013e000 JavaThread "C1 CompilerThread1" daemon [_thread_in_vm, id=5084, stack(0x00007f88fdc90000,0x00007f88fdd91000)]
  0x00007f891013b000 JavaThread "C2 CompilerThread0" daemon [_thread_blocked, id=5083, stack(0x00007f88fdd91000,0x00007f88fde92000)]
  0x00007f8910139800 JavaThread "Signal Dispatcher" daemon [_thread_blocked, id=5082, stack(0x00007f88fde92000,0x00007f88fdf93000)]
  0x00007f8910101800 JavaThread "Finalizer" daemon [_thread_blocked, id=5081, stack(0x00007f88fe26d000,0x00007f88fe36e000)]
  0x00007f89100ff800 JavaThread "Reference Handler" daemon [_thread_blocked, id=5080, stack(0x00007f88fe36e000,0x00007f88fe46f000)]
  0x00007f8910009800 JavaThread "main" [_thread_blocked, id=5075, stack(0x00007f8918ef8000,0x00007f8918ff9000)]

Other Threads:
  0x00007f89100fa800 VMThread [stack: 0x00007f88fe46f000,0x00007f88fe570000] [id=5079]
  0x00007f8910143800 WatcherThread [stack: 0x00007f88fda8e000,0x00007f88fdb8f000] [id=5086]

VM state:not at safepoint (normal execution)

VM Mutex/Monitor currently owned by a thread: None

Heap:
 PSYoungGen      total 25600K, used 17849K [0x00000000e3a00000, 0x00000000e5680000, 0x0000000100000000)
  eden space 22016K, 81% used [0x00000000e3a00000,0x00000000e4b6e5b8,0x00000000e4f80000)
  from space 3584K, 0% used [0x00000000e5300000,0x00000000e5300000,0x00000000e5680000)
  to   space 3584K, 0% used [0x00000000e4f80000,0x00000000e4f80000,0x00000000e5300000)
 ParOldGen       total 58880K, used 0K [0x00000000aae00000, 0x00000000ae780000, 0x00000000e3a00000)
  object space 58880K, 0% used [0x00000000aae00000,0x00000000aae00000,0x00000000ae780000)
 Metaspace       used 10737K, capacity 11140K, committed 11392K, reserved 1058816K
  class space    used 1516K, capacity 1653K, committed 1664K, reserved 1048576K

Card table byte_map: [0x00007f8915a09000,0x00007f8915cb3000] byte_map_base: 0x00007f89154b2000

Marking Bits: (ParMarkBitMap*) 0x00007f89183cf100
 Begin Bits: [0x00007f88fe570000, 0x00007f88ffab8000)
 End Bits:   [0x00007f88ffab8000, 0x00007f8901000000)

Polling page: 0x00007f891901c000

CodeCache: size=245760Kb used=3290Kb max_used=3290Kb free=242469Kb
 bounds [0x00007f8901000000, 0x00007f8901340000, 0x00007f8910000000]
 total_blobs=1448 nmethods=900 adapters=462
 compilation: enabled

Compilation events (10 events):
Event: 3,299 Thread 0x00007f891013e000 nmethod 899 0x00007f890132eb90 code [0x00007f890132ed00, 0x00007f890132ef30]
Event: 3,299 Thread 0x00007f891013e000  907       3       com.sun.javafx.geom.transform.AffineBase::doTransform (657 bytes)
Event: 3,304 Thread 0x00007f891013e000 nmethod 907 0x00007f890132efd0 code [0x00007f890132f260, 0x00007f8901330388]
Event: 3,304 Thread 0x00007f891013e000  910       1       com.sun.javafx.geom.transform.Translate2D::getMxt (5 bytes)
Event: 3,304 Thread 0x00007f891013e000 nmethod 910 0x00007f8901331b10 code [0x00007f8901331c60, 0x00007f8901331d70]
Event: 3,304 Thread 0x00007f891013e000  908       3       com.sun.prism.impl.ps.BaseShaderGraphics::fillRect (149 bytes)
Event: 3,305 Thread 0x00007f891013e000 nmethod 908 0x00007f8901331dd0 code [0x00007f8901331f80, 0x00007f89013324c8]
Event: 3,305 Thread 0x00007f891013e000  900       3       com.sun.javafx.sg.prism.NGNode::needsBlending (22 bytes)
Event: 3,305 Thread 0x00007f891013e000 nmethod 900 0x00007f8901332690 code [0x00007f8901332800, 0x00007f8901332a90]
Event: 3,305 Thread 0x00007f891013e000  901       3       com.sun.javafx.sg.prism.NGShape::renderContent (458 bytes)

GC Heap History (0 events):
No events

Deoptimization events (6 events):
Event: 1,684 Thread 0x00007f89102dc000 Uncommon trap: reason=unstable_if action=reinterpret pc=0x00007f89011a7b50 method=java.lang.String.replace(CC)Ljava/lang/String; @ 26
Event: 2,167 Thread 0x00007f89102dc000 Uncommon trap: reason=class_check action=maybe_recompile pc=0x00007f89012610b0 method=java.util.Collections$UnmodifiableList.get(I)Ljava/lang/Object; @ 5
Event: 2,192 Thread 0x00007f89102dc000 Uncommon trap: reason=class_check action=maybe_recompile pc=0x00007f89012610b0 method=java.util.Collections$UnmodifiableList.get(I)Ljava/lang/Object; @ 5
Event: 2,201 Thread 0x00007f89102dc000 Uncommon trap: reason=class_check action=maybe_recompile pc=0x00007f89012610b0 method=java.util.Collections$UnmodifiableList.get(I)Ljava/lang/Object; @ 5
Event: 2,207 Thread 0x00007f89102dc000 Uncommon trap: reason=class_check action=maybe_recompile pc=0x00007f89012610b0 method=java.util.Collections$UnmodifiableList.get(I)Ljava/lang/Object; @ 5
Event: 2,214 Thread 0x00007f89102dc000 Uncommon trap: reason=unstable_if action=reinterpret pc=0x00007f8901253470 method=sun.net.www.ParseUtil.encodePath(Ljava/lang/String;Z)Ljava/lang/String; @ 109

Internal exceptions (10 events):
Event: 0,092 Thread 0x00007f8910009800 Exception <a 'java/lang/NoSuchMethodError': Method sun.misc.Unsafe.prefetchRead(Ljava/lang/Object;J)V name or signature does not match> (0x00000000e3a12ed0) thrown at [/HUDSON3/workspace/8-2-build-linux-amd64/jdk8u73/6086/hotspot/src/share/vm/prims/jni.cp
Event: 0,371 Thread 0x00007f8910009800 Exception <a 'java/lang/NoSuchFieldError': method resolution failed> (0x00000000e3bdf888) thrown at [/HUDSON3/workspace/8-2-build-linux-amd64/jdk8u73/6086/hotspot/src/share/vm/prims/methodHandles.cpp, line 1146]
Event: 0,387 Thread 0x00007f8910009800 Exception <a 'java/lang/NoSuchFieldError': method resolution failed> (0x00000000e3becc08) thrown at [/HUDSON3/workspace/8-2-build-linux-amd64/jdk8u73/6086/hotspot/src/share/vm/prims/methodHandles.cpp, line 1146]
Event: 0,514 Thread 0x00007f8910009800 Exception <a 'java/security/PrivilegedActionException'> (0x00000000e3c76380) thrown at [/HUDSON3/workspace/8-2-build-linux-amd64/jdk8u73/6086/hotspot/src/share/vm/prims/jvm.cpp, line 1386]
Event: 0,514 Thread 0x00007f8910009800 Exception <a 'java/security/PrivilegedActionException'> (0x00000000e3c76590) thrown at [/HUDSON3/workspace/8-2-build-linux-amd64/jdk8u73/6086/hotspot/src/share/vm/prims/jvm.cpp, line 1386]
Event: 0,517 Thread 0x00007f8910009800 Exception <a 'java/security/PrivilegedActionException'> (0x00000000e3c78890) thrown at [/HUDSON3/workspace/8-2-build-linux-amd64/jdk8u73/6086/hotspot/src/share/vm/prims/jvm.cpp, line 1386]
Event: 0,517 Thread 0x00007f8910009800 Exception <a 'java/security/PrivilegedActionException'> (0x00000000e3c78aa0) thrown at [/HUDSON3/workspace/8-2-build-linux-amd64/jdk8u73/6086/hotspot/src/share/vm/prims/jvm.cpp, line 1386]
Event: 0,518 Thread 0x00007f8910009800 Exception <a 'java/lang/NullPointerException'> (0x00000000e3c79078) thrown at [/HUDSON3/workspace/8-2-build-linux-amd64/jdk8u73/6086/hotspot/src/share/vm/interpreter/linkResolver.cpp, line 1178]
Event: 1,424 Thread 0x00007f89102dc000 Exception <a 'java/lang/NullPointerException'> (0x00000000e43e8e68) thrown at [/HUDSON3/workspace/8-2-build-linux-amd64/jdk8u73/6086/hotspot/src/share/vm/interpreter/linkResolver.cpp, line 1178]
Event: 1,424 Thread 0x00007f89102dc000 Exception <a 'java/lang/NullPointerException'> (0x00000000e43e8e68) thrown at [/HUDSON3/workspace/8-2-build-linux-amd64/jdk8u73/6086/hotspot/src/share/vm/prims/jvm.cpp, line 1390]

Events (10 events):
Event: 3,115 Executing VM operation: Deoptimize
Event: 3,119 Executing VM operation: Deoptimize done
Event: 3,119 loading class com/sun/prism/impl/ps/BaseShaderContext$1
Event: 3,119 loading class com/sun/prism/impl/ps/BaseShaderContext$1 done
Event: 3,120 loading class com/sun/prism/shader/Solid_TextureRGB_Loader
Event: 3,120 loading class com/sun/prism/shader/Solid_TextureRGB_Loader done
Event: 3,127 loading class com/sun/prism/es2/GLContext$1
Event: 3,127 loading class com/sun/prism/es2/GLContext$1 done
Event: 3,149 loading class javafx/scene/layout/Priority
Event: 3,149 loading class javafx/scene/layout/Priority done


Dynamic libraries:
00400000-00401000 r-xp 00000000 08:01 299051                             /home/mirko/jdk1.8.0_73/jre/bin/java
00600000-00601000 rw-p 00000000 08:01 299051                             /home/mirko/jdk1.8.0_73/jre/bin/java
018cd000-018ee000 rw-p 00000000 00:00 0                                  [heap]
aae00000-ae780000 rw-p 00000000 00:00 0 
ae780000-e3a00000 ---p 00000000 00:00 0 
e3a00000-e5680000 rw-p 00000000 00:00 0 
e5680000-100000000 ---p 00000000 00:00 0 
100000000-1001a0000 rw-p 00000000 00:00 0 
1001a0000-140000000 ---p 00000000 00:00 0 
7f88b4000000-7f88b4021000 rw-p 00000000 00:00 0 
7f88b4021000-7f88b8000000 ---p 00000000 00:00 0 
7f88b8000000-7f88b8160000 rw-p 00000000 00:00 0 
7f88b8160000-7f88bc000000 ---p 00000000 00:00 0 
7f88bc000000-7f88bc021000 rw-p 00000000 00:00 0 
7f88bc021000-7f88c0000000 ---p 00000000 00:00 0 
7f88c0875000-7f88c0877000 rw-s 125bef000 00:06 338                       /dev/dri/card0
7f88c0877000-7f88c0977000 rw-s 1250c3000 00:06 338                       /dev/dri/card0
7f88c0977000-7f88c0978000 rw-s 1250b7000 00:06 338                       /dev/dri/card0
7f88c0978000-7f88c0a78000 rw-s 124320000 00:06 338                       /dev/dri/card0
7f88c0a78000-7f88c0a7d000 r--s 00084000 08:01 299016                     /home/mirko/jdk1.8.0_73/jre/lib/jfr.jar
7f88c0a7d000-7f88c0bfd000 rw-p 00000000 00:00 0 
7f88c0bfd000-7f88c0c7d000 ---p 00000000 00:00 0 
7f88c0c7d000-7f88c0c88000 r--s 00000000 08:01 133025                     /var/cache/fontconfig/945677eb7aeaf62f1d50efc3fb3ec7d8-le64.cache-6
7f88c0c88000-7f88c0c8e000 r--s 00000000 08:01 133061                     /var/cache/fontconfig/2cd17615ca594fa2959ae173292e504c-le64.cache-6
7f88c0c8e000-7f88c0c8f000 r--s 00000000 08:01 133060                     /var/cache/fontconfig/0d8c3b2ac0904cb8a57a757ad11a4a08-le64.cache-6
7f88c0c8f000-7f88c0ca4000 r--s 00000000 08:01 133057                     /var/cache/fontconfig/04aabc0a78ac019cf9454389977116d2-le64.cache-6
7f88c0ca4000-7f88c0ca5000 r--s 00000000 08:01 133056                     /var/cache/fontconfig/1ac9eb803944fde146138c791f5cc56a-le64.cache-6
7f88c0ca5000-7f88c0ca9000 r--s 00000000 08:01 133055                     /var/cache/fontconfig/385c0604a188198f04d133e54aba7fe7-le64.cache-6
7f88c0ca9000-7f88c0caa000 r--s 00000000 08:01 133054                     /var/cache/fontconfig/dc05db6664285cc2f12bf69c139ae4c3-le64.cache-6
7f88c0caa000-7f88c0cad000 r--s 00000000 08:01 133053                     /var/cache/fontconfig/767a8244fc0220cfb567a839d0392e0b-le64.cache-6
7f88c0cad000-7f88c0cae000 r--s 00000000 08:01 133052                     /var/cache/fontconfig/4794a0821666d79190d59a36cb4f44b5-le64.cache-6
7f88c0cae000-7f88c0cb3000 r--s 00000000 08:01 133051                     /var/cache/fontconfig/8801497958630a81b71ace7c5f9b32a8-le64.cache-6
7f88c0cb3000-7f88c0cb8000 r-xp 00000000 08:01 291958                     /home/mirko/jdk1.8.0_73/jre/lib/amd64/libjavafx_font_freetype.so
7f88c0cb8000-7f88c0eb7000 ---p 00005000 08:01 291958                     /home/mirko/jdk1.8.0_73/jre/lib/amd64/libjavafx_font_freetype.so
7f88c0eb7000-7f88c0eb8000 rw-p 00004000 08:01 291958                     /home/mirko/jdk1.8.0_73/jre/lib/amd64/libjavafx_font_freetype.so
7f88c0eb8000-7f88c0ebb000 r-xp 00000000 08:01 298719                     /home/mirko/jdk1.8.0_73/jre/lib/amd64/libjavafx_font.so
7f88c0ebb000-7f88c10ba000 ---p 00003000 08:01 298719                     /home/mirko/jdk1.8.0_73/jre/lib/amd64/libjavafx_font.so
7f88c10ba000-7f88c10bb000 rw-p 00002000 08:01 298719                     /home/mirko/jdk1.8.0_73/jre/lib/amd64/libjavafx_font.so
7f88c10bb000-7f88c10be000 ---p 00000000 00:00 0 
7f88c10be000-7f88c11bc000 rw-p 00000000 00:00 0 
7f88c11bc000-7f88c11bf000 ---p 00000000 00:00 0 
7f88c11bf000-7f88c12bd000 rw-p 00000000 00:00 0 
7f88c12bd000-7f88c12be000 ---p 00000000 00:00 0 
7f88c12be000-7f88c1abe000 rw-p 00000000 00:00 0 
7f88c1abe000-7f88c1abf000 ---p 00000000 00:00 0 
7f88c1abf000-7f88c22bf000 rw-p 00000000 00:00 0 
7f88c22bf000-7f88c22c0000 ---p 00000000 00:00 0 
7f88c22c0000-7f88c2ac0000 rw-p 00000000 00:00 0 
7f88c2ac0000-7f88c2acb000 r-xp 00000000 08:01 920375                     /usr/lib/x86_64-linux-gnu/gio/modules/libdconfsettings.so
7f88c2acb000-7f88c2ccb000 ---p 0000b000 08:01 920375                     /usr/lib/x86_64-linux-gnu/gio/modules/libdconfsettings.so
7f88c2ccb000-7f88c2ccc000 r--p 0000b000 08:01 920375                     /usr/lib/x86_64-linux-gnu/gio/modules/libdconfsettings.so
7f88c2ccc000-7f88c2ccd000 rw-p 0000c000 08:01 920375                     /usr/lib/x86_64-linux-gnu/gio/modules/libdconfsettings.so
7f88c2ccd000-7f88c2cd4000 r-xp 00000000 08:01 670133                     /usr/lib/x86_64-linux-gnu/libogg.so.0.8.2
7f88c2cd4000-7f88c2ed4000 ---p 00007000 08:01 670133                     /usr/lib/x86_64-linux-gnu/libogg.so.0.8.2
7f88c2ed4000-7f88c2ed5000 r--p 00007000 08:01 670133                     /usr/lib/x86_64-linux-gnu/libogg.so.0.8.2
7f88c2ed5000-7f88c2ed6000 rw-p 00008000 08:01 670133                     /usr/lib/x86_64-linux-gnu/libogg.so.0.8.2
7f88c2ed6000-7f88c2f00000 r-xp 00000000 08:01 664008                     /usr/lib/x86_64-linux-gnu/libvorbis.so.0.4.8
7f88c2f00000-7f88c3100000 ---p 0002a000 08:01 664008                     /usr/lib/x86_64-linux-gnu/libvorbis.so.0.4.8
7f88c3100000-7f88c3101000 r--p 0002a000 08:01 664008                     /usr/lib/x86_64-linux-gnu/libvorbis.so.0.4.8
7f88c3101000-7f88c3102000 rw-p 0002b000 08:01 664008                     /usr/lib/x86_64-linux-gnu/libvorbis.so.0.4.8
7f88c3102000-7f88c310b000 r-xp 00000000 08:01 662589                     /usr/lib/x86_64-linux-gnu/libltdl.so.7.3.1
7f88c310b000-7f88c330a000 ---p 00009000 08:01 662589                     /usr/lib/x86_64-linux-gnu/libltdl.so.7.3.1
7f88c330a000-7f88c330b000 r--p 00008000 08:01 662589                     /usr/lib/x86_64-linux-gnu/libltdl.so.7.3.1
7f88c330b000-7f88c330c000 rw-p 00009000 08:01 662589                     /usr/lib/x86_64-linux-gnu/libltdl.so.7.3.1
7f88c330c000-7f88c3320000 r-xp 00000000 08:01 658028                     /usr/lib/x86_64-linux-gnu/libtdb.so.1.3.8
7f88c3320000-7f88c351f000 ---p 00014000 08:01 658028                     /usr/lib/x86_64-linux-gnu/libtdb.so.1.3.8
7f88c351f000-7f88c3520000 r--p 00013000 08:01 658028                     /usr/lib/x86_64-linux-gnu/libtdb.so.1.3.8
7f88c3520000-7f88c3521000 rw-p 00014000 08:01 658028                     /usr/lib/x86_64-linux-gnu/libtdb.so.1.3.8
7f88c3521000-7f88c3528000 r-xp 00000000 08:01 663985                     /usr/lib/x86_64-linux-gnu/libvorbisfile.so.3.3.7
7f88c3528000-7f88c3728000 ---p 00007000 08:01 663985                     /usr/lib/x86_64-linux-gnu/libvorbisfile.so.3.3.7
7f88c3728000-7f88c3729000 r--p 00007000 08:01 663985                     /usr/lib/x86_64-linux-gnu/libvorbisfile.so.3.3.7
7f88c3729000-7f88c372a000 rw-p 00008000 08:01 663985                     /usr/lib/x86_64-linux-gnu/libvorbisfile.so.3.3.7
7f88c372a000-7f88c373a000 r-xp 00000000 08:01 658226                     /usr/lib/x86_64-linux-gnu/libcanberra.so.0.2.5
7f88c373a000-7f88c3939000 ---p 00010000 08:01 658226                     /usr/lib/x86_64-linux-gnu/libcanberra.so.0.2.5
7f88c3939000-7f88c393a000 r--p 0000f000 08:01 658226                     /usr/lib/x86_64-linux-gnu/libcanberra.so.0.2.5
7f88c393a000-7f88c393b000 rw-p 00010000 08:01 658226                     /usr/lib/x86_64-linux-gnu/libcanberra.so.0.2.5
7f88c393b000-7f88c393f000 r-xp 00000000 08:01 657104                     /usr/lib/x86_64-linux-gnu/libcanberra-gtk.so.0.1.9
7f88c393f000-7f88c3b3e000 ---p 00004000 08:01 657104                     /usr/lib/x86_64-linux-gnu/libcanberra-gtk.so.0.1.9
7f88c3b3e000-7f88c3b3f000 r--p 00003000 08:01 657104                     /usr/lib/x86_64-linux-gnu/libcanberra-gtk.so.0.1.9
7f88c3b3f000-7f88c3b40000 rw-p 00004000 08:01 657104                     /usr/lib/x86_64-linux-gnu/libcanberra-gtk.so.0.1.9
7f88c3b40000-7f88c3b45000 r-xp 00000000 08:01 934744                     /usr/lib/x86_64-linux-gnu/gtk-2.0/modules/libcanberra-gtk-module.so
7f88c3b45000-7f88c3d44000 ---p 00005000 08:01 934744                     /usr/lib/x86_64-linux-gnu/gtk-2.0/modules/libcanberra-gtk-module.so
7f88c3d44000-7f88c3d45000 r--p 00004000 08:01 934744                     /usr/lib/x86_64-linux-gnu/gtk-2.0/modules/libcanberra-gtk-module.so
7f88c3d45000-7f88c3d46000 rw-p 00005000 08:01 934744                     /usr/lib/x86_64-linux-gnu/gtk-2.0/modules/libcanberra-gtk-module.so
7f88c3d46000-7f88c3d75000 r-xp 00000000 08:01 920571                     /usr/lib/x86_64-linux-gnu/gtk-2.0/2.10.0/engines/libmurrine.so
7f88c3d75000-7f88c3f75000 ---p 0002f000 08:01 920571                     /usr/lib/x86_64-linux-gnu/gtk-2.0/2.10.0/engines/libmurrine.so
7f88c3f75000-7f88c3f76000 r--p 0002f000 08:01 920571                     /usr/lib/x86_64-linux-gnu/gtk-2.0/2.10.0/engines/libmurrine.so
7f88c3f76000-7f88c3f77000 rw-p 00030000 08:01 920571                     /usr/lib/x86_64-linux-gnu/gtk-2.0/2.10.0/engines/libmurrine.so
7f88c3f77000-7f88c3f88000 r-xp 00000000 08:01 930977                     /usr/lib/x86_64-linux-gnu/gtk-2.0/modules/liboverlay-scrollbar.so
7f88c3f88000-7f88c4188000 ---p 00011000 08:01 930977                     /usr/lib/x86_64-linux-gnu/gtk-2.0/modules/liboverlay-scrollbar.so
7f88c4188000-7f88c4189000 r--p 00011000 08:01 930977                     /usr/lib/x86_64-linux-gnu/gtk-2.0/modules/liboverlay-scrollbar.so
7f88c4189000-7f88c418a000 rw-p 00012000 08:01 930977                     /usr/lib/x86_64-linux-gnu/gtk-2.0/modules/liboverlay-scrollbar.so
7f88c418a000-7f88c41b3000 r-xp 00000000 08:01 298850                     /home/mirko/jdk1.8.0_73/jre/lib/amd64/libglass.so
7f88c41b3000-7f88c43b2000 ---p 00029000 08:01 298850                     /home/mirko/jdk1.8.0_73/jre/lib/amd64/libglass.so
7f88c43b2000-7f88c43b5000 rw-p 00028000 08:01 298850                     /home/mirko/jdk1.8.0_73/jre/lib/amd64/libglass.so
7f88c43b5000-7f88c43ec000 r-xp 00000000 08:01 670399                     /usr/lib/x86_64-linux-gnu/libtxc_dxtn_s2tc.so.0.0.0
7f88c43ec000-7f88c45eb000 ---p 00037000 08:01 670399                     /usr/lib/x86_64-linux-gnu/libtxc_dxtn_s2tc.so.0.0.0
7f88c45eb000-7f88c45ec000 r--p 00036000 08:01 670399                     /usr/lib/x86_64-linux-gnu/libtxc_dxtn_s2tc.so.0.0.0
7f88c45ec000-7f88c45ed000 rw-p 00037000 08:01 670399                     /usr/lib/x86_64-linux-gnu/libtxc_dxtn_s2tc.so.0.0.0
7f88c45ed000-7f88c45ee000 ---p 00000000 00:00 0 
7f88c45ee000-7f88c4dee000 rw-p 00000000 00:00 0 
7f88c4dee000-7f88c4e01000 r-xp 00000000 08:01 394055                     /lib/x86_64-linux-gnu/libbsd.so.0.8.2
7f88c4e01000-7f88c5000000 ---p 00013000 08:01 394055                     /lib/x86_64-linux-gnu/libbsd.so.0.8.2
7f88c5000000-7f88c5001000 r--p 00012000 08:01 394055                     /lib/x86_64-linux-gnu/libbsd.so.0.8.2
7f88c5001000-7f88c5002000 rw-p 00013000 08:01 394055                     /lib/x86_64-linux-gnu/libbsd.so.0.8.2
7f88c5002000-7f88c5003000 rw-p 00000000 00:00 0 
7f88c5003000-7f88c5028000 r-xp 00000000 08:01 396492                     /lib/x86_64-linux-gnu/libtinfo.so.5.9
7f88c5028000-7f88c5227000 ---p 00025000 08:01 396492                     /lib/x86_64-linux-gnu/libtinfo.so.5.9
7f88c5227000-7f88c522b000 r--p 00024000 08:01 396492                     /lib/x86_64-linux-gnu/libtinfo.so.5.9
7f88c522b000-7f88c522c000 rw-p 00028000 08:01 396492                     /lib/x86_64-linux-gnu/libtinfo.so.5.9
7f88c522c000-7f88c525d000 r-xp 00000000 08:01 664071                     /usr/lib/x86_64-linux-gnu/libedit.so.2.0.53
7f88c525d000-7f88c545d000 ---p 00031000 08:01 664071                     /usr/lib/x86_64-linux-gnu/libedit.so.2.0.53
7f88c545d000-7f88c545f000 r--p 00031000 08:01 664071                     /usr/lib/x86_64-linux-gnu/libedit.so.2.0.53
7f88c545f000-7f88c5460000 rw-p 00033000 08:01 664071                     /usr/lib/x86_64-linux-gnu/libedit.so.2.0.53
7f88c5460000-7f88c5464000 rw-p 00000000 00:00 0 
7f88c5464000-7f88c7956000 r-xp 00000000 08:01 664077                     /usr/lib/x86_64-linux-gnu/libLLVM-3.8.so.1
7f88c7956000-7f88c7b56000 ---p 024f2000 08:01 664077                     /usr/lib/x86_64-linux-gnu/libLLVM-3.8.so.1
7f88c7b56000-7f88c7e0b000 r--p 024f2000 08:01 664077                     /usr/lib/x86_64-linux-gnu/libLLVM-3.8.so.1
7f88c7e0b000-7f88c7e0d000 rw-p 027a7000 08:01 664077                     /usr/lib/x86_64-linux-gnu/libLLVM-3.8.so.1
7f88c7e0d000-7f88c7e37000 rw-p 00000000 00:00 0 
7f88c7e37000-7f88c7e4e000 r-xp 00000000 08:01 661292                     /usr/lib/x86_64-linux-gnu/libelf-0.165.so
7f88c7e4e000-7f88c804d000 ---p 00017000 08:01 661292                     /usr/lib/x86_64-linux-gnu/libelf-0.165.so
7f88c804d000-7f88c804e000 r--p 00016000 08:01 661292                     /usr/lib/x86_64-linux-gnu/libelf-0.165.so
7f88c804e000-7f88c804f000 rw-p 00017000 08:01 661292                     /usr/lib/x86_64-linux-gnu/libelf-0.165.so
7f88c804f000-7f88c8056000 r-xp 00000000 08:01 664061                     /usr/lib/x86_64-linux-gnu/libdrm_amdgpu.so.1.0.0
7f88c8056000-7f88c8255000 ---p 00007000 08:01 664061                     /usr/lib/x86_64-linux-gnu/libdrm_amdgpu.so.1.0.0
7f88c8255000-7f88c8256000 r--p 00006000 08:01 664061                     /usr/lib/x86_64-linux-gnu/libdrm_amdgpu.so.1.0.0
7f88c8256000-7f88c8257000 rw-p 00007000 08:01 664061                     /usr/lib/x86_64-linux-gnu/libdrm_amdgpu.so.1.0.0
7f88c8257000-7f88c8262000 r-xp 00000000 08:01 664057                     /usr/lib/x86_64-linux-gnu/libdrm_radeon.so.1.0.1
7f88c8262000-7f88c8461000 ---p 0000b000 08:01 664057                     /usr/lib/x86_64-linux-gnu/libdrm_radeon.so.1.0.1
7f88c8461000-7f88c8462000 r--p 0000a000 08:01 664057                     /usr/lib/x86_64-linux-gnu/libdrm_radeon.so.1.0.1
7f88c8462000-7f88c8463000 rw-p 0000b000 08:01 664057                     /usr/lib/x86_64-linux-gnu/libdrm_radeon.so.1.0.1
7f88c8463000-7f88c846a000 r-xp 00000000 08:01 664067                     /usr/lib/x86_64-linux-gnu/libdrm_nouveau.so.2.0.0
7f88c846a000-7f88c8669000 ---p 00007000 08:01 664067                     /usr/lib/x86_64-linux-gnu/libdrm_nouveau.so.2.0.0
7f88c8669000-7f88c866a000 r--p 00006000 08:01 664067                     /usr/lib/x86_64-linux-gnu/libdrm_nouveau.so.2.0.0
7f88c866a000-7f88c866b000 rw-p 00007000 08:01 664067                     /usr/lib/x86_64-linux-gnu/libdrm_nouveau.so.2.0.0
7f88c866b000-7f88c8f32000 r-xp 00000000 08:01 930711                     /usr/lib/x86_64-linux-gnu/dri/r600_dri.so
7f88c8f32000-7f88c9131000 ---p 008c7000 08:01 930711                     /usr/lib/x86_64-linux-gnu/dri/r600_dri.so
7f88c9131000-7f88c91a5000 r--p 008c6000 08:01 930711                     /usr/lib/x86_64-linux-gnu/dri/r600_dri.so
7f88c91a5000-7f88c91b4000 rw-p 0093a000 08:01 930711                     /usr/lib/x86_64-linux-gnu/dri/r600_dri.so
7f88c91b4000-7f88c93aa000 rw-p 00000000 00:00 0 
7f88c93aa000-7f88c93b0000 r-xp 00000000 08:01 657306                     /usr/lib/x86_64-linux-gnu/libdatrie.so.1.3.3
7f88c93b0000-7f88c95b0000 ---p 00006000 08:01 657306                     /usr/lib/x86_64-linux-gnu/libdatrie.so.1.3.3
7f88c95b0000-7f88c95b1000 r--p 00006000 08:01 657306                     /usr/lib/x86_64-linux-gnu/libdatrie.so.1.3.3
7f88c95b1000-7f88c95b2000 rw-p 00007000 08:01 657306                     /usr/lib/x86_64-linux-gnu/libdatrie.so.1.3.3
7f88c95b2000-7f88c95b7000 r-xp 00000000 08:01 664402                     /usr/lib/x86_64-linux-gnu/libXdmcp.so.6.0.0
7f88c95b7000-7f88c97b6000 ---p 00005000 08:01 664402                     /usr/lib/x86_64-linux-gnu/libXdmcp.so.6.0.0
7f88c97b6000-7f88c97b7000 r--p 00004000 08:01 664402                     /usr/lib/x86_64-linux-gnu/libXdmcp.so.6.0.0
7f88c97b7000-7f88c97b8000 rw-p 00005000 08:01 664402                     /usr/lib/x86_64-linux-gnu/libXdmcp.so.6.0.0
7f88c97b8000-7f88c97ba000 r-xp 00000000 08:01 669374                     /usr/lib/x86_64-linux-gnu/libXau.so.6.0.0
7f88c97ba000-7f88c99ba000 ---p 00002000 08:01 669374                     /usr/lib/x86_64-linux-gnu/libXau.so.6.0.0
7f88c99ba000-7f88c99bb000 r--p 00002000 08:01 669374                     /usr/lib/x86_64-linux-gnu/libXau.so.6.0.0
7f88c99bb000-7f88c99bc000 rw-p 00003000 08:01 669374                     /usr/lib/x86_64-linux-gnu/libXau.so.6.0.0
7f88c99bc000-7f88c99df000 r-xp 00000000 08:01 660878                     /usr/lib/x86_64-linux-gnu/libgraphite2.so.3.0.1
7f88c99df000-7f88c9bde000 ---p 00023000 08:01 660878                     /usr/lib/x86_64-linux-gnu/libgraphite2.so.3.0.1
7f88c9bde000-7f88c9be0000 r--p 00022000 08:01 660878                     /usr/lib/x86_64-linux-gnu/libgraphite2.so.3.0.1
7f88c9be0000-7f88c9be1000 rw-p 00024000 08:01 660878                     /usr/lib/x86_64-linux-gnu/libgraphite2.so.3.0.1
7f88c9be1000-7f88c9bef000 r-xp 00000000 08:01 664048                     /usr/lib/x86_64-linux-gnu/libdrm.so.2.4.0
7f88c9bef000-7f88c9dee000 ---p 0000e000 08:01 664048                     /usr/lib/x86_64-linux-gnu/libdrm.so.2.4.0
7f88c9dee000-7f88c9def000 r--p 0000d000 08:01 664048                     /usr/lib/x86_64-linux-gnu/libdrm.so.2.4.0
7f88c9def000-7f88c9df0000 rw-p 0000e000 08:01 664048                     /usr/lib/x86_64-linux-gnu/libdrm.so.2.4.0
7f88c9df0000-7f88c9df4000 r-xp 00000000 08:01 664135                     /usr/lib/x86_64-linux-gnu/libxcb-dri2.so.0.0.0
7f88c9df4000-7f88c9ff3000 ---p 00004000 08:01 664135                     /usr/lib/x86_64-linux-gnu/libxcb-dri2.so.0.0.0
7f88c9ff3000-7f88c9ff4000 r--p 00003000 08:01 664135                     /usr/lib/x86_64-linux-gnu/libxcb-dri2.so.0.0.0
7f88c9ff4000-7f88c9ff5000 rw-p 00004000 08:01 664135                     /usr/lib/x86_64-linux-gnu/libxcb-dri2.so.0.0.0
7f88c9ff5000-7f88ca00c000 r-xp 00000000 08:01 664138                     /usr/lib/x86_64-linux-gnu/libxcb-glx.so.0.0.0
7f88ca00c000-7f88ca20b000 ---p 00017000 08:01 664138                     /usr/lib/x86_64-linux-gnu/libxcb-glx.so.0.0.0
7f88ca20b000-7f88ca20d000 r--p 00016000 08:01 664138                     /usr/lib/x86_64-linux-gnu/libxcb-glx.so.0.0.0
7f88ca20d000-7f88ca20e000 rw-p 00018000 08:01 664138                     /usr/lib/x86_64-linux-gnu/libxcb-glx.so.0.0.0
7f88ca20e000-7f88ca20f000 r-xp 00000000 08:01 669368                     /usr/lib/x86_64-linux-gnu/libX11-xcb.so.1.0.0
7f88ca20f000-7f88ca40e000 ---p 00001000 08:01 669368                     /usr/lib/x86_64-linux-gnu/libX11-xcb.so.1.0.0
7f88ca40e000-7f88ca40f000 r--p 00000000 08:01 669368                     /usr/lib/x86_64-linux-gnu/libX11-xcb.so.1.0.0
7f88ca40f000-7f88ca410000 rw-p 00001000 08:01 669368                     /usr/lib/x86_64-linux-gnu/libX11-xcb.so.1.0.0
7f88ca410000-7f88ca439000 r-xp 00000000 08:01 675036                     /usr/lib/x86_64-linux-gnu/libglapi.so.0.0.0
7f88ca439000-7f88ca638000 ---p 00029000 08:01 675036                     /usr/lib/x86_64-linux-gnu/libglapi.so.0.0.0
7f88ca638000-7f88ca63c000 r--p 00028000 08:01 675036                     /usr/lib/x86_64-linux-gnu/libglapi.so.0.0.0
7f88ca63c000-7f88ca63d000 rw-p 0002c000 08:01 675036                     /usr/lib/x86_64-linux-gnu/libglapi.so.0.0.0
7f88ca63d000-7f88ca63e000 rw-p 00000000 00:00 0 
7f88ca63e000-7f88ca63f000 r-xp 00000000 08:01 670578                     /usr/lib/x86_64-linux-gnu/libxshmfence.so.1.0.0
7f88ca63f000-7f88ca83f000 ---p 00001000 08:01 670578                     /usr/lib/x86_64-linux-gnu/libxshmfence.so.1.0.0
7f88ca83f000-7f88ca840000 r--p 00001000 08:01 670578                     /usr/lib/x86_64-linux-gnu/libxshmfence.so.1.0.0
7f88ca840000-7f88ca841000 rw-p 00002000 08:01 670578                     /usr/lib/x86_64-linux-gnu/libxshmfence.so.1.0.0
7f88ca841000-7f88ca846000 r-xp 00000000 08:01 664122                     /usr/lib/x86_64-linux-gnu/libxcb-sync.so.1.0.0
7f88ca846000-7f88caa46000 ---p 00005000 08:01 664122                     /usr/lib/x86_64-linux-gnu/libxcb-sync.so.1.0.0
7f88caa46000-7f88caa47000 r--p 00005000 08:01 664122                     /usr/lib/x86_64-linux-gnu/libxcb-sync.so.1.0.0
7f88caa47000-7f88caa48000 rw-p 00006000 08:01 664122                     /usr/lib/x86_64-linux-gnu/libxcb-sync.so.1.0.0
7f88caa48000-7f88caa4a000 r-xp 00000000 08:01 664125                     /usr/lib/x86_64-linux-gnu/libxcb-present.so.0.0.0
7f88caa4a000-7f88cac49000 ---p 00002000 08:01 664125                     /usr/lib/x86_64-linux-gnu/libxcb-present.so.0.0.0
7f88cac49000-7f88cac4a000 r--p 00001000 08:01 664125                     /usr/lib/x86_64-linux-gnu/libxcb-present.so.0.0.0
7f88cac4a000-7f88cac4b000 rw-p 00002000 08:01 664125                     /usr/lib/x86_64-linux-gnu/libxcb-present.so.0.0.0
7f88cac4b000-7f88cac4d000 r-xp 00000000 08:01 664107                     /usr/lib/x86_64-linux-gnu/libxcb-dri3.so.0.0.0
7f88cac4d000-7f88cae4c000 ---p 00002000 08:01 664107                     /usr/lib/x86_64-linux-gnu/libxcb-dri3.so.0.0.0
7f88cae4c000-7f88cae4d000 r--p 00001000 08:01 664107                     /usr/lib/x86_64-linux-gnu/libxcb-dri3.so.0.0.0
7f88cae4d000-7f88cae4e000 rw-p 00002000 08:01 664107                     /usr/lib/x86_64-linux-gnu/libxcb-dri3.so.0.0.0
7f88cae4e000-7f88caebc000 r-xp 00000000 08:01 394443                     /lib/x86_64-linux-gnu/libpcre.so.3.13.2
7f88caebc000-7f88cb0bc000 ---p 0006e000 08:01 394443                     /lib/x86_64-linux-gnu/libpcre.so.3.13.2
7f88cb0bc000-7f88cb0bd000 r--p 0006e000 08:01 394443                     /lib/x86_64-linux-gnu/libpcre.so.3.13.2
7f88cb0bd000-7f88cb0be000 rw-p 0006f000 08:01 394443                     /lib/x86_64-linux-gnu/libpcre.so.3.13.2
7f88cb0be000-7f88cb0c5000 r-xp 00000000 08:01 662733                     /usr/lib/x86_64-linux-gnu/libffi.so.6.0.4
7f88cb0c5000-7f88cb2c4000 ---p 00007000 08:01 662733                     /usr/lib/x86_64-linux-gnu/libffi.so.6.0.4
7f88cb2c4000-7f88cb2c5000 r--p 00006000 08:01 662733                     /usr/lib/x86_64-linux-gnu/libffi.so.6.0.4
7f88cb2c5000-7f88cb2c6000 rw-p 00007000 08:01 662733                     /usr/lib/x86_64-linux-gnu/libffi.so.6.0.4
7f88cb2c6000-7f88cb2ec000 r-xp 00000000 08:01 394446                     /lib/x86_64-linux-gnu/libexpat.so.1.6.0
7f88cb2ec000-7f88cb4ec000 ---p 00026000 08:01 394446                     /lib/x86_64-linux-gnu/libexpat.so.1.6.0
7f88cb4ec000-7f88cb4ee000 r--p 00026000 08:01 394446                     /lib/x86_64-linux-gnu/libexpat.so.1.6.0
7f88cb4ee000-7f88cb4ef000 rw-p 00028000 08:01 394446                     /lib/x86_64-linux-gnu/libexpat.so.1.6.0
7f88cb4ef000-7f88cb4f7000 r-xp 00000000 08:01 657312                     /usr/lib/x86_64-linux-gnu/libthai.so.0.2.4
7f88cb4f7000-7f88cb6f6000 ---p 00008000 08:01 657312                     /usr/lib/x86_64-linux-gnu/libthai.so.0.2.4
7f88cb6f6000-7f88cb6f7000 r--p 00007000 08:01 657312                     /usr/lib/x86_64-linux-gnu/libthai.so.0.2.4
7f88cb6f7000-7f88cb6f8000 rw-p 00008000 08:01 657312                     /usr/lib/x86_64-linux-gnu/libthai.so.0.2.4
7f88cb6f8000-7f88cb719000 r-xp 00000000 08:01 663896                     /usr/lib/x86_64-linux-gnu/libxcb.so.1.1.0
7f88cb719000-7f88cb918000 ---p 00021000 08:01 663896                     /usr/lib/x86_64-linux-gnu/libxcb.so.1.1.0
7f88cb918000-7f88cb919000 r--p 00020000 08:01 663896                     /usr/lib/x86_64-linux-gnu/libxcb.so.1.1.0
7f88cb919000-7f88cb91a000 rw-p 00021000 08:01 663896                     /usr/lib/x86_64-linux-gnu/libxcb.so.1.1.0
7f88cb91a000-7f88cb922000 r-xp 00000000 08:01 664110                     /usr/lib/x86_64-linux-gnu/libxcb-render.so.0.0.0
7f88cb922000-7f88cbb22000 ---p 00008000 08:01 664110                     /usr/lib/x86_64-linux-gnu/libxcb-render.so.0.0.0
7f88cbb22000-7f88cbb23000 r--p 00008000 08:01 664110                     /usr/lib/x86_64-linux-gnu/libxcb-render.so.0.0.0
7f88cbb23000-7f88cbb24000 rw-p 00009000 08:01 664110                     /usr/lib/x86_64-linux-gnu/libxcb-render.so.0.0.0
7f88cbb24000-7f88cbb26000 r-xp 00000000 08:01 664431                     /usr/lib/x86_64-linux-gnu/libxcb-shm.so.0.0.0
7f88cbb26000-7f88cbd26000 ---p 00002000 08:01 664431                     /usr/lib/x86_64-linux-gnu/libxcb-shm.so.0.0.0
7f88cbd26000-7f88cbd27000 r--p 00002000 08:01 664431                     /usr/lib/x86_64-linux-gnu/libxcb-shm.so.0.0.0
7f88cbd27000-7f88cbd28000 rw-p 00003000 08:01 664431                     /usr/lib/x86_64-linux-gnu/libxcb-shm.so.0.0.0
7f88cbd28000-7f88cbd4c000 r-xp 00000000 08:01 394051                     /lib/x86_64-linux-gnu/libpng12.so.0.54.0
7f88cbd4c000-7f88cbf4b000 ---p 00024000 08:01 394051                     /lib/x86_64-linux-gnu/libpng12.so.0.54.0
7f88cbf4b000-7f88cbf4c000 r--p 00023000 08:01 394051                     /lib/x86_64-linux-gnu/libpng12.so.0.54.0
7f88cbf4c000-7f88cbf4d000 rw-p 00024000 08:01 394051                     /lib/x86_64-linux-gnu/libpng12.so.0.54.0
7f88cbf4d000-7f88cbfec000 r-xp 00000000 08:01 663061                     /usr/lib/x86_64-linux-gnu/libpixman-1.so.0.33.6
7f88cbfec000-7f88cc1ec000 ---p 0009f000 08:01 663061                     /usr/lib/x86_64-linux-gnu/libpixman-1.so.0.33.6
7f88cc1ec000-7f88cc1f4000 r--p 0009f000 08:01 663061                     /usr/lib/x86_64-linux-gnu/libpixman-1.so.0.33.6
7f88cc1f4000-7f88cc1f5000 rw-p 000a7000 08:01 663061                     /usr/lib/x86_64-linux-gnu/libpixman-1.so.0.33.6
7f88cc1f5000-7f88cc251000 r-xp 00000000 08:01 669928                     /usr/lib/x86_64-linux-gnu/libharfbuzz.so.0.10000.1
7f88cc251000-7f88cc451000 ---p 0005c000 08:01 669928                     /usr/lib/x86_64-linux-gnu/libharfbuzz.so.0.10000.1
7f88cc451000-7f88cc452000 r--p 0005c000 08:01 669928                     /usr/lib/x86_64-linux-gnu/libharfbuzz.so.0.10000.1
7f88cc452000-7f88cc453000 rw-p 0005d000 08:01 669928                     /usr/lib/x86_64-linux-gnu/libharfbuzz.so.0.10000.1
7f88cc453000-7f88cc46a000 r-xp 00000000 08:01 408823                     /lib/x86_64-linux-gnu/libresolv-2.23.so
7f88cc46a000-7f88cc66a000 ---p 00017000 08:01 408823                     /lib/x86_64-linux-gnu/libresolv-2.23.so
7f88cc66a000-7f88cc66b000 r--p 00017000 08:01 408823                     /lib/x86_64-linux-gnu/libresolv-2.23.so
7f88cc66b000-7f88cc66c000 rw-p 00018000 08:01 408823                     /lib/x86_64-linux-gnu/libresolv-2.23.so
7f88cc66c000-7f88cc66e000 rw-p 00000000 00:00 0 
7f88cc66e000-7f88cc68d000 r-xp 00000000 08:01 394521                     /lib/x86_64-linux-gnu/libselinux.so.1
7f88cc68d000-7f88cc88c000 ---p 0001f000 08:01 394521                     /lib/x86_64-linux-gnu/libselinux.so.1
7f88cc88c000-7f88cc88d000 r--p 0001e000 08:01 394521                     /lib/x86_64-linux-gnu/libselinux.so.1
7f88cc88d000-7f88cc88e000 rw-p 0001f000 08:01 394521                     /lib/x86_64-linux-gnu/libselinux.so.1
7f88cc88e000-7f88cc890000 rw-p 00000000 00:00 0 
7f88cc890000-7f88cc8a9000 r-xp 00000000 08:01 399412                     /lib/x86_64-linux-gnu/libz.so.1.2.8
7f88cc8a9000-7f88ccaa8000 ---p 00019000 08:01 399412                     /lib/x86_64-linux-gnu/libz.so.1.2.8
7f88ccaa8000-7f88ccaa9000 r--p 00018000 08:01 399412                     /lib/x86_64-linux-gnu/libz.so.1.2.8
7f88ccaa9000-7f88ccaaa000 rw-p 00019000 08:01 399412                     /lib/x86_64-linux-gnu/libz.so.1.2.8
7f88ccaaa000-7f88ccabb000 r-xp 00000000 08:01 669387                     /usr/lib/x86_64-linux-gnu/libXext.so.6.4.0
7f88ccabb000-7f88cccba000 ---p 00011000 08:01 669387                     /usr/lib/x86_64-linux-gnu/libXext.so.6.4.0
7f88cccba000-7f88cccbb000 r--p 00010000 08:01 669387                     /usr/lib/x86_64-linux-gnu/libXext.so.6.4.0
7f88cccbb000-7f88cccbc000 rw-p 00011000 08:01 669387                     /usr/lib/x86_64-linux-gnu/libXext.so.6.4.0
7f88cccbc000-7f88cccbe000 r-xp 00000000 08:01 669383                     /usr/lib/x86_64-linux-gnu/libXdamage.so.1.1.0
7f88cccbe000-7f88ccebd000 ---p 00002000 08:01 669383                     /usr/lib/x86_64-linux-gnu/libXdamage.so.1.1.0
7f88ccebd000-7f88ccebe000 r--p 00001000 08:01 669383                     /usr/lib/x86_64-linux-gnu/libXdamage.so.1.1.0
7f88ccebe000-7f88ccebf000 rw-p 00002000 08:01 669383                     /usr/lib/x86_64-linux-gnu/libXdamage.so.1.1.0
7f88ccebf000-7f88ccec1000 r-xp 00000000 08:01 669379                     /usr/lib/x86_64-linux-gnu/libXcomposite.so.1.0.0
7f88ccec1000-7f88cd0c0000 ---p 00002000 08:01 669379                     /usr/lib/x86_64-linux-gnu/libXcomposite.so.1.0.0
7f88cd0c0000-7f88cd0c1000 r--p 00001000 08:01 669379                     /usr/lib/x86_64-linux-gnu/libXcomposite.so.1.0.0
7f88cd0c1000-7f88cd0c2000 rw-p 00002000 08:01 669379                     /usr/lib/x86_64-linux-gnu/libXcomposite.so.1.0.0
7f88cd0c2000-7f88cd0cb000 r-xp 00000000 08:01 669381                     /usr/lib/x86_64-linux-gnu/libXcursor.so.1.0.2
7f88cd0cb000-7f88cd2ca000 ---p 00009000 08:01 669381                     /usr/lib/x86_64-linux-gnu/libXcursor.so.1.0.2
7f88cd2ca000-7f88cd2cb000 r--p 00008000 08:01 669381                     /usr/lib/x86_64-linux-gnu/libXcursor.so.1.0.2
7f88cd2cb000-7f88cd2cc000 rw-p 00009000 08:01 669381                     /usr/lib/x86_64-linux-gnu/libXcursor.so.1.0.2
7f88cd2cc000-7f88cd2d6000 r-xp 00000000 08:01 669405                     /usr/lib/x86_64-linux-gnu/libXrandr.so.2.2.0
7f88cd2d6000-7f88cd4d5000 ---p 0000a000 08:01 669405                     /usr/lib/x86_64-linux-gnu/libXrandr.so.2.2.0
7f88cd4d5000-7f88cd4d6000 r--p 00009000 08:01 669405                     /usr/lib/x86_64-linux-gnu/libXrandr.so.2.2.0
7f88cd4d6000-7f88cd4d7000 rw-p 0000a000 08:01 669405                     /usr/lib/x86_64-linux-gnu/libXrandr.so.2.2.0
7f88cd4d7000-7f88cd4e6000 r-xp 00000000 08:01 667629                     /usr/lib/x86_64-linux-gnu/libXi.so.6.1.0
7f88cd4e6000-7f88cd6e5000 ---p 0000f000 08:01 667629                     /usr/lib/x86_64-linux-gnu/libXi.so.6.1.0
7f88cd6e5000-7f88cd6e6000 r--p 0000e000 08:01 667629                     /usr/lib/x86_64-linux-gnu/libXi.so.6.1.0
7f88cd6e6000-7f88cd6e7000 rw-p 0000f000 08:01 667629                     /usr/lib/x86_64-linux-gnu/libXi.so.6.1.0
7f88cd6e7000-7f88cd6e9000 r-xp 00000000 08:01 669397                     /usr/lib/x86_64-linux-gnu/libXinerama.so.1.0.0
7f88cd6e9000-7f88cd8e8000 ---p 00002000 08:01 669397                     /usr/lib/x86_64-linux-gnu/libXinerama.so.1.0.0
7f88cd8e8000-7f88cd8e9000 r--p 00001000 08:01 669397                     /usr/lib/x86_64-linux-gnu/libXinerama.so.1.0.0
7f88cd8e9000-7f88cd8ea000 rw-p 00002000 08:01 669397                     /usr/lib/x86_64-linux-gnu/libXinerama.so.1.0.0
7f88cd8ea000-7f88cd8f3000 r-xp 00000000 08:01 669407                     /usr/lib/x86_64-linux-gnu/libXrender.so.1.3.0
7f88cd8f3000-7f88cdaf2000 ---p 00009000 08:01 669407                     /usr/lib/x86_64-linux-gnu/libXrender.so.1.3.0
7f88cdaf2000-7f88cdaf3000 r--p 00008000 08:01 669407                     /usr/lib/x86_64-linux-gnu/libXrender.so.1.3.0
7f88cdaf3000-7f88cdaf4000 rw-p 00009000 08:01 669407                     /usr/lib/x86_64-linux-gnu/libXrender.so.1.3.0
7f88cdaf4000-7f88cdaf9000 r-xp 00000000 08:01 669389                     /usr/lib/x86_64-linux-gnu/libXfixes.so.3.1.0
7f88cdaf9000-7f88cdcf8000 ---p 00005000 08:01 669389                     /usr/lib/x86_64-linux-gnu/libXfixes.so.3.1.0
7f88cdcf8000-7f88cdcf9000 r--p 00004000 08:01 669389                     /usr/lib/x86_64-linux-gnu/libXfixes.so.3.1.0
7f88cdcf9000-7f88cdcfa000 rw-p 00005000 08:01 669389                     /usr/lib/x86_64-linux-gnu/libXfixes.so.3.1.0
7f88cdcfa000-7f88cdd10000 r-xp 00000000 08:01 394049                     /lib/x86_64-linux-gnu/libgcc_s.so.1
7f88cdd10000-7f88cdf0f000 ---p 00016000 08:01 394049                     /lib/x86_64-linux-gnu/libgcc_s.so.1
7f88cdf0f000-7f88cdf10000 rw-p 00015000 08:01 394049                     /lib/x86_64-linux-gnu/libgcc_s.so.1
7f88cdf10000-7f88ce082000 r-xp 00000000 08:01 657513                     /usr/lib/x86_64-linux-gnu/libstdc++.so.6.0.21
7f88ce082000-7f88ce282000 ---p 00172000 08:01 657513                     /usr/lib/x86_64-linux-gnu/libstdc++.so.6.0.21
7f88ce282000-7f88ce28c000 r--p 00172000 08:01 657513                     /usr/lib/x86_64-linux-gnu/libstdc++.so.6.0.21
7f88ce28c000-7f88ce28e000 rw-p 0017c000 08:01 657513                     /usr/lib/x86_64-linux-gnu/libstdc++.so.6.0.21
7f88ce28e000-7f88ce292000 rw-p 00000000 00:00 0 
7f88ce292000-7f88ce2ff000 r-xp 00000000 08:01 919314                     /usr/lib/x86_64-linux-gnu/mesa/libGL.so.1.2.0
7f88ce2ff000-7f88ce4fe000 ---p 0006d000 08:01 919314                     /usr/lib/x86_64-linux-gnu/mesa/libGL.so.1.2.0
7f88ce4fe000-7f88ce501000 r--p 0006c000 08:01 919314                     /usr/lib/x86_64-linux-gnu/mesa/libGL.so.1.2.0
7f88ce501000-7f88ce502000 rw-p 0006f000 08:01 919314                     /usr/lib/x86_64-linux-gnu/mesa/libGL.so.1.2.0
7f88ce502000-7f88ce503000 rw-p 00000000 00:00 0 
7f88ce503000-7f88ce508000 r-xp 00000000 08:01 669423                     /usr/lib/x86_64-linux-gnu/libXxf86vm.so.1.0.0
7f88ce508000-7f88ce707000 ---p 00005000 08:01 669423                     /usr/lib/x86_64-linux-gnu/libXxf86vm.so.1.0.0
7f88ce707000-7f88ce708000 r--p 00004000 08:01 669423                     /usr/lib/x86_64-linux-gnu/libXxf86vm.so.1.0.0
7f88ce708000-7f88ce709000 rw-p 00005000 08:01 669423                     /usr/lib/x86_64-linux-gnu/libXxf86vm.so.1.0.0
7f88ce709000-7f88ce83e000 r-xp 00000000 08:01 669370                     /usr/lib/x86_64-linux-gnu/libX11.so.6.3.0
7f88ce83e000-7f88cea3e000 ---p 00135000 08:01 669370                     /usr/lib/x86_64-linux-gnu/libX11.so.6.3.0
7f88cea3e000-7f88cea3f000 r--p 00135000 08:01 669370                     /usr/lib/x86_64-linux-gnu/libX11.so.6.3.0
7f88cea3f000-7f88cea43000 rw-p 00136000 08:01 669370                     /usr/lib/x86_64-linux-gnu/libX11.so.6.3.0
7f88cea43000-7f88cea48000 r-xp 00000000 08:01 669413                     /usr/lib/x86_64-linux-gnu/libXtst.so.6.1.0
7f88cea48000-7f88cec47000 ---p 00005000 08:01 669413                     /usr/lib/x86_64-linux-gnu/libXtst.so.6.1.0
7f88cec47000-7f88cec48000 r--p 00004000 08:01 669413                     /usr/lib/x86_64-linux-gnu/libXtst.so.6.1.0
7f88cec48000-7f88cec49000 rw-p 00005000 08:01 669413                     /usr/lib/x86_64-linux-gnu/libXtst.so.6.1.0
7f88cec49000-7f88ced57000 r-xp 00000000 08:01 399178                     /lib/x86_64-linux-gnu/libglib-2.0.so.0.4800.0
7f88ced57000-7f88cef57000 ---p 0010e000 08:01 399178                     /lib/x86_64-linux-gnu/libglib-2.0.so.0.4800.0
7f88cef57000-7f88cef58000 r--p 0010e000 08:01 399178                     /lib/x86_64-linux-gnu/libglib-2.0.so.0.4800.0
7f88cef58000-7f88cef59000 rw-p 0010f000 08:01 399178                     /lib/x86_64-linux-gnu/libglib-2.0.so.0.4800.0
7f88cef59000-7f88cef5a000 rw-p 00000000 00:00 0 
7f88cef5a000-7f88cef5b000 r-xp 00000000 08:01 662553                     /usr/lib/x86_64-linux-gnu/libgthread-2.0.so.0.4800.0
7f88cef5b000-7f88cf15a000 ---p 00001000 08:01 662553                     /usr/lib/x86_64-linux-gnu/libgthread-2.0.so.0.4800.0
7f88cf15a000-7f88cf15b000 r--p 00000000 08:01 662553                     /usr/lib/x86_64-linux-gnu/libgthread-2.0.so.0.4800.0
7f88cf15b000-7f88cf15c000 rw-p 00001000 08:01 662553                     /usr/lib/x86_64-linux-gnu/libgthread-2.0.so.0.4800.0
7f88cf15c000-7f88cf15f000 r-xp 00000000 08:01 662554                     /usr/lib/x86_64-linux-gnu/libgmodule-2.0.so.0.4800.0
7f88cf15f000-7f88cf35e000 ---p 00003000 08:01 662554                     /usr/lib/x86_64-linux-gnu/libgmodule-2.0.so.0.4800.0
7f88cf35e000-7f88cf35f000 r--p 00002000 08:01 662554                     /usr/lib/x86_64-linux-gnu/libgmodule-2.0.so.0.4800.0
7f88cf35f000-7f88cf360000 rw-p 00003000 08:01 662554                     /usr/lib/x86_64-linux-gnu/libgmodule-2.0.so.0.4800.0
7f88cf360000-7f88cf3b2000 r-xp 00000000 08:01 657079                     /usr/lib/x86_64-linux-gnu/libgobject-2.0.so.0.4800.0
7f88cf3b2000-7f88cf5b1000 ---p 00052000 08:01 657079                     /usr/lib/x86_64-linux-gnu/libgobject-2.0.so.0.4800.0
7f88cf5b1000-7f88cf5b2000 r--p 00051000 08:01 657079                     /usr/lib/x86_64-linux-gnu/libgobject-2.0.so.0.4800.0
7f88cf5b2000-7f88cf5b3000 rw-p 00052000 08:01 657079                     /usr/lib/x86_64-linux-gnu/libgobject-2.0.so.0.4800.0
7f88cf5b3000-7f88cf5f0000 r-xp 00000000 08:01 658855                     /usr/lib/x86_64-linux-gnu/libfontconfig.so.1.9.0
7f88cf5f0000-7f88cf7ef000 ---p 0003d000 08:01 658855                     /usr/lib/x86_64-linux-gnu/libfontconfig.so.1.9.0
7f88cf7ef000-7f88cf7f1000 r--p 0003c000 08:01 658855                     /usr/lib/x86_64-linux-gnu/libfontconfig.so.1.9.0
7f88cf7f1000-7f88cf7f6000 rw-p 0003e000 08:01 658855                     /usr/lib/x86_64-linux-gnu/libfontconfig.so.1.9.0
7f88cf7f6000-7f88cf89a000 r-xp 00000000 08:01 658853                     /usr/lib/x86_64-linux-gnu/libfreetype.so.6.12.1
7f88cf89a000-7f88cfa99000 ---p 000a4000 08:01 658853                     /usr/lib/x86_64-linux-gnu/libfreetype.so.6.12.1
7f88cfa99000-7f88cfa9f000 r--p 000a3000 08:01 658853                     /usr/lib/x86_64-linux-gnu/libfreetype.so.6.12.1
7f88cfa9f000-7f88cfaa0000 rw-p 000a9000 08:01 658853                     /usr/lib/x86_64-linux-gnu/libfreetype.so.6.12.1
7f88cfaa0000-7f88cfae9000 r-xp 00000000 08:01 660567                     /usr/lib/x86_64-linux-gnu/libpango-1.0.so.0.3800.1
7f88cfae9000-7f88cfce9000 ---p 00049000 08:01 660567                     /usr/lib/x86_64-linux-gnu/libpango-1.0.so.0.3800.1
7f88cfce9000-7f88cfceb000 r--p 00049000 08:01 660567                     /usr/lib/x86_64-linux-gnu/libpango-1.0.so.0.3800.1
7f88cfceb000-7f88cfcec000 rw-p 0004b000 08:01 660567                     /usr/lib/x86_64-linux-gnu/libpango-1.0.so.0.3800.1
7f88cfcec000-7f88cfdfa000 r-xp 00000000 08:01 659822                     /usr/lib/x86_64-linux-gnu/libcairo.so.2.11400.6
7f88cfdfa000-7f88cfffa000 ---p 0010e000 08:01 659822                     /usr/lib/x86_64-linux-gnu/libcairo.so.2.11400.6
7f88cfffa000-7f88cfffd000 r--p 0010e000 08:01 659822                     /usr/lib/x86_64-linux-gnu/libcairo.so.2.11400.6
7f88cfffd000-7f88cfffe000 rw-p 00111000 08:01 659822                     /usr/lib/x86_64-linux-gnu/libcairo.so.2.11400.6
7f88cfffe000-7f88d0000000 rw-p 00000000 00:00 0 
7f88d0000000-7f88d0021000 rw-p 00000000 00:00 0 
7f88d0021000-7f88d4000000 ---p 00000000 00:00 0 
7f88d4000000-7f88d4723000 rw-p 00000000 00:00 0 
7f88d4723000-7f88d8000000 ---p 00000000 00:00 0 
7f88d8000000-7f88d82dc000 rw-p 00000000 00:00 0 
7f88d82dc000-7f88dc000000 ---p 00000000 00:00 0 
7f88dc000000-7f88dc021000 rw-p 00000000 00:00 0 
7f88dc021000-7f88e0000000 ---p 00000000 00:00 0 
7f88e0000000-7f88e0021000 rw-p 00000000 00:00 0 
7f88e0021000-7f88e4000000 ---p 00000000 00:00 0 
7f88e4000000-7f88e4107000 rw-p 00000000 00:00 0 
7f88e4107000-7f88e8000000 ---p 00000000 00:00 0 
7f88e8000000-7f88e8021000 rw-p 00000000 00:00 0 
7f88e8021000-7f88ec000000 ---p 00000000 00:00 0 
7f88ec000000-7f88ec021000 rw-p 00000000 00:00 0 
7f88ec021000-7f88f0000000 ---p 00000000 00:00 0 
7f88f0000000-7f88f0021000 rw-p 00000000 00:00 0 
7f88f0021000-7f88f4000000 ---p 00000000 00:00 0 
7f88f4000000-7f88f4021000 rw-p 00000000 00:00 0 
7f88f4021000-7f88f8000000 ---p 00000000 00:00 0 
7f88f8000000-7f88f8021000 rw-p 00000000 00:00 0 
7f88f8021000-7f88fc000000 ---p 00000000 00:00 0 
7f88fc000000-7f88fc001000 r--s 00000000 08:01 133050                     /var/cache/fontconfig/bab58bb527bb656aaa9f116d68a48d89-le64.cache-6
7f88fc001000-7f88fc008000 r--s 00000000 08:01 133049                     /var/cache/fontconfig/3047814df9a2f067bd2d96a2b9c36e5a-le64.cache-6
7f88fc008000-7f88fc01b000 r--s 00000000 08:01 133045                     /var/cache/fontconfig/d52a8644073d54c13679302ca1180695-le64.cache-6
7f88fc01b000-7f88fc026000 r--s 00000000 08:01 133042                     /var/cache/fontconfig/d589a48862398ed80a3d6066f4f56f4c-le64.cache-6
7f88fc026000-7f88fc031000 r--s 00000000 08:01 133038                     /var/cache/fontconfig/83bf95040141907cd45bb53cf7c1c148-le64.cache-6
7f88fc031000-7f88fc043000 r--s 00000000 08:01 131579                     /var/cache/fontconfig/9b89f8e3dae116d678bbf48e5f21f69b-le64.cache-6
7f88fc043000-7f88fc04c000 r--s 00000000 08:01 133023                     /var/cache/fontconfig/d0972c3d32f097851eb916381fc38920-le64.cache-6
7f88fc04c000-7f88fc059000 r--s 00000000 08:01 133021                     /var/cache/fontconfig/e13b20fdb08344e0e664864cc2ede53d-le64.cache-6
7f88fc059000-7f88fc065000 rw-s 1239d0000 00:06 338                       /dev/dri/card0
7f88fc065000-7f88fc068000 ---p 00000000 00:00 0 
7f88fc068000-7f88fc166000 rw-p 00000000 00:00 0 
7f88fc166000-7f88fc1ae000 r--p 00000000 08:01 936132                     /usr/share/glib-2.0/schemas/gschemas.compiled
7f88fc1ae000-7f88fc1d8000 r--p 00000000 08:01 932375                     /usr/share/locale-langpack/it/LC_MESSAGES/gtk20-properties.mo
7f88fc1d8000-7f88fc1fa000 r--p 00000000 08:01 932601                     /usr/share/locale-langpack/it/LC_MESSAGES/libc.mo
7f88fc1fa000-7f88fc206000 r-xp 00000000 08:01 660532                     /usr/lib/x86_64-linux-gnu/libpangocairo-1.0.so.0.3800.1
7f88fc206000-7f88fc405000 ---p 0000c000 08:01 660532                     /usr/lib/x86_64-linux-gnu/libpangocairo-1.0.so.0.3800.1
7f88fc405000-7f88fc406000 r--p 0000b000 08:01 660532                     /usr/lib/x86_64-linux-gnu/libpangocairo-1.0.so.0.3800.1
7f88fc406000-7f88fc407000 rw-p 0000c000 08:01 660532                     /usr/lib/x86_64-linux-gnu/libpangocairo-1.0.so.0.3800.1
7f88fc407000-7f88fc428000 r-xp 00000000 08:01 669582                     /usr/lib/x86_64-linux-gnu/libgdk_pixbuf-2.0.so.0.3200.2
7f88fc428000-7f88fc627000 ---p 00021000 08:01 669582                     /usr/lib/x86_64-linux-gnu/libgdk_pixbuf-2.0.so.0.3200.2
7f88fc627000-7f88fc628000 r--p 00020000 08:01 669582                     /usr/lib/x86_64-linux-gnu/libgdk_pixbuf-2.0.so.0.3200.2
7f88fc628000-7f88fc629000 rw-p 00021000 08:01 669582                     /usr/lib/x86_64-linux-gnu/libgdk_pixbuf-2.0.so.0.3200.2
7f88fc629000-7f88fc63d000 r-xp 00000000 08:01 660563                     /usr/lib/x86_64-linux-gnu/libpangoft2-1.0.so.0.3800.1
7f88fc63d000-7f88fc83d000 ---p 00014000 08:01 660563                     /usr/lib/x86_64-linux-gnu/libpangoft2-1.0.so.0.3800.1
7f88fc83d000-7f88fc83e000 r--p 00014000 08:01 660563                     /usr/lib/x86_64-linux-gnu/libpangoft2-1.0.so.0.3800.1
7f88fc83e000-7f88fc83f000 rw-p 00015000 08:01 660563                     /usr/lib/x86_64-linux-gnu/libpangoft2-1.0.so.0.3800.1
7f88fc83f000-7f88fc9bf000 r-xp 00000000 08:01 658311                     /usr/lib/x86_64-linux-gnu/libgio-2.0.so.0.4800.0
7f88fc9bf000-7f88fcbbf000 ---p 00180000 08:01 658311                     /usr/lib/x86_64-linux-gnu/libgio-2.0.so.0.4800.0
7f88fcbbf000-7f88fcbc3000 r--p 00180000 08:01 658311                     /usr/lib/x86_64-linux-gnu/libgio-2.0.so.0.4800.0
7f88fcbc3000-7f88fcbc5000 rw-p 00184000 08:01 658311                     /usr/lib/x86_64-linux-gnu/libgio-2.0.so.0.4800.0
7f88fcbc5000-7f88fcbc7000 rw-p 00000000 00:00 0 
7f88fcbc7000-7f88fcbe9000 r-xp 00000000 08:01 663939                     /usr/lib/x86_64-linux-gnu/libatk-1.0.so.0.21809.1
7f88fcbe9000-7f88fcde8000 ---p 00022000 08:01 663939                     /usr/lib/x86_64-linux-gnu/libatk-1.0.so.0.21809.1
7f88fcde8000-7f88fcdeb000 r--p 00021000 08:01 663939                     /usr/lib/x86_64-linux-gnu/libatk-1.0.so.0.21809.1
7f88fcdeb000-7f88fcdec000 rw-p 00024000 08:01 663939                     /usr/lib/x86_64-linux-gnu/libatk-1.0.so.0.21809.1
7f88fcdec000-7f88fce9c000 r-xp 00000000 08:01 659698                     /usr/lib/x86_64-linux-gnu/libgdk-x11-2.0.so.0.2400.30
7f88fce9c000-7f88fd09b000 ---p 000b0000 08:01 659698                     /usr/lib/x86_64-linux-gnu/libgdk-x11-2.0.so.0.2400.30
7f88fd09b000-7f88fd09f000 r--p 000af000 08:01 659698                     /usr/lib/x86_64-linux-gnu/libgdk-x11-2.0.so.0.2400.30
7f88fd09f000-7f88fd0a1000 rw-p 000b3000 08:01 659698                     /usr/lib/x86_64-linux-gnu/libgdk-x11-2.0.so.0.2400.30
7f88fd0a1000-7f88fd4df000 r-xp 00000000 08:01 659699                     /usr/lib/x86_64-linux-gnu/libgtk-x11-2.0.so.0.2400.30
7f88fd4df000-7f88fd6de000 ---p 0043e000 08:01 659699                     /usr/lib/x86_64-linux-gnu/libgtk-x11-2.0.so.0.2400.30
7f88fd6de000-7f88fd6e5000 r--p 0043d000 08:01 659699                     /usr/lib/x86_64-linux-gnu/libgtk-x11-2.0.so.0.2400.30
7f88fd6e5000-7f88fd6e9000 rw-p 00444000 08:01 659699                     /usr/lib/x86_64-linux-gnu/libgtk-x11-2.0.so.0.2400.30
7f88fd6e9000-7f88fd6ec000 rw-p 00000000 00:00 0 
7f88fd6ec000-7f88fd6f8000 r-xp 00000000 08:01 298774                     /home/mirko/jdk1.8.0_73/jre/lib/amd64/libprism_es2.so
7f88fd6f8000-7f88fd8f7000 ---p 0000c000 08:01 298774                     /home/mirko/jdk1.8.0_73/jre/lib/amd64/libprism_es2.so
7f88fd8f7000-7f88fd8f8000 rw-p 0000b000 08:01 298774                     /home/mirko/jdk1.8.0_73/jre/lib/amd64/libprism_es2.so
7f88fd8f8000-7f88fd8fb000 ---p 00000000 00:00 0 
7f88fd8fb000-7f88fd9f9000 rw-p 00000000 00:00 0 
7f88fd9f9000-7f88fda8e000 r--s 01108000 08:01 298922                     /home/mirko/jdk1.8.0_73/jre/lib/ext/jfxrt.jar
7f88fda8e000-7f88fda8f000 ---p 00000000 00:00 0 
7f88fda8f000-7f88fdb8f000 rw-p 00000000 00:00 0 
7f88fdb8f000-7f88fdb92000 ---p 00000000 00:00 0 
7f88fdb92000-7f88fdc90000 rw-p 00000000 00:00 0 
7f88fdc90000-7f88fdc93000 ---p 00000000 00:00 0 
7f88fdc93000-7f88fdd91000 rw-p 00000000 00:00 0 
7f88fdd91000-7f88fdd94000 ---p 00000000 00:00 0 
7f88fdd94000-7f88fde92000 rw-p 00000000 00:00 0 
7f88fde92000-7f88fde95000 ---p 00000000 00:00 0 
7f88fde95000-7f88fdf93000 rw-p 00000000 00:00 0 
7f88fdf93000-7f88fe26d000 r--p 00000000 08:01 658423                     /usr/lib/locale/locale-archive
7f88fe26d000-7f88fe270000 ---p 00000000 00:00 0 
7f88fe270000-7f88fe36e000 rw-p 00000000 00:00 0 
7f88fe36e000-7f88fe371000 ---p 00000000 00:00 0 
7f88fe371000-7f88fe46f000 rw-p 00000000 00:00 0 
7f88fe46f000-7f88fe470000 ---p 00000000 00:00 0 
7f88fe470000-7f8901000000 rw-p 00000000 00:00 0 
7f8901000000-7f8901340000 rwxp 00000000 00:00 0 
7f8901340000-7f8910000000 ---p 00000000 00:00 0 
7f8910000000-7f8910450000 rw-p 00000000 00:00 0 
7f8910450000-7f8914000000 ---p 00000000 00:00 0 
7f8914000000-7f8914001000 r--s 00000000 08:01 133048                     /var/cache/fontconfig/56cf4f4769d0f4abc89a4895d7bd3ae1-le64.cache-6
7f8914001000-7f891401f000 r-xp 00000000 08:01 395424                     /lib/x86_64-linux-gnu/libudev.so.1.6.4
7f891401f000-7f8914020000 r--p 0001d000 08:01 395424                     /lib/x86_64-linux-gnu/libudev.so.1.6.4
7f8914020000-7f8914021000 rw-p 0001e000 08:01 395424                     /lib/x86_64-linux-gnu/libudev.so.1.6.4
7f8914021000-7f8914022000 r--s 00000000 08:01 133047                     /var/cache/fontconfig/b9d506c9ac06c20b433354fa67a72993-le64.cache-6
7f8914022000-7f8914028000 r--s 00000000 08:01 133046                     /var/cache/fontconfig/b47c4e1ecd0709278f4910c18777a504-le64.cache-6
7f8914028000-7f8914041000 r--p 00000000 08:01 932427                     /usr/share/locale-langpack/it/LC_MESSAGES/glib20.mo
7f8914041000-7f891494a000 rw-p 00000000 00:00 0 
7f891494a000-7f8914b22000 r--s 03d23000 08:01 299029                     /home/mirko/jdk1.8.0_73/jre/lib/rt.jar
7f8914b22000-7f8915641000 rw-p 00000000 00:00 0 
7f8915641000-7f8915642000 ---p 00000000 00:00 0 
7f8915642000-7f8915742000 rw-p 00000000 00:00 0 
7f8915742000-7f8915743000 ---p 00000000 00:00 0 
7f8915743000-7f8915860000 rw-p 00000000 00:00 0 
7f8915860000-7f8915a09000 ---p 00000000 00:00 0 
7f8915a09000-7f8915a26000 rw-p 00000000 00:00 0 
7f8915a26000-7f8915bcf000 ---p 00000000 00:00 0 
7f8915bcf000-7f8915bde000 rw-p 00000000 00:00 0 
7f8915bde000-7f8915cb2000 ---p 00000000 00:00 0 
7f8915cb2000-7f8915cc0000 rw-p 00000000 00:00 0 
7f8915cc0000-7f8916073000 ---p 00000000 00:00 0 
7f8916073000-7f891608d000 r-xp 00000000 08:01 298891                     /home/mirko/jdk1.8.0_73/jre/lib/amd64/libzip.so
7f891608d000-7f891628d000 ---p 0001a000 08:01 298891                     /home/mirko/jdk1.8.0_73/jre/lib/amd64/libzip.so
7f891628d000-7f891628e000 rw-p 0001a000 08:01 298891                     /home/mirko/jdk1.8.0_73/jre/lib/amd64/libzip.so
7f891628e000-7f8916299000 r-xp 00000000 08:01 408815                     /lib/x86_64-linux-gnu/libnss_files-2.23.so
7f8916299000-7f8916498000 ---p 0000b000 08:01 408815                     /lib/x86_64-linux-gnu/libnss_files-2.23.so
7f8916498000-7f8916499000 r--p 0000a000 08:01 408815                     /lib/x86_64-linux-gnu/libnss_files-2.23.so
7f8916499000-7f891649a000 rw-p 0000b000 08:01 408815                     /lib/x86_64-linux-gnu/libnss_files-2.23.so
7f891649a000-7f89164a0000 rw-p 00000000 00:00 0 
7f89164a0000-7f89164ab000 r-xp 00000000 08:01 408811                     /lib/x86_64-linux-gnu/libnss_nis-2.23.so
7f89164ab000-7f89166aa000 ---p 0000b000 08:01 408811                     /lib/x86_64-linux-gnu/libnss_nis-2.23.so
7f89166aa000-7f89166ab000 r--p 0000a000 08:01 408811                     /lib/x86_64-linux-gnu/libnss_nis-2.23.so
7f89166ab000-7f89166ac000 rw-p 0000b000 08:01 408811                     /lib/x86_64-linux-gnu/libnss_nis-2.23.so
7f89166ac000-7f89166c2000 r-xp 00000000 08:01 408779                     /lib/x86_64-linux-gnu/libnsl-2.23.so
7f89166c2000-7f89168c1000 ---p 00016000 08:01 408779                     /lib/x86_64-linux-gnu/libnsl-2.23.so
7f89168c1000-7f89168c2000 r--p 00015000 08:01 408779                     /lib/x86_64-linux-gnu/libnsl-2.23.so
7f89168c2000-7f89168c3000 rw-p 00016000 08:01 408779                     /lib/x86_64-linux-gnu/libnsl-2.23.so
7f89168c3000-7f89168c5000 rw-p 00000000 00:00 0 
7f89168c5000-7f89168cd000 r-xp 00000000 08:01 408728                     /lib/x86_64-linux-gnu/libnss_compat-2.23.so
7f89168cd000-7f8916acc000 ---p 00008000 08:01 408728                     /lib/x86_64-linux-gnu/libnss_compat-2.23.so
7f8916acc000-7f8916acd000 r--p 00007000 08:01 408728                     /lib/x86_64-linux-gnu/libnss_compat-2.23.so
7f8916acd000-7f8916ace000 rw-p 00008000 08:01 408728                     /lib/x86_64-linux-gnu/libnss_compat-2.23.so
7f8916ace000-7f8916af8000 r-xp 00000000 08:01 298868                     /home/mirko/jdk1.8.0_73/jre/lib/amd64/libjava.so
7f8916af8000-7f8916cf8000 ---p 0002a000 08:01 298868                     /home/mirko/jdk1.8.0_73/jre/lib/amd64/libjava.so
7f8916cf8000-7f8916cfa000 rw-p 0002a000 08:01 298868                     /home/mirko/jdk1.8.0_73/jre/lib/amd64/libjava.so
7f8916cfa000-7f8916d07000 r-xp 00000000 08:01 298835                     /home/mirko/jdk1.8.0_73/jre/lib/amd64/libverify.so
7f8916d07000-7f8916f07000 ---p 0000d000 08:01 298835                     /home/mirko/jdk1.8.0_73/jre/lib/amd64/libverify.so
7f8916f07000-7f8916f09000 rw-p 0000d000 08:01 298835                     /home/mirko/jdk1.8.0_73/jre/lib/amd64/libverify.so
7f8916f09000-7f8916f10000 r-xp 00000000 08:01 408854                     /lib/x86_64-linux-gnu/librt-2.23.so
7f8916f10000-7f891710f000 ---p 00007000 08:01 408854                     /lib/x86_64-linux-gnu/librt-2.23.so
7f891710f000-7f8917110000 r--p 00006000 08:01 408854                     /lib/x86_64-linux-gnu/librt-2.23.so
7f8917110000-7f8917111000 rw-p 00007000 08:01 408854                     /lib/x86_64-linux-gnu/librt-2.23.so
7f8917111000-7f8917219000 r-xp 00000000 08:01 408836                     /lib/x86_64-linux-gnu/libm-2.23.so
7f8917219000-7f8917418000 ---p 00108000 08:01 408836                     /lib/x86_64-linux-gnu/libm-2.23.so
7f8917418000-7f8917419000 r--p 00107000 08:01 408836                     /lib/x86_64-linux-gnu/libm-2.23.so
7f8917419000-7f891741a000 rw-p 00108000 08:01 408836                     /lib/x86_64-linux-gnu/libm-2.23.so
7f891741a000-7f89180d9000 r-xp 00000000 08:01 298756                     /home/mirko/jdk1.8.0_73/jre/lib/amd64/server/libjvm.so
7f89180d9000-7f89182d8000 ---p 00cbf000 08:01 298756                     /home/mirko/jdk1.8.0_73/jre/lib/amd64/server/libjvm.so
7f89182d8000-7f89183b1000 rw-p 00cbe000 08:01 298756                     /home/mirko/jdk1.8.0_73/jre/lib/amd64/server/libjvm.so
7f89183b1000-7f89183fa000 rw-p 00000000 00:00 0 
7f89183fa000-7f89185ba000 r-xp 00000000 08:01 408903                     /lib/x86_64-linux-gnu/libc-2.23.so
7f89185ba000-7f89187b9000 ---p 001c0000 08:01 408903                     /lib/x86_64-linux-gnu/libc-2.23.so
7f89187b9000-7f89187bd000 r--p 001bf000 08:01 408903                     /lib/x86_64-linux-gnu/libc-2.23.so
7f89187bd000-7f89187bf000 rw-p 001c3000 08:01 408903                     /lib/x86_64-linux-gnu/libc-2.23.so
7f89187bf000-7f89187c3000 rw-p 00000000 00:00 0 
7f89187c3000-7f89187c6000 r-xp 00000000 08:01 408904                     /lib/x86_64-linux-gnu/libdl-2.23.so
7f89187c6000-7f89189c5000 ---p 00003000 08:01 408904                     /lib/x86_64-linux-gnu/libdl-2.23.so
7f89189c5000-7f89189c6000 r--p 00002000 08:01 408904                     /lib/x86_64-linux-gnu/libdl-2.23.so
7f89189c6000-7f89189c7000 rw-p 00003000 08:01 408904                     /lib/x86_64-linux-gnu/libdl-2.23.so
7f89189c7000-7f89189dc000 r-xp 00000000 08:01 298814                     /home/mirko/jdk1.8.0_73/jre/lib/amd64/jli/libjli.so
7f89189dc000-7f8918bdc000 ---p 00015000 08:01 298814                     /home/mirko/jdk1.8.0_73/jre/lib/amd64/jli/libjli.so
7f8918bdc000-7f8918bdd000 rw-p 00015000 08:01 298814                     /home/mirko/jdk1.8.0_73/jre/lib/amd64/jli/libjli.so
7f8918bdd000-7f8918bf5000 r-xp 00000000 08:01 408902                     /lib/x86_64-linux-gnu/libpthread-2.23.so
7f8918bf5000-7f8918df4000 ---p 00018000 08:01 408902                     /lib/x86_64-linux-gnu/libpthread-2.23.so
7f8918df4000-7f8918df5000 r--p 00017000 08:01 408902                     /lib/x86_64-linux-gnu/libpthread-2.23.so
7f8918df5000-7f8918df6000 rw-p 00018000 08:01 408902                     /lib/x86_64-linux-gnu/libpthread-2.23.so
7f8918df6000-7f8918dfa000 rw-p 00000000 00:00 0 
7f8918dfa000-7f8918e20000 r-xp 00000000 08:01 408879                     /lib/x86_64-linux-gnu/ld-2.23.so
7f8918e20000-7f8918e21000 r--s 00000000 08:01 133044                     /var/cache/fontconfig/551ecf3b0e8b0bca0f25c0944f561853-le64.cache-6
7f8918e21000-7f8918e24000 r--s 00000000 08:01 133039                     /var/cache/fontconfig/75114ca45c98e8a441da0ff356701271-le64.cache-6
7f8918e24000-7f8918e33000 r--p 00000000 08:01 932380                     /usr/share/locale-langpack/it/LC_MESSAGES/gtk20.mo
7f8918e33000-7f8918ef8000 rw-p 00000000 00:00 0 
7f8918ef8000-7f8918efb000 ---p 00000000 00:00 0 
7f8918efb000-7f8918ffd000 rw-p 00000000 00:00 0 
7f8918ffd000-7f8918ffe000 r--s 00000000 08:01 133041                     /var/cache/fontconfig/30829fa25452a46451e813d634d7f916-le64.cache-6
7f8918ffe000-7f8918fff000 r--s 00000000 08:01 133067                     /var/cache/fontconfig/0c9eb80ebd1c36541ebe2852d3bb0c49-le64.cache-6
7f8918fff000-7f8919003000 r--s 00000000 08:01 131946                     /var/cache/fontconfig/7ef2298fde41cc6eeb7af42e48b7d293-le64.cache-6
7f8919003000-7f891900a000 r--p 00000000 08:01 266803                     /home/mirko/.config/dconf/user
7f891900a000-7f891900b000 r--s 00000000 00:2b 26                         /run/user/1000/dconf/user
7f891900b000-7f8919012000 r--s 00000000 08:01 933543                     /usr/lib/x86_64-linux-gnu/gconv/gconv-modules.cache
7f8919012000-7f8919013000 r--s 00000000 08:01 534571                     /home/mirko/NetBeansProjects/Scacchiera/dist/run562731759/Scacchiera.jar
7f8919013000-7f891901b000 rw-s 00000000 08:01 534583                     /tmp/hsperfdata_mirko/5072
7f891901b000-7f891901c000 rw-p 00000000 00:00 0 
7f891901c000-7f891901d000 r--p 00000000 00:00 0 
7f891901d000-7f891901f000 rw-p 00000000 00:00 0 
7f891901f000-7f8919020000 r--p 00025000 08:01 408879                     /lib/x86_64-linux-gnu/ld-2.23.so
7f8919020000-7f8919021000 rw-p 00026000 08:01 408879                     /lib/x86_64-linux-gnu/ld-2.23.so
7f8919021000-7f8919022000 rw-p 00000000 00:00 0 
7fffa0953000-7fffa0974000 rw-p 00000000 00:00 0                          [stack]
7fffa09f1000-7fffa09f3000 r--p 00000000 00:00 0                          [vvar]
7fffa09f3000-7fffa09f5000 r-xp 00000000 00:00 0                          [vdso]
ffffffffff600000-ffffffffff601000 r-xp 00000000 00:00 0                  [vsyscall]

VM Arguments:
jvm_args: -Dfile.encoding=UTF-8 
java_command: /home/mirko/NetBeansProjects/Scacchiera/dist/run562731759/Scacchiera.jar
java_class_path (initial): /home/mirko/NetBeansProjects/Scacchiera/dist/run562731759/Scacchiera.jar
Launcher Type: SUN_STANDARD

Environment Variables:
PATH=/usr/local/sbin:/usr/local/bin:/usr/sbin:/usr/bin:/sbin:/bin:/usr/games:/usr/local/games:/snap/bin
LD_LIBRARY_PATH=/home/mirko/jdk1.8.0_73/jre/lib/amd64:/home/mirko/jdk1.8.0_73/jre/lib/i386:
SHELL=/bin/bash
DISPLAY=:0

Signal Handlers:
SIGSEGV: [libjvm.so+0xabafa0], sa_mask[0]=11111111011111111101111111111110, sa_flags=SA_RESTART|SA_SIGINFO
SIGBUS: [libjvm.so+0xabafa0], sa_mask[0]=11111111011111111101111111111110, sa_flags=SA_RESTART|SA_SIGINFO
SIGFPE: [libjvm.so+0x9183c0], sa_mask[0]=11111111011111111101111111111110, sa_flags=SA_RESTART|SA_SIGINFO
SIGPIPE: SIG_IGN, sa_mask[0]=00000000000010000000000000000000, sa_flags=SA_RESTART
SIGXFSZ: [libjvm.so+0x9183c0], sa_mask[0]=11111111011111111101111111111110, sa_flags=SA_RESTART|SA_SIGINFO
SIGILL: [libjvm.so+0x9183c0], sa_mask[0]=11111111011111111101111111111110, sa_flags=SA_RESTART|SA_SIGINFO
SIGUSR1: SIG_DFL, sa_mask[0]=00000000000000000000000000000000, sa_flags=none
SIGUSR2: [libjvm.so+0x9199f0], sa_mask[0]=00100000000000000000000000000000, sa_flags=SA_RESTART|SA_SIGINFO
SIGHUP: [libjvm.so+0x91adf0], sa_mask[0]=11111111011111111101111111111110, sa_flags=SA_RESTART|SA_SIGINFO
SIGINT: SIG_IGN, sa_mask[0]=00000000000000000000000000000000, sa_flags=none
SIGTERM: [libjvm.so+0x91adf0], sa_mask[0]=11111111011111111101111111111110, sa_flags=SA_RESTART|SA_SIGINFO
SIGQUIT: [libjvm.so+0x91adf0], sa_mask[0]=11111111011111111101111111111110, sa_flags=SA_RESTART|SA_SIGINFO


---------------  S Y S T E M  ---------------

OS:DISTRIB_ID=Ubuntu
DISTRIB_RELEASE=16.04
DISTRIB_CODENAME=xenial
DISTRIB_DESCRIPTION="Ubuntu 16.04 LTS"

uname:Linux 4.4.0-22-generic #40-Ubuntu SMP Thu May 12 22:03:46 UTC 2016 x86_64
libc:glibc 2.23 NPTL 2.23 
rlimit: STACK 8192k, CORE 0k, NPROC 21620, NOFILE 65536, AS infinity
load average:0,85 0,28 0,34

/proc/meminfo:
MemTotal:        5573612 kB
MemFree:         2144264 kB
MemAvailable:    3125300 kB
Buffers:           94060 kB
Cached:           949476 kB
SwapCached:            0 kB
Active:          2612764 kB
Inactive:         568972 kB
Active(anon):    2139784 kB
Inactive(anon):    91792 kB
Active(file):     472980 kB
Inactive(file):   477180 kB
Unevictable:          48 kB
Mlocked:              48 kB
SwapTotal:       4881404 kB
SwapFree:        4881404 kB
Dirty:               692 kB
Writeback:             0 kB
AnonPages:       2138440 kB
Mapped:           381556 kB
Shmem:             93232 kB
Slab:              99012 kB
SReclaimable:      65916 kB
SUnreclaim:        33096 kB
KernelStack:        9072 kB
PageTables:        38640 kB
NFS_Unstable:          0 kB
Bounce:                0 kB
WritebackTmp:          0 kB
CommitLimit:     7668208 kB
Committed_AS:    6304344 kB
VmallocTotal:   34359738367 kB
VmallocUsed:           0 kB
VmallocChunk:          0 kB
HardwareCorrupted:     0 kB
AnonHugePages:   1323008 kB
CmaTotal:              0 kB
CmaFree:               0 kB
HugePages_Total:       0
HugePages_Free:        0
HugePages_Rsvd:        0
HugePages_Surp:        0
Hugepagesize:       2048 kB
DirectMap4k:      177448 kB
DirectMap2M:     4519936 kB
DirectMap1G:     1048576 kB


CPU:total 2 (2 cores per cpu, 1 threads per core) family 18 model 1 stepping 0, cmov, cx8, fxsr, mmx, sse, sse2, sse3, popcnt, mmxext, 3dnowpref, lzcnt, sse4a, tsc, tscinvbit, tscinv

/proc/cpuinfo:
processor	: 0
vendor_id	: AuthenticAMD
cpu family	: 18
model		: 1
model name	: AMD A4-3300M APU with Radeon(tm) HD Graphics
stepping	: 0
microcode	: 0x3000014
cpu MHz		: 1900.000
cache size	: 1024 KB
physical id	: 0
siblings	: 2
core id		: 0
cpu cores	: 2
apicid		: 0
initial apicid	: 0
fpu		: yes
fpu_exception	: yes
cpuid level	: 6
wp		: yes
flags		: fpu vme de pse tsc msr pae mce cx8 apic sep mtrr pge mca cmov pat pse36 clflush mmx fxsr sse sse2 ht syscall nx mmxext fxsr_opt pdpe1gb rdtscp lm 3dnowext 3dnow constant_tsc rep_good nopl nonstop_tsc extd_apicid aperfmperf pni monitor cx16 popcnt lahf_lm cmp_legacy svm extapic cr8_legacy abm sse4a misalignsse 3dnowprefetch osvw ibs skinit wdt cpb hw_pstate vmmcall arat npt lbrv svm_lock nrip_save pausefilter
bugs		: fxsave_leak sysret_ss_attrs
bogomips	: 3793.06
TLB size	: 1536 4K pages
clflush size	: 64
cache_alignment	: 64
address sizes	: 40 bits physical, 48 bits virtual
power management: ts ttp tm stc 100mhzsteps hwpstate cpb

processor	: 1
vendor_id	: AuthenticAMD
cpu family	: 18
model		: 1
model name	: AMD A4-3300M APU with Radeon(tm) HD Graphics
stepping	: 0
microcode	: 0x3000014
cpu MHz		: 1900.000
cache size	: 1024 KB
physical id	: 0
siblings	: 2
core id		: 1
cpu cores	: 2
apicid		: 1
initial apicid	: 1
fpu		: yes
fpu_exception	: yes
cpuid level	: 6
wp		: yes
flags		: fpu vme de pse tsc msr pae mce cx8 apic sep mtrr pge mca cmov pat pse36 clflush mmx fxsr sse sse2 ht syscall nx mmxext fxsr_opt pdpe1gb rdtscp lm 3dnowext 3dnow constant_tsc rep_good nopl nonstop_tsc extd_apicid aperfmperf pni monitor cx16 popcnt lahf_lm cmp_legacy svm extapic cr8_legacy abm sse4a misalignsse 3dnowprefetch osvw ibs skinit wdt cpb hw_pstate vmmcall arat npt lbrv svm_lock nrip_save pausefilter
bugs		: fxsave_leak sysret_ss_attrs
bogomips	: 3793.06
TLB size	: 1536 4K pages
clflush size	: 64
cache_alignment	: 64
address sizes	: 40 bits physical, 48 bits virtual
power management: ts ttp tm stc 100mhzsteps hwpstate cpb



Memory: 4k page, physical 5573612k(2144264k free), swap 4881404k(4881404k free)

vm_info: Java HotSpot(TM) 64-Bit Server VM (25.73-b02) for linux-amd64 JRE (1.8.0_73-b02), built on Jan 29 2016 17:39:45 by "java_re" with gcc 4.3.0 20080428 (Red Hat 4.3.0-8)

time: Thu Jun  2 22:35:22 2016
elapsed time: 3 seconds (0d 0h 0m 3s)

